2020-02-07T00:41:07+00:00 NOTICE action_scheduler.queue_job :: MailChimp_WooCommerce_Cart_Update starts in the next minute :: obj_id eeb01d33569b43e30527775fbcc50b18
2020-02-07T00:41:39+00:00 NOTICE abandoned_cart.success :: email: scholnickhannah@gmail.com :: checkout_url: https://itsquim.com/checkout/?mc_cart_id=eeb01d33569b43e30527775fbcc50b18
2020-02-07T04:38:32+00:00 NOTICE action_scheduler.queue_job :: MailChimp_WooCommerce_Cart_Update starts in the next minute :: obj_id d04424f1151141ebe5f10b0f468cf316
2020-02-07T04:42:40+00:00 NOTICE abandoned_cart.success :: email: osnare2@hotmail.com :: checkout_url: https://itsquim.com/checkout/?mc_cart_id=d04424f1151141ebe5f10b0f468cf316
2020-02-07T05:10:09+00:00 NOTICE action_scheduler.queue_job :: MailChimp_WooCommerce_Cart_Update starts in the next minute :: obj_id 3421c685346ddb7996cf2a9045580131
2020-02-07T05:10:52+00:00 NOTICE abandoned_cart.success :: email: liamessinger@gmail.com :: checkout_url: https://itsquim.com/checkout/?mc_cart_id=3421c685346ddb7996cf2a9045580131
2020-02-07T14:33:49+00:00 NOTICE action_scheduler.queue_job :: MailChimp_WooCommerce_Cart_Update starts in the next minute :: obj_id bf2e8de390f6b3f062f036aa7d1f36b8
2020-02-07T14:34:33+00:00 NOTICE abandoned_cart.success :: email: stephenrhawk@yahoo.com :: checkout_url: https://itsquim.com/checkout/?mc_cart_id=bf2e8de390f6b3f062f036aa7d1f36b8
2020-02-07T14:36:53+00:00 NOTICE action_scheduler.queue_job :: MailChimp_WooCommerce_Single_Order starts in 90 seconds :: obj_id 11975
2020-02-07T14:38:44+00:00 NOTICE order_submit.success :: addStoreOrder :: #11975 :: email: stephenrhawk@yahoo.com :: abandoned cart deleted [bf2e8de390f6b3f062f036aa7d1f36b8]
2020-02-07T16:43:47+00:00 NOTICE action_scheduler.queue_job :: MailChimp_WooCommerce_Single_Order starts in 90 seconds :: obj_id 11925
2020-02-07T16:43:49+00:00 NOTICE action_scheduler.queue_job :: MailChimp_WooCommerce_Single_Order starts in 90 seconds :: obj_id 11942
2020-02-07T16:43:50+00:00 NOTICE action_scheduler.queue_job :: MailChimp_WooCommerce_Single_Order starts in 90 seconds :: obj_id 11952
2020-02-07T16:43:52+00:00 NOTICE action_scheduler.queue_job :: MailChimp_WooCommerce_Single_Order starts in 90 seconds :: obj_id 11948
2020-02-07T16:43:53+00:00 NOTICE action_scheduler.queue_job :: MailChimp_WooCommerce_Single_Order starts in 90 seconds :: obj_id 11975
2020-02-07T16:46:01+00:00 NOTICE order_submit.success :: updateStoreOrder :: #11925 :: email: Hallie232@gmail.com
2020-02-07T16:46:01+00:00 NOTICE member.sync :: Updated Member Hallie232@gmail.com ( merge fields only ) :: Array
(
    [merge_fields] => Array
        (
            [FNAME] => Hallie
            [LNAME] => Fetchko
        )

)

2020-02-07T16:46:02+00:00 NOTICE order_submit.success :: updateStoreOrder :: #11942 :: email: suzydriley@gmail.com
2020-02-07T16:46:03+00:00 NOTICE order_submit.success :: updateStoreOrder :: #11952 :: email: dbetteridge@gmail.com
2020-02-07T16:46:04+00:00 NOTICE order_submit.success :: updateStoreOrder :: #11948 :: email: sugrnspce44@aol.com
2020-02-07T16:46:05+00:00 NOTICE order_submit.success :: updateStoreOrder :: #11975 :: email: stephenrhawk@yahoo.com
2020-02-07T16:58:53+00:00 NOTICE action_scheduler.queue_job :: MailChimp_WooCommerce_Cart_Update starts in the next minute :: obj_id 410caadce56231c1417ca7be20029e19
2020-02-07T16:59:41+00:00 NOTICE abandoned_cart.success :: email: smor2415@hotmail.com :: checkout_url: https://itsquim.com/checkout/?mc_cart_id=410caadce56231c1417ca7be20029e19
2020-02-07T17:00:26+00:00 NOTICE action_scheduler.queue_job :: MailChimp_WooCommerce_Cart_Update starts in the next minute :: obj_id 410caadce56231c1417ca7be20029e19
2020-02-07T17:00:41+00:00 NOTICE abandoned_cart.success :: email: smor2415@hotmail.com :: checkout_url: https://itsquim.com/checkout/?mc_cart_id=410caadce56231c1417ca7be20029e19
2020-02-07T17:01:17+00:00 NOTICE action_scheduler.queue_job :: MailChimp_WooCommerce_Single_Order starts in 90 seconds :: obj_id 11992
2020-02-07T17:03:15+00:00 NOTICE order_submit.success :: addStoreOrder :: #11992 :: email: Smor2415@hotmail.com :: abandoned cart deleted [410caadce56231c1417ca7be20029e19]
2020-02-07T19:30:53+00:00 NOTICE action_scheduler.queue_job :: MailChimp_WooCommerce_Single_Order starts in 90 seconds :: obj_id 11992
2020-02-07T19:36:39+00:00 NOTICE order_submit.success :: updateStoreOrder :: #11992 :: email: Smor2415@hotmail.com
2020-02-07T23:27:57+00:00 NOTICE action_scheduler.queue_job :: MailChimp_WooCommerce_Cart_Update starts in the next minute :: obj_id a56b19d881baeb80e6c97feb29a3c18b
2020-02-07T23:28:47+00:00 NOTICE abandoned_cart.success :: email: tihealth14@gmail.com :: checkout_url: https://itsquim.com/checkout/?mc_cart_id=a56b19d881baeb80e6c97feb29a3c18b
2020-02-07T23:29:11+00:00 NOTICE action_scheduler.queue_job :: MailChimp_WooCommerce_Single_Order starts in 90 seconds :: obj_id 12004
2020-02-07T23:30:47+00:00 NOTICE order_submit.success :: addStoreOrder :: #12004 :: email: tihealth14@gmail.com :: abandoned cart deleted [a56b19d881baeb80e6c97feb29a3c18b]
