2020-02-15T02:13:37+00:00 NOTICE action_scheduler.queue_job :: MailChimp_WooCommerce_Cart_Update starts in the next minute :: obj_id 171c29271ed4272bdf7ef42e3a1a8865
2020-02-15T02:13:38+00:00 NOTICE abandoned_cart.success :: email: jen_valentine@live.com :: checkout_url: https://itsquim.com/checkout/?mc_cart_id=171c29271ed4272bdf7ef42e3a1a8865
2020-02-15T02:17:50+00:00 NOTICE action_scheduler.queue_job :: MailChimp_WooCommerce_User_Submit starts in the next minute :: obj_id 160
2020-02-15T02:17:50+00:00 NOTICE action_scheduler.queue_job :: MailChimp_WooCommerce_Single_Order starts in 90 seconds :: obj_id 12746
2020-02-15T02:18:20+00:00 NOTICE member.sync :: Updated Member Jen_Valentine@live.com :: Array
(
    [previous_status] => transactional
    [status] => 1
    [merge_fields] => Array
        (
            [FNAME] => Jennifer
            [LNAME] => Valentine
        )

)

2020-02-15T02:19:40+00:00 NOTICE order_submit.success :: addStoreOrder :: #12746 :: email: Jen_Valentine@live.com :: abandoned cart deleted [171c29271ed4272bdf7ef42e3a1a8865]
2020-02-15T02:19:40+00:00 NOTICE member.sync :: Updated Member Jen_Valentine@live.com ( merge fields only ) :: Array
(
    [merge_fields] => Array
        (
            [FNAME] => Jennifer
            [LNAME] => Valentine
        )

)

2020-02-15T03:13:57+00:00 NOTICE action_scheduler.queue_job :: MailChimp_WooCommerce_Cart_Update starts in the next minute :: obj_id 13ec02141ba28edf45e28995ee2eea4f
2020-02-15T03:13:58+00:00 NOTICE abandoned_cart.success :: email: ludecean@gmail.com :: checkout_url: https://itsquim.com/checkout/?mc_cart_id=13ec02141ba28edf45e28995ee2eea4f
2020-02-15T03:15:23+00:00 NOTICE action_scheduler.queue_job :: MailChimp_WooCommerce_Single_Order starts in 90 seconds :: obj_id 12747
2020-02-15T03:17:22+00:00 NOTICE order_submit.success :: addStoreOrder :: #12747 :: email: ludecean@gmail.com :: abandoned cart deleted [13ec02141ba28edf45e28995ee2eea4f]
2020-02-15T03:38:14+00:00 NOTICE action_scheduler.queue_job :: MailChimp_WooCommerce_Cart_Update starts in the next minute :: obj_id 5486de9859c58313014be8b237a69053
2020-02-15T03:38:27+00:00 NOTICE action_scheduler.queue_job :: MailChimp_WooCommerce_Cart_Update starts in the next minute :: obj_id f351b342f41c98a23ed44946f785f568
2020-02-15T03:39:05+00:00 NOTICE abandoned_cart.success :: email: dustin.neece@gmail.com :: checkout_url: https://itsquim.com/checkout/?mc_cart_id=5486de9859c58313014be8b237a69053
2020-02-15T03:39:06+00:00 NOTICE abandoned_cart.success :: email: dustin.neece.seven@gmail.com :: checkout_url: https://itsquim.com/checkout/?mc_cart_id=f351b342f41c98a23ed44946f785f568
2020-02-15T03:39:09+00:00 NOTICE action_scheduler.queue_job :: MailChimp_WooCommerce_Cart_Update starts in the next minute :: obj_id 300118ea89690289b278fcfd4676c0be
2020-02-15T03:39:13+00:00 NOTICE abandoned_cart.success :: email: veradrop@yahoo.com :: checkout_url: https://itsquim.com/checkout/?mc_cart_id=300118ea89690289b278fcfd4676c0be
2020-02-15T03:43:28+00:00 NOTICE action_scheduler.queue_job :: MailChimp_WooCommerce_User_Submit starts in the next minute :: obj_id 162
2020-02-15T03:43:28+00:00 NOTICE action_scheduler.queue_job :: MailChimp_WooCommerce_Single_Order starts in 90 seconds :: obj_id 12748
2020-02-15T03:44:26+00:00 NOTICE member.sync :: Updated Member dustin.neece.seven@gmail.com :: Array
(
    [previous_status] => transactional
    [status] => 1
    [merge_fields] => Array
        (
            [FNAME] => Dustin
            [LNAME] => Neece
        )

)

2020-02-15T03:49:04+00:00 NOTICE order_submit.success :: addStoreOrder :: #12748 :: email: dustin.neece.seven@gmail.com :: abandoned cart deleted [f351b342f41c98a23ed44946f785f568]
2020-02-15T03:49:05+00:00 NOTICE member.sync :: Updated Member dustin.neece.seven@gmail.com ( merge fields only ) :: Array
(
    [merge_fields] => Array
        (
            [FNAME] => Dustin
            [LNAME] => Neece
        )

)

2020-02-15T03:51:53+00:00 NOTICE action_scheduler.queue_job :: MailChimp_WooCommerce_Cart_Update starts in the next minute :: obj_id 300118ea89690289b278fcfd4676c0be
2020-02-15T03:52:29+00:00 NOTICE abandoned_cart.success :: email: veradrop@yahoo.com :: checkout_url: https://itsquim.com/checkout/?mc_cart_id=300118ea89690289b278fcfd4676c0be
2020-02-15T03:52:29+00:00 NOTICE action_scheduler.queue_job :: MailChimp_WooCommerce_Cart_Update starts in the next minute :: obj_id 300118ea89690289b278fcfd4676c0be
2020-02-15T03:58:03+00:00 NOTICE abandoned_cart.success :: email: veradrop@yahoo.com :: checkout_url: https://itsquim.com/checkout/?mc_cart_id=300118ea89690289b278fcfd4676c0be
2020-02-15T03:58:19+00:00 NOTICE action_scheduler.queue_job :: MailChimp_WooCommerce_Cart_Update starts in the next minute :: obj_id 300118ea89690289b278fcfd4676c0be
2020-02-15T04:00:46+00:00 NOTICE abandoned_cart.success :: email: veradrop@yahoo.com :: checkout_url: https://itsquim.com/checkout/?mc_cart_id=300118ea89690289b278fcfd4676c0be
2020-02-15T04:48:15+00:00 NOTICE action_scheduler.queue_job :: MailChimp_WooCommerce_Cart_Update starts in the next minute :: obj_id 300118ea89690289b278fcfd4676c0be
2020-02-15T04:48:16+00:00 NOTICE abandoned_cart.success :: email: veradrop@yahoo.com :: checkout_url: https://itsquim.com/checkout/?mc_cart_id=300118ea89690289b278fcfd4676c0be
2020-02-15T04:53:07+00:00 NOTICE action_scheduler.queue_job :: MailChimp_WooCommerce_Single_Order starts in 90 seconds :: obj_id 12749
2020-02-15T04:54:50+00:00 NOTICE order_submit.success :: addStoreOrder :: #12749 :: email: veradrop@yahoo.com :: abandoned cart deleted [300118ea89690289b278fcfd4676c0be]
2020-02-15T05:56:33+00:00 NOTICE action_scheduler.queue_job :: MailChimp_WooCommerce_Cart_Update starts in the next minute :: obj_id 48c55d55daa04b93527b7893aaa0a19c
2020-02-15T05:56:34+00:00 NOTICE abandoned_cart.success :: email: christineharder05@gmail.com :: checkout_url: https://itsquim.com/checkout/?mc_cart_id=48c55d55daa04b93527b7893aaa0a19c
2020-02-15T05:58:18+00:00 NOTICE action_scheduler.queue_job :: MailChimp_WooCommerce_Single_Order starts in 90 seconds :: obj_id 12750
2020-02-15T06:00:19+00:00 NOTICE order_submit.success :: addStoreOrder :: #12750 :: email: christineharder05@gmail.com :: abandoned cart deleted [48c55d55daa04b93527b7893aaa0a19c]
2020-02-15T08:05:23+00:00 NOTICE action_scheduler.queue_job :: MailChimp_WooCommerce_Cart_Update starts in the next minute :: obj_id 1f5ef9fa852620ee8ca969990271c4a6
2020-02-15T08:05:24+00:00 NOTICE abandoned_cart.success :: email: abindon3791@gmail.com :: checkout_url: https://itsquim.com/checkout/?mc_cart_id=1f5ef9fa852620ee8ca969990271c4a6
2020-02-15T08:56:03+00:00 NOTICE action_scheduler.queue_job :: MailChimp_WooCommerce_Cart_Update starts in the next minute :: obj_id d361e8cf65513401732ee91d85441d96
2020-02-15T08:56:04+00:00 NOTICE abandoned_cart.success :: email: laurensmitelli@gmail.com :: checkout_url: https://itsquim.com/checkout/?mc_cart_id=d361e8cf65513401732ee91d85441d96
2020-02-15T09:49:59+00:00 NOTICE action_scheduler.queue_job :: MailChimp_WooCommerce_Cart_Update starts in the next minute :: obj_id dda5f24b0ed26ad79eb269c82d39b33f
2020-02-15T09:50:27+00:00 NOTICE abandoned_cart.success :: email: a.prahst@yahoo.com :: checkout_url: https://itsquim.com/checkout/?mc_cart_id=dda5f24b0ed26ad79eb269c82d39b33f
2020-02-15T09:52:16+00:00 NOTICE action_scheduler.queue_job :: MailChimp_WooCommerce_Single_Order starts in 90 seconds :: obj_id 12751
2020-02-15T10:00:31+00:00 NOTICE order_submit.success :: addStoreOrder :: #12751 :: email: a.prahst@yahoo.com :: campaign id f5eb073856 :: abandoned cart deleted [dda5f24b0ed26ad79eb269c82d39b33f]
2020-02-15T11:48:20+00:00 NOTICE action_scheduler.queue_job :: MailChimp_WooCommerce_Cart_Update starts in the next minute :: obj_id a6fe9aff68aecd4501aa3dabf3d29987
2020-02-15T11:49:20+00:00 NOTICE abandoned_cart.success :: email: rocioschroeder@sbcglobal.net :: checkout_url: https://itsquim.com/checkout/?mc_cart_id=a6fe9aff68aecd4501aa3dabf3d29987
2020-02-15T13:19:05+00:00 NOTICE action_scheduler.queue_job :: MailChimp_WooCommerce_Cart_Update starts in the next minute :: obj_id 875a71abc5a097fa0ccfdab22fd9a438
2020-02-15T13:19:06+00:00 NOTICE abandoned_cart.success :: email: teresa1737@gmail.com :: checkout_url: https://itsquim.com/checkout/?mc_cart_id=875a71abc5a097fa0ccfdab22fd9a438
2020-02-15T13:21:44+00:00 NOTICE action_scheduler.queue_job :: MailChimp_WooCommerce_Single_Order starts in 90 seconds :: obj_id 12752
2020-02-15T13:29:06+00:00 NOTICE order_submit.success :: addStoreOrder :: #12752 :: email: teresa1737@gmail.com :: abandoned cart deleted [875a71abc5a097fa0ccfdab22fd9a438]
2020-02-15T16:29:34+00:00 NOTICE action_scheduler.queue_job :: MailChimp_WooCommerce_Cart_Update starts in the next minute :: obj_id 1b285cbda70bb21113424f8a55ad7e26
2020-02-15T16:30:20+00:00 NOTICE abandoned_cart.success :: email: jhenna.voorhis@gmail.com :: checkout_url: https://itsquim.com/checkout/?mc_cart_id=1b285cbda70bb21113424f8a55ad7e26
2020-02-15T16:31:51+00:00 NOTICE action_scheduler.queue_job :: MailChimp_WooCommerce_Single_Order starts in 90 seconds :: obj_id 12753
2020-02-15T16:33:28+00:00 NOTICE order_submit.success :: addStoreOrder :: #12753 :: email: jhenna.voorhis@gmail.com :: abandoned cart deleted [1b285cbda70bb21113424f8a55ad7e26]
2020-02-15T17:28:59+00:00 NOTICE action_scheduler.queue_job :: MailChimp_WooCommerce_Cart_Update starts in the next minute :: obj_id eb4c4f639bd261efb6b683136afb7c77
2020-02-15T17:29:00+00:00 NOTICE abandoned_cart.success :: email: rogerslesliew@gmail.com :: checkout_url: https://itsquim.com/checkout/?mc_cart_id=eb4c4f639bd261efb6b683136afb7c77
2020-02-15T17:30:48+00:00 NOTICE action_scheduler.queue_job :: MailChimp_WooCommerce_Single_Order starts in 90 seconds :: obj_id 12754
2020-02-15T17:32:44+00:00 NOTICE order_submit.success :: addStoreOrder :: #12754 :: email: rogerslesliew@gmail.com :: abandoned cart deleted [eb4c4f639bd261efb6b683136afb7c77]
2020-02-15T20:43:28+00:00 NOTICE action_scheduler.queue_job :: MailChimp_WooCommerce_Cart_Update starts in the next minute :: obj_id 5178f5d7479840442b61ff7d8d83a5af
2020-02-15T20:43:29+00:00 NOTICE abandoned_cart.success :: email: ciaramist524@gmail.com :: checkout_url: https://itsquim.com/checkout/?mc_cart_id=5178f5d7479840442b61ff7d8d83a5af
2020-02-15T20:56:14+00:00 NOTICE action_scheduler.queue_job :: MailChimp_WooCommerce_Cart_Update starts in the next minute :: obj_id 7e1bfa5b71c6e4ee91150ca6f0500e7b
2020-02-15T20:57:33+00:00 NOTICE abandoned_cart.success :: email: nataliefauss7@gmail.com :: checkout_url: https://itsquim.com/checkout/?mc_cart_id=7e1bfa5b71c6e4ee91150ca6f0500e7b
2020-02-15T21:44:44+00:00 NOTICE action_scheduler.queue_job :: MailChimp_WooCommerce_Cart_Update starts in the next minute :: obj_id 3d11ab3c0fcbe68447a8c1e5c0ee05f3
2020-02-15T21:44:45+00:00 NOTICE abandoned_cart.success :: email: kfine5@cox.net :: checkout_url: https://itsquim.com/checkout/?mc_cart_id=3d11ab3c0fcbe68447a8c1e5c0ee05f3
2020-02-15T21:47:20+00:00 NOTICE action_scheduler.queue_job :: MailChimp_WooCommerce_Cart_Update starts in the next minute :: obj_id 3d11ab3c0fcbe68447a8c1e5c0ee05f3
2020-02-15T21:48:24+00:00 NOTICE abandoned_cart.success :: email: kfine5@cox.net :: checkout_url: https://itsquim.com/checkout/?mc_cart_id=3d11ab3c0fcbe68447a8c1e5c0ee05f3
2020-02-15T21:48:57+00:00 NOTICE action_scheduler.queue_job :: MailChimp_WooCommerce_Cart_Update starts in the next minute :: obj_id 3d11ab3c0fcbe68447a8c1e5c0ee05f3
2020-02-15T21:48:58+00:00 NOTICE abandoned_cart.success :: email: kfine5@cox.net :: checkout_url: https://itsquim.com/checkout/?mc_cart_id=3d11ab3c0fcbe68447a8c1e5c0ee05f3
2020-02-15T21:49:34+00:00 NOTICE action_scheduler.queue_job :: MailChimp_WooCommerce_Single_Order starts in 90 seconds :: obj_id 12755
2020-02-15T21:51:06+00:00 NOTICE order_submit.success :: addStoreOrder :: #12755 :: email: kfine5@cox.net :: abandoned cart deleted [3d11ab3c0fcbe68447a8c1e5c0ee05f3]
2020-02-15T23:22:27+00:00 NOTICE action_scheduler.queue_job :: MailChimp_WooCommerce_Cart_Update starts in the next minute :: obj_id a16ce78089e2330534dac1d3a4d233b5
2020-02-15T23:22:28+00:00 NOTICE abandoned_cart.success :: email: rbulson@mac.com :: checkout_url: https://itsquim.com/checkout/?mc_cart_id=a16ce78089e2330534dac1d3a4d233b5
2020-02-15T23:23:13+00:00 NOTICE action_scheduler.queue_job :: MailChimp_WooCommerce_Single_Order starts in 90 seconds :: obj_id 12756
2020-02-15T23:25:10+00:00 NOTICE order_submit.success :: addStoreOrder :: #12756 :: email: rbulson@mac.com :: abandoned cart deleted [a16ce78089e2330534dac1d3a4d233b5]
