2020-02-03T00:47:20+00:00 NOTICE action_scheduler.queue_job :: MailChimp_WooCommerce_Cart_Update starts in the next minute :: obj_id e6e757dd8bae46abfbe298d5e9e764da
2020-02-03T00:47:37+00:00 NOTICE abandoned_cart.success :: email: sarahgpeterson@live.com :: checkout_url: https://itsquim.com/checkout/?mc_cart_id=e6e757dd8bae46abfbe298d5e9e764da
2020-02-03T00:49:13+00:00 NOTICE action_scheduler.queue_job :: MailChimp_WooCommerce_User_Submit starts in the next minute :: obj_id 123
2020-02-03T00:49:14+00:00 NOTICE action_scheduler.queue_job :: MailChimp_WooCommerce_Single_Order starts in 90 seconds :: obj_id 10010
2020-02-03T00:49:39+00:00 NOTICE member.sync :: Updated Member sarahgpeterson@live.com :: Array
(
    [previous_status] => transactional
    [status] => 1
    [merge_fields] => Array
        (
            [FNAME] => Sarah
            [LNAME] => Peterson
        )

)

2020-02-03T00:51:41+00:00 NOTICE order_submit.success :: addStoreOrder :: #10010 :: email: sarahgpeterson@live.com :: abandoned cart deleted [e6e757dd8bae46abfbe298d5e9e764da]
2020-02-03T00:51:41+00:00 NOTICE member.sync :: Updated Member sarahgpeterson@live.com ( merge fields only ) :: Array
(
    [merge_fields] => Array
        (
            [FNAME] => Sarah
            [LNAME] => Peterson
        )

)

2020-02-03T06:29:00+00:00 NOTICE action_scheduler.queue_job :: MailChimp_WooCommerce_Cart_Update starts in the next minute :: obj_id 60206824df928486e47c9866297af99a
2020-02-03T06:31:25+00:00 NOTICE abandoned_cart.success :: email: fjcardenas5@gmail.com :: checkout_url: https://itsquim.com/checkout/?mc_cart_id=60206824df928486e47c9866297af99a
2020-02-03T06:31:25+00:00 NOTICE action_scheduler.queue_job :: MailChimp_WooCommerce_User_Submit starts in the next minute :: obj_id 124
2020-02-03T06:31:26+00:00 NOTICE action_scheduler.queue_job :: MailChimp_WooCommerce_Single_Order starts in 90 seconds :: obj_id 10024
2020-02-03T06:31:34+00:00 NOTICE member.sync :: Updated Member fjcardenas5@gmail.com :: Array
(
    [previous_status] => transactional
    [status] => 1
    [merge_fields] => Array
        (
            [FNAME] => Francisco
            [LNAME] => Cardenas
        )

)

2020-02-03T06:35:47+00:00 NOTICE order_submit.success :: addStoreOrder :: #10024 :: email: fjcardenas5@gmail.com :: abandoned cart deleted [60206824df928486e47c9866297af99a]
2020-02-03T06:35:48+00:00 NOTICE member.sync :: Updated Member fjcardenas5@gmail.com ( merge fields only ) :: Array
(
    [merge_fields] => Array
        (
            [FNAME] => Francisco
            [LNAME] => Cardenas
        )

)

2020-02-03T16:20:19+00:00 NOTICE action_scheduler.queue_job :: MailChimp_WooCommerce_Single_Order starts in 90 seconds :: obj_id 9907
2020-02-03T16:20:20+00:00 NOTICE action_scheduler.queue_job :: MailChimp_WooCommerce_Single_Order starts in 90 seconds :: obj_id 9910
2020-02-03T16:20:21+00:00 NOTICE action_scheduler.queue_job :: MailChimp_WooCommerce_Single_Order starts in 90 seconds :: obj_id 9936
2020-02-03T16:20:23+00:00 NOTICE action_scheduler.queue_job :: MailChimp_WooCommerce_Single_Order starts in 90 seconds :: obj_id 9925
2020-02-03T16:20:24+00:00 NOTICE action_scheduler.queue_job :: MailChimp_WooCommerce_Single_Order starts in 90 seconds :: obj_id 9942
2020-02-03T16:20:25+00:00 NOTICE action_scheduler.queue_job :: MailChimp_WooCommerce_Single_Order starts in 90 seconds :: obj_id 9949
2020-02-03T16:20:27+00:00 NOTICE action_scheduler.queue_job :: MailChimp_WooCommerce_Single_Order starts in 90 seconds :: obj_id 9955
2020-02-03T16:20:28+00:00 NOTICE action_scheduler.queue_job :: MailChimp_WooCommerce_Single_Order starts in 90 seconds :: obj_id 9961
2020-02-03T16:20:29+00:00 NOTICE action_scheduler.queue_job :: MailChimp_WooCommerce_Single_Order starts in 90 seconds :: obj_id 9972
2020-02-03T16:20:30+00:00 NOTICE action_scheduler.queue_job :: MailChimp_WooCommerce_Single_Order starts in 90 seconds :: obj_id 9985
2020-02-03T16:20:32+00:00 NOTICE action_scheduler.queue_job :: MailChimp_WooCommerce_Single_Order starts in 90 seconds :: obj_id 10010
2020-02-03T16:20:35+00:00 NOTICE action_scheduler.queue_job :: MailChimp_WooCommerce_Single_Order starts in 90 seconds :: obj_id 10024
2020-02-03T16:24:02+00:00 NOTICE order_submit.success :: updateStoreOrder :: #9907 :: email: jazzmints@gmail.com
2020-02-03T16:24:03+00:00 NOTICE order_submit.success :: updateStoreOrder :: #9910 :: email: mmaclatchie@gmail.com
2020-02-03T16:24:05+00:00 NOTICE order_submit.success :: updateStoreOrder :: #9936 :: email: phill@phillm.com
2020-02-03T16:24:05+00:00 NOTICE member.sync :: Updated Member phill@phillm.com ( merge fields only ) :: Array
(
    [merge_fields] => Array
        (
            [FNAME] => Phill
            [LNAME] => Mamula
        )

)

2020-02-03T16:24:06+00:00 NOTICE order_submit.success :: updateStoreOrder :: #9925 :: email: jjmz12@sbcglobal.net
2020-02-03T16:24:07+00:00 NOTICE order_submit.success :: updateStoreOrder :: #9942 :: email: jason.suway@gmail.com
2020-02-03T16:24:09+00:00 NOTICE order_submit.success :: updateStoreOrder :: #9949 :: email: melissamabry15@gmail.com :: abandoned cart deleted [a983e6a1d39790c730b30823173c2d5f]
2020-02-03T16:24:10+00:00 NOTICE order_submit.success :: updateStoreOrder :: #9955 :: email: rebecca.shohet@gmail.com
2020-02-03T16:24:11+00:00 NOTICE order_submit.success :: updateStoreOrder :: #9961 :: email: transpsych@gmail.com
2020-02-03T16:24:12+00:00 NOTICE order_submit.success :: updateStoreOrder :: #9972 :: email: jstockberger88@yahoo.com
2020-02-03T16:24:12+00:00 NOTICE member.sync :: Updated Member jstockberger88@yahoo.com ( merge fields only ) :: Array
(
    [merge_fields] => Array
        (
            [FNAME] => Jordan
            [LNAME] => Stockberger
        )

)

2020-02-03T16:24:13+00:00 NOTICE order_submit.success :: updateStoreOrder :: #9985 :: email: mrbil2u@gmail.com
2020-02-03T16:24:13+00:00 NOTICE member.sync :: Updated Member mrbil2u@gmail.com ( merge fields only ) :: Array
(
    [merge_fields] => Array
        (
            [FNAME] => Michael
            [LNAME] => Wright
        )

)

2020-02-03T16:24:14+00:00 NOTICE order_submit.success :: updateStoreOrder :: #10010 :: email: sarahgpeterson@live.com
2020-02-03T16:24:15+00:00 NOTICE member.sync :: Updated Member sarahgpeterson@live.com ( merge fields only ) :: Array
(
    [merge_fields] => Array
        (
            [FNAME] => Sarah
            [LNAME] => Peterson
        )

)

2020-02-03T16:24:16+00:00 NOTICE order_submit.success :: updateStoreOrder :: #10024 :: email: fjcardenas5@gmail.com
2020-02-03T16:24:16+00:00 NOTICE member.sync :: Updated Member fjcardenas5@gmail.com ( merge fields only ) :: Array
(
    [merge_fields] => Array
        (
            [FNAME] => Francisco
            [LNAME] => Cardenas
        )

)

2020-02-03T16:42:00+00:00 NOTICE action_scheduler.queue_job :: MailChimp_WooCommerce_Cart_Update starts in the next minute :: obj_id 5c43e0859156903a2f8fdc26a773cecc
2020-02-03T16:42:30+00:00 NOTICE action_scheduler.queue_job :: MailChimp_WooCommerce_Single_Order starts in 90 seconds :: obj_id 10064
2020-02-03T16:42:36+00:00 NOTICE abandoned_cart.success :: email: charlottec1923@gmail.com :: checkout_url: https://itsquim.com/checkout/?mc_cart_id=5c43e0859156903a2f8fdc26a773cecc
2020-02-03T16:47:12+00:00 NOTICE order_submit.success :: addStoreOrder :: #10064 :: email: charlottec1923@gmail.com :: abandoned cart deleted [5c43e0859156903a2f8fdc26a773cecc]
2020-02-03T19:25:44+00:00 NOTICE action_scheduler.queue_job :: MailChimp_WooCommerce_Single_Order starts in 90 seconds :: obj_id 10064
2020-02-03T19:28:14+00:00 NOTICE order_submit.success :: updateStoreOrder :: #10064 :: email: charlottec1923@gmail.com
