2020-02-24T00:13:51+00:00 NOTICE action_scheduler.queue_job :: MailChimp_WooCommerce_Cart_Update starts in the next minute :: obj_id e20138f3fecd34187aafe5e08fa69e08
2020-02-24T00:13:52+00:00 NOTICE abandoned_cart.success :: email: n_lyth@yahoo.com :: checkout_url: https://itsquim.com/checkout/?mc_cart_id=e20138f3fecd34187aafe5e08fa69e08
2020-02-24T00:14:47+00:00 NOTICE action_scheduler.queue_job :: MailChimp_WooCommerce_Single_Order starts in 90 seconds :: obj_id 14540
2020-02-24T00:16:45+00:00 NOTICE order_submit.success :: addStoreOrder :: #14540 :: email: n_lyth@yahoo.com :: abandoned cart deleted [e20138f3fecd34187aafe5e08fa69e08]
2020-02-24T01:09:51+00:00 NOTICE action_scheduler.queue_job :: MailChimp_WooCommerce_Cart_Update starts in the next minute :: obj_id 72c0fa0beac57d5d6e88c26edd002893
2020-02-24T01:09:52+00:00 NOTICE abandoned_cart.success :: email: jschein@bbpaleo.org :: checkout_url: https://itsquim.com/checkout/?mc_cart_id=72c0fa0beac57d5d6e88c26edd002893
2020-02-24T01:10:06+00:00 NOTICE ac.cart_swap :: Deleted cart [jschein@bbpaleo.org] :: ID [72c0fa0beac57d5d6e88c26edd002893]
2020-02-24T01:10:06+00:00 NOTICE action_scheduler.queue_job :: MailChimp_WooCommerce_Cart_Update starts in the next minute :: obj_id efee3952a5c4e42a9637d4fe452db7d5
2020-02-24T01:10:16+00:00 NOTICE abandoned_cart.success :: email: scheijp@gmail.com :: checkout_url: https://itsquim.com/checkout/?mc_cart_id=efee3952a5c4e42a9637d4fe452db7d5
2020-02-24T01:11:45+00:00 NOTICE action_scheduler.queue_job :: MailChimp_WooCommerce_User_Submit starts in the next minute :: obj_id 179
2020-02-24T01:12:55+00:00 NOTICE member.sync :: Updated Member scheijp@gmail.com :: Array
(
    [previous_status] => transactional
    [status] => 1
    [merge_fields] => Array
        (
            [FNAME] => Jason
            [LNAME] => Schein
        )

)

2020-02-24T01:13:58+00:00 NOTICE action_scheduler.queue_job :: MailChimp_WooCommerce_Cart_Update starts in the next minute :: obj_id efee3952a5c4e42a9637d4fe452db7d5
2020-02-24T01:13:59+00:00 NOTICE abandoned_cart.success :: email: scheijp@gmail.com :: checkout_url: https://itsquim.com/checkout/?mc_cart_id=efee3952a5c4e42a9637d4fe452db7d5
2020-02-24T01:13:59+00:00 NOTICE ac.cart_swap :: Deleted cart [scheijp@gmail.com] :: ID [efee3952a5c4e42a9637d4fe452db7d5]
2020-02-24T01:13:59+00:00 NOTICE action_scheduler.queue_job :: MailChimp_WooCommerce_Cart_Update starts in the next minute :: obj_id 3d05ee16ac7b41e594cdace7657172c8
2020-02-24T01:14:00+00:00 NOTICE abandoned_cart.success :: email: wileyschein@gmail.com :: checkout_url: https://itsquim.com/checkout/?mc_cart_id=3d05ee16ac7b41e594cdace7657172c8
2020-02-24T01:14:36+00:00 NOTICE action_scheduler.queue_job :: MailChimp_WooCommerce_User_Submit starts in the next minute :: obj_id 179
2020-02-24T01:15:15+00:00 NOTICE member.sync :: Updated Member scheijp@gmail.com ( merge fields only ) :: Array
(
    [merge_fields] => Array
        (
            [FNAME] => Jason
            [LNAME] => Schein
        )

)

2020-02-24T01:15:48+00:00 NOTICE action_scheduler.queue_job :: MailChimp_WooCommerce_User_Submit starts in the next minute :: obj_id 179
2020-02-24T01:17:35+00:00 NOTICE member.sync :: Updated Member scheijp@gmail.com ( merge fields only ) :: Array
(
    [merge_fields] => Array
        (
            [FNAME] => Jason
            [LNAME] => Schein
        )

)

2020-02-24T01:34:49+00:00 NOTICE action_scheduler.queue_job :: MailChimp_WooCommerce_Cart_Update starts in the next minute :: obj_id ee368ad5b22de6b33ee1f3580047e4f3
2020-02-24T01:34:50+00:00 NOTICE abandoned_cart.success :: email: sphaga@gmail.com :: checkout_url: https://itsquim.com/checkout/?mc_cart_id=ee368ad5b22de6b33ee1f3580047e4f3
2020-02-24T01:36:51+00:00 NOTICE action_scheduler.queue_job :: MailChimp_WooCommerce_Single_Order starts in 90 seconds :: obj_id 14541
2020-02-24T01:40:34+00:00 NOTICE order_submit.success :: addStoreOrder :: #14541 :: email: sphaga@gmail.com :: abandoned cart deleted [ee368ad5b22de6b33ee1f3580047e4f3]
2020-02-24T02:45:56+00:00 NOTICE action_scheduler.queue_job :: MailChimp_WooCommerce_Cart_Update starts in the next minute :: obj_id 691ba988f5c2a7a9ddc296e6e478151b
2020-02-24T02:45:57+00:00 NOTICE abandoned_cart.success :: email: amaliaarangoc@gmail.com :: checkout_url: https://itsquim.com/checkout/?mc_cart_id=691ba988f5c2a7a9ddc296e6e478151b
2020-02-24T02:47:39+00:00 NOTICE action_scheduler.queue_job :: MailChimp_WooCommerce_Single_Order starts in 90 seconds :: obj_id 14542
2020-02-24T02:49:49+00:00 NOTICE order_submit.success :: addStoreOrder :: #14542 :: email: amaliaarangoc@gmail.com :: abandoned cart deleted [691ba988f5c2a7a9ddc296e6e478151b]
2020-02-24T15:09:45+00:00 NOTICE action_scheduler.queue_job :: MailChimp_WooCommerce_Cart_Update starts in the next minute :: obj_id 170c36bd72e5aa359bda33a3333c54a2
2020-02-24T15:09:46+00:00 NOTICE abandoned_cart.success :: email: jpeterson@fortressfloors.com :: checkout_url: https://itsquim.com/checkout/?mc_cart_id=170c36bd72e5aa359bda33a3333c54a2
2020-02-24T15:46:56+00:00 NOTICE action_scheduler.queue_job :: MailChimp_WooCommerce_Cart_Update starts in the next minute :: obj_id 442d82a9316c5323e05e4d8adbc6ba0d
2020-02-24T15:46:57+00:00 NOTICE abandoned_cart.success :: email: jennyhack@gmail.com :: checkout_url: https://itsquim.com/checkout/?mc_cart_id=442d82a9316c5323e05e4d8adbc6ba0d
2020-02-24T15:47:44+00:00 NOTICE action_scheduler.queue_job :: MailChimp_WooCommerce_Single_Order starts in 90 seconds :: obj_id 14543
2020-02-24T15:51:10+00:00 NOTICE order_submit.success :: addStoreOrder :: #14543 :: email: Jennyhack@gmail.com :: abandoned cart deleted [442d82a9316c5323e05e4d8adbc6ba0d]
2020-02-24T16:05:32+00:00 NOTICE action_scheduler.queue_job :: MailChimp_WooCommerce_Single_Order starts in 90 seconds :: obj_id 14544
2020-02-24T16:10:01+00:00 NOTICE order_submit.success :: addStoreOrder :: #14544 :: email: jpeterson@fortressfloors.com :: abandoned cart deleted [170c36bd72e5aa359bda33a3333c54a2]
2020-02-24T16:27:25+00:00 NOTICE action_scheduler.queue_job :: MailChimp_WooCommerce_Cart_Update starts in the next minute :: obj_id 8a6a8a5520d8c2348037875a230a9272
2020-02-24T16:28:29+00:00 NOTICE abandoned_cart.success :: email: dmbarre@gmail.com :: checkout_url: https://itsquim.com/checkout/?mc_cart_id=8a6a8a5520d8c2348037875a230a9272
2020-02-24T16:30:09+00:00 NOTICE action_scheduler.queue_job :: MailChimp_WooCommerce_Single_Order starts in 90 seconds :: obj_id 14545
2020-02-24T16:31:46+00:00 NOTICE order_submit.success :: addStoreOrder :: #14545 :: email: dmbarre@gmail.com :: abandoned cart deleted [8a6a8a5520d8c2348037875a230a9272]
2020-02-24T18:41:25+00:00 NOTICE action_scheduler.queue_job :: MailChimp_WooCommerce_Single_Order starts in 90 seconds :: obj_id 14532
2020-02-24T18:41:26+00:00 NOTICE action_scheduler.queue_job :: MailChimp_WooCommerce_Single_Order starts in 90 seconds :: obj_id 14535
2020-02-24T18:41:28+00:00 NOTICE action_scheduler.queue_job :: MailChimp_WooCommerce_Single_Order starts in 90 seconds :: obj_id 14536
2020-02-24T18:41:29+00:00 NOTICE action_scheduler.queue_job :: MailChimp_WooCommerce_Single_Order starts in 90 seconds :: obj_id 14537
2020-02-24T18:41:30+00:00 NOTICE action_scheduler.queue_job :: MailChimp_WooCommerce_Single_Order starts in 90 seconds :: obj_id 14539
2020-02-24T18:41:31+00:00 NOTICE action_scheduler.queue_job :: MailChimp_WooCommerce_Single_Order starts in 90 seconds :: obj_id 14538
2020-02-24T18:41:33+00:00 NOTICE action_scheduler.queue_job :: MailChimp_WooCommerce_Single_Order starts in 90 seconds :: obj_id 14540
2020-02-24T18:41:35+00:00 NOTICE action_scheduler.queue_job :: MailChimp_WooCommerce_Single_Order starts in 90 seconds :: obj_id 14541
2020-02-24T18:41:36+00:00 NOTICE action_scheduler.queue_job :: MailChimp_WooCommerce_Single_Order starts in 90 seconds :: obj_id 14542
2020-02-24T18:41:37+00:00 NOTICE action_scheduler.queue_job :: MailChimp_WooCommerce_Single_Order starts in 90 seconds :: obj_id 14545
2020-02-24T18:41:39+00:00 NOTICE action_scheduler.queue_job :: MailChimp_WooCommerce_Single_Order starts in 90 seconds :: obj_id 14544
2020-02-24T18:41:40+00:00 NOTICE action_scheduler.queue_job :: MailChimp_WooCommerce_Single_Order starts in 90 seconds :: obj_id 14543
2020-02-24T18:44:25+00:00 NOTICE order_submit.success :: updateStoreOrder :: #14543 :: email: Jennyhack@gmail.com
2020-02-24T18:44:26+00:00 NOTICE order_submit.success :: updateStoreOrder :: #14544 :: email: jpeterson@fortressfloors.com
2020-02-24T18:44:27+00:00 NOTICE order_submit.success :: updateStoreOrder :: #14545 :: email: dmbarre@gmail.com
2020-02-24T18:44:27+00:00 NOTICE order_submit.success :: updateStoreOrder :: #14542 :: email: amaliaarangoc@gmail.com
2020-02-24T18:44:28+00:00 NOTICE order_submit.success :: updateStoreOrder :: #14541 :: email: sphaga@gmail.com
2020-02-24T18:44:29+00:00 NOTICE order_submit.success :: updateStoreOrder :: #14540 :: email: n_lyth@yahoo.com
2020-02-24T18:44:29+00:00 NOTICE order_submit.success :: updateStoreOrder :: #14538 :: email: chrisjoppe@yahoo.com
2020-02-24T18:44:30+00:00 NOTICE order_submit.success :: updateStoreOrder :: #14539 :: email: htlighting@gmail.com
2020-02-24T18:44:30+00:00 ERROR order_submit.tracing_error :: Error Code 400 :: Customer could not be imported to the list associated with this store. on 1825 in /home/x7e8jhvdjjbo/public_html/wp-content/plugins/mailchimp-for-woocommerce/includes/api/class-mailchimp-api.php
2020-02-24T18:44:31+00:00 NOTICE order_submit.success :: updateStoreOrder :: #14536 :: email: amelia.r.bartlett@gmail.com
2020-02-24T18:44:32+00:00 NOTICE order_submit.success :: updateStoreOrder :: #14535 :: email: parkercamille11@gmail.com
2020-02-24T18:44:32+00:00 NOTICE member.sync :: Updated Member parkercamille11@gmail.com ( merge fields only ) :: Array
(
    [merge_fields] => Array
        (
            [FNAME] => Camille
            [LNAME] => Parker
        )

)

2020-02-24T18:44:32+00:00 NOTICE order_submit.success :: updateStoreOrder :: #14532 :: email: LNKPLN67@gmail.com
2020-02-24T19:10:24+00:00 NOTICE action_scheduler.queue_job :: MailChimp_WooCommerce_Cart_Update starts in the next minute :: obj_id d7d07c1853ab0a6984bd562e108b75ba
2020-02-24T19:10:25+00:00 NOTICE abandoned_cart.success :: email: taufner55@icloud.com :: checkout_url: https://itsquim.com/checkout/?mc_cart_id=d7d07c1853ab0a6984bd562e108b75ba
2020-02-24T19:11:01+00:00 NOTICE action_scheduler.queue_job :: MailChimp_WooCommerce_Single_Order starts in 90 seconds :: obj_id 14546
2020-02-24T19:12:38+00:00 NOTICE order_submit.success :: addStoreOrder :: #14546 :: email: taufner55@icloud.com :: abandoned cart deleted [d7d07c1853ab0a6984bd562e108b75ba]
2020-02-24T20:02:46+00:00 NOTICE action_scheduler.queue_job :: MailChimp_WooCommerce_Cart_Update starts in the next minute :: obj_id f677c415b37b8cd586735307ec2e9213
2020-02-24T20:02:47+00:00 NOTICE abandoned_cart.success :: email: dhalicki15@gmail.com :: checkout_url: https://itsquim.com/checkout/?mc_cart_id=f677c415b37b8cd586735307ec2e9213
2020-02-24T20:03:23+00:00 NOTICE action_scheduler.queue_job :: MailChimp_WooCommerce_Cart_Update starts in the next minute :: obj_id f677c415b37b8cd586735307ec2e9213
2020-02-24T20:04:34+00:00 NOTICE abandoned_cart.success :: email: dhalicki15@gmail.com :: checkout_url: https://itsquim.com/checkout/?mc_cart_id=f677c415b37b8cd586735307ec2e9213
2020-02-24T20:04:46+00:00 NOTICE action_scheduler.queue_job :: MailChimp_WooCommerce_Cart_Update starts in the next minute :: obj_id f677c415b37b8cd586735307ec2e9213
2020-02-24T20:04:47+00:00 NOTICE abandoned_cart.success :: email: dhalicki15@gmail.com :: checkout_url: https://itsquim.com/checkout/?mc_cart_id=f677c415b37b8cd586735307ec2e9213
2020-02-24T20:08:02+00:00 NOTICE action_scheduler.queue_job :: MailChimp_WooCommerce_Single_Order starts in 90 seconds :: obj_id 14547
2020-02-24T20:09:39+00:00 NOTICE order_submit.success :: addStoreOrder :: #14547 :: email: dhalicki15@gmail.com :: abandoned cart deleted [f677c415b37b8cd586735307ec2e9213]
2020-02-24T20:47:12+00:00 NOTICE action_scheduler.queue_job :: MailChimp_WooCommerce_Single_Order starts in 90 seconds :: obj_id 14547
2020-02-24T20:47:14+00:00 NOTICE action_scheduler.queue_job :: MailChimp_WooCommerce_Single_Order starts in 90 seconds :: obj_id 14546
2020-02-24T20:50:30+00:00 NOTICE order_submit.success :: updateStoreOrder :: #14546 :: email: taufner55@icloud.com
2020-02-24T20:50:31+00:00 NOTICE order_submit.success :: updateStoreOrder :: #14547 :: email: dhalicki15@gmail.com
