2020-02-09T00:44:53+00:00 NOTICE action_scheduler.queue_job :: MailChimp_WooCommerce_Cart_Update starts in the next minute :: obj_id 25cd11fa95a693f988898b932c7f1f72
2020-02-09T00:46:31+00:00 NOTICE abandoned_cart.success :: email: audradfrady@gmail.com :: checkout_url: https://itsquim.com/checkout/?mc_cart_id=25cd11fa95a693f988898b932c7f1f72
2020-02-09T02:06:57+00:00 NOTICE action_scheduler.queue_job :: MailChimp_WooCommerce_Cart_Update starts in the next minute :: obj_id 853f15676516ef0cced89ac572f2b2ac
2020-02-09T02:07:56+00:00 NOTICE abandoned_cart.success :: email: nihaug@umich.edu :: checkout_url: https://itsquim.com/checkout/?mc_cart_id=853f15676516ef0cced89ac572f2b2ac
2020-02-09T02:10:49+00:00 NOTICE action_scheduler.queue_job :: MailChimp_WooCommerce_Single_Order starts in 90 seconds :: obj_id 12086
2020-02-09T02:12:50+00:00 NOTICE order_submit.success :: addStoreOrder :: #12086 :: email: nihaug@umich.edu :: abandoned cart deleted [853f15676516ef0cced89ac572f2b2ac]
2020-02-09T02:17:55+00:00 NOTICE action_scheduler.queue_job :: MailChimp_WooCommerce_Cart_Update starts in the next minute :: obj_id 231f816a6f83cda24e5ab9997282d5c6
2020-02-09T02:18:43+00:00 NOTICE abandoned_cart.success :: email: jklein170@gmail.com :: checkout_url: https://itsquim.com/checkout/?mc_cart_id=231f816a6f83cda24e5ab9997282d5c6
2020-02-09T02:21:20+00:00 NOTICE action_scheduler.queue_job :: MailChimp_WooCommerce_Single_Order starts in 90 seconds :: obj_id 12090
2020-02-09T02:24:28+00:00 NOTICE order_submit.success :: addStoreOrder :: #12090 :: email: jklein170@gmail.com :: abandoned cart deleted [231f816a6f83cda24e5ab9997282d5c6]
2020-02-09T02:28:18+00:00 NOTICE action_scheduler.queue_job :: MailChimp_WooCommerce_Cart_Update starts in the next minute :: obj_id 48e98e8caef07077bdd75dbed0085039
2020-02-09T02:28:42+00:00 NOTICE abandoned_cart.success :: email: hadar.ido@gmail.com :: checkout_url: https://itsquim.com/checkout/?mc_cart_id=48e98e8caef07077bdd75dbed0085039
2020-02-09T02:29:54+00:00 NOTICE action_scheduler.queue_job :: MailChimp_WooCommerce_User_Submit starts in the next minute :: obj_id 137
2020-02-09T02:29:55+00:00 NOTICE action_scheduler.queue_job :: MailChimp_WooCommerce_Single_Order starts in 90 seconds :: obj_id 12098
2020-02-09T02:30:34+00:00 NOTICE member.sync :: Updated Member hadar.ido@gmail.com :: Array
(
    [previous_status] => transactional
    [status] => 1
    [merge_fields] => Array
        (
            [FNAME] => ido
            [LNAME] => hadar
        )

)

2020-02-09T02:30:50+00:00 NOTICE action_scheduler.queue_job :: MailChimp_WooCommerce_Cart_Update starts in the next minute :: obj_id e96dfa9f91cc37ab21c52bef57db9405
2020-02-09T02:32:13+00:00 NOTICE abandoned_cart.success :: email: tateclifton99@gmail.com :: checkout_url: https://itsquim.com/checkout/?mc_cart_id=e96dfa9f91cc37ab21c52bef57db9405
2020-02-09T02:32:14+00:00 NOTICE order_submit.success :: addStoreOrder :: #12098 :: email: hadar.ido@gmail.com :: abandoned cart deleted [48e98e8caef07077bdd75dbed0085039]
2020-02-09T02:32:14+00:00 NOTICE member.sync :: Updated Member hadar.ido@gmail.com ( merge fields only ) :: Array
(
    [merge_fields] => Array
        (
            [FNAME] => ido
            [LNAME] => hadar
        )

)

2020-02-09T04:08:13+00:00 NOTICE action_scheduler.queue_job :: MailChimp_WooCommerce_Cart_Update starts in the next minute :: obj_id 3108362a512876a39e057eddf3ba7e0c
2020-02-09T04:09:00+00:00 NOTICE abandoned_cart.success :: email: zangsavannah@gmail.com :: checkout_url: https://itsquim.com/checkout/?mc_cart_id=3108362a512876a39e057eddf3ba7e0c
2020-02-09T04:09:10+00:00 NOTICE action_scheduler.queue_job :: MailChimp_WooCommerce_Cart_Update starts in the next minute :: obj_id 3108362a512876a39e057eddf3ba7e0c
2020-02-09T04:09:41+00:00 NOTICE abandoned_cart.success :: email: zangsavannah@gmail.com :: checkout_url: https://itsquim.com/checkout/?mc_cart_id=3108362a512876a39e057eddf3ba7e0c
2020-02-09T04:09:46+00:00 NOTICE action_scheduler.queue_job :: MailChimp_WooCommerce_Single_Order starts in 90 seconds :: obj_id 12106
2020-02-09T04:14:18+00:00 NOTICE order_submit.success :: addStoreOrder :: #12106 :: email: zangsavannah@gmail.com :: abandoned cart deleted [3108362a512876a39e057eddf3ba7e0c]
2020-02-09T05:29:20+00:00 NOTICE action_scheduler.queue_job :: MailChimp_WooCommerce_Cart_Update starts in the next minute :: obj_id 020932c9aa469d8d6cdc7b911370d77d
2020-02-09T05:29:43+00:00 NOTICE abandoned_cart.success :: email: celestaturner@gmail.com :: checkout_url: https://itsquim.com/checkout/?mc_cart_id=020932c9aa469d8d6cdc7b911370d77d
2020-02-09T05:31:28+00:00 NOTICE action_scheduler.queue_job :: MailChimp_WooCommerce_User_Submit starts in the next minute :: obj_id 138
2020-02-09T05:31:29+00:00 NOTICE action_scheduler.queue_job :: MailChimp_WooCommerce_Single_Order starts in 90 seconds :: obj_id 12114
2020-02-09T05:31:42+00:00 NOTICE member.sync :: Updated Member celestaturner@gmail.com :: Array
(
    [previous_status] => transactional
    [status] => 1
    [merge_fields] => Array
        (
            [FNAME] => Celesta
            [LNAME] => Turner
        )

)

2020-02-09T05:36:03+00:00 NOTICE order_submit.success :: addStoreOrder :: #12114 :: email: celestaturner@gmail.com :: abandoned cart deleted [020932c9aa469d8d6cdc7b911370d77d]
2020-02-09T05:36:04+00:00 NOTICE member.sync :: Updated Member celestaturner@gmail.com ( merge fields only ) :: Array
(
    [merge_fields] => Array
        (
            [FNAME] => Celesta
            [LNAME] => Turner
        )

)

2020-02-09T06:06:28+00:00 NOTICE action_scheduler.queue_job :: MailChimp_WooCommerce_Cart_Update starts in the next minute :: obj_id fd39374c2356cf16bd45eb07baf230de
2020-02-09T06:06:38+00:00 NOTICE abandoned_cart.success :: email: jaimemuniz13@gmail.com :: checkout_url: https://itsquim.com/checkout/?mc_cart_id=fd39374c2356cf16bd45eb07baf230de
2020-02-09T06:08:25+00:00 NOTICE action_scheduler.queue_job :: MailChimp_WooCommerce_Cart_Update starts in the next minute :: obj_id bc9427d680196a20e1a2895890952261
2020-02-09T06:08:43+00:00 NOTICE abandoned_cart.success :: email: morganreh@me.com :: checkout_url: https://itsquim.com/checkout/?mc_cart_id=bc9427d680196a20e1a2895890952261
2020-02-09T06:09:45+00:00 NOTICE action_scheduler.queue_job :: MailChimp_WooCommerce_User_Submit starts in the next minute :: obj_id 139
2020-02-09T06:09:46+00:00 NOTICE action_scheduler.queue_job :: MailChimp_WooCommerce_Single_Order starts in 90 seconds :: obj_id 12124
2020-02-09T06:11:07+00:00 NOTICE member.sync :: Updated Member morganreh@me.com :: Array
(
    [previous_status] => transactional
    [status] => 1
    [merge_fields] => Array
        (
            [FNAME] => Morgan
            [LNAME] => Waldroup
        )

)

2020-02-09T06:12:09+00:00 NOTICE order_submit.success :: addStoreOrder :: #12124 :: email: morganreh@me.com :: abandoned cart deleted [bc9427d680196a20e1a2895890952261]
2020-02-09T06:12:10+00:00 NOTICE member.sync :: Updated Member morganreh@me.com ( merge fields only ) :: Array
(
    [merge_fields] => Array
        (
            [FNAME] => Morgan
            [LNAME] => Waldroup
        )

)

2020-02-09T10:10:03+00:00 NOTICE action_scheduler.queue_job :: MailChimp_WooCommerce_Cart_Update starts in the next minute :: obj_id 2c3a198a29b2ef09ff30ec4511f20dca
2020-02-09T10:10:34+00:00 NOTICE abandoned_cart.success :: email: murphyatmercer@comcast.net :: checkout_url: https://itsquim.com/checkout/?mc_cart_id=2c3a198a29b2ef09ff30ec4511f20dca
2020-02-09T14:01:51+00:00 NOTICE action_scheduler.queue_job :: MailChimp_WooCommerce_Cart_Update starts in the next minute :: obj_id 2c3a198a29b2ef09ff30ec4511f20dca
2020-02-09T14:03:40+00:00 NOTICE abandoned_cart.success :: email: murphyatmercer@comcast.net :: checkout_url: https://itsquim.com/checkout/?mc_cart_id=2c3a198a29b2ef09ff30ec4511f20dca
2020-02-09T14:05:46+00:00 NOTICE action_scheduler.queue_job :: MailChimp_WooCommerce_Single_Order starts in 90 seconds :: obj_id 12138
2020-02-09T14:08:03+00:00 NOTICE order_submit.success :: addStoreOrder :: #12138 :: email: murphyatmercer@comcast.net :: abandoned cart deleted [2c3a198a29b2ef09ff30ec4511f20dca]
2020-02-09T15:04:19+00:00 NOTICE action_scheduler.queue_job :: MailChimp_WooCommerce_Cart_Update starts in the next minute :: obj_id 22e61aee41c1bf52cd18a7dfd41628c1
2020-02-09T15:04:47+00:00 NOTICE abandoned_cart.success :: email: breeves@crrefrig.com :: checkout_url: https://itsquim.com/checkout/?mc_cart_id=22e61aee41c1bf52cd18a7dfd41628c1
2020-02-09T15:07:29+00:00 NOTICE action_scheduler.queue_job :: MailChimp_WooCommerce_Single_Order starts in 90 seconds :: obj_id 12143
2020-02-09T15:09:39+00:00 NOTICE order_submit.success :: addStoreOrder :: #12143 :: email: breeves@crrefrig.com :: abandoned cart deleted [22e61aee41c1bf52cd18a7dfd41628c1]
2020-02-09T15:50:57+00:00 NOTICE action_scheduler.queue_job :: MailChimp_WooCommerce_Cart_Update starts in the next minute :: obj_id 2f1f8ce37c138881c77873250a701538
2020-02-09T15:51:58+00:00 NOTICE abandoned_cart.success :: email: robertculp63@gmail.com :: checkout_url: https://itsquim.com/checkout/?mc_cart_id=2f1f8ce37c138881c77873250a701538
2020-02-09T15:51:59+00:00 NOTICE action_scheduler.queue_job :: MailChimp_WooCommerce_Single_Order starts in 90 seconds :: obj_id 12148
2020-02-09T15:57:15+00:00 NOTICE order_submit.success :: addStoreOrder :: #12148 :: email: robertculp63@gmail.com :: abandoned cart deleted [2f1f8ce37c138881c77873250a701538]
2020-02-09T17:17:18+00:00 NOTICE action_scheduler.queue_job :: MailChimp_WooCommerce_Cart_Update starts in the next minute :: obj_id 52a09b15ef1310f353708c3b587dcbf1
2020-02-09T17:17:46+00:00 NOTICE abandoned_cart.success :: email: gregory_saul@msn.com :: checkout_url: https://itsquim.com/checkout/?mc_cart_id=52a09b15ef1310f353708c3b587dcbf1
2020-02-09T17:18:53+00:00 NOTICE action_scheduler.queue_job :: MailChimp_WooCommerce_User_Submit starts in the next minute :: obj_id 140
2020-02-09T17:18:54+00:00 NOTICE action_scheduler.queue_job :: MailChimp_WooCommerce_Single_Order starts in 90 seconds :: obj_id 12156
2020-02-09T17:20:06+00:00 NOTICE member.sync :: Updated Member gregory_saul@msn.com ( merge fields only ) :: Array
(
    [merge_fields] => Array
        (
            [FNAME] => Gregory
            [LNAME] => Saul
        )

)

2020-02-09T17:25:13+00:00 NOTICE order_submit.success :: addStoreOrder :: #12156 :: email: gregory_saul@msn.com :: abandoned cart deleted [52a09b15ef1310f353708c3b587dcbf1]
2020-02-09T17:25:14+00:00 NOTICE member.sync :: Updated Member gregory_saul@msn.com ( merge fields only ) :: Array
(
    [merge_fields] => Array
        (
            [FNAME] => Gregory
            [LNAME] => Saul
        )

)

2020-02-09T19:26:40+00:00 NOTICE action_scheduler.queue_job :: MailChimp_WooCommerce_Cart_Update starts in the next minute :: obj_id 9a0abb212e57101614b2b41aef39eeb0
2020-02-09T19:28:05+00:00 NOTICE abandoned_cart.success :: email: vickymansh@gmail.com :: checkout_url: https://itsquim.com/checkout/?mc_cart_id=9a0abb212e57101614b2b41aef39eeb0
2020-02-09T19:29:43+00:00 NOTICE action_scheduler.queue_job :: MailChimp_WooCommerce_Cart_Update starts in the next minute :: obj_id 14358bf39a035562250453b3d0f04be9
2020-02-09T19:29:46+00:00 NOTICE action_scheduler.queue_job :: MailChimp_WooCommerce_Single_Order starts in 90 seconds :: obj_id 12164
2020-02-09T19:30:59+00:00 NOTICE abandoned_cart.success :: email: brittany.kniep@gmail.com :: checkout_url: https://itsquim.com/checkout/?mc_cart_id=14358bf39a035562250453b3d0f04be9
2020-02-09T19:30:59+00:00 NOTICE action_scheduler.queue_job :: MailChimp_WooCommerce_Single_Order starts in 90 seconds :: obj_id 12167
2020-02-09T19:31:38+00:00 NOTICE order_submit.success :: addStoreOrder :: #12164 :: email: vickymansh@gmail.com :: abandoned cart deleted [9a0abb212e57101614b2b41aef39eeb0]
2020-02-09T19:34:39+00:00 NOTICE order_submit.success :: addStoreOrder :: #12167 :: email: Brittany.kniep@gmail.com :: abandoned cart deleted [14358bf39a035562250453b3d0f04be9]
2020-02-09T20:25:22+00:00 NOTICE action_scheduler.queue_job :: MailChimp_WooCommerce_Cart_Update starts in the next minute :: obj_id 488c8033bf45c6f9636bafa9a0f8ebc3
2020-02-09T20:27:39+00:00 NOTICE abandoned_cart.success :: email: markauf@ameritech.net :: checkout_url: https://itsquim.com/checkout/?mc_cart_id=488c8033bf45c6f9636bafa9a0f8ebc3
2020-02-09T20:28:50+00:00 NOTICE action_scheduler.queue_job :: MailChimp_WooCommerce_Single_Order starts in 90 seconds :: obj_id 12172
2020-02-09T20:30:40+00:00 NOTICE order_submit.success :: addStoreOrder :: #12172 :: email: markauf@ameritech.net :: abandoned cart deleted [488c8033bf45c6f9636bafa9a0f8ebc3]
2020-02-09T20:51:49+00:00 NOTICE action_scheduler.queue_job :: MailChimp_WooCommerce_Cart_Update starts in the next minute :: obj_id 45b2228c53e27887a687e62c42d4d1dc
2020-02-09T20:51:50+00:00 NOTICE abandoned_cart.success :: email: bmcnbmcn@gmail.com :: checkout_url: https://itsquim.com/checkout/?mc_cart_id=45b2228c53e27887a687e62c42d4d1dc
2020-02-09T20:53:29+00:00 NOTICE action_scheduler.queue_job :: MailChimp_WooCommerce_Single_Order starts in 90 seconds :: obj_id 12177
2020-02-09T20:55:08+00:00 NOTICE order_submit.success :: addStoreOrder :: #12177 :: email: bmcnbmcn@gmail.com :: abandoned cart deleted [45b2228c53e27887a687e62c42d4d1dc]
2020-02-09T21:36:34+00:00 NOTICE action_scheduler.queue_job :: MailChimp_WooCommerce_Cart_Update starts in the next minute :: obj_id 6262f27b125ba70cdfc9334b1f363b51
2020-02-09T21:37:32+00:00 NOTICE abandoned_cart.success :: email: swanskc@yahoo.com :: checkout_url: https://itsquim.com/checkout/?mc_cart_id=6262f27b125ba70cdfc9334b1f363b51
2020-02-09T21:37:32+00:00 NOTICE action_scheduler.queue_job :: MailChimp_WooCommerce_Single_Order starts in 90 seconds :: obj_id 12181
2020-02-09T21:39:45+00:00 NOTICE order_submit.success :: addStoreOrder :: #12181 :: email: swanskc@yahoo.com :: abandoned cart deleted [6262f27b125ba70cdfc9334b1f363b51]
2020-02-09T22:36:55+00:00 NOTICE action_scheduler.queue_job :: MailChimp_WooCommerce_Cart_Update starts in the next minute :: obj_id d2173a998ff22615686081f3b1657582
2020-02-09T22:37:52+00:00 NOTICE abandoned_cart.success :: email: jaimiel027@gmail.com :: checkout_url: https://itsquim.com/checkout/?mc_cart_id=d2173a998ff22615686081f3b1657582
2020-02-09T22:38:54+00:00 NOTICE action_scheduler.queue_job :: MailChimp_WooCommerce_User_Submit starts in the next minute :: obj_id 141
2020-02-09T22:38:56+00:00 NOTICE action_scheduler.queue_job :: MailChimp_WooCommerce_Single_Order starts in 90 seconds :: obj_id 12189
2020-02-09T22:39:42+00:00 NOTICE member.sync :: Updated Member jaimiel027@gmail.com :: Array
(
    [previous_status] => transactional
    [status] => 1
    [merge_fields] => Array
        (
            [FNAME] => Jaimie
            [LNAME] => Kolbeck
        )

)

2020-02-09T22:41:28+00:00 NOTICE order_submit.success :: addStoreOrder :: #12189 :: email: jaimiel027@gmail.com :: abandoned cart deleted [d2173a998ff22615686081f3b1657582]
2020-02-09T22:41:28+00:00 NOTICE member.sync :: Updated Member jaimiel027@gmail.com ( merge fields only ) :: Array
(
    [merge_fields] => Array
        (
            [FNAME] => Jaimie
            [LNAME] => Kolbeck
        )

)

2020-02-09T23:04:30+00:00 NOTICE action_scheduler.queue_job :: MailChimp_WooCommerce_Cart_Update starts in the next minute :: obj_id b948d83849bdeb3b7dabb9fa011cd250
2020-02-09T23:04:32+00:00 NOTICE abandoned_cart.success :: email: bluemoon_73_2000@yahoo.com :: checkout_url: https://itsquim.com/checkout/?mc_cart_id=b948d83849bdeb3b7dabb9fa011cd250
2020-02-09T23:06:42+00:00 NOTICE action_scheduler.queue_job :: MailChimp_WooCommerce_Single_Order starts in 90 seconds :: obj_id 12195
2020-02-09T23:09:26+00:00 NOTICE order_submit.success :: addStoreOrder :: #12195 :: email: bluemoon_73_2000@yahoo.com :: abandoned cart deleted [b948d83849bdeb3b7dabb9fa011cd250]
2020-02-09T23:49:27+00:00 NOTICE action_scheduler.queue_job :: MailChimp_WooCommerce_Cart_Update starts in the next minute :: obj_id 0be6aea05334de8bdb3bc9c79f790f2e
2020-02-09T23:49:34+00:00 NOTICE abandoned_cart.success :: email: siafalewis@gmail.com :: checkout_url: https://itsquim.com/checkout/?mc_cart_id=0be6aea05334de8bdb3bc9c79f790f2e
2020-02-09T23:49:55+00:00 NOTICE action_scheduler.queue_job :: MailChimp_WooCommerce_User_Submit starts in the next minute :: obj_id 142
2020-02-09T23:49:57+00:00 NOTICE action_scheduler.queue_job :: MailChimp_WooCommerce_Single_Order starts in 90 seconds :: obj_id 12202
2020-02-09T23:54:39+00:00 NOTICE member.sync :: Updated Member siafalewis@gmail.com :: Array
(
    [previous_status] => transactional
    [status] => 1
    [merge_fields] => Array
        (
            [FNAME] => Siafa
            [LNAME] => Lewis
        )

)

2020-02-09T23:54:40+00:00 NOTICE order_submit.success :: addStoreOrder :: #12202 :: email: siafalewis@gmail.com :: abandoned cart deleted [0be6aea05334de8bdb3bc9c79f790f2e]
2020-02-09T23:54:41+00:00 NOTICE member.sync :: Updated Member siafalewis@gmail.com ( merge fields only ) :: Array
(
    [merge_fields] => Array
        (
            [FNAME] => Siafa
            [LNAME] => Lewis
        )

)

