2020-02-08T01:55:16+00:00 NOTICE action_scheduler.queue_job :: MailChimp_WooCommerce_SingleCoupon starts in the next minute :: obj_id 11918
2020-02-08T01:55:33+00:00 NOTICE promo_code.update :: updated promo code lets69
2020-02-08T03:13:36+00:00 NOTICE action_scheduler.queue_job :: MailChimp_WooCommerce_Cart_Update starts in the next minute :: obj_id 2a73cc6edb520238e1b5a86fd687143f
2020-02-08T03:15:13+00:00 NOTICE abandoned_cart.success :: email: kmottsmith@gmail.com :: checkout_url: https://itsquim.com/checkout/?mc_cart_id=2a73cc6edb520238e1b5a86fd687143f
2020-02-08T03:15:13+00:00 NOTICE action_scheduler.queue_job :: MailChimp_WooCommerce_Single_Order starts in 90 seconds :: obj_id 12013
2020-02-08T03:18:31+00:00 NOTICE order_submit.success :: addStoreOrder :: #12013 :: email: kmottsmith@gmail.com :: abandoned cart deleted [2a73cc6edb520238e1b5a86fd687143f]
2020-02-08T04:12:59+00:00 NOTICE action_scheduler.queue_job :: MailChimp_WooCommerce_Cart_Update starts in the next minute :: obj_id 29a17b48756cccb37d9c497217e0a390
2020-02-08T04:13:36+00:00 NOTICE action_scheduler.queue_job :: MailChimp_WooCommerce_Single_Order starts in 90 seconds :: obj_id 12019
2020-02-08T04:13:39+00:00 NOTICE abandoned_cart.success :: email: bwnewton1993@gmail.com :: checkout_url: https://itsquim.com/checkout/?mc_cart_id=29a17b48756cccb37d9c497217e0a390
2020-02-08T04:16:02+00:00 NOTICE order_submit.success :: addStoreOrder :: #12019 :: email: bwnewton1993@gmail.com :: abandoned cart deleted [29a17b48756cccb37d9c497217e0a390]
2020-02-08T10:49:32+00:00 NOTICE action_scheduler.queue_job :: MailChimp_WooCommerce_Cart_Update starts in the next minute :: obj_id a6b7730e3ef9944880cbe248a15730b5
2020-02-08T10:50:09+00:00 NOTICE action_scheduler.queue_job :: MailChimp_WooCommerce_Single_Order starts in 90 seconds :: obj_id 12029
2020-02-08T10:51:01+00:00 NOTICE abandoned_cart.success :: email: kerry.orourke@gmail.com :: checkout_url: https://itsquim.com/checkout/?mc_cart_id=a6b7730e3ef9944880cbe248a15730b5
2020-02-08T10:59:49+00:00 NOTICE order_submit.success :: addStoreOrder :: #12029 :: email: kerry.orourke@gmail.com :: abandoned cart deleted [a6b7730e3ef9944880cbe248a15730b5]
2020-02-08T16:45:20+00:00 NOTICE action_scheduler.queue_job :: MailChimp_WooCommerce_Cart_Update starts in the next minute :: obj_id ee7e6c7b6991864021efea69c587922c
2020-02-08T16:45:34+00:00 NOTICE abandoned_cart.success :: email: mikepille@gmail.com :: checkout_url: https://itsquim.com/checkout/?mc_cart_id=ee7e6c7b6991864021efea69c587922c
2020-02-08T16:46:15+00:00 NOTICE action_scheduler.queue_job :: MailChimp_WooCommerce_User_Submit starts in the next minute :: obj_id 134
2020-02-08T16:46:15+00:00 NOTICE action_scheduler.queue_job :: MailChimp_WooCommerce_Single_Order starts in 90 seconds :: obj_id 12042
2020-02-08T16:49:30+00:00 NOTICE member.sync :: Updated Member mikepille@gmail.com :: Array
(
    [previous_status] => transactional
    [status] => 1
    [merge_fields] => Array
        (
            [FNAME] => Michael
            [LNAME] => Pille
        )

)

2020-02-08T16:49:31+00:00 NOTICE order_submit.success :: addStoreOrder :: #12042 :: email: mikepille@gmail.com :: abandoned cart deleted [ee7e6c7b6991864021efea69c587922c]
2020-02-08T16:49:31+00:00 NOTICE member.sync :: Updated Member mikepille@gmail.com ( merge fields only ) :: Array
(
    [merge_fields] => Array
        (
            [FNAME] => Michael
            [LNAME] => Pille
        )

)

2020-02-08T17:10:07+00:00 NOTICE action_scheduler.queue_job :: MailChimp_WooCommerce_Cart_Update starts in the next minute :: obj_id 2bf91d78d3904880eebdcec14b95fb64
2020-02-08T17:10:43+00:00 NOTICE abandoned_cart.success :: email: jabrozek@valornet.com :: checkout_url: https://itsquim.com/checkout/?mc_cart_id=2bf91d78d3904880eebdcec14b95fb64
2020-02-08T17:11:15+00:00 NOTICE action_scheduler.queue_job :: MailChimp_WooCommerce_Single_Order starts in 90 seconds :: obj_id 12047
2020-02-08T17:13:05+00:00 NOTICE order_submit.success :: addStoreOrder :: #12047 :: email: jabrozek@valornet.com :: abandoned cart deleted [2bf91d78d3904880eebdcec14b95fb64]
2020-02-08T17:59:40+00:00 NOTICE action_scheduler.queue_job :: MailChimp_WooCommerce_Cart_Update starts in the next minute :: obj_id a1eb287cddc5f0bf7fe4a17813255bbd
2020-02-08T18:00:53+00:00 NOTICE abandoned_cart.success :: email: otooleginger@gmail.com :: checkout_url: https://itsquim.com/checkout/?mc_cart_id=a1eb287cddc5f0bf7fe4a17813255bbd
2020-02-08T18:00:58+00:00 NOTICE action_scheduler.queue_job :: MailChimp_WooCommerce_User_Submit starts in the next minute :: obj_id 135
2020-02-08T18:01:00+00:00 NOTICE action_scheduler.queue_job :: MailChimp_WooCommerce_Single_Order starts in 90 seconds :: obj_id 12055
2020-02-08T18:01:33+00:00 NOTICE member.sync :: Updated Member otooleginger@gmail.com :: Array
(
    [previous_status] => transactional
    [status] => 1
    [merge_fields] => Array
        (
            [FNAME] => Ginger
            [LNAME] => OToole
        )

)

2020-02-08T18:02:15+00:00 NOTICE action_scheduler.queue_job :: MailChimp_WooCommerce_User_Submit starts in the next minute :: obj_id 135
2020-02-08T18:02:36+00:00 NOTICE member.sync :: Updated Member otooleginger@gmail.com ( merge fields only ) :: Array
(
    [merge_fields] => Array
        (
            [FNAME] => Ginger
            [LNAME] => OToole
        )

)

2020-02-08T18:04:58+00:00 NOTICE order_submit.success :: addStoreOrder :: #12055 :: email: otooleginger@gmail.com :: abandoned cart deleted [a1eb287cddc5f0bf7fe4a17813255bbd]
2020-02-08T18:04:58+00:00 NOTICE member.sync :: Updated Member otooleginger@gmail.com ( merge fields only ) :: Array
(
    [merge_fields] => Array
        (
            [FNAME] => Ginger
            [LNAME] => OToole
        )

)

2020-02-08T19:24:58+00:00 NOTICE action_scheduler.queue_job :: MailChimp_WooCommerce_Cart_Update starts in the next minute :: obj_id d04424f1151141ebe5f10b0f468cf316
2020-02-08T19:25:38+00:00 NOTICE abandoned_cart.success :: email: osnare2@hotmail.com :: checkout_url: https://itsquim.com/checkout/?mc_cart_id=d04424f1151141ebe5f10b0f468cf316
2020-02-08T19:32:04+00:00 NOTICE action_scheduler.queue_job :: MailChimp_WooCommerce_Single_Order starts in 90 seconds :: obj_id 12066
2020-02-08T19:35:54+00:00 NOTICE order_submit.success :: addStoreOrder :: #12066 :: email: osnare2@hotmail.com :: abandoned cart deleted [d04424f1151141ebe5f10b0f468cf316]
2020-02-08T20:54:17+00:00 NOTICE action_scheduler.queue_job :: MailChimp_WooCommerce_Cart_Update starts in the next minute :: obj_id 08f0ef4f23a098752ee021056d475af8
2020-02-08T20:54:49+00:00 NOTICE abandoned_cart.success :: email: helloshannonfernando@gmail.com :: checkout_url: https://itsquim.com/checkout/?mc_cart_id=08f0ef4f23a098752ee021056d475af8
2020-02-08T20:55:21+00:00 NOTICE action_scheduler.queue_job :: MailChimp_WooCommerce_Single_Order starts in 90 seconds :: obj_id 12072
2020-02-08T21:04:54+00:00 NOTICE order_submit.success :: addStoreOrder :: #12072 :: email: helloshannonfernando@gmail.com :: abandoned cart deleted [08f0ef4f23a098752ee021056d475af8]
2020-02-08T23:06:08+00:00 NOTICE action_scheduler.queue_job :: MailChimp_WooCommerce_Cart_Update starts in the next minute :: obj_id 6f8a671a57e061eb129f1cf9dc035dac
2020-02-08T23:09:55+00:00 NOTICE abandoned_cart.success :: email: dalepalovich01@gmail.com :: checkout_url: https://itsquim.com/checkout/?mc_cart_id=6f8a671a57e061eb129f1cf9dc035dac
2020-02-08T23:15:15+00:00 NOTICE action_scheduler.queue_job :: MailChimp_WooCommerce_Single_Order starts in 90 seconds :: obj_id 12078
2020-02-08T23:17:08+00:00 NOTICE order_submit.success :: addStoreOrder :: #12078 :: email: dalepalovich01@gmail.com :: abandoned cart deleted [6f8a671a57e061eb129f1cf9dc035dac]
