2020-02-13T01:05:18+00:00 NOTICE action_scheduler.queue_job :: MailChimp_WooCommerce_Cart_Update starts in the next minute :: obj_id f6301ce7857561b6a9ab2b282cda4322
2020-02-13T01:05:19+00:00 NOTICE abandoned_cart.success :: email: mindynix00@gmail.com :: checkout_url: https://itsquim.com/checkout/?mc_cart_id=f6301ce7857561b6a9ab2b282cda4322
2020-02-13T01:55:09+00:00 NOTICE action_scheduler.queue_job :: MailChimp_WooCommerce_Cart_Update starts in the next minute :: obj_id a155b8e87f208bf25eae60cdbc581850
2020-02-13T01:55:15+00:00 NOTICE abandoned_cart.success :: email: abelmtn@aol.com :: checkout_url: https://itsquim.com/checkout/?mc_cart_id=a155b8e87f208bf25eae60cdbc581850
2020-02-13T01:58:09+00:00 NOTICE action_scheduler.queue_job :: MailChimp_WooCommerce_Single_Order starts in 90 seconds :: obj_id 12712
2020-02-13T02:00:00+00:00 NOTICE order_submit.success :: addStoreOrder :: #12712 :: email: abelmtn@aol.com :: abandoned cart deleted [a155b8e87f208bf25eae60cdbc581850]
2020-02-13T02:08:05+00:00 NOTICE action_scheduler.queue_job :: MailChimp_WooCommerce_Cart_Update starts in the next minute :: obj_id e931e90d551c60e0a9458c98d4ff56e4
2020-02-13T02:08:06+00:00 NOTICE abandoned_cart.success :: email: meridith.klein@gmail.com :: checkout_url: https://itsquim.com/checkout/?mc_cart_id=e931e90d551c60e0a9458c98d4ff56e4
2020-02-13T02:11:48+00:00 NOTICE action_scheduler.queue_job :: MailChimp_WooCommerce_Cart_Update starts in the next minute :: obj_id 35a3de53a0094c8a828da1c2e289e43d
2020-02-13T02:11:49+00:00 NOTICE abandoned_cart.success :: email: daniel.platts0985@gmail.com :: checkout_url: https://itsquim.com/checkout/?mc_cart_id=35a3de53a0094c8a828da1c2e289e43d
2020-02-13T02:13:49+00:00 NOTICE action_scheduler.queue_job :: MailChimp_WooCommerce_Cart_Update starts in the next minute :: obj_id e931e90d551c60e0a9458c98d4ff56e4
2020-02-13T02:14:14+00:00 NOTICE abandoned_cart.success :: email: meridith.klein@gmail.com :: checkout_url: https://itsquim.com/checkout/?mc_cart_id=e931e90d551c60e0a9458c98d4ff56e4
2020-02-13T02:15:08+00:00 NOTICE action_scheduler.queue_job :: MailChimp_WooCommerce_Cart_Update starts in the next minute :: obj_id e931e90d551c60e0a9458c98d4ff56e4
2020-02-13T02:15:09+00:00 NOTICE abandoned_cart.success :: email: meridith.klein@gmail.com :: checkout_url: https://itsquim.com/checkout/?mc_cart_id=e931e90d551c60e0a9458c98d4ff56e4
2020-02-13T02:15:39+00:00 NOTICE action_scheduler.queue_job :: MailChimp_WooCommerce_Single_Order starts in 90 seconds :: obj_id 12713
2020-02-13T02:17:19+00:00 NOTICE order_submit.success :: addStoreOrder :: #12713 :: email: daniel.platts0985@gmail.com :: abandoned cart deleted [35a3de53a0094c8a828da1c2e289e43d]
2020-02-13T02:32:33+00:00 NOTICE action_scheduler.queue_job :: MailChimp_WooCommerce_Cart_Update starts in the next minute :: obj_id 8462c9742fabb5fff9e3a2ffb03a1076
2020-02-13T02:32:34+00:00 NOTICE abandoned_cart.success :: email: jordonovan@gmail.com :: checkout_url: https://itsquim.com/checkout/?mc_cart_id=8462c9742fabb5fff9e3a2ffb03a1076
2020-02-13T02:34:05+00:00 NOTICE action_scheduler.queue_job :: MailChimp_WooCommerce_Single_Order starts in 90 seconds :: obj_id 12714
2020-02-13T02:36:00+00:00 NOTICE order_submit.success :: addStoreOrder :: #12714 :: email: jordonovan@gmail.com :: abandoned cart deleted [8462c9742fabb5fff9e3a2ffb03a1076]
2020-02-13T03:35:19+00:00 NOTICE action_scheduler.queue_job :: MailChimp_WooCommerce_Cart_Update starts in the next minute :: obj_id 4dbae7c4c8a475f200a8bac0a1a4fccc
2020-02-13T03:35:20+00:00 NOTICE abandoned_cart.success :: email: adarnell1613@gmail.com :: checkout_url: https://itsquim.com/checkout/?mc_cart_id=4dbae7c4c8a475f200a8bac0a1a4fccc
2020-02-13T03:58:29+00:00 NOTICE action_scheduler.queue_job :: MailChimp_WooCommerce_Single_Order starts in 90 seconds :: obj_id 12715
2020-02-13T04:00:25+00:00 NOTICE order_submit.success :: addStoreOrder :: #12715 :: email: ADARNELL1613@GMAIL.COM :: abandoned cart deleted [4dbae7c4c8a475f200a8bac0a1a4fccc]
2020-02-13T13:28:58+00:00 NOTICE action_scheduler.queue_job :: MailChimp_WooCommerce_Cart_Update starts in the next minute :: obj_id 43d31cc9c8e0a0a42261c3f445bf87f2
2020-02-13T13:28:59+00:00 NOTICE abandoned_cart.success :: email: kstanley4664@gmail.com :: checkout_url: https://itsquim.com/checkout/?mc_cart_id=43d31cc9c8e0a0a42261c3f445bf87f2
2020-02-13T13:33:14+00:00 NOTICE action_scheduler.queue_job :: MailChimp_WooCommerce_Single_Order starts in 90 seconds :: obj_id 12716
2020-02-13T13:41:11+00:00 NOTICE order_submit.success :: addStoreOrder :: #12716 :: email: kstanley4664@gmail.com :: campaign id f5eb073856 :: abandoned cart deleted [43d31cc9c8e0a0a42261c3f445bf87f2]
2020-02-13T13:59:05+00:00 NOTICE action_scheduler.queue_job :: MailChimp_WooCommerce_Cart_Update starts in the next minute :: obj_id 073156a31374c9f4dfb7f88d70a84a23
2020-02-13T13:59:06+00:00 NOTICE abandoned_cart.success :: email: jgerold@msn.com :: checkout_url: https://itsquim.com/checkout/?mc_cart_id=073156a31374c9f4dfb7f88d70a84a23
2020-02-13T13:59:55+00:00 NOTICE action_scheduler.queue_job :: MailChimp_WooCommerce_Single_Order starts in 90 seconds :: obj_id 12717
2020-02-13T14:04:08+00:00 NOTICE order_submit.success :: addStoreOrder :: #12717 :: email: jgerold@msn.com :: abandoned cart deleted [073156a31374c9f4dfb7f88d70a84a23]
2020-02-13T15:48:53+00:00 NOTICE action_scheduler.queue_job :: MailChimp_WooCommerce_Cart_Update starts in the next minute :: obj_id e931e90d551c60e0a9458c98d4ff56e4
2020-02-13T15:49:33+00:00 NOTICE abandoned_cart.success :: email: meridith.klein@gmail.com :: checkout_url: https://itsquim.com/checkout/?mc_cart_id=e931e90d551c60e0a9458c98d4ff56e4
2020-02-13T15:49:49+00:00 NOTICE action_scheduler.queue_job :: MailChimp_WooCommerce_Cart_Update starts in the next minute :: obj_id e931e90d551c60e0a9458c98d4ff56e4
2020-02-13T15:49:50+00:00 NOTICE abandoned_cart.success :: email: meridith.klein@gmail.com :: checkout_url: https://itsquim.com/checkout/?mc_cart_id=e931e90d551c60e0a9458c98d4ff56e4
2020-02-13T15:51:10+00:00 NOTICE action_scheduler.queue_job :: MailChimp_WooCommerce_Single_Order starts in 90 seconds :: obj_id 12718
2020-02-13T15:58:59+00:00 NOTICE order_submit.success :: addStoreOrder :: #12718 :: email: meridith.klein@gmail.com :: abandoned cart deleted [e931e90d551c60e0a9458c98d4ff56e4]
2020-02-13T16:20:03+00:00 NOTICE action_scheduler.queue_job :: MailChimp_WooCommerce_Single_Order starts in 90 seconds :: obj_id 12711
2020-02-13T16:20:05+00:00 NOTICE action_scheduler.queue_job :: MailChimp_WooCommerce_Single_Order starts in 90 seconds :: obj_id 12710
2020-02-13T16:20:06+00:00 NOTICE action_scheduler.queue_job :: MailChimp_WooCommerce_Single_Order starts in 90 seconds :: obj_id 12708
2020-02-13T16:20:07+00:00 NOTICE action_scheduler.queue_job :: MailChimp_WooCommerce_Single_Order starts in 90 seconds :: obj_id 12714
2020-02-13T16:20:08+00:00 NOTICE action_scheduler.queue_job :: MailChimp_WooCommerce_Single_Order starts in 90 seconds :: obj_id 12713
2020-02-13T16:20:09+00:00 NOTICE action_scheduler.queue_job :: MailChimp_WooCommerce_Single_Order starts in 90 seconds :: obj_id 12712
2020-02-13T16:20:11+00:00 NOTICE action_scheduler.queue_job :: MailChimp_WooCommerce_Single_Order starts in 90 seconds :: obj_id 12715
2020-02-13T16:20:13+00:00 NOTICE action_scheduler.queue_job :: MailChimp_WooCommerce_Single_Order starts in 90 seconds :: obj_id 12717
2020-02-13T16:20:14+00:00 NOTICE action_scheduler.queue_job :: MailChimp_WooCommerce_Single_Order starts in 90 seconds :: obj_id 12716
2020-02-13T16:23:13+00:00 NOTICE order_submit.success :: updateStoreOrder :: #12711 :: email: nina.wadhwa@gmail.com
2020-02-13T16:23:13+00:00 NOTICE order_submit.success :: updateStoreOrder :: #12710 :: email: halimaodom@outlook.com
2020-02-13T16:23:14+00:00 NOTICE member.sync :: Updated Member halimaodom@outlook.com ( merge fields only ) :: Array
(
    [merge_fields] => Array
        (
            [FNAME] => Halima
            [LNAME] => Odom
        )

)

2020-02-13T16:23:14+00:00 NOTICE order_submit.success :: updateStoreOrder :: #12708 :: email: kelseyacampbell78@gmail.com
2020-02-13T16:23:15+00:00 NOTICE order_submit.success :: updateStoreOrder :: #12714 :: email: jordonovan@gmail.com
2020-02-13T16:23:16+00:00 NOTICE order_submit.success :: updateStoreOrder :: #12713 :: email: daniel.platts0985@gmail.com
2020-02-13T16:23:16+00:00 NOTICE order_submit.success :: updateStoreOrder :: #12712 :: email: abelmtn@aol.com
2020-02-13T16:23:17+00:00 NOTICE order_submit.success :: updateStoreOrder :: #12715 :: email: ADARNELL1613@GMAIL.COM
2020-02-13T16:23:18+00:00 NOTICE order_submit.success :: updateStoreOrder :: #12717 :: email: jgerold@msn.com
2020-02-13T16:23:19+00:00 NOTICE order_submit.success :: updateStoreOrder :: #12716 :: email: kstanley4664@gmail.com
2020-02-13T16:48:14+00:00 NOTICE action_scheduler.queue_job :: MailChimp_WooCommerce_Single_Order starts in 90 seconds :: obj_id 12718
2020-02-13T16:51:07+00:00 NOTICE order_submit.success :: updateStoreOrder :: #12718 :: email: meridith.klein@gmail.com
2020-02-13T18:58:24+00:00 NOTICE action_scheduler.queue_job :: MailChimp_WooCommerce_User_Submit starts in the next minute :: obj_id 149
2020-02-13T18:58:45+00:00 NOTICE member.sync :: Updated Member jordonovan@gmail.com ( merge fields only ) :: Array
(
    [merge_fields] => Array
        (
        )

)

2020-02-13T20:05:01+00:00 NOTICE action_scheduler.queue_job :: MailChimp_WooCommerce_Single_Order starts in 90 seconds :: obj_id 12719
2020-02-13T20:06:53+00:00 NOTICE order_submit.success :: addStoreOrder :: #12719 :: email: jakedarby11@gmail.com
2020-02-13T21:07:09+00:00 NOTICE action_scheduler.queue_job :: MailChimp_WooCommerce_Cart_Update starts in the next minute :: obj_id 61a077a4d20310a2a7dd1f62e245d520
2020-02-13T21:07:10+00:00 NOTICE abandoned_cart.success :: email: somesmith1999@yahoo.com :: checkout_url: https://itsquim.com/checkout/?mc_cart_id=61a077a4d20310a2a7dd1f62e245d520
2020-02-13T21:07:59+00:00 NOTICE action_scheduler.queue_job :: MailChimp_WooCommerce_User_Submit starts in the next minute :: obj_id 150
2020-02-13T21:08:00+00:00 NOTICE action_scheduler.queue_job :: MailChimp_WooCommerce_Single_Order starts in 90 seconds :: obj_id 12720
2020-02-13T21:08:34+00:00 NOTICE member.sync :: Updated Member somesmith1999@yahoo.com ( merge fields only ) :: Array
(
    [merge_fields] => Array
        (
            [FNAME] => Rebecca
            [LNAME] => Hernandez
        )

)

2020-02-13T21:10:17+00:00 NOTICE order_submit.success :: addStoreOrder :: #12720 :: email: somesmith1999@yahoo.com :: campaign id f5eb073856 :: abandoned cart deleted [61a077a4d20310a2a7dd1f62e245d520]
2020-02-13T21:10:17+00:00 NOTICE member.sync :: Updated Member somesmith1999@yahoo.com ( merge fields only ) :: Array
(
    [merge_fields] => Array
        (
            [FNAME] => Rebecca
            [LNAME] => Hernandez
        )

)

2020-02-13T21:55:03+00:00 NOTICE action_scheduler.queue_job :: MailChimp_WooCommerce_Cart_Update starts in the next minute :: obj_id 4420df8c87ff7c1f7b978b5f07cc6475
2020-02-13T21:55:04+00:00 NOTICE abandoned_cart.success :: email: michellelynnkeen@gmail.com :: checkout_url: https://itsquim.com/checkout/?mc_cart_id=4420df8c87ff7c1f7b978b5f07cc6475
2020-02-13T21:55:05+00:00 NOTICE action_scheduler.queue_job :: MailChimp_WooCommerce_Cart_Update starts in the next minute :: obj_id 4420df8c87ff7c1f7b978b5f07cc6475
2020-02-13T21:55:06+00:00 NOTICE abandoned_cart.success :: email: michellelynnkeen@gmail.com :: checkout_url: https://itsquim.com/checkout/?mc_cart_id=4420df8c87ff7c1f7b978b5f07cc6475
2020-02-13T21:55:18+00:00 NOTICE ac.cart_swap :: Deleted cart [michellelynnkeen@gmail.com] :: ID [4420df8c87ff7c1f7b978b5f07cc6475]
2020-02-13T21:55:19+00:00 NOTICE action_scheduler.queue_job :: MailChimp_WooCommerce_Cart_Update starts in the next minute :: obj_id 856e1fc87007d111150362bae12e2f11
2020-02-13T21:56:08+00:00 NOTICE action_scheduler.queue_job :: MailChimp_WooCommerce_User_Submit starts in the next minute :: obj_id 151
2020-02-13T21:56:09+00:00 NOTICE action_scheduler.queue_job :: MailChimp_WooCommerce_Single_Order starts in 90 seconds :: obj_id 12721
2020-02-13T21:56:15+00:00 NOTICE member.sync :: Subscribed Member mashelkeen@gmail.com :: Array
(
    [status_if_new] => 1
    [merge_fields] => Array
        (
            [FNAME] => Michelle
            [LNAME] => Keen
        )

)

2020-02-13T21:56:15+00:00 NOTICE abandoned_cart.success :: email: mashelkeen@gmail.com :: checkout_url: https://itsquim.com/checkout/?mc_cart_id=856e1fc87007d111150362bae12e2f11
2020-02-13T21:58:13+00:00 NOTICE order_submit.success :: addStoreOrder :: #12721 :: email: mashelkeen@gmail.com :: abandoned cart deleted [856e1fc87007d111150362bae12e2f11]
2020-02-13T21:58:13+00:00 NOTICE member.sync :: Updated Member mashelkeen@gmail.com ( merge fields only ) :: Array
(
    [merge_fields] => Array
        (
            [FNAME] => Michelle
            [LNAME] => Keen
        )

)

2020-02-13T22:57:42+00:00 NOTICE action_scheduler.queue_job :: MailChimp_WooCommerce_Cart_Update starts in the next minute :: obj_id c85913777dded5d6fb772914345dc8be
2020-02-13T22:57:43+00:00 NOTICE abandoned_cart.success :: email: armida.robles@gmail.com :: checkout_url: https://itsquim.com/checkout/?mc_cart_id=c85913777dded5d6fb772914345dc8be
2020-02-13T23:02:13+00:00 NOTICE action_scheduler.queue_job :: MailChimp_WooCommerce_Single_Order starts in 90 seconds :: obj_id 12722
2020-02-13T23:07:21+00:00 NOTICE order_submit.success :: addStoreOrder :: #12722 :: email: armida.robles@gmail.com :: abandoned cart deleted [c85913777dded5d6fb772914345dc8be]
2020-02-13T23:24:08+00:00 NOTICE action_scheduler.queue_job :: MailChimp_WooCommerce_Single_Order starts in 90 seconds :: obj_id 12719
2020-02-13T23:24:09+00:00 NOTICE action_scheduler.queue_job :: MailChimp_WooCommerce_Single_Order starts in 90 seconds :: obj_id 12721
2020-02-13T23:24:10+00:00 NOTICE action_scheduler.queue_job :: MailChimp_WooCommerce_Single_Order starts in 90 seconds :: obj_id 12720
2020-02-13T23:28:30+00:00 NOTICE order_submit.success :: updateStoreOrder :: #12720 :: email: somesmith1999@yahoo.com
2020-02-13T23:28:30+00:00 NOTICE member.sync :: Updated Member somesmith1999@yahoo.com ( merge fields only ) :: Array
(
    [merge_fields] => Array
        (
            [FNAME] => Rebecca
            [LNAME] => Hernandez
        )

)

2020-02-13T23:28:31+00:00 NOTICE order_submit.success :: updateStoreOrder :: #12721 :: email: mashelkeen@gmail.com
2020-02-13T23:28:31+00:00 NOTICE member.sync :: Updated Member mashelkeen@gmail.com ( merge fields only ) :: Array
(
    [merge_fields] => Array
        (
            [FNAME] => Michelle
            [LNAME] => Keen
        )

)

2020-02-13T23:28:32+00:00 NOTICE order_submit.success :: updateStoreOrder :: #12719 :: email: jakedarby11@gmail.com
2020-02-13T23:53:00+00:00 NOTICE action_scheduler.queue_job :: MailChimp_WooCommerce_Cart_Update starts in the next minute :: obj_id 2fc759f360374b3df7a32227d63cf9b6
2020-02-13T23:53:01+00:00 NOTICE abandoned_cart.success :: email: star_cookie2000@yahoo.com :: checkout_url: https://itsquim.com/checkout/?mc_cart_id=2fc759f360374b3df7a32227d63cf9b6
2020-02-13T23:54:02+00:00 NOTICE action_scheduler.queue_job :: MailChimp_WooCommerce_Single_Order starts in 90 seconds :: obj_id 12723
2020-02-13T23:56:07+00:00 NOTICE order_submit.success :: addStoreOrder :: #12723 :: email: star_cookie2000@yahoo.com :: campaign id 130aed8547 :: abandoned cart deleted [2fc759f360374b3df7a32227d63cf9b6]
