2020-02-16T00:28:10+00:00 NOTICE action_scheduler.queue_job :: MailChimp_WooCommerce_Cart_Update starts in the next minute :: obj_id e580ff1acbd15a2549725f82fa98b6f0
2020-02-16T00:28:55+00:00 NOTICE abandoned_cart.success :: email: almadflo89@gmail.com :: checkout_url: https://itsquim.com/checkout/?mc_cart_id=e580ff1acbd15a2549725f82fa98b6f0
2020-02-16T00:33:20+00:00 NOTICE action_scheduler.queue_job :: MailChimp_WooCommerce_Single_Order starts in 90 seconds :: obj_id 12757
2020-02-16T00:35:13+00:00 NOTICE order_submit.success :: addStoreOrder :: #12757 :: email: almadflo89@gmail.com :: abandoned cart deleted [e580ff1acbd15a2549725f82fa98b6f0]
2020-02-16T02:02:23+00:00 NOTICE action_scheduler.queue_job :: MailChimp_WooCommerce_Cart_Update starts in the next minute :: obj_id 68428969eede6621f11db09b2743df10
2020-02-16T02:02:24+00:00 NOTICE abandoned_cart.success :: email: laurenwigton@me.com :: checkout_url: https://itsquim.com/checkout/?mc_cart_id=68428969eede6621f11db09b2743df10
2020-02-16T02:03:01+00:00 NOTICE action_scheduler.queue_job :: MailChimp_WooCommerce_User_Submit starts in the next minute :: obj_id 163
2020-02-16T02:03:03+00:00 NOTICE action_scheduler.queue_job :: MailChimp_WooCommerce_Single_Order starts in 90 seconds :: obj_id 12758
2020-02-16T02:03:17+00:00 NOTICE member.sync :: Updated Member laurenwigton@me.com :: Array
(
    [previous_status] => transactional
    [status] => 1
    [merge_fields] => Array
        (
            [FNAME] => Lauren
            [LNAME] => Wigton
        )

)

2020-02-16T02:05:26+00:00 NOTICE order_submit.success :: addStoreOrder :: #12758 :: email: laurenwigton@me.com :: abandoned cart deleted [68428969eede6621f11db09b2743df10]
2020-02-16T02:05:26+00:00 NOTICE member.sync :: Updated Member laurenwigton@me.com ( merge fields only ) :: Array
(
    [merge_fields] => Array
        (
            [FNAME] => Lauren
            [LNAME] => Wigton
        )

)

2020-02-16T04:16:55+00:00 NOTICE action_scheduler.queue_job :: MailChimp_WooCommerce_Cart_Update starts in the next minute :: obj_id eeb01d33569b43e30527775fbcc50b18
2020-02-16T04:17:14+00:00 NOTICE abandoned_cart.success :: email: scholnickhannah@gmail.com :: checkout_url: https://itsquim.com/checkout/?mc_cart_id=eeb01d33569b43e30527775fbcc50b18
2020-02-16T04:18:26+00:00 NOTICE action_scheduler.queue_job :: MailChimp_WooCommerce_Cart_Update starts in the next minute :: obj_id eeb01d33569b43e30527775fbcc50b18
2020-02-16T04:18:27+00:00 NOTICE abandoned_cart.success :: email: scholnickhannah@gmail.com :: checkout_url: https://itsquim.com/checkout/?mc_cart_id=eeb01d33569b43e30527775fbcc50b18
2020-02-16T04:20:35+00:00 NOTICE action_scheduler.queue_job :: MailChimp_WooCommerce_Cart_Update starts in the next minute :: obj_id eeb01d33569b43e30527775fbcc50b18
2020-02-16T04:20:36+00:00 NOTICE abandoned_cart.success :: email: scholnickhannah@gmail.com :: checkout_url: https://itsquim.com/checkout/?mc_cart_id=eeb01d33569b43e30527775fbcc50b18
2020-02-16T04:21:15+00:00 NOTICE action_scheduler.queue_job :: MailChimp_WooCommerce_Single_Order starts in 90 seconds :: obj_id 12759
2020-02-16T04:24:22+00:00 NOTICE order_submit.success :: addStoreOrder :: #12759 :: email: scholnickhannah@gmail.com :: abandoned cart deleted [eeb01d33569b43e30527775fbcc50b18]
2020-02-16T05:07:50+00:00 NOTICE action_scheduler.queue_job :: MailChimp_WooCommerce_Cart_Update starts in the next minute :: obj_id 0ea4057f96817413493059a6f793768e
2020-02-16T05:07:51+00:00 NOTICE abandoned_cart.success :: email: marselle78@yahoo.com :: checkout_url: https://itsquim.com/checkout/?mc_cart_id=0ea4057f96817413493059a6f793768e
2020-02-16T05:11:24+00:00 NOTICE action_scheduler.queue_job :: MailChimp_WooCommerce_Single_Order starts in 90 seconds :: obj_id 12760
2020-02-16T05:14:39+00:00 NOTICE order_submit.success :: addStoreOrder :: #12760 :: email: marselle78@yahoo.com :: campaign id 923815a408 :: abandoned cart deleted [0ea4057f96817413493059a6f793768e]
2020-02-16T15:06:50+00:00 NOTICE action_scheduler.queue_job :: MailChimp_WooCommerce_Cart_Update starts in the next minute :: obj_id ef69dfd61985b38c9d081bea1feccfc9
2020-02-16T15:06:51+00:00 NOTICE abandoned_cart.success :: email: thepattenpending@gmail.com :: checkout_url: https://itsquim.com/checkout/?mc_cart_id=ef69dfd61985b38c9d081bea1feccfc9
2020-02-16T15:07:33+00:00 NOTICE action_scheduler.queue_job :: MailChimp_WooCommerce_Cart_Update starts in the next minute :: obj_id ef69dfd61985b38c9d081bea1feccfc9
2020-02-16T15:08:11+00:00 NOTICE action_scheduler.queue_job :: MailChimp_WooCommerce_Cart_Update starts in the next minute :: obj_id d1650b05713d5ae8d4c785f7074a51fb
2020-02-16T15:08:13+00:00 NOTICE abandoned_cart.success :: email: thepattenpending@gmail.com :: checkout_url: https://itsquim.com/checkout/?mc_cart_id=ef69dfd61985b38c9d081bea1feccfc9
2020-02-16T15:08:13+00:00 NOTICE abandoned_cart.success :: email: pattenhulette@gmail.com :: checkout_url: https://itsquim.com/checkout/?mc_cart_id=d1650b05713d5ae8d4c785f7074a51fb
2020-02-16T15:10:44+00:00 NOTICE action_scheduler.queue_job :: MailChimp_WooCommerce_Single_Order starts in 90 seconds :: obj_id 12761
2020-02-16T15:12:24+00:00 NOTICE order_submit.success :: addStoreOrder :: #12761 :: email: pattenhulette@gmail.com :: abandoned cart deleted [d1650b05713d5ae8d4c785f7074a51fb]
2020-02-16T15:42:34+00:00 NOTICE action_scheduler.queue_job :: MailChimp_WooCommerce_Cart_Update starts in the next minute :: obj_id e8000afc6063bc1643122b7ec1219f45
2020-02-16T15:42:39+00:00 NOTICE abandoned_cart.success :: email: gabbyk2@juno.com :: checkout_url: https://itsquim.com/checkout/?mc_cart_id=e8000afc6063bc1643122b7ec1219f45
2020-02-16T16:00:03+00:00 NOTICE action_scheduler.queue_job :: MailChimp_WooCommerce_Cart_Update starts in the next minute :: obj_id ad83b1b1800672e3909a780c9e6f6bbd
2020-02-16T16:00:27+00:00 NOTICE abandoned_cart.success :: email: danielhoughtaling@gmail.com :: checkout_url: https://itsquim.com/checkout/?mc_cart_id=ad83b1b1800672e3909a780c9e6f6bbd
2020-02-16T16:00:27+00:00 NOTICE action_scheduler.queue_job :: MailChimp_WooCommerce_Cart_Update starts in the next minute :: obj_id ad83b1b1800672e3909a780c9e6f6bbd
2020-02-16T16:01:38+00:00 NOTICE abandoned_cart.success :: email: danielhoughtaling@gmail.com :: checkout_url: https://itsquim.com/checkout/?mc_cart_id=ad83b1b1800672e3909a780c9e6f6bbd
2020-02-16T16:42:13+00:00 NOTICE action_scheduler.queue_job :: MailChimp_WooCommerce_Cart_Update starts in the next minute :: obj_id ad83b1b1800672e3909a780c9e6f6bbd
2020-02-16T16:42:14+00:00 NOTICE abandoned_cart.success :: email: danielhoughtaling@gmail.com :: checkout_url: https://itsquim.com/checkout/?mc_cart_id=ad83b1b1800672e3909a780c9e6f6bbd
2020-02-16T16:42:15+00:00 NOTICE action_scheduler.queue_job :: MailChimp_WooCommerce_Cart_Update starts in the next minute :: obj_id ad83b1b1800672e3909a780c9e6f6bbd
2020-02-16T16:43:09+00:00 NOTICE action_scheduler.queue_job :: MailChimp_WooCommerce_Single_Order starts in 90 seconds :: obj_id 12762
2020-02-16T16:43:14+00:00 NOTICE abandoned_cart.success :: email: danielhoughtaling@gmail.com :: checkout_url: https://itsquim.com/checkout/?mc_cart_id=ad83b1b1800672e3909a780c9e6f6bbd
2020-02-16T16:44:49+00:00 NOTICE order_submit.success :: addStoreOrder :: #12762 :: email: DanielHoughtaling@gmail.com :: campaign id 130aed8547 :: abandoned cart deleted [ad83b1b1800672e3909a780c9e6f6bbd]
2020-02-16T17:37:41+00:00 NOTICE action_scheduler.queue_job :: MailChimp_WooCommerce_Cart_Update starts in the next minute :: obj_id ef0f5c373242edea524a3f0b3fe71ea1
2020-02-16T17:37:42+00:00 NOTICE abandoned_cart.success :: email: tomshupe@reagan.com :: checkout_url: https://itsquim.com/checkout/?mc_cart_id=ef0f5c373242edea524a3f0b3fe71ea1
2020-02-16T17:39:49+00:00 NOTICE action_scheduler.queue_job :: MailChimp_WooCommerce_Single_Order starts in 90 seconds :: obj_id 12763
2020-02-16T17:42:06+00:00 NOTICE order_submit.success :: addStoreOrder :: #12763 :: email: tomshupe@reagan.com :: abandoned cart deleted [ef0f5c373242edea524a3f0b3fe71ea1]
2020-02-16T18:20:47+00:00 NOTICE action_scheduler.queue_job :: MailChimp_WooCommerce_Cart_Update starts in the next minute :: obj_id 68d022120ccd8a6938e825a9c576de24
2020-02-16T18:20:48+00:00 NOTICE abandoned_cart.success :: email: ratreen@me.com :: checkout_url: https://itsquim.com/checkout/?mc_cart_id=68d022120ccd8a6938e825a9c576de24
2020-02-16T20:54:20+00:00 NOTICE action_scheduler.queue_job :: MailChimp_WooCommerce_Cart_Update starts in the next minute :: obj_id 5e78a4d2c97db36ddeb46a5835202a56
2020-02-16T20:54:22+00:00 NOTICE abandoned_cart.success :: email: imjellis2@gmail.com :: checkout_url: https://itsquim.com/checkout/?mc_cart_id=5e78a4d2c97db36ddeb46a5835202a56
2020-02-16T20:54:51+00:00 NOTICE action_scheduler.queue_job :: MailChimp_WooCommerce_User_Submit starts in the next minute :: obj_id 164
2020-02-16T20:54:52+00:00 NOTICE action_scheduler.queue_job :: MailChimp_WooCommerce_Single_Order starts in 90 seconds :: obj_id 12764
2020-02-16T20:56:08+00:00 NOTICE member.sync :: Updated Member imjellis2@gmail.com :: Array
(
    [previous_status] => transactional
    [status] => 1
    [merge_fields] => Array
        (
            [FNAME] => Jennifer
            [LNAME] => Kyle
        )

)

2020-02-16T20:56:32+00:00 NOTICE order_submit.success :: addStoreOrder :: #12764 :: email: imjellis2@gmail.com :: abandoned cart deleted [5e78a4d2c97db36ddeb46a5835202a56]
2020-02-16T20:56:32+00:00 NOTICE member.sync :: Updated Member imjellis2@gmail.com ( merge fields only ) :: Array
(
    [merge_fields] => Array
        (
            [FNAME] => Jennifer
            [LNAME] => Kyle
        )

)

2020-02-16T21:14:26+00:00 NOTICE action_scheduler.queue_job :: MailChimp_WooCommerce_Cart_Update starts in the next minute :: obj_id 95ea11add4e536adfecc9e455a5b350e
2020-02-16T21:14:27+00:00 NOTICE abandoned_cart.success :: email: justinc@osprey.net :: checkout_url: https://itsquim.com/checkout/?mc_cart_id=95ea11add4e536adfecc9e455a5b350e
2020-02-16T21:18:22+00:00 NOTICE action_scheduler.queue_job :: MailChimp_WooCommerce_Single_Order starts in 90 seconds :: obj_id 12765
2020-02-16T21:20:41+00:00 NOTICE order_submit.success :: addStoreOrder :: #12765 :: email: justinc@osprey.net :: abandoned cart deleted [95ea11add4e536adfecc9e455a5b350e]
