2020-02-26T02:07:47+00:00 NOTICE action_scheduler.queue_job :: MailChimp_WooCommerce_SingleCoupon starts in the next minute :: obj_id 14556
2020-02-26T02:09:15+00:00 NOTICE promo_code.update :: updated promo code carola
2020-02-26T06:12:01+00:00 NOTICE action_scheduler.queue_job :: MailChimp_WooCommerce_Cart_Update starts in the next minute :: obj_id 0d212a5bdf1eee2d8afe9260d03c1360
2020-02-26T06:12:25+00:00 NOTICE abandoned_cart.success :: email: maurice@vigil.net :: checkout_url: https://itsquim.com/checkout/?mc_cart_id=0d212a5bdf1eee2d8afe9260d03c1360
2020-02-26T06:12:49+00:00 NOTICE ac.cart_swap :: Deleted cart [maurice@vigil.net] :: ID [0d212a5bdf1eee2d8afe9260d03c1360]
2020-02-26T06:12:49+00:00 NOTICE action_scheduler.queue_job :: MailChimp_WooCommerce_Cart_Update starts in the next minute :: obj_id 2f8765ab89996dd3f6c9d0c8acc3a0d7
2020-02-26T06:12:50+00:00 NOTICE abandoned_cart.success :: email: zipperscupple@yahoo.com :: checkout_url: https://itsquim.com/checkout/?mc_cart_id=2f8765ab89996dd3f6c9d0c8acc3a0d7
2020-02-26T06:37:43+00:00 NOTICE action_scheduler.queue_job :: MailChimp_WooCommerce_Cart_Update starts in the next minute :: obj_id df2f96a098400caa712f1c825504a664
2020-02-26T06:37:44+00:00 NOTICE abandoned_cart.success :: email: shine30@msn.com :: checkout_url: https://itsquim.com/checkout/?mc_cart_id=df2f96a098400caa712f1c825504a664
2020-02-26T06:39:25+00:00 NOTICE action_scheduler.queue_job :: MailChimp_WooCommerce_User_Submit starts in the next minute :: obj_id 182
2020-02-26T06:39:25+00:00 NOTICE action_scheduler.queue_job :: MailChimp_WooCommerce_Single_Order starts in 90 seconds :: obj_id 14557
2020-02-26T06:46:07+00:00 NOTICE order_submit.success :: addStoreOrder :: #14557 :: email: shine30@msn.com :: abandoned cart deleted [df2f96a098400caa712f1c825504a664]
2020-02-26T06:46:07+00:00 NOTICE member.sync :: Updated Member shine30@msn.com ( merge fields only ) :: Array
(
    [merge_fields] => Array
        (
            [FNAME] => Kimberly
            [LNAME] => Shine
        )

)

2020-02-26T06:46:07+00:00 NOTICE member.sync :: Updated Member shine30@msn.com ( merge fields only ) :: Array
(
    [merge_fields] => Array
        (
            [FNAME] => Kimberly
            [LNAME] => Shine
        )

)

2020-02-26T20:36:32+00:00 NOTICE action_scheduler.queue_job :: MailChimp_WooCommerce_Cart_Update starts in the next minute :: obj_id fe45ad80a532b6ac6a746231ced61f65
2020-02-26T20:36:33+00:00 NOTICE abandoned_cart.success :: email: drrbalan@yahoo.com :: checkout_url: https://itsquim.com/checkout/?mc_cart_id=fe45ad80a532b6ac6a746231ced61f65
2020-02-26T20:38:10+00:00 NOTICE action_scheduler.queue_job :: MailChimp_WooCommerce_Single_Order starts in 90 seconds :: obj_id 14558
2020-02-26T20:40:17+00:00 NOTICE order_submit.success :: addStoreOrder :: #14558 :: email: drrbalan@yahoo.com :: abandoned cart deleted [fe45ad80a532b6ac6a746231ced61f65]
2020-02-26T20:48:26+00:00 NOTICE action_scheduler.queue_job :: MailChimp_WooCommerce_Cart_Update starts in the next minute :: obj_id 426f3fe75853b0d48746373d4d4fd6cb
2020-02-26T20:48:29+00:00 NOTICE abandoned_cart.success :: email: sheacelka@gmail.com :: checkout_url: https://itsquim.com/checkout/?mc_cart_id=426f3fe75853b0d48746373d4d4fd6cb
2020-02-26T20:50:27+00:00 NOTICE action_scheduler.queue_job :: MailChimp_WooCommerce_Single_Order starts in 90 seconds :: obj_id 14559
2020-02-26T20:52:52+00:00 NOTICE order_submit.success :: addStoreOrder :: #14559 :: email: sheacelka@gmail.com :: abandoned cart deleted [426f3fe75853b0d48746373d4d4fd6cb]
2020-02-26T22:27:08+00:00 NOTICE action_scheduler.queue_job :: MailChimp_WooCommerce_Cart_Update starts in the next minute :: obj_id 3f973a69b5171d2d110e287e3f14c386
2020-02-26T22:27:09+00:00 NOTICE abandoned_cart.success :: email: kymberlybyrnes@gmail.com :: checkout_url: https://itsquim.com/checkout/?mc_cart_id=3f973a69b5171d2d110e287e3f14c386
2020-02-26T22:27:49+00:00 NOTICE action_scheduler.queue_job :: MailChimp_WooCommerce_Single_Order starts in 90 seconds :: obj_id 14560
2020-02-26T22:29:23+00:00 NOTICE order_submit.success :: addStoreOrder :: #14560 :: email: kymberlybyrnes@gmail.com :: abandoned cart deleted [3f973a69b5171d2d110e287e3f14c386]
