2020-02-11T00:02:16+00:00 NOTICE action_scheduler.queue_job :: MailChimp_WooCommerce_Single_Order starts in 90 seconds :: obj_id 12364
2020-02-11T00:02:17+00:00 NOTICE action_scheduler.queue_job :: MailChimp_WooCommerce_Single_Order starts in 90 seconds :: obj_id 12372
2020-02-11T00:04:39+00:00 NOTICE order_submit.success :: updateStoreOrder :: #12364 :: email: sean_kroszner@yahoo.com
2020-02-11T00:04:40+00:00 NOTICE order_submit.success :: updateStoreOrder :: #12372 :: email: apascuma@hotmail.com
2020-02-11T00:14:04+00:00 NOTICE action_scheduler.queue_job :: MailChimp_WooCommerce_Cart_Update starts in the next minute :: obj_id ad83b1b1800672e3909a780c9e6f6bbd
2020-02-11T00:14:17+00:00 NOTICE abandoned_cart.success :: email: danielhoughtaling@gmail.com :: checkout_url: https://itsquim.com/checkout/?mc_cart_id=ad83b1b1800672e3909a780c9e6f6bbd
2020-02-11T00:14:34+00:00 NOTICE action_scheduler.queue_job :: MailChimp_WooCommerce_Cart_Update starts in the next minute :: obj_id ad83b1b1800672e3909a780c9e6f6bbd
2020-02-11T00:14:58+00:00 NOTICE action_scheduler.queue_job :: MailChimp_WooCommerce_Cart_Update starts in the next minute :: obj_id c853e60046f1ab20054156566151914c
2020-02-11T00:15:31+00:00 NOTICE abandoned_cart.success :: email: danielhoughtaling@gmail.com :: checkout_url: https://itsquim.com/checkout/?mc_cart_id=ad83b1b1800672e3909a780c9e6f6bbd
2020-02-11T00:15:32+00:00 NOTICE abandoned_cart.success :: email: matthealynnallen@gmail.com :: checkout_url: https://itsquim.com/checkout/?mc_cart_id=c853e60046f1ab20054156566151914c
2020-02-11T00:15:54+00:00 NOTICE action_scheduler.queue_job :: MailChimp_WooCommerce_Cart_Update starts in the next minute :: obj_id c853e60046f1ab20054156566151914c
2020-02-11T00:16:29+00:00 NOTICE abandoned_cart.success :: email: matthealynnallen@gmail.com :: checkout_url: https://itsquim.com/checkout/?mc_cart_id=c853e60046f1ab20054156566151914c
2020-02-11T00:17:05+00:00 NOTICE action_scheduler.queue_job :: MailChimp_WooCommerce_Single_Order starts in 90 seconds :: obj_id 12413
2020-02-11T00:19:16+00:00 NOTICE order_submit.success :: addStoreOrder :: #12413 :: email: matthealynnallen@gmail.com :: campaign id f5eb073856 :: abandoned cart deleted [c853e60046f1ab20054156566151914c]
2020-02-11T00:25:45+00:00 NOTICE action_scheduler.queue_job :: MailChimp_WooCommerce_Cart_Update starts in the next minute :: obj_id 3c1501b5dafa09f3cf7f81e07eed4385
2020-02-11T00:26:16+00:00 NOTICE abandoned_cart.success :: email: chris.flynn6@gmail.com :: checkout_url: https://itsquim.com/checkout/?mc_cart_id=3c1501b5dafa09f3cf7f81e07eed4385
2020-02-11T00:26:36+00:00 NOTICE action_scheduler.queue_job :: MailChimp_WooCommerce_Single_Order starts in 90 seconds :: obj_id 12418
2020-02-11T00:28:15+00:00 NOTICE order_submit.success :: addStoreOrder :: #12418 :: email: chris.flynn6@gmail.com :: abandoned cart deleted [3c1501b5dafa09f3cf7f81e07eed4385]
2020-02-11T00:41:26+00:00 NOTICE action_scheduler.queue_job :: MailChimp_WooCommerce_Cart_Update starts in the next minute :: obj_id 6eedab9fe9a9dc947ddd8fe47a4e231f
2020-02-11T00:42:26+00:00 NOTICE abandoned_cart.success :: email: ralphwooden@comcast.net :: checkout_url: https://itsquim.com/checkout/?mc_cart_id=6eedab9fe9a9dc947ddd8fe47a4e231f
2020-02-11T00:44:31+00:00 NOTICE action_scheduler.queue_job :: MailChimp_WooCommerce_User_Submit starts in the next minute :: obj_id 143
2020-02-11T00:44:32+00:00 NOTICE action_scheduler.queue_job :: MailChimp_WooCommerce_Single_Order starts in 90 seconds :: obj_id 12425
2020-02-11T00:45:27+00:00 NOTICE member.sync :: Updated Member ralphwooden@comcast.net ( merge fields only ) :: Array
(
    [merge_fields] => Array
        (
            [FNAME] => Ralph
            [LNAME] => Wooden
        )

)

2020-02-11T00:46:17+00:00 NOTICE order_submit.success :: addStoreOrder :: #12425 :: email: ralphwooden@comcast.net :: campaign id f5eb073856 :: abandoned cart deleted [6eedab9fe9a9dc947ddd8fe47a4e231f]
2020-02-11T00:46:17+00:00 NOTICE member.sync :: Updated Member ralphwooden@comcast.net ( merge fields only ) :: Array
(
    [merge_fields] => Array
        (
            [FNAME] => Ralph
            [LNAME] => Wooden
        )

)

2020-02-11T00:59:40+00:00 NOTICE action_scheduler.queue_job :: MailChimp_WooCommerce_Cart_Update starts in the next minute :: obj_id ad83b1b1800672e3909a780c9e6f6bbd
2020-02-11T01:00:18+00:00 NOTICE abandoned_cart.success :: email: danielhoughtaling@gmail.com :: checkout_url: https://itsquim.com/checkout/?mc_cart_id=ad83b1b1800672e3909a780c9e6f6bbd
2020-02-11T01:08:17+00:00 NOTICE action_scheduler.queue_job :: MailChimp_WooCommerce_Cart_Update starts in the next minute :: obj_id 2195dcb38e83562739783e5f90f4ec4d
2020-02-11T01:08:44+00:00 NOTICE action_scheduler.queue_job :: MailChimp_WooCommerce_Single_Order starts in 90 seconds :: obj_id 12430
2020-02-11T01:09:36+00:00 NOTICE abandoned_cart.success :: email: mollyryanmartone@gmail.com :: checkout_url: https://itsquim.com/checkout/?mc_cart_id=2195dcb38e83562739783e5f90f4ec4d
2020-02-11T01:10:29+00:00 NOTICE order_submit.success :: addStoreOrder :: #12430 :: email: Mollyryanmartone@gmail.com :: campaign id 130aed8547 :: abandoned cart deleted [2195dcb38e83562739783e5f90f4ec4d]
2020-02-11T01:22:59+00:00 NOTICE action_scheduler.queue_job :: MailChimp_WooCommerce_Cart_Update starts in the next minute :: obj_id 87d714e4dce0ac6ea9a68d434cac43d9
2020-02-11T01:23:35+00:00 NOTICE abandoned_cart.success :: email: rodolfojimenez@hotmail.com :: checkout_url: https://itsquim.com/checkout/?mc_cart_id=87d714e4dce0ac6ea9a68d434cac43d9
2020-02-11T01:25:53+00:00 NOTICE action_scheduler.queue_job :: MailChimp_WooCommerce_Cart_Update starts in the next minute :: obj_id 87d714e4dce0ac6ea9a68d434cac43d9
2020-02-11T01:26:41+00:00 NOTICE abandoned_cart.success :: email: rodolfojimenez@hotmail.com :: checkout_url: https://itsquim.com/checkout/?mc_cart_id=87d714e4dce0ac6ea9a68d434cac43d9
2020-02-11T01:26:42+00:00 NOTICE action_scheduler.queue_job :: MailChimp_WooCommerce_Single_Order starts in 90 seconds :: obj_id 12436
2020-02-11T01:29:02+00:00 NOTICE order_submit.success :: addStoreOrder :: #12436 :: email: rodolfojimenez@hotmail.com :: abandoned cart deleted [87d714e4dce0ac6ea9a68d434cac43d9]
2020-02-11T03:54:21+00:00 NOTICE action_scheduler.queue_job :: MailChimp_WooCommerce_Cart_Update starts in the next minute :: obj_id f12b957003295f4b57975a1d91f08404
2020-02-11T03:55:54+00:00 NOTICE abandoned_cart.success :: email: collewalsh@gmail.com :: checkout_url: https://itsquim.com/checkout/?mc_cart_id=f12b957003295f4b57975a1d91f08404
2020-02-11T03:58:49+00:00 NOTICE action_scheduler.queue_job :: MailChimp_WooCommerce_Single_Order starts in 90 seconds :: obj_id 12442
2020-02-11T04:00:44+00:00 NOTICE order_submit.success :: addStoreOrder :: #12442 :: email: collewalsh@gmail.com :: abandoned cart deleted [f12b957003295f4b57975a1d91f08404]
2020-02-11T04:06:00+00:00 NOTICE action_scheduler.queue_job :: MailChimp_WooCommerce_Cart_Update starts in the next minute :: obj_id d84a2458b2e70e1fe85f172367515315
2020-02-11T04:06:16+00:00 NOTICE abandoned_cart.success :: email: sscott1000@msn.com :: checkout_url: https://itsquim.com/checkout/?mc_cart_id=d84a2458b2e70e1fe85f172367515315
2020-02-11T04:08:51+00:00 NOTICE action_scheduler.queue_job :: MailChimp_WooCommerce_Single_Order starts in 90 seconds :: obj_id 12446
2020-02-11T04:10:33+00:00 NOTICE order_submit.success :: addStoreOrder :: #12446 :: email: sscott1000@msn.com :: campaign id 130aed8547 :: abandoned cart deleted [d84a2458b2e70e1fe85f172367515315]
2020-02-11T04:24:59+00:00 NOTICE action_scheduler.queue_job :: MailChimp_WooCommerce_Cart_Update starts in the next minute :: obj_id 6612ca96b1c23c7edb34e6cc5305c901
2020-02-11T04:25:23+00:00 NOTICE abandoned_cart.success :: email: diane.ashley9@gmail.com :: checkout_url: https://itsquim.com/checkout/?mc_cart_id=6612ca96b1c23c7edb34e6cc5305c901
2020-02-11T04:27:11+00:00 NOTICE action_scheduler.queue_job :: MailChimp_WooCommerce_User_Submit starts in the next minute :: obj_id 53
2020-02-11T04:27:18+00:00 NOTICE member.sync :: Updated Member diane.ashley9@gmail.com ( merge fields only ) :: Array
(
    [merge_fields] => Array
        (
            [FNAME] => Ashley D
            [LNAME] => Vazquez
        )

)

2020-02-11T04:33:11+00:00 NOTICE action_scheduler.queue_job :: MailChimp_WooCommerce_Cart_Update starts in the next minute :: obj_id 6612ca96b1c23c7edb34e6cc5305c901
2020-02-11T04:33:24+00:00 NOTICE abandoned_cart.success :: email: diane.ashley9@gmail.com :: checkout_url: https://itsquim.com/checkout/?mc_cart_id=6612ca96b1c23c7edb34e6cc5305c901
2020-02-11T04:36:01+00:00 NOTICE action_scheduler.queue_job :: MailChimp_WooCommerce_Cart_Update starts in the next minute :: obj_id 6612ca96b1c23c7edb34e6cc5305c901
2020-02-11T04:37:07+00:00 NOTICE abandoned_cart.success :: email: diane.ashley9@gmail.com :: checkout_url: https://itsquim.com/checkout/?mc_cart_id=6612ca96b1c23c7edb34e6cc5305c901
2020-02-11T04:37:28+00:00 NOTICE action_scheduler.queue_job :: MailChimp_WooCommerce_Cart_Update starts in the next minute :: obj_id 6612ca96b1c23c7edb34e6cc5305c901
2020-02-11T04:38:19+00:00 NOTICE abandoned_cart.success :: email: diane.ashley9@gmail.com :: checkout_url: https://itsquim.com/checkout/?mc_cart_id=6612ca96b1c23c7edb34e6cc5305c901
2020-02-11T04:59:49+00:00 NOTICE action_scheduler.queue_job :: MailChimp_WooCommerce_User_Submit starts in the next minute :: obj_id 53
2020-02-11T04:59:49+00:00 NOTICE action_scheduler.queue_job :: MailChimp_WooCommerce_Single_Order starts in 90 seconds :: obj_id 12457
2020-02-11T05:02:09+00:00 NOTICE member.sync :: Updated Member diane.ashley9@gmail.com ( merge fields only ) :: Array
(
    [merge_fields] => Array
        (
            [FNAME] => Ashley D
            [LNAME] => Vazquez
        )

)

2020-02-11T05:02:10+00:00 NOTICE order_submit.success :: addStoreOrder :: #12457 :: email: diane.ashley9@gmail.com :: campaign id 130aed8547 :: abandoned cart deleted [6612ca96b1c23c7edb34e6cc5305c901]
2020-02-11T05:23:29+00:00 NOTICE action_scheduler.queue_job :: MailChimp_WooCommerce_Cart_Update starts in the next minute :: obj_id 6e17164e28111ea1736ccfd7fb1322ff
2020-02-11T05:24:14+00:00 NOTICE abandoned_cart.success :: email: cstickel@yahoo.com :: checkout_url: https://itsquim.com/checkout/?mc_cart_id=6e17164e28111ea1736ccfd7fb1322ff
2020-02-11T05:25:48+00:00 NOTICE action_scheduler.queue_job :: MailChimp_WooCommerce_Single_Order starts in 90 seconds :: obj_id 12462
2020-02-11T05:27:19+00:00 NOTICE order_submit.success :: addStoreOrder :: #12462 :: email: cstickel@yahoo.com :: abandoned cart deleted [6e17164e28111ea1736ccfd7fb1322ff]
2020-02-11T05:28:24+00:00 NOTICE action_scheduler.queue_job :: MailChimp_WooCommerce_Cart_Update starts in the next minute :: obj_id 62fe49b984a14e6114eb90fe9d91fad3
2020-02-11T05:29:34+00:00 NOTICE abandoned_cart.success :: email: lillymith@yahoo.com :: checkout_url: https://itsquim.com/checkout/?mc_cart_id=62fe49b984a14e6114eb90fe9d91fad3
2020-02-11T05:29:51+00:00 NOTICE action_scheduler.queue_job :: MailChimp_WooCommerce_Cart_Update starts in the next minute :: obj_id 62fe49b984a14e6114eb90fe9d91fad3
2020-02-11T05:31:09+00:00 NOTICE abandoned_cart.success :: email: lillymith@yahoo.com :: checkout_url: https://itsquim.com/checkout/?mc_cart_id=62fe49b984a14e6114eb90fe9d91fad3
2020-02-11T05:32:43+00:00 NOTICE action_scheduler.queue_job :: MailChimp_WooCommerce_Cart_Update starts in the next minute :: obj_id 62fe49b984a14e6114eb90fe9d91fad3
2020-02-11T05:33:21+00:00 NOTICE abandoned_cart.success :: email: lillymith@yahoo.com :: checkout_url: https://itsquim.com/checkout/?mc_cart_id=62fe49b984a14e6114eb90fe9d91fad3
2020-02-11T05:37:34+00:00 NOTICE action_scheduler.queue_job :: MailChimp_WooCommerce_Single_Order starts in 90 seconds :: obj_id 12470
2020-02-11T05:39:31+00:00 NOTICE order_submit.success :: addStoreOrder :: #12470 :: email: lillymith@yahoo.com :: campaign id 130aed8547 :: abandoned cart deleted [62fe49b984a14e6114eb90fe9d91fad3]
2020-02-11T05:54:04+00:00 NOTICE action_scheduler.queue_job :: MailChimp_WooCommerce_SingleCoupon starts in the next minute :: obj_id 10337
2020-02-11T05:54:22+00:00 NOTICE promo_code.update :: updated promo code vday15
2020-02-11T05:55:02+00:00 NOTICE action_scheduler.queue_job :: MailChimp_WooCommerce_SingleCoupon starts in the next minute :: obj_id 11918
2020-02-11T05:55:22+00:00 NOTICE promo_code.update :: updated promo code lets69
2020-02-11T05:58:54+00:00 NOTICE action_scheduler.queue_job :: MailChimp_WooCommerce_SingleCoupon starts in the next minute :: obj_id 11918
2020-02-11T05:59:24+00:00 NOTICE promo_code.update :: updated promo code vday15
2020-02-11T05:59:27+00:00 NOTICE action_scheduler.queue_job :: MailChimp_WooCommerce_SingleCoupon starts in the next minute :: obj_id 11918
2020-02-11T06:00:19+00:00 NOTICE promo_code.update :: updated promo code lets69
2020-02-11T06:00:27+00:00 NOTICE action_scheduler.queue_job :: MailChimp_WooCommerce_SingleCoupon starts in the next minute :: obj_id 10337
2020-02-11T06:02:48+00:00 NOTICE promo_code.update :: updated promo code vday15
2020-02-11T09:57:19+00:00 NOTICE action_scheduler.queue_job :: MailChimp_WooCommerce_Cart_Update starts in the next minute :: obj_id f9fcc5e1e5ae8a1e3e02b80040d4e727
2020-02-11T09:59:04+00:00 NOTICE abandoned_cart.success :: email: rtwalker1@att.net :: checkout_url: https://itsquim.com/checkout/?mc_cart_id=f9fcc5e1e5ae8a1e3e02b80040d4e727
2020-02-11T09:59:46+00:00 NOTICE action_scheduler.queue_job :: MailChimp_WooCommerce_Cart_Update starts in the next minute :: obj_id f9fcc5e1e5ae8a1e3e02b80040d4e727
2020-02-11T10:02:28+00:00 NOTICE abandoned_cart.success :: email: rtwalker1@att.net :: checkout_url: https://itsquim.com/checkout/?mc_cart_id=f9fcc5e1e5ae8a1e3e02b80040d4e727
2020-02-11T10:02:44+00:00 NOTICE action_scheduler.queue_job :: MailChimp_WooCommerce_Cart_Update starts in the next minute :: obj_id f9fcc5e1e5ae8a1e3e02b80040d4e727
2020-02-11T10:03:18+00:00 NOTICE abandoned_cart.success :: email: rtwalker1@att.net :: checkout_url: https://itsquim.com/checkout/?mc_cart_id=f9fcc5e1e5ae8a1e3e02b80040d4e727
2020-02-11T10:03:19+00:00 NOTICE action_scheduler.queue_job :: MailChimp_WooCommerce_Cart_Update starts in the next minute :: obj_id f9fcc5e1e5ae8a1e3e02b80040d4e727
2020-02-11T10:03:21+00:00 NOTICE abandoned_cart.success :: email: rtwalker1@att.net :: checkout_url: https://itsquim.com/checkout/?mc_cart_id=f9fcc5e1e5ae8a1e3e02b80040d4e727
2020-02-11T10:03:34+00:00 NOTICE action_scheduler.queue_job :: MailChimp_WooCommerce_User_Submit starts in the next minute :: obj_id 49
2020-02-11T10:03:35+00:00 NOTICE action_scheduler.queue_job :: MailChimp_WooCommerce_Single_Order starts in 90 seconds :: obj_id 12490
2020-02-11T10:06:35+00:00 NOTICE member.sync :: Updated Member rtwalker1@att.net ( merge fields only ) :: Array
(
    [merge_fields] => Array
        (
            [FNAME] => Ray
            [LNAME] => Walker
        )

)

2020-02-11T10:06:36+00:00 NOTICE order_submit.success :: addStoreOrder :: #12490 :: email: rtwalker1@att.net :: campaign id 4bceaa98ed :: abandoned cart deleted [f9fcc5e1e5ae8a1e3e02b80040d4e727]
2020-02-11T12:08:49+00:00 NOTICE action_scheduler.queue_job :: MailChimp_WooCommerce_Cart_Update starts in the next minute :: obj_id 822d753d9a5704ef7efeef393825b34c
2020-02-11T12:09:18+00:00 NOTICE abandoned_cart.success :: email: joshualeenickle5@gmail.com :: checkout_url: https://itsquim.com/checkout/?mc_cart_id=822d753d9a5704ef7efeef393825b34c
2020-02-11T12:10:22+00:00 NOTICE action_scheduler.queue_job :: MailChimp_WooCommerce_User_Submit starts in the next minute :: obj_id 144
2020-02-11T12:10:23+00:00 NOTICE action_scheduler.queue_job :: MailChimp_WooCommerce_Single_Order starts in 90 seconds :: obj_id 12499
2020-02-11T12:11:28+00:00 NOTICE member.sync :: Updated Member joshualeenickle5@gmail.com :: Array
(
    [previous_status] => transactional
    [status] => 1
    [merge_fields] => Array
        (
            [FNAME] => Joshua
            [LNAME] => Nickle
        )

)

2020-02-11T12:12:15+00:00 NOTICE order_submit.success :: addStoreOrder :: #12499 :: email: joshualeenickle5@gmail.com :: abandoned cart deleted [822d753d9a5704ef7efeef393825b34c]
2020-02-11T12:12:15+00:00 NOTICE member.sync :: Updated Member joshualeenickle5@gmail.com ( merge fields only ) :: Array
(
    [merge_fields] => Array
        (
            [FNAME] => Joshua
            [LNAME] => Nickle
        )

)

2020-02-11T16:09:53+00:00 NOTICE action_scheduler.queue_job :: MailChimp_WooCommerce_Cart_Update starts in the next minute :: obj_id 4f85e8ed1b8bcbead479537fbc604eff
2020-02-11T16:11:31+00:00 NOTICE abandoned_cart.success :: email: daradel729@gmail.com :: checkout_url: https://itsquim.com/checkout/?mc_cart_id=4f85e8ed1b8bcbead479537fbc604eff
2020-02-11T16:12:21+00:00 NOTICE action_scheduler.queue_job :: MailChimp_WooCommerce_Single_Order starts in 90 seconds :: obj_id 12508
2020-02-11T16:14:17+00:00 NOTICE order_submit.success :: addStoreOrder :: #12508 :: email: Daradel729@gmail.Com :: abandoned cart deleted [4f85e8ed1b8bcbead479537fbc604eff]
2020-02-11T17:05:16+00:00 NOTICE action_scheduler.queue_job :: MailChimp_WooCommerce_Single_Order starts in 90 seconds :: obj_id 12430
2020-02-11T17:05:18+00:00 NOTICE action_scheduler.queue_job :: MailChimp_WooCommerce_Single_Order starts in 90 seconds :: obj_id 12425
2020-02-11T17:05:19+00:00 NOTICE action_scheduler.queue_job :: MailChimp_WooCommerce_Single_Order starts in 90 seconds :: obj_id 12418
2020-02-11T17:05:20+00:00 NOTICE action_scheduler.queue_job :: MailChimp_WooCommerce_Single_Order starts in 90 seconds :: obj_id 12413
2020-02-11T17:05:22+00:00 NOTICE action_scheduler.queue_job :: MailChimp_WooCommerce_Single_Order starts in 90 seconds :: obj_id 12398
2020-02-11T17:05:23+00:00 NOTICE action_scheduler.queue_job :: MailChimp_WooCommerce_Single_Order starts in 90 seconds :: obj_id 12392
2020-02-11T17:05:24+00:00 NOTICE action_scheduler.queue_job :: MailChimp_WooCommerce_Single_Order starts in 90 seconds :: obj_id 12388
2020-02-11T17:05:26+00:00 NOTICE action_scheduler.queue_job :: MailChimp_WooCommerce_Single_Order starts in 90 seconds :: obj_id 12436
2020-02-11T17:05:27+00:00 NOTICE action_scheduler.queue_job :: MailChimp_WooCommerce_Single_Order starts in 90 seconds :: obj_id 12457
2020-02-11T17:05:28+00:00 NOTICE action_scheduler.queue_job :: MailChimp_WooCommerce_Single_Order starts in 90 seconds :: obj_id 12446
2020-02-11T17:05:30+00:00 NOTICE action_scheduler.queue_job :: MailChimp_WooCommerce_Single_Order starts in 90 seconds :: obj_id 12442
2020-02-11T17:05:31+00:00 NOTICE action_scheduler.queue_job :: MailChimp_WooCommerce_Single_Order starts in 90 seconds :: obj_id 12470
2020-02-11T17:05:33+00:00 NOTICE action_scheduler.queue_job :: MailChimp_WooCommerce_Single_Order starts in 90 seconds :: obj_id 12462
2020-02-11T17:05:34+00:00 NOTICE action_scheduler.queue_job :: MailChimp_WooCommerce_Single_Order starts in 90 seconds :: obj_id 12490
2020-02-11T17:05:36+00:00 NOTICE action_scheduler.queue_job :: MailChimp_WooCommerce_Single_Order starts in 90 seconds :: obj_id 12499
2020-02-11T17:07:08+00:00 NOTICE order_submit.success :: updateStoreOrder :: #12430 :: email: Mollyryanmartone@gmail.com
2020-02-11T17:07:12+00:00 NOTICE order_submit.success :: updateStoreOrder :: #12425 :: email: ralphwooden@comcast.net
2020-02-11T17:07:12+00:00 NOTICE member.sync :: Updated Member ralphwooden@comcast.net ( merge fields only ) :: Array
(
    [merge_fields] => Array
        (
            [FNAME] => Ralph
            [LNAME] => Wooden
        )

)

2020-02-11T17:07:16+00:00 NOTICE order_submit.success :: updateStoreOrder :: #12418 :: email: chris.flynn6@gmail.com
2020-02-11T17:07:20+00:00 NOTICE order_submit.success :: updateStoreOrder :: #12413 :: email: matthealynnallen@gmail.com
2020-02-11T17:07:23+00:00 NOTICE order_submit.success :: updateStoreOrder :: #12398 :: email: Moniquedegroot5@gmail.com
2020-02-11T17:08:45+00:00 NOTICE order_submit.success :: updateStoreOrder :: #12392 :: email: jacquieleighton1229@gmail.com
2020-02-11T17:08:46+00:00 NOTICE order_submit.success :: updateStoreOrder :: #12388 :: email: jeaneen.whistler@gmail.com
2020-02-11T17:08:46+00:00 NOTICE order_submit.success :: updateStoreOrder :: #12436 :: email: rodolfojimenez@hotmail.com
2020-02-11T17:08:47+00:00 NOTICE order_submit.success :: updateStoreOrder :: #12457 :: email: diane.ashley9@gmail.com
2020-02-11T17:08:48+00:00 NOTICE order_submit.success :: updateStoreOrder :: #12446 :: email: sscott1000@msn.com
2020-02-11T17:08:48+00:00 NOTICE order_submit.success :: updateStoreOrder :: #12442 :: email: collewalsh@gmail.com
2020-02-11T17:08:49+00:00 NOTICE order_submit.success :: updateStoreOrder :: #12470 :: email: lillymith@yahoo.com
2020-02-11T17:08:50+00:00 NOTICE order_submit.success :: updateStoreOrder :: #12462 :: email: cstickel@yahoo.com
2020-02-11T17:08:50+00:00 NOTICE order_submit.success :: updateStoreOrder :: #12490 :: email: rtwalker1@att.net
2020-02-11T17:08:51+00:00 NOTICE order_submit.success :: updateStoreOrder :: #12499 :: email: joshualeenickle5@gmail.com
2020-02-11T17:08:51+00:00 NOTICE member.sync :: Updated Member joshualeenickle5@gmail.com ( merge fields only ) :: Array
(
    [merge_fields] => Array
        (
            [FNAME] => Joshua
            [LNAME] => Nickle
        )

)

2020-02-11T17:16:07+00:00 NOTICE action_scheduler.queue_job :: MailChimp_WooCommerce_Cart_Update starts in the next minute :: obj_id 60206824df928486e47c9866297af99a
2020-02-11T17:16:19+00:00 NOTICE abandoned_cart.success :: email: fjcardenas5@gmail.com :: checkout_url: https://itsquim.com/checkout/?mc_cart_id=60206824df928486e47c9866297af99a
2020-02-11T18:24:04+00:00 NOTICE action_scheduler.queue_job :: MailChimp_WooCommerce_Cart_Update starts in the next minute :: obj_id dbafe1606559773a0537bf12ef29a11c
2020-02-11T18:24:36+00:00 NOTICE abandoned_cart.success :: email: samanthalachman@gmail.com :: checkout_url: https://itsquim.com/checkout/?mc_cart_id=dbafe1606559773a0537bf12ef29a11c
2020-02-11T18:25:37+00:00 NOTICE action_scheduler.queue_job :: MailChimp_WooCommerce_Single_Order starts in 90 seconds :: obj_id 12545
2020-02-11T18:28:51+00:00 NOTICE order_submit.success :: addStoreOrder :: #12545 :: email: samanthalachman@gmail.com :: campaign id f5eb073856 :: abandoned cart deleted [dbafe1606559773a0537bf12ef29a11c]
2020-02-11T20:14:15+00:00 NOTICE action_scheduler.queue_job :: MailChimp_WooCommerce_Cart_Update starts in the next minute :: obj_id 71cb51c913bc87acfe75c99547ce2288
2020-02-11T20:15:37+00:00 NOTICE abandoned_cart.success :: email: knight.rown@gmail.com :: checkout_url: https://itsquim.com/checkout/?mc_cart_id=71cb51c913bc87acfe75c99547ce2288
2020-02-11T20:17:24+00:00 NOTICE action_scheduler.queue_job :: MailChimp_WooCommerce_Cart_Update starts in the next minute :: obj_id 145409fb09f1452a5b66eb91fad8b7a0
2020-02-11T20:18:02+00:00 NOTICE action_scheduler.queue_job :: MailChimp_WooCommerce_User_Submit starts in the next minute :: obj_id 145
2020-02-11T20:18:02+00:00 NOTICE action_scheduler.queue_job :: MailChimp_WooCommerce_Single_Order starts in 90 seconds :: obj_id 12555
2020-02-11T20:18:24+00:00 NOTICE abandoned_cart.success :: email: knight.rowan@gmail.com :: checkout_url: https://itsquim.com/checkout/?mc_cart_id=145409fb09f1452a5b66eb91fad8b7a0
2020-02-11T20:18:29+00:00 NOTICE member.sync :: Updated Member knight.rowan@gmail.com :: Array
(
    [previous_status] => transactional
    [status] => 1
    [merge_fields] => Array
        (
            [FNAME] => Rowan
            [LNAME] => Knight
        )

)

2020-02-11T20:20:26+00:00 NOTICE order_submit.success :: addStoreOrder :: #12555 :: email: knight.rowan@gmail.com :: abandoned cart deleted [145409fb09f1452a5b66eb91fad8b7a0]
2020-02-11T20:20:26+00:00 NOTICE member.sync :: Updated Member knight.rowan@gmail.com ( merge fields only ) :: Array
(
    [merge_fields] => Array
        (
            [FNAME] => Rowan
            [LNAME] => Knight
        )

)

2020-02-11T20:24:41+00:00 NOTICE action_scheduler.queue_job :: MailChimp_WooCommerce_Cart_Update starts in the next minute :: obj_id 7e8e7da1bd3ed2aeb9730b2b6d9b63cd
2020-02-11T20:25:19+00:00 NOTICE abandoned_cart.success :: email: luckib1013@aol.com :: checkout_url: https://itsquim.com/checkout/?mc_cart_id=7e8e7da1bd3ed2aeb9730b2b6d9b63cd
2020-02-11T20:28:16+00:00 NOTICE action_scheduler.queue_job :: MailChimp_WooCommerce_Single_Order starts in 90 seconds :: obj_id 12560
2020-02-11T20:30:22+00:00 NOTICE order_submit.success :: addStoreOrder :: #12560 :: email: luckib1013@aol.com :: abandoned cart deleted [7e8e7da1bd3ed2aeb9730b2b6d9b63cd]
2020-02-11T21:14:08+00:00 NOTICE action_scheduler.queue_job :: MailChimp_WooCommerce_Cart_Update starts in the next minute :: obj_id d49f4055878dc8a1a57220fbf7a34fa3
2020-02-11T21:14:15+00:00 NOTICE abandoned_cart.success :: email: chachalaca22@gmail.com :: checkout_url: https://itsquim.com/checkout/?mc_cart_id=d49f4055878dc8a1a57220fbf7a34fa3
2020-02-11T21:14:43+00:00 NOTICE action_scheduler.queue_job :: MailChimp_WooCommerce_Single_Order starts in 90 seconds :: obj_id 12565
2020-02-11T21:21:17+00:00 NOTICE order_submit.success :: addStoreOrder :: #12565 :: email: chachalaca22@gmail.com :: campaign id 130aed8547 :: abandoned cart deleted [d49f4055878dc8a1a57220fbf7a34fa3]
2020-02-11T21:54:53+00:00 NOTICE action_scheduler.queue_job :: MailChimp_WooCommerce_SingleCoupon starts in the next minute :: obj_id 465
2020-02-11T21:55:14+00:00 NOTICE promo_code.update :: updated promo code allbodies
2020-02-11T22:04:57+00:00 NOTICE action_scheduler.queue_job :: MailChimp_WooCommerce_Single_Order starts in 90 seconds :: obj_id 12508
2020-02-11T22:04:58+00:00 NOTICE action_scheduler.queue_job :: MailChimp_WooCommerce_Single_Order starts in 90 seconds :: obj_id 12545
2020-02-11T22:05:00+00:00 NOTICE action_scheduler.queue_job :: MailChimp_WooCommerce_Single_Order starts in 90 seconds :: obj_id 12565
2020-02-11T22:05:01+00:00 NOTICE action_scheduler.queue_job :: MailChimp_WooCommerce_Single_Order starts in 90 seconds :: obj_id 12560
2020-02-11T22:05:03+00:00 NOTICE action_scheduler.queue_job :: MailChimp_WooCommerce_Single_Order starts in 90 seconds :: obj_id 12555
2020-02-11T22:06:38+00:00 NOTICE order_submit.success :: updateStoreOrder :: #12508 :: email: Daradel729@gmail.Com
2020-02-11T22:06:41+00:00 NOTICE order_submit.success :: updateStoreOrder :: #12545 :: email: samanthalachman@gmail.com
2020-02-11T22:06:43+00:00 NOTICE order_submit.success :: updateStoreOrder :: #12565 :: email: chachalaca22@gmail.com
2020-02-11T22:06:45+00:00 NOTICE order_submit.success :: updateStoreOrder :: #12560 :: email: luckib1013@aol.com
2020-02-11T22:06:47+00:00 NOTICE order_submit.success :: updateStoreOrder :: #12555 :: email: knight.rowan@gmail.com
2020-02-11T22:06:47+00:00 NOTICE member.sync :: Updated Member knight.rowan@gmail.com ( merge fields only ) :: Array
(
    [merge_fields] => Array
        (
            [FNAME] => Rowan
            [LNAME] => Knight
        )

)

2020-02-11T23:05:36+00:00 NOTICE action_scheduler.queue_job :: MailChimp_WooCommerce_Cart_Update starts in the next minute :: obj_id e4fc69fc099199e7d652df8cc5e11145
2020-02-11T23:05:36+00:00 NOTICE action_scheduler.queue_job :: MailChimp_WooCommerce_Cart_Update starts in the next minute :: obj_id e4fc69fc099199e7d652df8cc5e11145
2020-02-11T23:06:49+00:00 NOTICE abandoned_cart.success :: email: gene.milman@gmail.com :: checkout_url: https://itsquim.com/checkout/?mc_cart_id=e4fc69fc099199e7d652df8cc5e11145
2020-02-11T23:06:50+00:00 NOTICE abandoned_cart.success :: email: gene.milman@gmail.com :: checkout_url: https://itsquim.com/checkout/?mc_cart_id=e4fc69fc099199e7d652df8cc5e11145
2020-02-11T23:07:11+00:00 NOTICE action_scheduler.queue_job :: MailChimp_WooCommerce_Single_Order starts in 90 seconds :: obj_id 12583
2020-02-11T23:09:07+00:00 NOTICE order_submit.success :: addStoreOrder :: #12583 :: email: gene.milman@gmail.com :: abandoned cart deleted [e4fc69fc099199e7d652df8cc5e11145]
2020-02-11T23:11:18+00:00 NOTICE action_scheduler.queue_job :: MailChimp_WooCommerce_Single_Order starts in 90 seconds :: obj_id 12583
2020-02-11T23:13:17+00:00 NOTICE order_submit.success :: updateStoreOrder :: #12583 :: email: gene.milman@gmail.com
2020-02-11T23:24:49+00:00 NOTICE action_scheduler.queue_job :: MailChimp_WooCommerce_Single_Order starts in 90 seconds :: obj_id 12588
2020-02-11T23:26:40+00:00 NOTICE order_submit.success :: addStoreOrder :: #12588 :: email: kevin@simpsonsecurity.com
