2020-02-18T09:39:34+00:00 NOTICE action_scheduler.queue_job :: MailChimp_WooCommerce_User_Submit starts in the next minute :: obj_id 169
2020-02-18T09:41:36+00:00 NOTICE member.sync :: Updated Member jeepprincess16@yahoo.com ( merge fields only ) :: Array
(
    [merge_fields] => Array
        (
        )

)

2020-02-18T09:42:13+00:00 NOTICE action_scheduler.queue_job :: MailChimp_WooCommerce_User_Submit starts in the next minute :: obj_id 169
2020-02-18T09:43:57+00:00 NOTICE member.sync :: Updated Member jeepprincess16@yahoo.com ( merge fields only ) :: Array
(
    [merge_fields] => Array
        (
        )

)

2020-02-18T09:46:53+00:00 NOTICE action_scheduler.queue_job :: MailChimp_WooCommerce_User_Submit starts in the next minute :: obj_id 169
2020-02-18T09:47:18+00:00 NOTICE member.sync :: Updated Member jeepprincess16@yahoo.com ( merge fields only ) :: Array
(
    [merge_fields] => Array
        (
            [FNAME] => Christina
            [LNAME] => Cox
        )

)

2020-02-18T09:47:39+00:00 NOTICE action_scheduler.queue_job :: MailChimp_WooCommerce_User_Submit starts in the next minute :: obj_id 169
2020-02-18T09:49:05+00:00 NOTICE member.sync :: Updated Member jeepprincess16@yahoo.com ( merge fields only ) :: Array
(
    [merge_fields] => Array
        (
            [FNAME] => Christina
            [LNAME] => Cox
        )

)

2020-02-18T09:49:05+00:00 NOTICE action_scheduler.queue_job :: MailChimp_WooCommerce_Cart_Update starts in the next minute :: obj_id 812d633bc7178efefb4dec5b1f6e8dba
2020-02-18T09:49:06+00:00 NOTICE abandoned_cart.success :: email: jeepprincess16@yahoo.com :: checkout_url: https://itsquim.com/checkout/?mc_cart_id=812d633bc7178efefb4dec5b1f6e8dba
2020-02-18T14:13:10+00:00 NOTICE action_scheduler.queue_job :: MailChimp_WooCommerce_Cart_Update starts in the next minute :: obj_id 4ebe1ec759fb903087d9533f7073e50c
2020-02-18T14:13:11+00:00 NOTICE abandoned_cart.success :: email: ccrienhoff@mac.com :: checkout_url: https://itsquim.com/checkout/?mc_cart_id=4ebe1ec759fb903087d9533f7073e50c
2020-02-18T14:15:22+00:00 NOTICE action_scheduler.queue_job :: MailChimp_WooCommerce_Single_Order starts in 90 seconds :: obj_id 12781
2020-02-18T14:18:46+00:00 NOTICE order_submit.success :: addStoreOrder :: #12781 :: email: ccrienhoff@mac.com :: abandoned cart deleted [4ebe1ec759fb903087d9533f7073e50c]
2020-02-18T14:20:24+00:00 NOTICE action_scheduler.queue_job :: MailChimp_WooCommerce_Cart_Update starts in the next minute :: obj_id 9e1b16088bcf13ec1e225b65aa8b04a5
2020-02-18T14:20:25+00:00 NOTICE abandoned_cart.success :: email: duanestrickland@sbcglobal.net :: checkout_url: https://itsquim.com/checkout/?mc_cart_id=9e1b16088bcf13ec1e225b65aa8b04a5
2020-02-18T14:20:48+00:00 NOTICE ac.cart_swap :: Deleted cart [duanestrickland@sbcglobal.net] :: ID [9e1b16088bcf13ec1e225b65aa8b04a5]
2020-02-18T14:20:49+00:00 NOTICE action_scheduler.queue_job :: MailChimp_WooCommerce_Cart_Update starts in the next minute :: obj_id 080a4367d8ea4cb6fcf927e7c09a074b
2020-02-18T14:21:28+00:00 NOTICE abandoned_cart.success :: email: stricdn32@gmail.com :: checkout_url: https://itsquim.com/checkout/?mc_cart_id=080a4367d8ea4cb6fcf927e7c09a074b
2020-02-18T14:24:35+00:00 NOTICE action_scheduler.queue_job :: MailChimp_WooCommerce_User_Submit starts in the next minute :: obj_id 170
2020-02-18T14:24:35+00:00 NOTICE action_scheduler.queue_job :: MailChimp_WooCommerce_Single_Order starts in 90 seconds :: obj_id 12782
2020-02-18T14:25:21+00:00 NOTICE member.sync :: Updated Member stricdn32@gmail.com ( merge fields only ) :: Array
(
    [merge_fields] => Array
        (
            [FNAME] => Duane
            [LNAME] => Strickland
        )

)

2020-02-18T14:26:38+00:00 NOTICE order_submit.success :: addStoreOrder :: #12782 :: email: stricdn32@gmail.com :: abandoned cart deleted [080a4367d8ea4cb6fcf927e7c09a074b]
2020-02-18T14:26:39+00:00 NOTICE member.sync :: Updated Member stricdn32@gmail.com ( merge fields only ) :: Array
(
    [merge_fields] => Array
        (
            [FNAME] => Duane
            [LNAME] => Strickland
        )

)

2020-02-18T16:20:01+00:00 NOTICE action_scheduler.queue_job :: MailChimp_WooCommerce_Cart_Update starts in the next minute :: obj_id 51f23c4e461d2df0166575dbcff612f4
2020-02-18T16:20:02+00:00 NOTICE abandoned_cart.success :: email: wpcreative@yahoo.com :: checkout_url: https://itsquim.com/checkout/?mc_cart_id=51f23c4e461d2df0166575dbcff612f4
2020-02-18T16:39:57+00:00 NOTICE action_scheduler.queue_job :: MailChimp_WooCommerce_Single_Order starts in 90 seconds :: obj_id 12745
2020-02-18T16:39:59+00:00 NOTICE action_scheduler.queue_job :: MailChimp_WooCommerce_Single_Order starts in 90 seconds :: obj_id 12744
2020-02-18T16:40:00+00:00 NOTICE action_scheduler.queue_job :: MailChimp_WooCommerce_Single_Order starts in 90 seconds :: obj_id 12743
2020-02-18T16:40:01+00:00 NOTICE action_scheduler.queue_job :: MailChimp_WooCommerce_Single_Order starts in 90 seconds :: obj_id 12742
2020-02-18T16:40:03+00:00 NOTICE action_scheduler.queue_job :: MailChimp_WooCommerce_Single_Order starts in 90 seconds :: obj_id 12746
2020-02-18T16:40:05+00:00 NOTICE action_scheduler.queue_job :: MailChimp_WooCommerce_Single_Order starts in 90 seconds :: obj_id 12748
2020-02-18T16:40:06+00:00 NOTICE action_scheduler.queue_job :: MailChimp_WooCommerce_Single_Order starts in 90 seconds :: obj_id 12747
2020-02-18T16:40:07+00:00 NOTICE action_scheduler.queue_job :: MailChimp_WooCommerce_Single_Order starts in 90 seconds :: obj_id 12750
2020-02-18T16:40:08+00:00 NOTICE action_scheduler.queue_job :: MailChimp_WooCommerce_Single_Order starts in 90 seconds :: obj_id 12749
2020-02-18T16:40:09+00:00 NOTICE action_scheduler.queue_job :: MailChimp_WooCommerce_Single_Order starts in 90 seconds :: obj_id 12751
2020-02-18T16:40:11+00:00 NOTICE action_scheduler.queue_job :: MailChimp_WooCommerce_Single_Order starts in 90 seconds :: obj_id 12752
2020-02-18T16:40:13+00:00 NOTICE action_scheduler.queue_job :: MailChimp_WooCommerce_Single_Order starts in 90 seconds :: obj_id 12754
2020-02-18T16:40:14+00:00 NOTICE action_scheduler.queue_job :: MailChimp_WooCommerce_Single_Order starts in 90 seconds :: obj_id 12753
2020-02-18T16:40:15+00:00 NOTICE action_scheduler.queue_job :: MailChimp_WooCommerce_Single_Order starts in 90 seconds :: obj_id 12755
2020-02-18T16:40:17+00:00 NOTICE action_scheduler.queue_job :: MailChimp_WooCommerce_Single_Order starts in 90 seconds :: obj_id 12756
2020-02-18T16:40:18+00:00 NOTICE action_scheduler.queue_job :: MailChimp_WooCommerce_Single_Order starts in 90 seconds :: obj_id 12758
2020-02-18T16:40:19+00:00 NOTICE action_scheduler.queue_job :: MailChimp_WooCommerce_Single_Order starts in 90 seconds :: obj_id 12757
2020-02-18T16:40:20+00:00 NOTICE action_scheduler.queue_job :: MailChimp_WooCommerce_Single_Order starts in 90 seconds :: obj_id 12760
2020-02-18T16:40:21+00:00 NOTICE action_scheduler.queue_job :: MailChimp_WooCommerce_Single_Order starts in 90 seconds :: obj_id 12759
2020-02-18T16:40:22+00:00 NOTICE action_scheduler.queue_job :: MailChimp_WooCommerce_Single_Order starts in 90 seconds :: obj_id 12761
2020-02-18T16:40:24+00:00 NOTICE action_scheduler.queue_job :: MailChimp_WooCommerce_Single_Order starts in 90 seconds :: obj_id 12763
2020-02-18T16:40:25+00:00 NOTICE action_scheduler.queue_job :: MailChimp_WooCommerce_Single_Order starts in 90 seconds :: obj_id 12762
2020-02-18T16:40:26+00:00 NOTICE action_scheduler.queue_job :: MailChimp_WooCommerce_Single_Order starts in 90 seconds :: obj_id 12765
2020-02-18T16:40:27+00:00 NOTICE action_scheduler.queue_job :: MailChimp_WooCommerce_Single_Order starts in 90 seconds :: obj_id 12764
2020-02-18T16:40:28+00:00 NOTICE action_scheduler.queue_job :: MailChimp_WooCommerce_Single_Order starts in 90 seconds :: obj_id 12766
2020-02-18T16:40:30+00:00 NOTICE action_scheduler.queue_job :: MailChimp_WooCommerce_Single_Order starts in 90 seconds :: obj_id 12767
2020-02-18T16:40:31+00:00 NOTICE action_scheduler.queue_job :: MailChimp_WooCommerce_Single_Order starts in 90 seconds :: obj_id 12772
2020-02-18T16:40:32+00:00 NOTICE action_scheduler.queue_job :: MailChimp_WooCommerce_Single_Order starts in 90 seconds :: obj_id 12771
2020-02-18T16:40:33+00:00 NOTICE action_scheduler.queue_job :: MailChimp_WooCommerce_Single_Order starts in 90 seconds :: obj_id 12774
2020-02-18T16:40:35+00:00 NOTICE action_scheduler.queue_job :: MailChimp_WooCommerce_Single_Order starts in 90 seconds :: obj_id 12770
2020-02-18T16:40:36+00:00 NOTICE action_scheduler.queue_job :: MailChimp_WooCommerce_Single_Order starts in 90 seconds :: obj_id 12776
2020-02-18T16:40:37+00:00 NOTICE action_scheduler.queue_job :: MailChimp_WooCommerce_Single_Order starts in 90 seconds :: obj_id 12775
2020-02-18T16:40:38+00:00 NOTICE action_scheduler.queue_job :: MailChimp_WooCommerce_Single_Order starts in 90 seconds :: obj_id 12778
2020-02-18T16:40:40+00:00 NOTICE action_scheduler.queue_job :: MailChimp_WooCommerce_Single_Order starts in 90 seconds :: obj_id 12780
2020-02-18T16:40:41+00:00 NOTICE action_scheduler.queue_job :: MailChimp_WooCommerce_Single_Order starts in 90 seconds :: obj_id 12779
2020-02-18T16:40:42+00:00 NOTICE action_scheduler.queue_job :: MailChimp_WooCommerce_Single_Order starts in 90 seconds :: obj_id 12781
2020-02-18T16:42:53+00:00 NOTICE order_submit.success :: updateStoreOrder :: #12744 :: email: jenna.nissen3@gmail.com
2020-02-18T16:42:53+00:00 NOTICE order_submit.success :: updateStoreOrder :: #12746 :: email: Jen_Valentine@live.com
2020-02-18T16:42:54+00:00 NOTICE member.sync :: Updated Member Jen_Valentine@live.com ( merge fields only ) :: Array
(
    [merge_fields] => Array
        (
            [FNAME] => Jennifer
            [LNAME] => Valentine
        )

)

2020-02-18T16:42:55+00:00 NOTICE order_submit.success :: updateStoreOrder :: #12742 :: email: amye.karpowicz@gmail.com
2020-02-18T16:42:55+00:00 NOTICE order_submit.success :: updateStoreOrder :: #12743 :: email: trudel415@gmail.com
2020-02-18T16:42:56+00:00 NOTICE order_submit.success :: updateStoreOrder :: #12745 :: email: katiej20@gmail.com
2020-02-18T16:42:56+00:00 NOTICE order_submit.success :: updateStoreOrder :: #12748 :: email: dustin.neece.seven@gmail.com
2020-02-18T16:42:57+00:00 NOTICE member.sync :: Updated Member dustin.neece.seven@gmail.com ( merge fields only ) :: Array
(
    [merge_fields] => Array
        (
            [FNAME] => Dustin
            [LNAME] => Neece
        )

)

2020-02-18T16:42:57+00:00 NOTICE order_submit.success :: updateStoreOrder :: #12747 :: email: ludecean@gmail.com
2020-02-18T16:42:58+00:00 NOTICE order_submit.success :: updateStoreOrder :: #12750 :: email: christineharder05@gmail.com
2020-02-18T16:42:58+00:00 NOTICE order_submit.success :: updateStoreOrder :: #12749 :: email: veradrop@yahoo.com
2020-02-18T16:42:59+00:00 NOTICE order_submit.success :: updateStoreOrder :: #12751 :: email: a.prahst@yahoo.com
2020-02-18T16:42:59+00:00 NOTICE order_submit.success :: updateStoreOrder :: #12752 :: email: teresa1737@gmail.com
2020-02-18T16:43:00+00:00 NOTICE order_submit.success :: updateStoreOrder :: #12754 :: email: rogerslesliew@gmail.com
2020-02-18T16:43:01+00:00 NOTICE order_submit.success :: updateStoreOrder :: #12753 :: email: jhenna.voorhis@gmail.com
2020-02-18T16:43:01+00:00 NOTICE order_submit.success :: updateStoreOrder :: #12755 :: email: kfine5@cox.net
2020-02-18T16:43:02+00:00 NOTICE order_submit.success :: updateStoreOrder :: #12756 :: email: rbulson@mac.com
2020-02-18T16:43:02+00:00 NOTICE order_submit.success :: updateStoreOrder :: #12758 :: email: laurenwigton@me.com
2020-02-18T16:43:03+00:00 NOTICE member.sync :: Updated Member laurenwigton@me.com ( merge fields only ) :: Array
(
    [merge_fields] => Array
        (
            [FNAME] => Lauren
            [LNAME] => Wigton
        )

)

2020-02-18T16:43:03+00:00 NOTICE order_submit.success :: updateStoreOrder :: #12757 :: email: almadflo89@gmail.com
2020-02-18T16:43:04+00:00 NOTICE order_submit.success :: updateStoreOrder :: #12760 :: email: marselle78@yahoo.com
2020-02-18T16:43:04+00:00 NOTICE order_submit.success :: updateStoreOrder :: #12759 :: email: scholnickhannah@gmail.com
2020-02-18T16:43:05+00:00 NOTICE order_submit.success :: updateStoreOrder :: #12761 :: email: pattenhulette@gmail.com
2020-02-18T16:43:06+00:00 NOTICE order_submit.success :: updateStoreOrder :: #12763 :: email: tomshupe@reagan.com
2020-02-18T16:43:06+00:00 NOTICE order_submit.success :: updateStoreOrder :: #12762 :: email: DanielHoughtaling@gmail.com
2020-02-18T16:43:07+00:00 NOTICE order_submit.success :: updateStoreOrder :: #12765 :: email: justinc@osprey.net
2020-02-18T16:43:08+00:00 NOTICE order_submit.success :: updateStoreOrder :: #12764 :: email: imjellis2@gmail.com
2020-02-18T16:43:08+00:00 NOTICE member.sync :: Updated Member imjellis2@gmail.com ( merge fields only ) :: Array
(
    [merge_fields] => Array
        (
            [FNAME] => Jennifer
            [LNAME] => Kyle
        )

)

2020-02-18T16:43:08+00:00 NOTICE order_submit.success :: updateStoreOrder :: #12766 :: email: mmaclaren@charter.net
2020-02-18T16:43:09+00:00 NOTICE order_submit.success :: updateStoreOrder :: #12767 :: email: sarahslarson@msn.com
2020-02-18T16:43:09+00:00 NOTICE member.sync :: Updated Member sarahslarson@msn.com ( merge fields only ) :: Array
(
    [merge_fields] => Array
        (
            [FNAME] => Sarah
            [LNAME] => Larson
        )

)

2020-02-18T16:43:10+00:00 NOTICE order_submit.success :: updateStoreOrder :: #12772 :: email: emclark10@gmail.com
2020-02-18T16:43:11+00:00 NOTICE order_submit.success :: updateStoreOrder :: #12771 :: email: c.walsh1390@gmail.com
2020-02-18T16:43:11+00:00 NOTICE member.sync :: Updated Member c.walsh1390@gmail.com ( merge fields only ) :: Array
(
    [merge_fields] => Array
        (
            [FNAME] => Caitlin
            [LNAME] => Walsh
        )

)

2020-02-18T16:43:12+00:00 NOTICE order_submit.success :: updateStoreOrder :: #12774 :: email: Elisa.Geren@icloud.com
2020-02-18T16:43:12+00:00 NOTICE order_submit.success :: updateStoreOrder :: #12770 :: email: zetasports1@gmail.com
2020-02-18T16:43:13+00:00 NOTICE order_submit.success :: updateStoreOrder :: #12776 :: email: suzannemorris@mac.com
2020-02-18T16:43:13+00:00 NOTICE order_submit.success :: updateStoreOrder :: #12775 :: email: kolbe@aol.com
2020-02-18T16:43:14+00:00 NOTICE order_submit.success :: updateStoreOrder :: #12778 :: email: hawkinslandscape@sbcglobal.net
2020-02-18T16:43:15+00:00 NOTICE order_submit.success :: updateStoreOrder :: #12780 :: email: hj.hilaryjay@gmail.com
2020-02-18T16:43:15+00:00 NOTICE order_submit.success :: updateStoreOrder :: #12779 :: email: de.ristaino@gmail.com
2020-02-18T16:43:16+00:00 NOTICE order_submit.success :: updateStoreOrder :: #12781 :: email: ccrienhoff@mac.com
2020-02-18T16:56:50+00:00 NOTICE action_scheduler.queue_job :: MailChimp_WooCommerce_Single_Order starts in 90 seconds :: obj_id 12782
2020-02-18T16:59:18+00:00 NOTICE order_submit.success :: updateStoreOrder :: #12782 :: email: stricdn32@gmail.com
2020-02-18T16:59:18+00:00 NOTICE member.sync :: Updated Member stricdn32@gmail.com ( merge fields only ) :: Array
(
    [merge_fields] => Array
        (
            [FNAME] => Duane
            [LNAME] => Strickland
        )

)

2020-02-18T20:26:18+00:00 NOTICE action_scheduler.queue_job :: MailChimp_WooCommerce_Cart_Update starts in the next minute :: obj_id 2b462fb096c8e119892215c8637e8edb
2020-02-18T20:27:16+00:00 NOTICE abandoned_cart.success :: email: zetasports1@gmail.com :: checkout_url: https://itsquim.com/checkout/?mc_cart_id=2b462fb096c8e119892215c8637e8edb
2020-02-18T20:28:52+00:00 NOTICE action_scheduler.queue_job :: MailChimp_WooCommerce_Cart_Update starts in the next minute :: obj_id 2b462fb096c8e119892215c8637e8edb
2020-02-18T20:29:05+00:00 NOTICE abandoned_cart.success :: email: zetasports1@gmail.com :: checkout_url: https://itsquim.com/checkout/?mc_cart_id=2b462fb096c8e119892215c8637e8edb
