2020-02-01T04:17:51+00:00 NOTICE action_scheduler.queue_job :: MailChimp_WooCommerce_Cart_Update starts in the next minute :: obj_id c18276e0571b7ae2781c7447fad77391
2020-02-01T04:18:35+00:00 NOTICE action_scheduler.queue_job :: MailChimp_WooCommerce_User_Submit starts in the next minute :: obj_id 120
2020-02-01T04:18:36+00:00 NOTICE abandoned_cart.success :: email: jazzmints@gmail.com :: checkout_url: https://itsquim.com/checkout/?mc_cart_id=c18276e0571b7ae2781c7447fad77391
2020-02-01T04:18:37+00:00 NOTICE action_scheduler.queue_job :: MailChimp_WooCommerce_Cart_Update starts in the next minute :: obj_id c18276e0571b7ae2781c7447fad77391
2020-02-01T04:18:37+00:00 NOTICE member.sync :: Updated Member jazzmints@gmail.com ( merge fields only ) :: Array
(
    [merge_fields] => Array
        (
        )

)

2020-02-01T04:18:38+00:00 NOTICE abandoned_cart.success :: email: jazzmints@gmail.com :: checkout_url: https://itsquim.com/checkout/?mc_cart_id=c18276e0571b7ae2781c7447fad77391
2020-02-01T04:19:37+00:00 NOTICE action_scheduler.queue_job :: MailChimp_WooCommerce_Cart_Update starts in the next minute :: obj_id c18276e0571b7ae2781c7447fad77391
2020-02-01T04:20:39+00:00 NOTICE abandoned_cart.success :: email: jazzmints@gmail.com :: checkout_url: https://itsquim.com/checkout/?mc_cart_id=c18276e0571b7ae2781c7447fad77391
2020-02-01T04:24:18+00:00 NOTICE action_scheduler.queue_job :: MailChimp_WooCommerce_Cart_Update starts in the next minute :: obj_id 31e55ca3feebaa7996de83e431e8b8dd
2020-02-01T04:24:32+00:00 NOTICE abandoned_cart.success :: email: mmaclatchie@gmail.com :: checkout_url: https://itsquim.com/checkout/?mc_cart_id=31e55ca3feebaa7996de83e431e8b8dd
2020-02-01T04:30:32+00:00 NOTICE action_scheduler.queue_job :: MailChimp_WooCommerce_User_Submit starts in the next minute :: obj_id 120
2020-02-01T04:30:33+00:00 NOTICE action_scheduler.queue_job :: MailChimp_WooCommerce_Single_Order starts in 90 seconds :: obj_id 9907
2020-02-01T04:33:55+00:00 NOTICE member.sync :: Updated Member jazzmints@gmail.com ( merge fields only ) :: Array
(
    [merge_fields] => Array
        (
            [FNAME] => JASMINE
            [LNAME] => MADRID
        )

)

2020-02-01T04:33:55+00:00 NOTICE order_submit.success :: addStoreOrder :: #9907 :: email: jazzmints@gmail.com :: abandoned cart deleted [c18276e0571b7ae2781c7447fad77391]
2020-02-01T04:42:18+00:00 NOTICE action_scheduler.queue_job :: MailChimp_WooCommerce_Single_Order starts in 90 seconds :: obj_id 9910
2020-02-01T04:45:42+00:00 NOTICE order_submit.success :: addStoreOrder :: #9910 :: email: mmaclatchie@gmail.com :: abandoned cart deleted [31e55ca3feebaa7996de83e431e8b8dd]
2020-02-01T15:27:31+00:00 NOTICE action_scheduler.queue_job :: MailChimp_WooCommerce_Cart_Update starts in the next minute :: obj_id de717ee537eba8c00f558605b5bcf6ba
2020-02-01T15:29:25+00:00 NOTICE abandoned_cart.success :: email: jjmz12@sbcglobal.net :: checkout_url: https://itsquim.com/checkout/?mc_cart_id=de717ee537eba8c00f558605b5bcf6ba
2020-02-01T15:41:35+00:00 NOTICE action_scheduler.queue_job :: MailChimp_WooCommerce_Cart_Update starts in the next minute :: obj_id de717ee537eba8c00f558605b5bcf6ba
2020-02-01T15:42:32+00:00 NOTICE abandoned_cart.success :: email: jjmz12@sbcglobal.net :: checkout_url: https://itsquim.com/checkout/?mc_cart_id=de717ee537eba8c00f558605b5bcf6ba
2020-02-01T15:42:42+00:00 NOTICE action_scheduler.queue_job :: MailChimp_WooCommerce_Single_Order starts in 90 seconds :: obj_id 9925
2020-02-01T15:46:39+00:00 NOTICE order_submit.success :: addStoreOrder :: #9925 :: email: jjmz12@sbcglobal.net :: abandoned cart deleted [de717ee537eba8c00f558605b5bcf6ba]
2020-02-01T16:18:49+00:00 NOTICE action_scheduler.queue_job :: MailChimp_WooCommerce_Single_Order starts in 90 seconds :: obj_id 9936
2020-02-01T16:20:48+00:00 NOTICE order_submit.success :: addStoreOrder :: #9936 :: email: phill@phillm.com
2020-02-01T16:20:48+00:00 NOTICE member.sync :: Updated Member phill@phillm.com ( merge fields only ) :: Array
(
    [merge_fields] => Array
        (
            [FNAME] => Phill
            [LNAME] => Mamula
        )

)

2020-02-01T18:10:07+00:00 NOTICE action_scheduler.queue_job :: MailChimp_WooCommerce_Cart_Update starts in the next minute :: obj_id 2ec55a1224aad24215e4a54c5ced968b
2020-02-01T18:10:32+00:00 NOTICE abandoned_cart.success :: email: jason.suway@gmail.com :: checkout_url: https://itsquim.com/checkout/?mc_cart_id=2ec55a1224aad24215e4a54c5ced968b
2020-02-01T18:11:24+00:00 NOTICE action_scheduler.queue_job :: MailChimp_WooCommerce_Single_Order starts in 90 seconds :: obj_id 9942
2020-02-01T18:16:59+00:00 NOTICE order_submit.success :: addStoreOrder :: #9942 :: email: jason.suway@gmail.com :: abandoned cart deleted [2ec55a1224aad24215e4a54c5ced968b]
2020-02-01T19:48:23+00:00 NOTICE action_scheduler.queue_job :: MailChimp_WooCommerce_Cart_Update starts in the next minute :: obj_id a983e6a1d39790c730b30823173c2d5f
2020-02-01T19:48:33+00:00 NOTICE abandoned_cart.success :: email: melissamabry15@gmail.com :: checkout_url: https://itsquim.com/checkout/?mc_cart_id=a983e6a1d39790c730b30823173c2d5f
2020-02-01T19:52:31+00:00 NOTICE action_scheduler.queue_job :: MailChimp_WooCommerce_Cart_Update starts in the next minute :: obj_id a983e6a1d39790c730b30823173c2d5f
2020-02-01T19:52:32+00:00 NOTICE abandoned_cart.success :: email: melissamabry15@gmail.com :: checkout_url: https://itsquim.com/checkout/?mc_cart_id=a983e6a1d39790c730b30823173c2d5f
2020-02-01T20:02:05+00:00 NOTICE action_scheduler.queue_job :: MailChimp_WooCommerce_Single_Order starts in 90 seconds :: obj_id 9949
2020-02-01T20:03:53+00:00 NOTICE order_submit.success :: addStoreOrder :: #9949 :: email: melissamabry15@gmail.com :: abandoned cart deleted [a983e6a1d39790c730b30823173c2d5f]
2020-02-01T20:04:00+00:00 NOTICE action_scheduler.queue_job :: MailChimp_WooCommerce_Cart_Update starts in the next minute :: obj_id a983e6a1d39790c730b30823173c2d5f
2020-02-01T20:04:51+00:00 NOTICE abandoned_cart.success :: email: melissamabry15@gmail.com :: checkout_url: https://itsquim.com/checkout/?mc_cart_id=a983e6a1d39790c730b30823173c2d5f
2020-02-01T21:12:02+00:00 NOTICE action_scheduler.queue_job :: MailChimp_WooCommerce_Cart_Update starts in the next minute :: obj_id 0983e5eaf78e9f83fb1683c93656fa2d
2020-02-01T21:12:36+00:00 NOTICE abandoned_cart.success :: email: rebecca.shohet@gmail.com :: checkout_url: https://itsquim.com/checkout/?mc_cart_id=0983e5eaf78e9f83fb1683c93656fa2d
2020-02-01T21:14:30+00:00 NOTICE action_scheduler.queue_job :: MailChimp_WooCommerce_Single_Order starts in 90 seconds :: obj_id 9955
2020-02-01T21:17:57+00:00 NOTICE order_submit.success :: addStoreOrder :: #9955 :: email: rebecca.shohet@gmail.com :: abandoned cart deleted [0983e5eaf78e9f83fb1683c93656fa2d]
2020-02-01T23:46:33+00:00 NOTICE action_scheduler.queue_job :: MailChimp_WooCommerce_Cart_Update starts in the next minute :: obj_id f32154045d13151768a28bc8353bf9da
2020-02-01T23:47:10+00:00 NOTICE action_scheduler.queue_job :: MailChimp_WooCommerce_Single_Order starts in 90 seconds :: obj_id 9961
2020-02-01T23:47:45+00:00 NOTICE abandoned_cart.success :: email: transpsych@gmail.com :: checkout_url: https://itsquim.com/checkout/?mc_cart_id=f32154045d13151768a28bc8353bf9da
2020-02-01T23:49:33+00:00 NOTICE order_submit.success :: addStoreOrder :: #9961 :: email: transpsych@gmail.com :: abandoned cart deleted [f32154045d13151768a28bc8353bf9da]
2020-02-01T23:49:52+00:00 NOTICE action_scheduler.queue_job :: MailChimp_WooCommerce_Cart_Update starts in the next minute :: obj_id 3d1a7b33d867ddc4f0cd1391e1a87a77
2020-02-01T23:51:34+00:00 NOTICE abandoned_cart.success :: email: addy2398@gmail.com :: checkout_url: https://itsquim.com/checkout/?mc_cart_id=3d1a7b33d867ddc4f0cd1391e1a87a77
