02-27-2020 @ 17:34:06 - Input params: wc-api=wc_shipstation&auth_key=WCSS-b6c91f0b4959b1c4a9d6e9759774c5ab&action=export&start_date=02%2F27%2F2020+06%3A34&end_date=02%2F28%2F2020+16%3A34&page=1
02-27-2020 @ 17:34:06 - Exported 9 orders
02-27-2020 @ 19:34:09 - Input params: wc-api=wc_shipstation&auth_key=WCSS-b6c91f0b4959b1c4a9d6e9759774c5ab&action=export&start_date=02%2F27%2F2020+08%3A34&end_date=02%2F28%2F2020+18%3A34&page=1
02-27-2020 @ 19:34:09 - Exported 9 orders
02-27-2020 @ 21:34:12 - Input params: wc-api=wc_shipstation&auth_key=WCSS-b6c91f0b4959b1c4a9d6e9759774c5ab&action=export&start_date=02%2F27%2F2020+10%3A34&end_date=02%2F28%2F2020+20%3A34&page=1
02-27-2020 @ 21:34:12 - Exported 10 orders
02-27-2020 @ 23:34:18 - Input params: wc-api=wc_shipstation&auth_key=WCSS-b6c91f0b4959b1c4a9d6e9759774c5ab&action=export&start_date=02%2F27%2F2020+12%3A34&end_date=02%2F28%2F2020+22%3A34&page=1
02-27-2020 @ 23:34:18 - Exported 12 orders
02-28-2020 @ 01:34:24 - Input params: wc-api=wc_shipstation&auth_key=WCSS-b6c91f0b4959b1c4a9d6e9759774c5ab&action=export&start_date=02%2F27%2F2020+14%3A34&end_date=02%2F29%2F2020+00%3A34&page=1
02-28-2020 @ 01:34:24 - Exported 12 orders
02-28-2020 @ 03:34:26 - Input params: wc-api=wc_shipstation&auth_key=WCSS-b6c91f0b4959b1c4a9d6e9759774c5ab&action=export&start_date=02%2F27%2F2020+16%3A34&end_date=02%2F29%2F2020+02%3A34&page=1
02-28-2020 @ 03:34:27 - Exported 12 orders
02-28-2020 @ 05:34:31 - Input params: wc-api=wc_shipstation&auth_key=WCSS-b6c91f0b4959b1c4a9d6e9759774c5ab&action=export&start_date=02%2F27%2F2020+18%3A34&end_date=02%2F29%2F2020+04%3A34&page=1
02-28-2020 @ 05:34:31 - Exported 12 orders
02-28-2020 @ 07:34:33 - Input params: wc-api=wc_shipstation&auth_key=WCSS-b6c91f0b4959b1c4a9d6e9759774c5ab&action=export&start_date=02%2F27%2F2020+20%3A34&end_date=02%2F29%2F2020+06%3A34&page=1
02-28-2020 @ 07:34:33 - Exported 13 orders
02-28-2020 @ 09:34:37 - Input params: wc-api=wc_shipstation&auth_key=WCSS-b6c91f0b4959b1c4a9d6e9759774c5ab&action=export&start_date=02%2F27%2F2020+22%3A34&end_date=02%2F29%2F2020+08%3A34&page=1
02-28-2020 @ 09:34:37 - Exported 14 orders
02-28-2020 @ 11:04:36 - Input params: wc-api=wc_shipstation&auth_key=WCSS-b6c91f0b4959b1c4a9d6e9759774c5ab&action=shipnotify&order_number=14565&carrier=USPS&service=USPS+First+Class+Mail&tracking_number=9400111899561081244533&capture=true
02-28-2020 @ 11:04:36 - ShipNotify XML: <?xml version="1.0" encoding="UTF-8"?><ShipNotice><OrderNumber>14565</OrderNumber><OrderID>14565</OrderID><CustomerCode>nptnldy@yahoo.com</CustomerCode><CustomerNotes><![CDATA[]]></CustomerNotes><InternalNotes><![CDATA[]]></InternalNotes><NotesToCustomer><![CDATA[]]></NotesToCustomer><NotifyCustomer>false</NotifyCustomer><LabelCreateDate>02/28/2020 08:00</LabelCreateDate><ShipDate>02/28/2020</ShipDate><Carrier>USPS</Carrier><Service>USPS First Class Mail</Service><TrackingNumber>9400111899561081244533</TrackingNumber><ShippingCost>3.9300</ShippingCost><CustomField1 /><CustomField2 /><CustomField3 /><Recipient><Name>Gayle Parker</Name><Company /><Address1>5325 SILVERMIST CT UNIT 104</Address1><Address2 /><City>LAS VEGAS</City><State>NV</State><PostalCode>89122-7392</PostalCode><Country>US</Country></Recipient><Items><Item><Name>Smooth Operator</Name><SKU /><LineItemID>2784</LineItemID><Quantity>1</Quantity></Item><Item><Name>Happy Clam Sample</Name><SKU /><LineItemID>2785</LineItemID><Quantity>1</Quantity></Item><Item><Name>Smooth Operator Sample</Name><SKU /><LineItemID>2786</LineItemID><Quantity>1</Quantity></Item></Items></ShipNotice>
02-28-2020 @ 11:04:36 - ShipNotify Item: SimpleXMLElement Object
(
    [Name] => Smooth Operator
    [SKU] => SimpleXMLElement Object
        (
        )

    [LineItemID] => 2784
    [Quantity] => 1
)

02-28-2020 @ 11:04:36 - ShipNotify Item: SimpleXMLElement Object
(
    [Name] => Happy Clam Sample
    [SKU] => SimpleXMLElement Object
        (
        )

    [LineItemID] => 2785
    [Quantity] => 1
)

02-28-2020 @ 11:04:36 - Item Happy Clam Sample is not shippable product. Skipping.
02-28-2020 @ 11:04:36 - ShipNotify Item: SimpleXMLElement Object
(
    [Name] => Smooth Operator Sample
    [SKU] => SimpleXMLElement Object
        (
        )

    [LineItemID] => 2786
    [Quantity] => 1
)

02-28-2020 @ 11:04:36 - Item Smooth Operator Sample is not shippable product. Skipping.
02-28-2020 @ 11:04:36 - Shipped 1 out of 1 items in order 14565
02-28-2020 @ 11:04:37 - Updated order 14565 to status wc-completed
02-28-2020 @ 11:04:38 - Input params: wc-api=wc_shipstation&auth_key=WCSS-b6c91f0b4959b1c4a9d6e9759774c5ab&action=shipnotify&order_number=14567&carrier=USPS&service=USPS+First+Class+Mail&tracking_number=9400111899561081244748&capture=true
02-28-2020 @ 11:04:38 - ShipNotify XML: <?xml version="1.0" encoding="UTF-8"?><ShipNotice><OrderNumber>14567</OrderNumber><OrderID>14567</OrderID><CustomerCode>pellegrinocarola@gmail.com</CustomerCode><CustomerNotes><![CDATA[]]></CustomerNotes><InternalNotes><![CDATA[]]></InternalNotes><NotesToCustomer><![CDATA[]]></NotesToCustomer><NotifyCustomer>false</NotifyCustomer><LabelCreateDate>02/28/2020 08:00</LabelCreateDate><ShipDate>02/28/2020</ShipDate><Carrier>USPS</Carrier><Service>USPS First Class Mail</Service><TrackingNumber>9400111899561081244748</TrackingNumber><ShippingCost>4.4600</ShippingCost><CustomField1>carola</CustomField1><CustomField2 /><CustomField3 /><Recipient><Name>Carola Pellegrino</Name><Company /><Address1>637 ROGERS AVE APT 2</Address1><Address2 /><City>BROOKLYN</City><State>NY</State><PostalCode>11226-1501</PostalCode><Country>US</Country></Recipient><Items><Item><Name>Smooth Operator</Name><SKU /><LineItemID>2794</LineItemID><Quantity>1</Quantity></Item><Item><Name>Happy Clam Sample</Name><SKU /><LineItemID>2795</LineItemID><Quantity>1</Quantity></Item></Items></ShipNotice>
02-28-2020 @ 11:04:38 - ShipNotify Item: SimpleXMLElement Object
(
    [Name] => Smooth Operator
    [SKU] => SimpleXMLElement Object
        (
        )

    [LineItemID] => 2794
    [Quantity] => 1
)

02-28-2020 @ 11:04:38 - ShipNotify Item: SimpleXMLElement Object
(
    [Name] => Happy Clam Sample
    [SKU] => SimpleXMLElement Object
        (
        )

    [LineItemID] => 2795
    [Quantity] => 1
)

02-28-2020 @ 11:04:38 - Item Happy Clam Sample is not shippable product. Skipping.
02-28-2020 @ 11:04:38 - Shipped 1 out of 1 items in order 14567
02-28-2020 @ 11:04:38 - Updated order 14567 to status wc-completed
02-28-2020 @ 11:04:39 - Input params: wc-api=wc_shipstation&auth_key=WCSS-b6c91f0b4959b1c4a9d6e9759774c5ab&action=shipnotify&order_number=14566&carrier=USPS&service=USPS+Priority+Mail&tracking_number=9405511899561081244116&capture=true
02-28-2020 @ 11:04:39 - ShipNotify XML: <?xml version="1.0" encoding="UTF-8"?><ShipNotice><OrderNumber>14566</OrderNumber><OrderID>14566</OrderID><CustomerCode>dhaley68@yahoo.com</CustomerCode><CustomerNotes><![CDATA[]]></CustomerNotes><InternalNotes><![CDATA[]]></InternalNotes><NotesToCustomer><![CDATA[]]></NotesToCustomer><NotifyCustomer>false</NotifyCustomer><LabelCreateDate>02/28/2020 08:00</LabelCreateDate><ShipDate>02/28/2020</ShipDate><Carrier>USPS</Carrier><Service>USPS Priority Mail</Service><TrackingNumber>9405511899561081244116</TrackingNumber><ShippingCost>7.8000</ShippingCost><CustomField1>welcum</CustomField1><CustomField2 /><CustomField3 /><Recipient><Name>David Haley</Name><Company /><Address1>1412 MOCKINGBIRD LN</Address1><Address2>APARTMENT H 303</Address2><City>MIDLAND</City><State>TX</State><PostalCode>79705-2038</PostalCode><Country>US</Country></Recipient><Items><Item><Name>Smooth Operator</Name><SKU /><LineItemID>2789</LineItemID><Quantity>1</Quantity></Item><Item><Name>Smooth Operator Sample</Name><SKU /><LineItemID>2790</LineItemID><Quantity>1</Quantity></Item></Items></ShipNotice>
02-28-2020 @ 11:04:39 - ShipNotify Item: SimpleXMLElement Object
(
    [Name] => Smooth Operator
    [SKU] => SimpleXMLElement Object
        (
        )

    [LineItemID] => 2789
    [Quantity] => 1
)

02-28-2020 @ 11:04:39 - ShipNotify Item: SimpleXMLElement Object
(
    [Name] => Smooth Operator Sample
    [SKU] => SimpleXMLElement Object
        (
        )

    [LineItemID] => 2790
    [Quantity] => 1
)

02-28-2020 @ 11:04:39 - Item Smooth Operator Sample is not shippable product. Skipping.
02-28-2020 @ 11:04:39 - Shipped 1 out of 1 items in order 14566
02-28-2020 @ 11:04:39 - Updated order 14566 to status wc-completed
02-28-2020 @ 11:04:40 - Input params: wc-api=wc_shipstation&auth_key=WCSS-b6c91f0b4959b1c4a9d6e9759774c5ab&action=shipnotify&order_number=14568&carrier=USPS&service=USPS+First+Class+Mail&tracking_number=9400111899561081245974&capture=true
02-28-2020 @ 11:04:40 - ShipNotify XML: <?xml version="1.0" encoding="UTF-8"?><ShipNotice><OrderNumber>14568</OrderNumber><OrderID>14568</OrderID><CustomerCode>anderson.shannon.r@gmail.com</CustomerCode><CustomerNotes><![CDATA[]]></CustomerNotes><InternalNotes><![CDATA[]]></InternalNotes><NotesToCustomer><![CDATA[]]></NotesToCustomer><NotifyCustomer>false</NotifyCustomer><LabelCreateDate>02/28/2020 08:00</LabelCreateDate><ShipDate>02/28/2020</ShipDate><Carrier>USPS</Carrier><Service>USPS First Class Mail</Service><TrackingNumber>9400111899561081245974</TrackingNumber><ShippingCost>4.3200</ShippingCost><CustomField1 /><CustomField2 /><CustomField3 /><Recipient><Name>Shannon Anderson</Name><Company /><Address1>PO BOX 321305</Address1><Address2 /><City>FRANKLIN</City><State>WI</State><PostalCode>53132-6211</PostalCode><Country>US</Country></Recipient><Items><Item><Name>Smooth Operator</Name><SKU /><LineItemID>2799</LineItemID><Quantity>1</Quantity></Item></Items></ShipNotice>
02-28-2020 @ 11:04:40 - ShipNotify Item: SimpleXMLElement Object
(
    [Name] => Smooth Operator
    [SKU] => SimpleXMLElement Object
        (
        )

    [LineItemID] => 2799
    [Quantity] => 1
)

02-28-2020 @ 11:04:40 - Shipped 1 out of 1 items in order 14568
02-28-2020 @ 11:04:41 - Updated order 14568 to status wc-completed
02-28-2020 @ 11:04:41 - Input params: wc-api=wc_shipstation&auth_key=WCSS-b6c91f0b4959b1c4a9d6e9759774c5ab&action=shipnotify&order_number=14569&carrier=USPS&service=USPS+First+Class+Mail&tracking_number=9400111899561081245288&capture=true
02-28-2020 @ 11:04:41 - ShipNotify XML: <?xml version="1.0" encoding="UTF-8"?><ShipNotice><OrderNumber>14569</OrderNumber><OrderID>14569</OrderID><CustomerCode>marjimtif@aol.com</CustomerCode><CustomerNotes><![CDATA[]]></CustomerNotes><InternalNotes><![CDATA[]]></InternalNotes><NotesToCustomer><![CDATA[]]></NotesToCustomer><NotifyCustomer>false</NotifyCustomer><LabelCreateDate>02/28/2020 08:00</LabelCreateDate><ShipDate>02/28/2020</ShipDate><Carrier>USPS</Carrier><Service>USPS First Class Mail</Service><TrackingNumber>9400111899561081245288</TrackingNumber><ShippingCost>4.3200</ShippingCost><CustomField1>welcum</CustomField1><CustomField2 /><CustomField3 /><Recipient><Name>mary olsen</Name><Company /><Address1>212 CEDAR GROVE LN</Address1><Address2 /><City>BELLE CHASSE</City><State>LA</State><PostalCode>70037-4364</PostalCode><Country>US</Country></Recipient><Items><Item><Name>Smooth Operator</Name><SKU /><LineItemID>2802</LineItemID><Quantity>1</Quantity></Item><Item><Name>Happy Clam Sample</Name><SKU /><LineItemID>2803</LineItemID><Quantity>1</Quantity></Item></Items></ShipNotice>
02-28-2020 @ 11:04:41 - ShipNotify Item: SimpleXMLElement Object
(
    [Name] => Smooth Operator
    [SKU] => SimpleXMLElement Object
        (
        )

    [LineItemID] => 2802
    [Quantity] => 1
)

02-28-2020 @ 11:04:41 - ShipNotify Item: SimpleXMLElement Object
(
    [Name] => Happy Clam Sample
    [SKU] => SimpleXMLElement Object
        (
        )

    [LineItemID] => 2803
    [Quantity] => 1
)

02-28-2020 @ 11:04:41 - Item Happy Clam Sample is not shippable product. Skipping.
02-28-2020 @ 11:04:41 - Shipped 1 out of 1 items in order 14569
02-28-2020 @ 11:04:42 - Updated order 14569 to status wc-completed
02-28-2020 @ 11:34:40 - Input params: wc-api=wc_shipstation&auth_key=WCSS-b6c91f0b4959b1c4a9d6e9759774c5ab&action=export&start_date=02%2F28%2F2020+00%3A34&end_date=02%2F29%2F2020+10%3A34&page=1
02-28-2020 @ 11:34:40 - Exported 6 orders
02-28-2020 @ 13:34:45 - Input params: wc-api=wc_shipstation&auth_key=WCSS-b6c91f0b4959b1c4a9d6e9759774c5ab&action=export&start_date=02%2F28%2F2020+02%3A34&end_date=02%2F29%2F2020+12%3A34&page=1
02-28-2020 @ 13:34:45 - Exported 6 orders
02-28-2020 @ 15:34:48 - Input params: wc-api=wc_shipstation&auth_key=WCSS-b6c91f0b4959b1c4a9d6e9759774c5ab&action=export&start_date=02%2F28%2F2020+04%3A34&end_date=02%2F29%2F2020+14%3A34&page=1
02-28-2020 @ 15:34:48 - Exported 7 orders
