02-10-2020 @ 17:02:16 - Input params: wc-api=wc_shipstation&auth_key=WCSS-b6c91f0b4959b1c4a9d6e9759774c5ab&action=shipnotify&order_number=12364&carrier=USPS&service=USPS+First+Class+Mail&tracking_number=9400111899561296045215&capture=true
02-10-2020 @ 17:02:16 - ShipNotify XML: <?xml version="1.0" encoding="UTF-8"?><ShipNotice><OrderNumber>12364</OrderNumber><OrderID>12364</OrderID><CustomerCode>sean_kroszner@yahoo.com</CustomerCode><CustomerNotes><![CDATA[]]></CustomerNotes><InternalNotes><![CDATA[]]></InternalNotes><NotesToCustomer><![CDATA[]]></NotesToCustomer><NotifyCustomer>false</NotifyCustomer><LabelCreateDate>02/11/2020 08:00</LabelCreateDate><ShipDate>02/11/2020</ShipDate><Carrier>USPS</Carrier><Service>USPS First Class Mail</Service><TrackingNumber>9400111899561296045215</TrackingNumber><ShippingCost>4.4600</ShippingCost><CustomField1>lets69</CustomField1><CustomField2 /><CustomField3 /><Recipient><Name>Sean Kroszner</Name><Company /><Address1>438 TIFFANY AVE</Address1><Address2 /><City>WARWICK</City><State>RI</State><PostalCode>02889-5832</PostalCode><Country>US</Country></Recipient><Items><Item><Name>Smooth Operator</Name><SKU /><LineItemID>2111</LineItemID><Quantity>1</Quantity></Item></Items></ShipNotice>
02-10-2020 @ 17:02:16 - ShipNotify Item: SimpleXMLElement Object
(
    [Name] => Smooth Operator
    [SKU] => SimpleXMLElement Object
        (
        )

    [LineItemID] => 2111
    [Quantity] => 1
)

02-10-2020 @ 17:02:16 - Shipped 1 out of 1 items in order 12364
02-10-2020 @ 17:02:16 - Updated order 12364 to status wc-completed
02-10-2020 @ 17:02:17 - Input params: wc-api=wc_shipstation&auth_key=WCSS-b6c91f0b4959b1c4a9d6e9759774c5ab&action=shipnotify&order_number=12372&carrier=USPS&service=USPS+First+Class+Mail&tracking_number=9400111899561296044577&capture=true
02-10-2020 @ 17:02:17 - ShipNotify XML: <?xml version="1.0" encoding="UTF-8"?><ShipNotice><OrderNumber>12372</OrderNumber><OrderID>12372</OrderID><CustomerCode>apascuma@hotmail.com</CustomerCode><CustomerNotes><![CDATA[]]></CustomerNotes><InternalNotes><![CDATA[]]></InternalNotes><NotesToCustomer><![CDATA[]]></NotesToCustomer><NotifyCustomer>false</NotifyCustomer><LabelCreateDate>02/11/2020 08:00</LabelCreateDate><ShipDate>02/11/2020</ShipDate><Carrier>USPS</Carrier><Service>USPS First Class Mail</Service><TrackingNumber>9400111899561296044577</TrackingNumber><ShippingCost>4.4600</ShippingCost><CustomField1>lets69</CustomField1><CustomField2 /><CustomField3 /><Recipient><Name>Anthony Pascuma</Name><Company /><Address1>6377 OLD BUST HEAD RD</Address1><Address2 /><City>BROAD RUN</City><State>VA</State><PostalCode>20137-1931</PostalCode><Country>US</Country></Recipient><Items><Item><Name>Smooth Operator</Name><SKU /><LineItemID>2115</LineItemID><Quantity>1</Quantity></Item><Item><Name>Happy Clam Sample</Name><SKU /><LineItemID>2116</LineItemID><Quantity>1</Quantity></Item></Items></ShipNotice>
02-10-2020 @ 17:02:17 - ShipNotify Item: SimpleXMLElement Object
(
    [Name] => Smooth Operator
    [SKU] => SimpleXMLElement Object
        (
        )

    [LineItemID] => 2115
    [Quantity] => 1
)

02-10-2020 @ 17:02:17 - ShipNotify Item: SimpleXMLElement Object
(
    [Name] => Happy Clam Sample
    [SKU] => SimpleXMLElement Object
        (
        )

    [LineItemID] => 2116
    [Quantity] => 1
)

02-10-2020 @ 17:02:17 - Item Happy Clam Sample is not shippable product. Skipping.
02-10-2020 @ 17:02:17 - Shipped 1 out of 1 items in order 12372
02-10-2020 @ 17:02:18 - Updated order 12372 to status wc-completed
02-10-2020 @ 18:22:07 - Input params: wc-api=wc_shipstation&auth_key=WCSS-b6c91f0b4959b1c4a9d6e9759774c5ab&action=export&start_date=02%2F10%2F2020+07%3A22&end_date=02%2F11%2F2020+17%3A22&page=1
02-10-2020 @ 18:22:08 - Exported 49 orders
02-10-2020 @ 20:22:13 - Input params: wc-api=wc_shipstation&auth_key=WCSS-b6c91f0b4959b1c4a9d6e9759774c5ab&action=export&start_date=02%2F10%2F2020+09%3A22&end_date=02%2F11%2F2020+19%3A22&page=1
02-10-2020 @ 20:22:14 - Exported 50 orders
02-10-2020 @ 22:22:19 - Input params: wc-api=wc_shipstation&auth_key=WCSS-b6c91f0b4959b1c4a9d6e9759774c5ab&action=export&start_date=02%2F10%2F2020+11%3A22&end_date=02%2F11%2F2020+21%3A22&page=1
02-10-2020 @ 22:22:20 - Exported 53 orders
02-11-2020 @ 00:22:26 - Input params: wc-api=wc_shipstation&auth_key=WCSS-b6c91f0b4959b1c4a9d6e9759774c5ab&action=export&start_date=02%2F10%2F2020+13%3A22&end_date=02%2F11%2F2020+23%3A22&page=1
02-11-2020 @ 00:22:28 - Exported 55 orders
02-11-2020 @ 02:22:30 - Input params: wc-api=wc_shipstation&auth_key=WCSS-b6c91f0b4959b1c4a9d6e9759774c5ab&action=export&start_date=02%2F10%2F2020+15%3A22&end_date=02%2F12%2F2020+01%3A22&page=1
02-11-2020 @ 02:22:31 - Exported 55 orders
02-11-2020 @ 04:22:33 - Input params: wc-api=wc_shipstation&auth_key=WCSS-b6c91f0b4959b1c4a9d6e9759774c5ab&action=export&start_date=02%2F10%2F2020+17%3A22&end_date=02%2F12%2F2020+03%3A22&page=1
02-11-2020 @ 04:22:34 - Exported 56 orders
02-11-2020 @ 06:22:38 - Input params: wc-api=wc_shipstation&auth_key=WCSS-b6c91f0b4959b1c4a9d6e9759774c5ab&action=export&start_date=02%2F10%2F2020+19%3A22&end_date=02%2F12%2F2020+05%3A22&page=1
02-11-2020 @ 06:22:39 - Exported 57 orders
02-11-2020 @ 08:22:48 - Input params: wc-api=wc_shipstation&auth_key=WCSS-b6c91f0b4959b1c4a9d6e9759774c5ab&action=export&start_date=02%2F10%2F2020+21%3A22&end_date=02%2F12%2F2020+07%3A22&page=1
02-11-2020 @ 08:22:49 - Exported 57 orders
02-11-2020 @ 10:05:16 - Input params: wc-api=wc_shipstation&auth_key=WCSS-b6c91f0b4959b1c4a9d6e9759774c5ab&action=shipnotify&order_number=12430&carrier=USPS&service=USPS+First+Class+Mail&tracking_number=9400111899561202320009&capture=true
02-11-2020 @ 10:05:16 - ShipNotify XML: <?xml version="1.0" encoding="UTF-8"?><ShipNotice><OrderNumber>12430</OrderNumber><OrderID>12430</OrderID><CustomerCode>Mollyryanmartone@gmail.com</CustomerCode><CustomerNotes><![CDATA[]]></CustomerNotes><InternalNotes><![CDATA[]]></InternalNotes><NotesToCustomer><![CDATA[]]></NotesToCustomer><NotifyCustomer>false</NotifyCustomer><LabelCreateDate>02/11/2020 08:00</LabelCreateDate><ShipDate>02/11/2020</ShipDate><Carrier>USPS</Carrier><Service>USPS First Class Mail</Service><TrackingNumber>9400111899561202320009</TrackingNumber><ShippingCost>4.4600</ShippingCost><CustomField1>lets69</CustomField1><CustomField2 /><CustomField3 /><Recipient><Name>Molly Macaulay</Name><Company>1990</Company><Address1>16 ALPINE TRL</Address1><Address2 /><City>AUBURN</City><State>MA</State><PostalCode>01501-2114</PostalCode><Country>US</Country></Recipient><Items><Item><Name>Smooth Operator</Name><SKU /><LineItemID>2154</LineItemID><Quantity>1</Quantity></Item></Items></ShipNotice>
02-11-2020 @ 10:05:16 - ShipNotify Item: SimpleXMLElement Object
(
    [Name] => Smooth Operator
    [SKU] => SimpleXMLElement Object
        (
        )

    [LineItemID] => 2154
    [Quantity] => 1
)

02-11-2020 @ 10:05:16 - Shipped 1 out of 1 items in order 12430
02-11-2020 @ 10:05:17 - Updated order 12430 to status wc-completed
02-11-2020 @ 10:05:17 - Input params: wc-api=wc_shipstation&auth_key=WCSS-b6c91f0b4959b1c4a9d6e9759774c5ab&action=shipnotify&order_number=12425&carrier=USPS&service=USPS+Priority+Mail&tracking_number=9405511899561202328190&capture=true
02-11-2020 @ 10:05:17 - ShipNotify XML: <?xml version="1.0" encoding="UTF-8"?><ShipNotice><OrderNumber>12425</OrderNumber><OrderID>12425</OrderID><CustomerCode>ralphwooden@comcast.net</CustomerCode><CustomerNotes><![CDATA[]]></CustomerNotes><InternalNotes><![CDATA[]]></InternalNotes><NotesToCustomer><![CDATA[]]></NotesToCustomer><NotifyCustomer>false</NotifyCustomer><LabelCreateDate>02/11/2020 08:00</LabelCreateDate><ShipDate>02/11/2020</ShipDate><Carrier>USPS</Carrier><Service>USPS Priority Mail</Service><TrackingNumber>9405511899561202328190</TrackingNumber><ShippingCost>8.1200</ShippingCost><CustomField1>lets69</CustomField1><CustomField2 /><CustomField3 /><Recipient><Name>Ralph Wooden</Name><Company /><Address1>1374 EMRY CT</Address1><Address2 /><City>FRUIT HEIGHTS</City><State>UT</State><PostalCode>84037-2715</PostalCode><Country>US</Country></Recipient><Items><Item><Name>Smooth Operator</Name><SKU /><LineItemID>2148</LineItemID><Quantity>3</Quantity></Item><Item><Name>Happy Clam Sample</Name><SKU /><LineItemID>2149</LineItemID><Quantity>1</Quantity></Item><Item><Name>Smooth Operator Sample</Name><SKU /><LineItemID>2150</LineItemID><Quantity>1</Quantity></Item></Items></ShipNotice>
02-11-2020 @ 10:05:17 - ShipNotify Item: SimpleXMLElement Object
(
    [Name] => Smooth Operator
    [SKU] => SimpleXMLElement Object
        (
        )

    [LineItemID] => 2148
    [Quantity] => 3
)

02-11-2020 @ 10:05:17 - ShipNotify Item: SimpleXMLElement Object
(
    [Name] => Happy Clam Sample
    [SKU] => SimpleXMLElement Object
        (
        )

    [LineItemID] => 2149
    [Quantity] => 1
)

02-11-2020 @ 10:05:17 - Item Happy Clam Sample is not shippable product. Skipping.
02-11-2020 @ 10:05:17 - ShipNotify Item: SimpleXMLElement Object
(
    [Name] => Smooth Operator Sample
    [SKU] => SimpleXMLElement Object
        (
        )

    [LineItemID] => 2150
    [Quantity] => 1
)

02-11-2020 @ 10:05:17 - Item Smooth Operator Sample is not shippable product. Skipping.
02-11-2020 @ 10:05:17 - Shipped 3 out of 3 items in order 12425
02-11-2020 @ 10:05:18 - Updated order 12425 to status wc-completed
02-11-2020 @ 10:05:19 - Input params: wc-api=wc_shipstation&auth_key=WCSS-b6c91f0b4959b1c4a9d6e9759774c5ab&action=shipnotify&order_number=12418&carrier=USPS&service=USPS+Priority+Mail&tracking_number=9405511899561202320248&capture=true
02-11-2020 @ 10:05:19 - ShipNotify XML: <?xml version="1.0" encoding="UTF-8"?><ShipNotice><OrderNumber>12418</OrderNumber><OrderID>12418</OrderID><CustomerCode>chris.flynn6@gmail.com</CustomerCode><CustomerNotes><![CDATA[]]></CustomerNotes><InternalNotes><![CDATA[]]></InternalNotes><NotesToCustomer><![CDATA[]]></NotesToCustomer><NotifyCustomer>false</NotifyCustomer><LabelCreateDate>02/11/2020 08:00</LabelCreateDate><ShipDate>02/11/2020</ShipDate><Carrier>USPS</Carrier><Service>USPS Priority Mail</Service><TrackingNumber>9405511899561202320248</TrackingNumber><ShippingCost>8.1500</ShippingCost><CustomField1>lets69</CustomField1><CustomField2 /><CustomField3 /><Recipient><Name>Chris Flynn</Name><Company>MITSUBISHI CHEMICAL AMERICA</Company><Address1>3919 N KEDZIE AVE # 1N</Address1><Address2 /><City>CHICAGO</City><State>IL</State><PostalCode>60618-3415</PostalCode><Country>US</Country></Recipient><Items><Item><Name>Smooth Operator</Name><SKU /><LineItemID>2143</LineItemID><Quantity>1</Quantity></Item><Item><Name>Happy Clam Sample</Name><SKU /><LineItemID>2144</LineItemID><Quantity>1</Quantity></Item></Items></ShipNotice>
02-11-2020 @ 10:05:19 - ShipNotify Item: SimpleXMLElement Object
(
    [Name] => Smooth Operator
    [SKU] => SimpleXMLElement Object
        (
        )

    [LineItemID] => 2143
    [Quantity] => 1
)

02-11-2020 @ 10:05:19 - ShipNotify Item: SimpleXMLElement Object
(
    [Name] => Happy Clam Sample
    [SKU] => SimpleXMLElement Object
        (
        )

    [LineItemID] => 2144
    [Quantity] => 1
)

02-11-2020 @ 10:05:19 - Item Happy Clam Sample is not shippable product. Skipping.
02-11-2020 @ 10:05:19 - Shipped 1 out of 1 items in order 12418
02-11-2020 @ 10:05:19 - Updated order 12418 to status wc-completed
02-11-2020 @ 10:05:20 - Input params: wc-api=wc_shipstation&auth_key=WCSS-b6c91f0b4959b1c4a9d6e9759774c5ab&action=shipnotify&order_number=12413&carrier=USPS&service=USPS+First+Class+Mail&tracking_number=9400111899561202321990&capture=true
02-11-2020 @ 10:05:20 - ShipNotify XML: <?xml version="1.0" encoding="UTF-8"?><ShipNotice><OrderNumber>12413</OrderNumber><OrderID>12413</OrderID><CustomerCode>matthealynnallen@gmail.com</CustomerCode><CustomerNotes><![CDATA[]]></CustomerNotes><InternalNotes><![CDATA[]]></InternalNotes><NotesToCustomer><![CDATA[]]></NotesToCustomer><NotifyCustomer>false</NotifyCustomer><LabelCreateDate>02/11/2020 08:00</LabelCreateDate><ShipDate>02/11/2020</ShipDate><Carrier>USPS</Carrier><Service>USPS First Class Mail</Service><TrackingNumber>9400111899561202321990</TrackingNumber><ShippingCost>3.9700</ShippingCost><CustomField1>lets69</CustomField1><CustomField2 /><CustomField3 /><Recipient><Name>Matthea Allen</Name><Company>MRS.</Company><Address1>1263 N HAYWORTH AVE APT 5</Address1><Address2 /><City>WEST HOLLYWOOD</City><State>CA</State><PostalCode>90046-5224</PostalCode><Country>US</Country></Recipient><Items><Item><Name>Happy Clam</Name><SKU /><LineItemID>2139</LineItemID><Quantity>1</Quantity></Item></Items></ShipNotice>
02-11-2020 @ 10:05:20 - ShipNotify Item: SimpleXMLElement Object
(
    [Name] => Happy Clam
    [SKU] => SimpleXMLElement Object
        (
        )

    [LineItemID] => 2139
    [Quantity] => 1
)

02-11-2020 @ 10:05:20 - Shipped 1 out of 1 items in order 12413
02-11-2020 @ 10:05:21 - Updated order 12413 to status wc-completed
02-11-2020 @ 10:05:21 - Input params: wc-api=wc_shipstation&auth_key=WCSS-b6c91f0b4959b1c4a9d6e9759774c5ab&action=shipnotify&order_number=12398&carrier=USPS&service=USPS+First+Class+Mail&tracking_number=9400111899561202320764&capture=true
02-11-2020 @ 10:05:21 - ShipNotify XML: <?xml version="1.0" encoding="UTF-8"?><ShipNotice><OrderNumber>12398</OrderNumber><OrderID>12398</OrderID><CustomerCode>Moniquedegroot5@gmail.com</CustomerCode><CustomerNotes><![CDATA[]]></CustomerNotes><InternalNotes><![CDATA[]]></InternalNotes><NotesToCustomer><![CDATA[]]></NotesToCustomer><NotifyCustomer>false</NotifyCustomer><LabelCreateDate>02/11/2020 08:00</LabelCreateDate><ShipDate>02/11/2020</ShipDate><Carrier>USPS</Carrier><Service>USPS First Class Mail</Service><TrackingNumber>9400111899561202320764</TrackingNumber><ShippingCost>3.9700</ShippingCost><CustomField1>lets69</CustomField1><CustomField2 /><CustomField3 /><Recipient><Name>Monique deGroot</Name><Company /><Address1>41885 IVY ST</Address1><Address2 /><City>MURRIETA</City><State>CA</State><PostalCode>92562-8607</PostalCode><Country>US</Country></Recipient><Items><Item><Name>Smooth Operator</Name><SKU /><LineItemID>2134</LineItemID><Quantity>1</Quantity></Item><Item><Name>Happy Clam Sample</Name><SKU /><LineItemID>2135</LineItemID><Quantity>1</Quantity></Item></Items></ShipNotice>
02-11-2020 @ 10:05:21 - ShipNotify Item: SimpleXMLElement Object
(
    [Name] => Smooth Operator
    [SKU] => SimpleXMLElement Object
        (
        )

    [LineItemID] => 2134
    [Quantity] => 1
)

02-11-2020 @ 10:05:21 - ShipNotify Item: SimpleXMLElement Object
(
    [Name] => Happy Clam Sample
    [SKU] => SimpleXMLElement Object
        (
        )

    [LineItemID] => 2135
    [Quantity] => 1
)

02-11-2020 @ 10:05:21 - Item Happy Clam Sample is not shippable product. Skipping.
02-11-2020 @ 10:05:21 - Shipped 1 out of 1 items in order 12398
02-11-2020 @ 10:05:22 - Updated order 12398 to status wc-completed
02-11-2020 @ 10:05:23 - Input params: wc-api=wc_shipstation&auth_key=WCSS-b6c91f0b4959b1c4a9d6e9759774c5ab&action=shipnotify&order_number=12392&carrier=USPS&service=USPS+First+Class+Mail&tracking_number=9400111899561202320597&capture=true
02-11-2020 @ 10:05:23 - ShipNotify XML: <?xml version="1.0" encoding="UTF-8"?><ShipNotice><OrderNumber>12392</OrderNumber><OrderID>12392</OrderID><CustomerCode>jacquieleighton1229@gmail.com</CustomerCode><CustomerNotes><![CDATA[]]></CustomerNotes><InternalNotes><![CDATA[]]></InternalNotes><NotesToCustomer><![CDATA[]]></NotesToCustomer><NotifyCustomer>false</NotifyCustomer><LabelCreateDate>02/11/2020 08:00</LabelCreateDate><ShipDate>02/11/2020</ShipDate><Carrier>USPS</Carrier><Service>USPS First Class Mail</Service><TrackingNumber>9400111899561202320597</TrackingNumber><ShippingCost>5.7000</ShippingCost><CustomField1>lets69</CustomField1><CustomField2 /><CustomField3 /><Recipient><Name>Jacqueline Leighton</Name><Company /><Address1>145 E 16TH ST APT 11L</Address1><Address2 /><City>NEW YORK</City><State>NY</State><PostalCode>10003-3429</PostalCode><Country>US</Country></Recipient><Items><Item><Name>Smooth Operator</Name><SKU /><LineItemID>2129</LineItemID><Quantity>1</Quantity></Item><Item><Name>Happy Clam</Name><SKU /><LineItemID>2130</LineItemID><Quantity>1</Quantity></Item></Items></ShipNotice>
02-11-2020 @ 10:05:23 - ShipNotify Item: SimpleXMLElement Object
(
    [Name] => Smooth Operator
    [SKU] => SimpleXMLElement Object
        (
        )

    [LineItemID] => 2129
    [Quantity] => 1
)

02-11-2020 @ 10:05:23 - ShipNotify Item: SimpleXMLElement Object
(
    [Name] => Happy Clam
    [SKU] => SimpleXMLElement Object
        (
        )

    [LineItemID] => 2130
    [Quantity] => 1
)

02-11-2020 @ 10:05:23 - Shipped 2 out of 2 items in order 12392
02-11-2020 @ 10:05:23 - Updated order 12392 to status wc-completed
02-11-2020 @ 10:05:24 - Input params: wc-api=wc_shipstation&auth_key=WCSS-b6c91f0b4959b1c4a9d6e9759774c5ab&action=shipnotify&order_number=12388&carrier=USPS&service=USPS+First+Class+Mail&tracking_number=9400111899561202328548&capture=true
02-11-2020 @ 10:05:24 - ShipNotify XML: <?xml version="1.0" encoding="UTF-8"?><ShipNotice><OrderNumber>12388</OrderNumber><OrderID>12388</OrderID><CustomerCode>jeaneen.whistler@gmail.com</CustomerCode><CustomerNotes><![CDATA[]]></CustomerNotes><InternalNotes><![CDATA[]]></InternalNotes><NotesToCustomer><![CDATA[]]></NotesToCustomer><NotifyCustomer>false</NotifyCustomer><LabelCreateDate>02/11/2020 08:00</LabelCreateDate><ShipDate>02/11/2020</ShipDate><Carrier>USPS</Carrier><Service>USPS First Class Mail</Service><TrackingNumber>9400111899561202328548</TrackingNumber><ShippingCost>5.1200</ShippingCost><CustomField1>lets69</CustomField1><CustomField2 /><CustomField3 /><Recipient><Name>Jeaneen Whistler</Name><Company>--NONE--</Company><Address1>62 DEL ORO LAGOON</Address1><Address2 /><City>NOVATO</City><State>CA</State><PostalCode>94949-5321</PostalCode><Country>US</Country></Recipient><Items><Item><Name>Happy Clam</Name><SKU /><LineItemID>2120</LineItemID><Quantity>2</Quantity></Item></Items></ShipNotice>
02-11-2020 @ 10:05:24 - ShipNotify Item: SimpleXMLElement Object
(
    [Name] => Happy Clam
    [SKU] => SimpleXMLElement Object
        (
        )

    [LineItemID] => 2120
    [Quantity] => 2
)

02-11-2020 @ 10:05:24 - Shipped 2 out of 2 items in order 12388
02-11-2020 @ 10:05:25 - Updated order 12388 to status wc-completed
02-11-2020 @ 10:05:25 - Input params: wc-api=wc_shipstation&auth_key=WCSS-b6c91f0b4959b1c4a9d6e9759774c5ab&action=shipnotify&order_number=12436&carrier=USPS&service=USPS+First+Class+Mail&tracking_number=9400111899561202326070&capture=true
02-11-2020 @ 10:05:25 - ShipNotify XML: <?xml version="1.0" encoding="UTF-8"?><ShipNotice><OrderNumber>12436</OrderNumber><OrderID>12436</OrderID><CustomerCode>rodolfojimenez@hotmail.com</CustomerCode><CustomerNotes><![CDATA[]]></CustomerNotes><InternalNotes><![CDATA[]]></InternalNotes><NotesToCustomer><![CDATA[]]></NotesToCustomer><NotifyCustomer>false</NotifyCustomer><LabelCreateDate>02/11/2020 08:00</LabelCreateDate><ShipDate>02/11/2020</ShipDate><Carrier>USPS</Carrier><Service>USPS First Class Mail</Service><TrackingNumber>9400111899561202326070</TrackingNumber><ShippingCost>3.9700</ShippingCost><CustomField1>lets69</CustomField1><CustomField2 /><CustomField3 /><Recipient><Name>Anne Pennington</Name><Company /><Address1>1421 AMBASSADOR ST APT 205</Address1><Address2 /><City>LOS ANGELES</City><State>CA</State><PostalCode>90035-2834</PostalCode><Country>US</Country></Recipient><Items><Item><Name>Smooth Operator</Name><SKU /><LineItemID>2158</LineItemID><Quantity>1</Quantity></Item></Items></ShipNotice>
02-11-2020 @ 10:05:25 - ShipNotify Item: SimpleXMLElement Object
(
    [Name] => Smooth Operator
    [SKU] => SimpleXMLElement Object
        (
        )

    [LineItemID] => 2158
    [Quantity] => 1
)

02-11-2020 @ 10:05:25 - Shipped 1 out of 1 items in order 12436
02-11-2020 @ 10:05:26 - Updated order 12436 to status wc-completed
02-11-2020 @ 10:05:27 - Input params: wc-api=wc_shipstation&auth_key=WCSS-b6c91f0b4959b1c4a9d6e9759774c5ab&action=shipnotify&order_number=12457&carrier=USPS&service=USPS+First+Class+Mail&tracking_number=9400111899561202322454&capture=true
02-11-2020 @ 10:05:27 - ShipNotify XML: <?xml version="1.0" encoding="UTF-8"?><ShipNotice><OrderNumber>12457</OrderNumber><OrderID>12457</OrderID><CustomerCode>diane.ashley9@gmail.com</CustomerCode><CustomerNotes><![CDATA[]]></CustomerNotes><InternalNotes><![CDATA[]]></InternalNotes><NotesToCustomer><![CDATA[]]></NotesToCustomer><NotifyCustomer>false</NotifyCustomer><LabelCreateDate>02/11/2020 08:00</LabelCreateDate><ShipDate>02/11/2020</ShipDate><Carrier>USPS</Carrier><Service>USPS First Class Mail</Service><TrackingNumber>9400111899561202322454</TrackingNumber><ShippingCost>4.4600</ShippingCost><CustomField1>lets69</CustomField1><CustomField2 /><CustomField3 /><Recipient><Name>Ashley D Vazquez</Name><Company /><Address1>1704 MAPLEWOOD DR</Address1><Address2 /><City>GREENACRES</City><State>FL</State><PostalCode>33415-1422</PostalCode><Country>US</Country></Recipient><Items><Item><Name>Happy Clam</Name><SKU /><LineItemID>2171</LineItemID><Quantity>1</Quantity></Item></Items></ShipNotice>
02-11-2020 @ 10:05:27 - ShipNotify Item: SimpleXMLElement Object
(
    [Name] => Happy Clam
    [SKU] => SimpleXMLElement Object
        (
        )

    [LineItemID] => 2171
    [Quantity] => 1
)

02-11-2020 @ 10:05:27 - Shipped 1 out of 1 items in order 12457
02-11-2020 @ 10:05:27 - Updated order 12457 to status wc-completed
02-11-2020 @ 10:05:28 - Input params: wc-api=wc_shipstation&auth_key=WCSS-b6c91f0b4959b1c4a9d6e9759774c5ab&action=shipnotify&order_number=12446&carrier=USPS&service=USPS+First+Class+Mail&tracking_number=9400111899561202328920&capture=true
02-11-2020 @ 10:05:28 - ShipNotify XML: <?xml version="1.0" encoding="UTF-8"?><ShipNotice><OrderNumber>12446</OrderNumber><OrderID>12446</OrderID><CustomerCode>sscott1000@msn.com</CustomerCode><CustomerNotes><![CDATA[]]></CustomerNotes><InternalNotes><![CDATA[]]></InternalNotes><NotesToCustomer><![CDATA[]]></NotesToCustomer><NotifyCustomer>false</NotifyCustomer><LabelCreateDate>02/11/2020 08:00</LabelCreateDate><ShipDate>02/11/2020</ShipDate><Carrier>USPS</Carrier><Service>USPS First Class Mail</Service><TrackingNumber>9400111899561202328920</TrackingNumber><ShippingCost>3.9700</ShippingCost><CustomField1>lets69</CustomField1><CustomField2 /><CustomField3 /><Recipient><Name>Steven Scott</Name><Company /><Address1>PO BOX 2523</Address1><Address2 /><City>ORCUTT</City><State>CA</State><PostalCode>93457-2523</PostalCode><Country>US</Country></Recipient><Items><Item><Name>Smooth Operator</Name><SKU /><LineItemID>2167</LineItemID><Quantity>1</Quantity></Item></Items></ShipNotice>
02-11-2020 @ 10:05:28 - ShipNotify Item: SimpleXMLElement Object
(
    [Name] => Smooth Operator
    [SKU] => SimpleXMLElement Object
        (
        )

    [LineItemID] => 2167
    [Quantity] => 1
)

02-11-2020 @ 10:05:28 - Shipped 1 out of 1 items in order 12446
02-11-2020 @ 10:05:28 - Updated order 12446 to status wc-completed
02-11-2020 @ 10:05:30 - Input params: wc-api=wc_shipstation&auth_key=WCSS-b6c91f0b4959b1c4a9d6e9759774c5ab&action=shipnotify&order_number=12442&carrier=USPS&service=USPS+First+Class+Mail&tracking_number=9400111899561202320191&capture=true
02-11-2020 @ 10:05:30 - ShipNotify XML: <?xml version="1.0" encoding="UTF-8"?><ShipNotice><OrderNumber>12442</OrderNumber><OrderID>12442</OrderID><CustomerCode>collewalsh@gmail.com</CustomerCode><CustomerNotes><![CDATA[]]></CustomerNotes><InternalNotes><![CDATA[]]></InternalNotes><NotesToCustomer><![CDATA[]]></NotesToCustomer><NotifyCustomer>false</NotifyCustomer><LabelCreateDate>02/11/2020 08:00</LabelCreateDate><ShipDate>02/11/2020</ShipDate><Carrier>USPS</Carrier><Service>USPS First Class Mail</Service><TrackingNumber>9400111899561202320191</TrackingNumber><ShippingCost>4.4600</ShippingCost><CustomField1>lets69 | vday15</CustomField1><CustomField2 /><CustomField3 /><Recipient><Name>Colleen Walsh</Name><Company /><Address1>2178 35TH ST APT 3E</Address1><Address2 /><City>ASTORIA</City><State>NY</State><PostalCode>11105-2111</PostalCode><Country>US</Country></Recipient><Items><Item><Name>Smooth Operator</Name><SKU /><LineItemID>2162</LineItemID><Quantity>1</Quantity></Item></Items></ShipNotice>
02-11-2020 @ 10:05:30 - ShipNotify Item: SimpleXMLElement Object
(
    [Name] => Smooth Operator
    [SKU] => SimpleXMLElement Object
        (
        )

    [LineItemID] => 2162
    [Quantity] => 1
)

02-11-2020 @ 10:05:30 - Shipped 1 out of 1 items in order 12442
02-11-2020 @ 10:05:30 - Updated order 12442 to status wc-completed
02-11-2020 @ 10:05:31 - Input params: wc-api=wc_shipstation&auth_key=WCSS-b6c91f0b4959b1c4a9d6e9759774c5ab&action=shipnotify&order_number=12470&carrier=USPS&service=USPS+First+Class+Mail&tracking_number=9400111899561202328753&capture=true
02-11-2020 @ 10:05:31 - ShipNotify XML: <?xml version="1.0" encoding="UTF-8"?><ShipNotice><OrderNumber>12470</OrderNumber><OrderID>12470</OrderID><CustomerCode>lillymith@yahoo.com</CustomerCode><CustomerNotes><![CDATA[]]></CustomerNotes><InternalNotes><![CDATA[]]></InternalNotes><NotesToCustomer><![CDATA[]]></NotesToCustomer><NotifyCustomer>false</NotifyCustomer><LabelCreateDate>02/11/2020 08:00</LabelCreateDate><ShipDate>02/11/2020</ShipDate><Carrier>USPS</Carrier><Service>USPS First Class Mail</Service><TrackingNumber>9400111899561202328753</TrackingNumber><ShippingCost>3.9700</ShippingCost><CustomField1>lets69</CustomField1><CustomField2 /><CustomField3 /><Recipient><Name>Elizabeth Mith</Name><Company /><Address1>338 E 60TH ST</Address1><Address2 /><City>LONG BEACH</City><State>CA</State><PostalCode>90805-3412</PostalCode><Country>US</Country></Recipient><Items><Item><Name>Smooth Operator</Name><SKU /><LineItemID>2187</LineItemID><Quantity>1</Quantity></Item><Item><Name>Happy Clam Sample</Name><SKU /><LineItemID>2188</LineItemID><Quantity>1</Quantity></Item></Items></ShipNotice>
02-11-2020 @ 10:05:31 - ShipNotify Item: SimpleXMLElement Object
(
    [Name] => Smooth Operator
    [SKU] => SimpleXMLElement Object
        (
        )

    [LineItemID] => 2187
    [Quantity] => 1
)

02-11-2020 @ 10:05:31 - ShipNotify Item: SimpleXMLElement Object
(
    [Name] => Happy Clam Sample
    [SKU] => SimpleXMLElement Object
        (
        )

    [LineItemID] => 2188
    [Quantity] => 1
)

02-11-2020 @ 10:05:31 - Item Happy Clam Sample is not shippable product. Skipping.
02-11-2020 @ 10:05:31 - Shipped 1 out of 1 items in order 12470
02-11-2020 @ 10:05:32 - Updated order 12470 to status wc-completed
02-11-2020 @ 10:05:32 - Input params: wc-api=wc_shipstation&auth_key=WCSS-b6c91f0b4959b1c4a9d6e9759774c5ab&action=shipnotify&order_number=12462&carrier=USPS&service=USPS+First+Class+Mail&tracking_number=9400111899561202328074&capture=true
02-11-2020 @ 10:05:32 - ShipNotify XML: <?xml version="1.0" encoding="UTF-8"?><ShipNotice><OrderNumber>12462</OrderNumber><OrderID>12462</OrderID><CustomerCode>cstickel@yahoo.com</CustomerCode><CustomerNotes><![CDATA[]]></CustomerNotes><InternalNotes><![CDATA[]]></InternalNotes><NotesToCustomer><![CDATA[]]></NotesToCustomer><NotifyCustomer>false</NotifyCustomer><LabelCreateDate>02/11/2020 08:00</LabelCreateDate><ShipDate>02/11/2020</ShipDate><Carrier>USPS</Carrier><Service>USPS First Class Mail</Service><TrackingNumber>9400111899561202328074</TrackingNumber><ShippingCost>4.0800</ShippingCost><CustomField1>lets69</CustomField1><CustomField2 /><CustomField3 /><Recipient><Name>Connie Stickel</Name><Company /><Address1>15952 WOODLAND DR</Address1><Address2 /><City>LA PINE</City><State>OR</State><PostalCode>97739-9757</PostalCode><Country>US</Country></Recipient><Items><Item><Name>Happy Clam</Name><SKU /><LineItemID>2181</LineItemID><Quantity>1</Quantity></Item><Item><Name>Happy Clam Sample</Name><SKU /><LineItemID>2182</LineItemID><Quantity>1</Quantity></Item><Item><Name>Smooth Operator Sample</Name><SKU /><LineItemID>2183</LineItemID><Quantity>1</Quantity></Item></Items></ShipNotice>
02-11-2020 @ 10:05:32 - ShipNotify Item: SimpleXMLElement Object
(
    [Name] => Happy Clam
    [SKU] => SimpleXMLElement Object
        (
        )

    [LineItemID] => 2181
    [Quantity] => 1
)

02-11-2020 @ 10:05:32 - ShipNotify Item: SimpleXMLElement Object
(
    [Name] => Happy Clam Sample
    [SKU] => SimpleXMLElement Object
        (
        )

    [LineItemID] => 2182
    [Quantity] => 1
)

02-11-2020 @ 10:05:32 - Item Happy Clam Sample is not shippable product. Skipping.
02-11-2020 @ 10:05:32 - ShipNotify Item: SimpleXMLElement Object
(
    [Name] => Smooth Operator Sample
    [SKU] => SimpleXMLElement Object
        (
        )

    [LineItemID] => 2183
    [Quantity] => 1
)

02-11-2020 @ 10:05:32 - Item Smooth Operator Sample is not shippable product. Skipping.
02-11-2020 @ 10:05:32 - Shipped 1 out of 1 items in order 12462
02-11-2020 @ 10:05:33 - Updated order 12462 to status wc-completed
02-11-2020 @ 10:05:34 - Input params: wc-api=wc_shipstation&auth_key=WCSS-b6c91f0b4959b1c4a9d6e9759774c5ab&action=shipnotify&order_number=12490&carrier=USPS&service=USPS+First+Class+Mail&tracking_number=9400111899561202327237&capture=true
02-11-2020 @ 10:05:34 - ShipNotify XML: <?xml version="1.0" encoding="UTF-8"?><ShipNotice><OrderNumber>12490</OrderNumber><OrderID>12490</OrderID><CustomerCode>rtwalker1@att.net</CustomerCode><CustomerNotes><![CDATA[]]></CustomerNotes><InternalNotes><![CDATA[]]></InternalNotes><NotesToCustomer><![CDATA[]]></NotesToCustomer><NotifyCustomer>false</NotifyCustomer><LabelCreateDate>02/11/2020 08:00</LabelCreateDate><ShipDate>02/11/2020</ShipDate><Carrier>USPS</Carrier><Service>USPS First Class Mail</Service><TrackingNumber>9400111899561202327237</TrackingNumber><ShippingCost>5.1200</ShippingCost><CustomField1>lets69</CustomField1><CustomField2 /><CustomField3 /><Recipient><Name>Ray Walker</Name><Company /><Address1>7460 ROUGH ROCK DR</Address1><Address2 /><City>RENO</City><State>NV</State><PostalCode>89502-7617</PostalCode><Country>US</Country></Recipient><Items><Item><Name>Happy Clam</Name><SKU /><LineItemID>2192</LineItemID><Quantity>1</Quantity></Item><Item><Name>Smooth Operator</Name><SKU /><LineItemID>2193</LineItemID><Quantity>1</Quantity></Item></Items></ShipNotice>
02-11-2020 @ 10:05:34 - ShipNotify Item: SimpleXMLElement Object
(
    [Name] => Happy Clam
    [SKU] => SimpleXMLElement Object
        (
        )

    [LineItemID] => 2192
    [Quantity] => 1
)

02-11-2020 @ 10:05:34 - ShipNotify Item: SimpleXMLElement Object
(
    [Name] => Smooth Operator
    [SKU] => SimpleXMLElement Object
        (
        )

    [LineItemID] => 2193
    [Quantity] => 1
)

02-11-2020 @ 10:05:34 - Shipped 2 out of 2 items in order 12490
02-11-2020 @ 10:05:34 - Updated order 12490 to status wc-completed
02-11-2020 @ 10:05:35 - Input params: wc-api=wc_shipstation&auth_key=WCSS-b6c91f0b4959b1c4a9d6e9759774c5ab&action=shipnotify&order_number=12499&carrier=USPS&service=USPS+First+Class+Mail&tracking_number=9400111899561202326520&capture=true
02-11-2020 @ 10:05:35 - ShipNotify XML: <?xml version="1.0" encoding="UTF-8"?><ShipNotice><OrderNumber>12499</OrderNumber><OrderID>12499</OrderID><CustomerCode>joshualeenickle5@gmail.com</CustomerCode><CustomerNotes><![CDATA[]]></CustomerNotes><InternalNotes><![CDATA[]]></InternalNotes><NotesToCustomer><![CDATA[]]></NotesToCustomer><NotifyCustomer>false</NotifyCustomer><LabelCreateDate>02/11/2020 08:00</LabelCreateDate><ShipDate>02/11/2020</ShipDate><Carrier>USPS</Carrier><Service>USPS First Class Mail</Service><TrackingNumber>9400111899561202326520</TrackingNumber><ShippingCost>3.9700</ShippingCost><CustomField1 /><CustomField2 /><CustomField3 /><Recipient><Name>Joshua Nickle</Name><Company>ME MYSELF &amp; I</Company><Address1>111 E SUNSET ST</Address1><Address2 /><City>LONG BEACH</City><State>CA</State><PostalCode>90805-6631</PostalCode><Country>US</Country></Recipient><Items><Item><Name>Smooth Operator</Name><SKU /><LineItemID>2197</LineItemID><Quantity>1</Quantity></Item><Item><Name>Happy Clam Sample</Name><SKU /><LineItemID>2198</LineItemID><Quantity>1</Quantity></Item><Item><Name>Smooth Operator Sample</Name><SKU /><LineItemID>2199</LineItemID><Quantity>1</Quantity></Item></Items></ShipNotice>
02-11-2020 @ 10:05:35 - ShipNotify Item: SimpleXMLElement Object
(
    [Name] => Smooth Operator
    [SKU] => SimpleXMLElement Object
        (
        )

    [LineItemID] => 2197
    [Quantity] => 1
)

02-11-2020 @ 10:05:35 - ShipNotify Item: SimpleXMLElement Object
(
    [Name] => Happy Clam Sample
    [SKU] => SimpleXMLElement Object
        (
        )

    [LineItemID] => 2198
    [Quantity] => 1
)

02-11-2020 @ 10:05:35 - Item Happy Clam Sample is not shippable product. Skipping.
02-11-2020 @ 10:05:35 - ShipNotify Item: SimpleXMLElement Object
(
    [Name] => Smooth Operator Sample
    [SKU] => SimpleXMLElement Object
        (
        )

    [LineItemID] => 2199
    [Quantity] => 1
)

02-11-2020 @ 10:05:35 - Item Smooth Operator Sample is not shippable product. Skipping.
02-11-2020 @ 10:05:35 - Shipped 1 out of 1 items in order 12499
02-11-2020 @ 10:05:36 - Updated order 12499 to status wc-completed
02-11-2020 @ 10:22:52 - Input params: wc-api=wc_shipstation&auth_key=WCSS-b6c91f0b4959b1c4a9d6e9759774c5ab&action=export&start_date=02%2F10%2F2020+23%3A22&end_date=02%2F12%2F2020+09%3A22&page=1
02-11-2020 @ 10:22:53 - Exported 58 orders
02-11-2020 @ 12:23:03 - Input params: wc-api=wc_shipstation&auth_key=WCSS-b6c91f0b4959b1c4a9d6e9759774c5ab&action=export&start_date=02%2F11%2F2020+01%3A22&end_date=02%2F12%2F2020+11%3A23&page=1
02-11-2020 @ 12:23:03 - Exported 17 orders
02-11-2020 @ 14:23:11 - Input params: wc-api=wc_shipstation&auth_key=WCSS-b6c91f0b4959b1c4a9d6e9759774c5ab&action=export&start_date=02%2F11%2F2020+03%3A23&end_date=02%2F12%2F2020+13%3A23&page=1
02-11-2020 @ 14:23:12 - Exported 20 orders
02-11-2020 @ 15:04:56 - Input params: wc-api=wc_shipstation&auth_key=WCSS-b6c91f0b4959b1c4a9d6e9759774c5ab&action=shipnotify&order_number=12508&carrier=USPS&service=USPS+First+Class+Mail&tracking_number=9400111899561208257422&capture=true
02-11-2020 @ 15:04:56 - ShipNotify XML: <?xml version="1.0" encoding="UTF-8"?><ShipNotice><OrderNumber>12508</OrderNumber><OrderID>12508</OrderID><CustomerCode>Daradel729@gmail.Com</CustomerCode><CustomerNotes><![CDATA[]]></CustomerNotes><InternalNotes><![CDATA[]]></InternalNotes><NotesToCustomer><![CDATA[]]></NotesToCustomer><NotifyCustomer>false</NotifyCustomer><LabelCreateDate>02/12/2020 08:00</LabelCreateDate><ShipDate>02/12/2020</ShipDate><Carrier>USPS</Carrier><Service>USPS First Class Mail</Service><TrackingNumber>9400111899561208257422</TrackingNumber><ShippingCost>4.3200</ShippingCost><CustomField1>lets69</CustomField1><CustomField2 /><CustomField3 /><Recipient><Name>Dwight Radel</Name><Company /><Address1>4954 BRITTON FARMS DR</Address1><Address2 /><City>HILLIARD</City><State>OH</State><PostalCode>43026-8205</PostalCode><Country>US</Country></Recipient><Items><Item><Name>Smooth Operator</Name><SKU /><LineItemID>2202</LineItemID><Quantity>1</Quantity></Item></Items></ShipNotice>
02-11-2020 @ 15:04:56 - ShipNotify Item: SimpleXMLElement Object
(
    [Name] => Smooth Operator
    [SKU] => SimpleXMLElement Object
        (
        )

    [LineItemID] => 2202
    [Quantity] => 1
)

02-11-2020 @ 15:04:56 - Shipped 1 out of 1 items in order 12508
02-11-2020 @ 15:04:57 - Updated order 12508 to status wc-completed
02-11-2020 @ 15:04:58 - Input params: wc-api=wc_shipstation&auth_key=WCSS-b6c91f0b4959b1c4a9d6e9759774c5ab&action=shipnotify&order_number=12545&carrier=USPS&service=USPS+First+Class+Mail&tracking_number=9400111899561208257309&capture=true
02-11-2020 @ 15:04:58 - ShipNotify XML: <?xml version="1.0" encoding="UTF-8"?><ShipNotice><OrderNumber>12545</OrderNumber><OrderID>12545</OrderID><CustomerCode>samanthalachman@gmail.com</CustomerCode><CustomerNotes><![CDATA[]]></CustomerNotes><InternalNotes><![CDATA[]]></InternalNotes><NotesToCustomer><![CDATA[]]></NotesToCustomer><NotifyCustomer>false</NotifyCustomer><LabelCreateDate>02/12/2020 08:00</LabelCreateDate><ShipDate>02/12/2020</ShipDate><Carrier>USPS</Carrier><Service>USPS First Class Mail</Service><TrackingNumber>9400111899561208257309</TrackingNumber><ShippingCost>3.9700</ShippingCost><CustomField1>lets69</CustomField1><CustomField2 /><CustomField3 /><Recipient><Name>Samantha Lachman</Name><Company /><Address1>905 E 2ND ST APT 542</Address1><Address2 /><City>LOS ANGELES</City><State>CA</State><PostalCode>90012-4485</PostalCode><Country>US</Country></Recipient><Items><Item><Name>Smooth Operator</Name><SKU /><LineItemID>2206</LineItemID><Quantity>1</Quantity></Item><Item><Name>Happy Clam Sample</Name><SKU /><LineItemID>2207</LineItemID><Quantity>1</Quantity></Item></Items></ShipNotice>
02-11-2020 @ 15:04:58 - ShipNotify Item: SimpleXMLElement Object
(
    [Name] => Smooth Operator
    [SKU] => SimpleXMLElement Object
        (
        )

    [LineItemID] => 2206
    [Quantity] => 1
)

02-11-2020 @ 15:04:58 - ShipNotify Item: SimpleXMLElement Object
(
    [Name] => Happy Clam Sample
    [SKU] => SimpleXMLElement Object
        (
        )

    [LineItemID] => 2207
    [Quantity] => 1
)

02-11-2020 @ 15:04:58 - Item Happy Clam Sample is not shippable product. Skipping.
02-11-2020 @ 15:04:58 - Shipped 1 out of 1 items in order 12545
02-11-2020 @ 15:04:59 - Updated order 12545 to status wc-completed
02-11-2020 @ 15:04:59 - Input params: wc-api=wc_shipstation&auth_key=WCSS-b6c91f0b4959b1c4a9d6e9759774c5ab&action=shipnotify&order_number=12565&carrier=USPS&service=USPS+First+Class+Mail&tracking_number=9400111899561208257057&capture=true
02-11-2020 @ 15:04:59 - ShipNotify XML: <?xml version="1.0" encoding="UTF-8"?><ShipNotice><OrderNumber>12565</OrderNumber><OrderID>12565</OrderID><CustomerCode>chachalaca22@gmail.com</CustomerCode><CustomerNotes><![CDATA[]]></CustomerNotes><InternalNotes><![CDATA[]]></InternalNotes><NotesToCustomer><![CDATA[]]></NotesToCustomer><NotifyCustomer>false</NotifyCustomer><LabelCreateDate>02/12/2020 08:00</LabelCreateDate><ShipDate>02/12/2020</ShipDate><Carrier>USPS</Carrier><Service>USPS First Class Mail</Service><TrackingNumber>9400111899561208257057</TrackingNumber><ShippingCost>5.5400</ShippingCost><CustomField1>lets69</CustomField1><CustomField2 /><CustomField3 /><Recipient><Name>Monica Randles</Name><Company /><Address1>24 FULTONWOOD DR SE</Address1><Address2 /><City>GRAND RAPIDS</City><State>MI</State><PostalCode>49503-3808</PostalCode><Country>US</Country></Recipient><Items><Item><Name>Smooth Operator</Name><SKU /><LineItemID>2220</LineItemID><Quantity>1</Quantity></Item><Item><Name>Happy Clam</Name><SKU /><LineItemID>2221</LineItemID><Quantity>1</Quantity></Item></Items></ShipNotice>
02-11-2020 @ 15:04:59 - ShipNotify Item: SimpleXMLElement Object
(
    [Name] => Smooth Operator
    [SKU] => SimpleXMLElement Object
        (
        )

    [LineItemID] => 2220
    [Quantity] => 1
)

02-11-2020 @ 15:04:59 - ShipNotify Item: SimpleXMLElement Object
(
    [Name] => Happy Clam
    [SKU] => SimpleXMLElement Object
        (
        )

    [LineItemID] => 2221
    [Quantity] => 1
)

02-11-2020 @ 15:05:00 - Shipped 2 out of 2 items in order 12565
02-11-2020 @ 15:05:00 - Updated order 12565 to status wc-completed
02-11-2020 @ 15:05:01 - Input params: wc-api=wc_shipstation&auth_key=WCSS-b6c91f0b4959b1c4a9d6e9759774c5ab&action=shipnotify&order_number=12560&carrier=USPS&service=USPS+Priority+Mail&tracking_number=9405511899561208257678&capture=true
02-11-2020 @ 15:05:01 - ShipNotify XML: <?xml version="1.0" encoding="UTF-8"?><ShipNotice><OrderNumber>12560</OrderNumber><OrderID>12560</OrderID><CustomerCode>luckib1013@aol.com</CustomerCode><CustomerNotes><![CDATA[]]></CustomerNotes><InternalNotes><![CDATA[]]></InternalNotes><NotesToCustomer><![CDATA[]]></NotesToCustomer><NotifyCustomer>false</NotifyCustomer><LabelCreateDate>02/12/2020 08:00</LabelCreateDate><ShipDate>02/12/2020</ShipDate><Carrier>USPS</Carrier><Service>USPS Priority Mail</Service><TrackingNumber>9405511899561208257678</TrackingNumber><ShippingCost>7.9800</ShippingCost><CustomField1>lets69</CustomField1><CustomField2 /><CustomField3 /><Recipient><Name>bailey weickum</Name><Company /><Address1>1411 CHESTNUT AVE</Address1><Address2 /><City>AUSTIN</City><State>TX</State><PostalCode>78702-1309</PostalCode><Country>US</Country></Recipient><Items><Item><Name>Smooth Operator</Name><SKU /><LineItemID>2216</LineItemID><Quantity>1</Quantity></Item></Items></ShipNotice>
02-11-2020 @ 15:05:01 - ShipNotify Item: SimpleXMLElement Object
(
    [Name] => Smooth Operator
    [SKU] => SimpleXMLElement Object
        (
        )

    [LineItemID] => 2216
    [Quantity] => 1
)

02-11-2020 @ 15:05:01 - Shipped 1 out of 1 items in order 12560
02-11-2020 @ 15:05:02 - Updated order 12560 to status wc-completed
02-11-2020 @ 15:05:03 - Input params: wc-api=wc_shipstation&auth_key=WCSS-b6c91f0b4959b1c4a9d6e9759774c5ab&action=shipnotify&order_number=12555&carrier=USPS&service=USPS+First+Class+Mail&tracking_number=9400111899561208257651&capture=true
02-11-2020 @ 15:05:03 - ShipNotify XML: <?xml version="1.0" encoding="UTF-8"?><ShipNotice><OrderNumber>12555</OrderNumber><OrderID>12555</OrderID><CustomerCode>knight.rowan@gmail.com</CustomerCode><CustomerNotes><![CDATA[]]></CustomerNotes><InternalNotes><![CDATA[]]></InternalNotes><NotesToCustomer><![CDATA[]]></NotesToCustomer><NotifyCustomer>false</NotifyCustomer><LabelCreateDate>02/12/2020 08:00</LabelCreateDate><ShipDate>02/12/2020</ShipDate><Carrier>USPS</Carrier><Service>USPS First Class Mail</Service><TrackingNumber>9400111899561208257651</TrackingNumber><ShippingCost>4.1800</ShippingCost><CustomField1>lets69</CustomField1><CustomField2 /><CustomField3 /><Recipient><Name>Rowan Knight</Name><Company /><Address1>1813 NAPA CREEK LN</Address1><Address2 /><City>HOUSTON</City><State>TX</State><PostalCode>77009-2041</PostalCode><Country>US</Country></Recipient><Items><Item><Name>Smooth Operator</Name><SKU /><LineItemID>2211</LineItemID><Quantity>1</Quantity></Item><Item><Name>Happy Clam Sample</Name><SKU /><LineItemID>2212</LineItemID><Quantity>1</Quantity></Item></Items></ShipNotice>
02-11-2020 @ 15:05:03 - ShipNotify Item: SimpleXMLElement Object
(
    [Name] => Smooth Operator
    [SKU] => SimpleXMLElement Object
        (
        )

    [LineItemID] => 2211
    [Quantity] => 1
)

02-11-2020 @ 15:05:03 - ShipNotify Item: SimpleXMLElement Object
(
    [Name] => Happy Clam Sample
    [SKU] => SimpleXMLElement Object
        (
        )

    [LineItemID] => 2212
    [Quantity] => 1
)

02-11-2020 @ 15:05:03 - Item Happy Clam Sample is not shippable product. Skipping.
02-11-2020 @ 15:05:03 - Shipped 1 out of 1 items in order 12555
02-11-2020 @ 15:05:03 - Updated order 12555 to status wc-completed
02-11-2020 @ 15:36:50 - Input params: wc-api=wc_shipstation&auth_key=WCSS-b6c91f0b4959b1c4a9d6e9759774c5ab&action=shipnotify&order_number=12508&carrier=USPS&service=USPS+First+Class+Mail&tracking_number=9400111899561208178734&capture=true
02-11-2020 @ 15:36:50 - ShipNotify XML: <?xml version="1.0" encoding="UTF-8"?><ShipNotice><OrderNumber>12508</OrderNumber><OrderID>12508</OrderID><CustomerCode>Daradel729@gmail.Com</CustomerCode><CustomerNotes><![CDATA[]]></CustomerNotes><InternalNotes><![CDATA[]]></InternalNotes><NotesToCustomer><![CDATA[]]></NotesToCustomer><NotifyCustomer>false</NotifyCustomer><LabelCreateDate>02/12/2020 08:00</LabelCreateDate><ShipDate>02/12/2020</ShipDate><Carrier>USPS</Carrier><Service>USPS First Class Mail</Service><TrackingNumber>9400111899561208178734</TrackingNumber><ShippingCost>4.3200</ShippingCost><CustomField1>lets69</CustomField1><CustomField2 /><CustomField3 /><Recipient><Name>Dwight Radel</Name><Company /><Address1>4953 BRITTON FARMS DR</Address1><Address2 /><City>HILLIARD</City><State>OH</State><PostalCode>43026-8206</PostalCode><Country>US</Country></Recipient><Items><Item><Name>Smooth Operator</Name><SKU /><LineItemID>2202</LineItemID><Quantity>1</Quantity></Item></Items></ShipNotice>
02-11-2020 @ 15:36:50 - ShipNotify Item: SimpleXMLElement Object
(
    [Name] => Smooth Operator
    [SKU] => SimpleXMLElement Object
        (
        )

    [LineItemID] => 2202
    [Quantity] => 1
)

02-11-2020 @ 15:36:50 - Shipped 1 out of 1 items in order 12508
02-11-2020 @ 15:36:50 - Updated order 12508 to status wc-completed
02-11-2020 @ 16:10:54 - Input params: wc-api=wc_shipstation&auth_key=WCSS-b6c91f0b4959b1c4a9d6e9759774c5ab&action=export&start_date=02%2F11%2F2020+05%3A23&end_date=02%2F12%2F2020+15%3A10&page=1
02-11-2020 @ 16:10:54 - Exported 21 orders
02-11-2020 @ 16:11:14 - Input params: wc-api=wc_shipstation&auth_key=WCSS-b6c91f0b4959b1c4a9d6e9759774c5ab&action=shipnotify&order_number=12583&carrier=USPS&service=USPS+Priority+Mail&tracking_number=9405511899561208654095&capture=true
02-11-2020 @ 16:11:14 - ShipNotify XML: <?xml version="1.0" encoding="UTF-8"?><ShipNotice><OrderNumber>12583</OrderNumber><OrderID>12583</OrderID><CustomerCode>gene.milman@gmail.com</CustomerCode><CustomerNotes><![CDATA[]]></CustomerNotes><InternalNotes><![CDATA[]]></InternalNotes><NotesToCustomer><![CDATA[]]></NotesToCustomer><NotifyCustomer>false</NotifyCustomer><LabelCreateDate>02/12/2020 08:00</LabelCreateDate><ShipDate>02/12/2020</ShipDate><Carrier>USPS</Carrier><Service>USPS Priority Mail</Service><TrackingNumber>9405511899561208654095</TrackingNumber><ShippingCost>8.4200</ShippingCost><CustomField1>lets69</CustomField1><CustomField2 /><CustomField3 /><Recipient><Name>Gennady Milman</Name><Company>NYC AUTO LEASING</Company><Address1>287 AVENUE X</Address1><Address2 /><City>BROOKLYN</City><State>NY</State><PostalCode>11223-5933</PostalCode><Country>US</Country></Recipient><Items><Item><Name>Smooth Operator</Name><SKU /><LineItemID>2225</LineItemID><Quantity>1</Quantity></Item></Items></ShipNotice>
02-11-2020 @ 16:11:14 - ShipNotify Item: SimpleXMLElement Object
(
    [Name] => Smooth Operator
    [SKU] => SimpleXMLElement Object
        (
        )

    [LineItemID] => 2225
    [Quantity] => 1
)

02-11-2020 @ 16:11:14 - Shipped 1 out of 1 items in order 12583
02-11-2020 @ 16:11:19 - Updated order 12583 to status wc-completed
02-11-2020 @ 16:15:37 - Input params: wc-api=wc_shipstation&auth_key=WCSS-b6c91f0b4959b1c4a9d6e9759774c5ab&action=export&start_date=02%2F11%2F2020+07%3A10&end_date=02%2F12%2F2020+15%3A15&page=1
02-11-2020 @ 16:15:37 - Exported 21 orders
02-11-2020 @ 16:15:41 - Input params: wc-api=wc_shipstation&auth_key=WCSS-b6c91f0b4959b1c4a9d6e9759774c5ab&action=export&start_date=02%2F11%2F2020+07%3A15&end_date=02%2F12%2F2020+15%3A15&page=1
02-11-2020 @ 16:15:42 - Exported 21 orders
