02-18-2020 @ 17:18:04 - Input params: wc-api=wc_shipstation&auth_key=WCSS-b6c91f0b4959b1c4a9d6e9759774c5ab&action=export&start_date=02%2F18%2F2020+06%3A18&end_date=02%2F19%2F2020+16%3A18&page=1
02-18-2020 @ 17:18:05 - Exported 37 orders
02-18-2020 @ 19:18:07 - Input params: wc-api=wc_shipstation&auth_key=WCSS-b6c91f0b4959b1c4a9d6e9759774c5ab&action=export&start_date=02%2F18%2F2020+08%3A18&end_date=02%2F19%2F2020+18%3A18&page=1
02-18-2020 @ 19:18:12 - Exported 37 orders
02-18-2020 @ 21:18:16 - Input params: wc-api=wc_shipstation&auth_key=WCSS-b6c91f0b4959b1c4a9d6e9759774c5ab&action=export&start_date=02%2F18%2F2020+10%3A18&end_date=02%2F19%2F2020+20%3A18&page=1
02-18-2020 @ 21:18:17 - Exported 37 orders
02-18-2020 @ 23:18:19 - Input params: wc-api=wc_shipstation&auth_key=WCSS-b6c91f0b4959b1c4a9d6e9759774c5ab&action=export&start_date=02%2F18%2F2020+12%3A18&end_date=02%2F19%2F2020+22%3A18&page=1
02-18-2020 @ 23:18:19 - Exported 37 orders
02-19-2020 @ 01:18:22 - Input params: wc-api=wc_shipstation&auth_key=WCSS-b6c91f0b4959b1c4a9d6e9759774c5ab&action=export&start_date=02%2F18%2F2020+14%3A18&end_date=02%2F20%2F2020+00%3A18&page=1
02-19-2020 @ 01:18:23 - Exported 37 orders
02-19-2020 @ 03:18:25 - Input params: wc-api=wc_shipstation&auth_key=WCSS-b6c91f0b4959b1c4a9d6e9759774c5ab&action=export&start_date=02%2F18%2F2020+16%3A18&end_date=02%2F20%2F2020+02%3A18&page=1
02-19-2020 @ 03:18:26 - Exported 37 orders
02-19-2020 @ 05:18:29 - Input params: wc-api=wc_shipstation&auth_key=WCSS-b6c91f0b4959b1c4a9d6e9759774c5ab&action=export&start_date=02%2F18%2F2020+18%3A18&end_date=02%2F20%2F2020+04%3A18&page=1
02-19-2020 @ 05:18:30 - Exported 37 orders
02-19-2020 @ 07:18:32 - Input params: wc-api=wc_shipstation&auth_key=WCSS-b6c91f0b4959b1c4a9d6e9759774c5ab&action=export&start_date=02%2F18%2F2020+20%3A18&end_date=02%2F20%2F2020+06%3A18&page=1
02-19-2020 @ 07:18:33 - Exported 37 orders
02-19-2020 @ 09:18:38 - Input params: wc-api=wc_shipstation&auth_key=WCSS-b6c91f0b4959b1c4a9d6e9759774c5ab&action=export&start_date=02%2F18%2F2020+22%3A18&end_date=02%2F20%2F2020+08%3A18&page=1
02-19-2020 @ 09:18:39 - Exported 37 orders
02-19-2020 @ 09:27:45 - Input params: wc-api=wc_shipstation&auth_key=WCSS-b6c91f0b4959b1c4a9d6e9759774c5ab&action=export&start_date=02%2F19%2F2020+00%3A18&end_date=02%2F20%2F2020+08%3A27&page=1
02-19-2020 @ 09:27:45 - Exported 0 orders
02-19-2020 @ 11:27:46 - Input params: wc-api=wc_shipstation&auth_key=WCSS-b6c91f0b4959b1c4a9d6e9759774c5ab&action=export&start_date=02%2F19%2F2020+00%3A27&end_date=02%2F20%2F2020+10%3A27&page=1
02-19-2020 @ 11:27:46 - Exported 2 orders
02-19-2020 @ 13:27:56 - Input params: wc-api=wc_shipstation&auth_key=WCSS-b6c91f0b4959b1c4a9d6e9759774c5ab&action=export&start_date=02%2F19%2F2020+02%3A27&end_date=02%2F20%2F2020+12%3A27&page=1
02-19-2020 @ 13:27:56 - Exported 3 orders
02-19-2020 @ 15:27:58 - Input params: wc-api=wc_shipstation&auth_key=WCSS-b6c91f0b4959b1c4a9d6e9759774c5ab&action=export&start_date=02%2F19%2F2020+04%3A27&end_date=02%2F20%2F2020+14%3A27&page=1
02-19-2020 @ 15:27:59 - Exported 3 orders
02-19-2020 @ 15:33:47 - Input params: wc-api=wc_shipstation&auth_key=WCSS-b6c91f0b4959b1c4a9d6e9759774c5ab&action=shipnotify&order_number=12785&carrier=USPS&service=USPS+First+Class+Mail&tracking_number=9400111899561219850902&capture=true
02-19-2020 @ 15:33:47 - ShipNotify XML: <?xml version="1.0" encoding="UTF-8"?><ShipNotice><OrderNumber>12785</OrderNumber><OrderID>12785</OrderID><CustomerCode>evl_mpire@yahoo.com</CustomerCode><CustomerNotes><![CDATA[]]></CustomerNotes><InternalNotes><![CDATA[]]></InternalNotes><NotesToCustomer><![CDATA[]]></NotesToCustomer><NotifyCustomer>false</NotifyCustomer><LabelCreateDate>02/20/2020 08:00</LabelCreateDate><ShipDate>02/20/2020</ShipDate><Carrier>USPS</Carrier><Service>USPS First Class Mail</Service><TrackingNumber>9400111899561219850902</TrackingNumber><ShippingCost>3.9700</ShippingCost><CustomField1>welcum</CustomField1><CustomField2 /><CustomField3 /><Recipient><Name>Brian Lovato</Name><Company /><Address1>5902 MCNEES AVE</Address1><Address2 /><City>WHITTIER</City><State>CA</State><PostalCode>90606-1106</PostalCode><Country>US</Country></Recipient><Items><Item><Name>Smooth Operator</Name><SKU /><LineItemID>2621</LineItemID><Quantity>1</Quantity></Item><Item><Name>Happy Clam Sample</Name><SKU /><LineItemID>2622</LineItemID><Quantity>1</Quantity></Item><Item><Name>Smooth Operator Sample</Name><SKU /><LineItemID>2623</LineItemID><Quantity>1</Quantity></Item></Items></ShipNotice>
02-19-2020 @ 15:33:47 - ShipNotify Item: SimpleXMLElement Object
(
    [Name] => Smooth Operator
    [SKU] => SimpleXMLElement Object
        (
        )

    [LineItemID] => 2621
    [Quantity] => 1
)

02-19-2020 @ 15:33:47 - ShipNotify Item: SimpleXMLElement Object
(
    [Name] => Happy Clam Sample
    [SKU] => SimpleXMLElement Object
        (
        )

    [LineItemID] => 2622
    [Quantity] => 1
)

02-19-2020 @ 15:33:47 - Item Happy Clam Sample is not shippable product. Skipping.
02-19-2020 @ 15:33:47 - ShipNotify Item: SimpleXMLElement Object
(
    [Name] => Smooth Operator Sample
    [SKU] => SimpleXMLElement Object
        (
        )

    [LineItemID] => 2623
    [Quantity] => 1
)

02-19-2020 @ 15:33:47 - Item Smooth Operator Sample is not shippable product. Skipping.
02-19-2020 @ 15:33:47 - Shipped 1 out of 1 items in order 12785
02-19-2020 @ 15:33:48 - Updated order 12785 to status wc-completed
02-19-2020 @ 15:33:48 - Input params: wc-api=wc_shipstation&auth_key=WCSS-b6c91f0b4959b1c4a9d6e9759774c5ab&action=shipnotify&order_number=12784&carrier=USPS&service=USPS+First+Class+Mail&tracking_number=9400111899561219850667&capture=true
02-19-2020 @ 15:33:48 - ShipNotify XML: <?xml version="1.0" encoding="UTF-8"?><ShipNotice><OrderNumber>12784</OrderNumber><OrderID>12784</OrderID><CustomerCode>olgalang@sbcglobal.net</CustomerCode><CustomerNotes><![CDATA[]]></CustomerNotes><InternalNotes><![CDATA[]]></InternalNotes><NotesToCustomer><![CDATA[]]></NotesToCustomer><NotifyCustomer>false</NotifyCustomer><LabelCreateDate>02/20/2020 08:00</LabelCreateDate><ShipDate>02/20/2020</ShipDate><Carrier>USPS</Carrier><Service>USPS First Class Mail</Service><TrackingNumber>9400111899561219850667</TrackingNumber><ShippingCost>5.1200</ShippingCost><CustomField1 /><CustomField2 /><CustomField3 /><Recipient><Name>Olga Padilla</Name><Company /><Address1>4205 DOMINGUEZ DR</Address1><Address2 /><City>DENAIR</City><State>CA</State><PostalCode>95316-9709</PostalCode><Country>US</Country></Recipient><Items><Item><Name>Smooth Operator</Name><SKU /><LineItemID>2617</LineItemID><Quantity>1</Quantity></Item><Item><Name>Happy Clam</Name><SKU /><LineItemID>2618</LineItemID><Quantity>1</Quantity></Item></Items></ShipNotice>
02-19-2020 @ 15:33:48 - ShipNotify Item: SimpleXMLElement Object
(
    [Name] => Smooth Operator
    [SKU] => SimpleXMLElement Object
        (
        )

    [LineItemID] => 2617
    [Quantity] => 1
)

02-19-2020 @ 15:33:48 - ShipNotify Item: SimpleXMLElement Object
(
    [Name] => Happy Clam
    [SKU] => SimpleXMLElement Object
        (
        )

    [LineItemID] => 2618
    [Quantity] => 1
)

02-19-2020 @ 15:33:48 - Shipped 2 out of 2 items in order 12784
02-19-2020 @ 15:33:49 - Updated order 12784 to status wc-completed
02-19-2020 @ 15:33:50 - Input params: wc-api=wc_shipstation&auth_key=WCSS-b6c91f0b4959b1c4a9d6e9759774c5ab&action=shipnotify&order_number=12786&carrier=USPS&service=USPS+First+Class+Mail&tracking_number=9400111899561219850384&capture=true
02-19-2020 @ 15:33:50 - ShipNotify XML: <?xml version="1.0" encoding="UTF-8"?><ShipNotice><OrderNumber>12786</OrderNumber><OrderID>12786</OrderID><CustomerCode>jamesfd62@gmail.com</CustomerCode><CustomerNotes><![CDATA[]]></CustomerNotes><InternalNotes><![CDATA[]]></InternalNotes><NotesToCustomer><![CDATA[]]></NotesToCustomer><NotifyCustomer>false</NotifyCustomer><LabelCreateDate>02/20/2020 08:00</LabelCreateDate><ShipDate>02/20/2020</ShipDate><Carrier>USPS</Carrier><Service>USPS First Class Mail</Service><TrackingNumber>9400111899561219850384</TrackingNumber><ShippingCost>3.9300</ShippingCost><CustomField1 /><CustomField2 /><CustomField3 /><Recipient><Name>James Davis</Name><Company /><Address1>609 MONUMENT POINT ST</Address1><Address2 /><City>HENDERSON</City><State>NV</State><PostalCode>89002-3302</PostalCode><Country>US</Country></Recipient><Items><Item><Name>Smooth Operator</Name><SKU /><LineItemID>2627</LineItemID><Quantity>1</Quantity></Item><Item><Name>Happy Clam Sample</Name><SKU /><LineItemID>2628</LineItemID><Quantity>1</Quantity></Item></Items></ShipNotice>
02-19-2020 @ 15:33:50 - ShipNotify Item: SimpleXMLElement Object
(
    [Name] => Smooth Operator
    [SKU] => SimpleXMLElement Object
        (
        )

    [LineItemID] => 2627
    [Quantity] => 1
)

02-19-2020 @ 15:33:50 - ShipNotify Item: SimpleXMLElement Object
(
    [Name] => Happy Clam Sample
    [SKU] => SimpleXMLElement Object
        (
        )

    [LineItemID] => 2628
    [Quantity] => 1
)

02-19-2020 @ 15:33:50 - Item Happy Clam Sample is not shippable product. Skipping.
02-19-2020 @ 15:33:50 - Shipped 1 out of 1 items in order 12786
02-19-2020 @ 15:33:50 - Updated order 12786 to status wc-completed
