02-11-2020 @ 18:15:43 - Input params: wc-api=wc_shipstation&auth_key=WCSS-b6c91f0b4959b1c4a9d6e9759774c5ab&action=export&start_date=02%2F11%2F2020+07%3A15&end_date=02%2F12%2F2020+17%3A15&page=1
02-11-2020 @ 18:15:44 - Exported 25 orders
02-11-2020 @ 20:15:47 - Input params: wc-api=wc_shipstation&auth_key=WCSS-b6c91f0b4959b1c4a9d6e9759774c5ab&action=export&start_date=02%2F11%2F2020+09%3A15&end_date=02%2F12%2F2020+19%3A15&page=1
02-11-2020 @ 20:15:47 - Exported 29 orders
02-11-2020 @ 22:15:52 - Input params: wc-api=wc_shipstation&auth_key=WCSS-b6c91f0b4959b1c4a9d6e9759774c5ab&action=export&start_date=02%2F11%2F2020+11%3A15&end_date=02%2F12%2F2020+21%3A15&page=1
02-11-2020 @ 22:15:52 - Exported 31 orders
02-12-2020 @ 00:15:56 - Input params: wc-api=wc_shipstation&auth_key=WCSS-b6c91f0b4959b1c4a9d6e9759774c5ab&action=export&start_date=02%2F11%2F2020+13%3A15&end_date=02%2F12%2F2020+23%3A15&page=1
02-12-2020 @ 00:15:56 - Exported 31 orders
02-12-2020 @ 02:15:58 - Input params: wc-api=wc_shipstation&auth_key=WCSS-b6c91f0b4959b1c4a9d6e9759774c5ab&action=export&start_date=02%2F11%2F2020+15%3A15&end_date=02%2F13%2F2020+01%3A15&page=1
02-12-2020 @ 02:15:59 - Exported 31 orders
02-12-2020 @ 04:16:01 - Input params: wc-api=wc_shipstation&auth_key=WCSS-b6c91f0b4959b1c4a9d6e9759774c5ab&action=export&start_date=02%2F11%2F2020+17%3A15&end_date=02%2F13%2F2020+03%3A15&page=1
02-12-2020 @ 04:16:02 - Exported 31 orders
02-12-2020 @ 06:16:04 - Input params: wc-api=wc_shipstation&auth_key=WCSS-b6c91f0b4959b1c4a9d6e9759774c5ab&action=export&start_date=02%2F11%2F2020+19%3A16&end_date=02%2F13%2F2020+05%3A16&page=1
02-12-2020 @ 06:16:05 - Exported 31 orders
02-12-2020 @ 08:16:07 - Input params: wc-api=wc_shipstation&auth_key=WCSS-b6c91f0b4959b1c4a9d6e9759774c5ab&action=export&start_date=02%2F11%2F2020+21%3A16&end_date=02%2F13%2F2020+07%3A16&page=1
02-12-2020 @ 08:16:07 - Exported 31 orders
02-12-2020 @ 09:02:46 - Input params: wc-api=wc_shipstation&auth_key=WCSS-b6c91f0b4959b1c4a9d6e9759774c5ab&action=shipnotify&order_number=12604&carrier=USPS&service=USPS+First+Class+Mail&tracking_number=9400111899561201954038&capture=true
02-12-2020 @ 09:02:46 - ShipNotify XML: <?xml version="1.0" encoding="UTF-8"?><ShipNotice><OrderNumber>12604</OrderNumber><OrderID>12604</OrderID><CustomerCode>brookelynn83@comcast.net</CustomerCode><CustomerNotes><![CDATA[Thank you for such a great product!]]></CustomerNotes><InternalNotes><![CDATA[]]></InternalNotes><NotesToCustomer><![CDATA[]]></NotesToCustomer><NotifyCustomer>false</NotifyCustomer><LabelCreateDate>02/12/2020 08:00</LabelCreateDate><ShipDate>02/12/2020</ShipDate><Carrier>USPS</Carrier><Service>USPS First Class Mail</Service><TrackingNumber>9400111899561201954038</TrackingNumber><ShippingCost>5.7000</ShippingCost><CustomField1>lets69</CustomField1><CustomField2 /><CustomField3 /><Recipient><Name>Brooke Boone</Name><Company /><Address1>20 OLD COHANSEY RD</Address1><Address2 /><City>BRIDGETON</City><State>NJ</State><PostalCode>08302-6759</PostalCode><Country>US</Country></Recipient><Items><Item><Name>Smooth Operator</Name><SKU /><LineItemID>2241</LineItemID><Quantity>2</Quantity></Item></Items></ShipNotice>
02-12-2020 @ 09:02:47 - ShipNotify Item: SimpleXMLElement Object
(
    [Name] => Smooth Operator
    [SKU] => SimpleXMLElement Object
        (
        )

    [LineItemID] => 2241
    [Quantity] => 2
)

02-12-2020 @ 09:02:47 - Shipped 2 out of 2 items in order 12604
02-12-2020 @ 09:02:47 - Updated order 12604 to status wc-completed
02-12-2020 @ 09:02:48 - Input params: wc-api=wc_shipstation&auth_key=WCSS-b6c91f0b4959b1c4a9d6e9759774c5ab&action=shipnotify&order_number=12597&carrier=USPS&service=USPS+First+Class+Mail&tracking_number=9400111899561201955240&capture=true
02-12-2020 @ 09:02:48 - ShipNotify XML: <?xml version="1.0" encoding="UTF-8"?><ShipNotice><OrderNumber>12597</OrderNumber><OrderID>12597</OrderID><CustomerCode>teamalles@hotmail.com</CustomerCode><CustomerNotes><![CDATA[]]></CustomerNotes><InternalNotes><![CDATA[]]></InternalNotes><NotesToCustomer><![CDATA[]]></NotesToCustomer><NotifyCustomer>false</NotifyCustomer><LabelCreateDate>02/12/2020 08:00</LabelCreateDate><ShipDate>02/12/2020</ShipDate><Carrier>USPS</Carrier><Service>USPS First Class Mail</Service><TrackingNumber>9400111899561201955240</TrackingNumber><ShippingCost>4.0800</ShippingCost><CustomField1 /><CustomField2 /><CustomField3 /><Recipient><Name>Jill Alles</Name><Company /><Address1>622 38TH AVE</Address1><Address2 /><City>SEATTLE</City><State>WA</State><PostalCode>98122-6424</PostalCode><Country>US</Country></Recipient><Items><Item><Name>Smooth Operator</Name><SKU /><LineItemID>2238</LineItemID><Quantity>1</Quantity></Item></Items></ShipNotice>
02-12-2020 @ 09:02:48 - ShipNotify Item: SimpleXMLElement Object
(
    [Name] => Smooth Operator
    [SKU] => SimpleXMLElement Object
        (
        )

    [LineItemID] => 2238
    [Quantity] => 1
)

02-12-2020 @ 09:02:48 - Shipped 1 out of 1 items in order 12597
02-12-2020 @ 09:02:49 - Updated order 12597 to status wc-completed
02-12-2020 @ 09:02:49 - Input params: wc-api=wc_shipstation&auth_key=WCSS-b6c91f0b4959b1c4a9d6e9759774c5ab&action=shipnotify&order_number=12593&carrier=USPS&service=USPS+First+Class+Mail&tracking_number=9400111899561201954557&capture=true
02-12-2020 @ 09:02:49 - ShipNotify XML: <?xml version="1.0" encoding="UTF-8"?><ShipNotice><OrderNumber>12593</OrderNumber><OrderID>12593</OrderID><CustomerCode>jtcfish@comcast.net</CustomerCode><CustomerNotes><![CDATA[]]></CustomerNotes><InternalNotes><![CDATA[]]></InternalNotes><NotesToCustomer><![CDATA[]]></NotesToCustomer><NotifyCustomer>false</NotifyCustomer><LabelCreateDate>02/12/2020 08:00</LabelCreateDate><ShipDate>02/12/2020</ShipDate><Carrier>USPS</Carrier><Service>USPS First Class Mail</Service><TrackingNumber>9400111899561201954557</TrackingNumber><ShippingCost>4.3200</ShippingCost><CustomField1>lets69</CustomField1><CustomField2 /><CustomField3 /><Recipient><Name>James Carnahan</Name><Company /><Address1>2072 RODMAN BLVD</Address1><Address2 /><City>GALLATIN</City><State>TN</State><PostalCode>37066-4472</PostalCode><Country>US</Country></Recipient><Items><Item><Name>Smooth Operator</Name><SKU /><LineItemID>2234</LineItemID><Quantity>1</Quantity></Item></Items></ShipNotice>
02-12-2020 @ 09:02:50 - ShipNotify Item: SimpleXMLElement Object
(
    [Name] => Smooth Operator
    [SKU] => SimpleXMLElement Object
        (
        )

    [LineItemID] => 2234
    [Quantity] => 1
)

02-12-2020 @ 09:02:50 - Shipped 1 out of 1 items in order 12593
02-12-2020 @ 09:02:50 - Updated order 12593 to status wc-completed
02-12-2020 @ 09:02:51 - Input params: wc-api=wc_shipstation&auth_key=WCSS-b6c91f0b4959b1c4a9d6e9759774c5ab&action=shipnotify&order_number=12588&carrier=USPS&service=USPS+First+Class+Mail&tracking_number=9400111899561201955882&capture=true
02-12-2020 @ 09:02:51 - ShipNotify XML: <?xml version="1.0" encoding="UTF-8"?><ShipNotice><OrderNumber>12588</OrderNumber><OrderID>12588</OrderID><CustomerCode>kevin@simpsonsecurity.com</CustomerCode><CustomerNotes><![CDATA[]]></CustomerNotes><InternalNotes><![CDATA[]]></InternalNotes><NotesToCustomer><![CDATA[]]></NotesToCustomer><NotifyCustomer>false</NotifyCustomer><LabelCreateDate>02/12/2020 08:00</LabelCreateDate><ShipDate>02/12/2020</ShipDate><Carrier>USPS</Carrier><Service>USPS First Class Mail</Service><TrackingNumber>9400111899561201955882</TrackingNumber><ShippingCost>5.4000</ShippingCost><CustomField1>lets69</CustomField1><CustomField2 /><CustomField3 /><Recipient><Name>Kevin Simpson</Name><Company /><Address1>5721 COURTLAND PL</Address1><Address2 /><City>ALEXANDRIA</City><State>LA</State><PostalCode>71301-2665</PostalCode><Country>US</Country></Recipient><Items><Item><Name>Smooth Operator</Name><SKU /><LineItemID>2229</LineItemID><Quantity>1</Quantity></Item><Item><Name>Happy Clam</Name><SKU /><LineItemID>2230</LineItemID><Quantity>1</Quantity></Item></Items></ShipNotice>
02-12-2020 @ 09:02:51 - ShipNotify Item: SimpleXMLElement Object
(
    [Name] => Smooth Operator
    [SKU] => SimpleXMLElement Object
        (
        )

    [LineItemID] => 2229
    [Quantity] => 1
)

02-12-2020 @ 09:02:51 - ShipNotify Item: SimpleXMLElement Object
(
    [Name] => Happy Clam
    [SKU] => SimpleXMLElement Object
        (
        )

    [LineItemID] => 2230
    [Quantity] => 1
)

02-12-2020 @ 09:02:51 - Shipped 2 out of 2 items in order 12588
02-12-2020 @ 09:02:51 - Updated order 12588 to status wc-completed
02-12-2020 @ 09:02:52 - Input params: wc-api=wc_shipstation&auth_key=WCSS-b6c91f0b4959b1c4a9d6e9759774c5ab&action=shipnotify&order_number=12631&carrier=USPS&service=USPS+First+Class+Mail&tracking_number=9400111899561201954052&capture=true
02-12-2020 @ 09:02:52 - ShipNotify XML: <?xml version="1.0" encoding="UTF-8"?><ShipNotice><OrderNumber>12631</OrderNumber><OrderID>12631</OrderID><CustomerCode>bondj919@gmail.com</CustomerCode><CustomerNotes><![CDATA[]]></CustomerNotes><InternalNotes><![CDATA[]]></InternalNotes><NotesToCustomer><![CDATA[]]></NotesToCustomer><NotifyCustomer>false</NotifyCustomer><LabelCreateDate>02/12/2020 08:00</LabelCreateDate><ShipDate>02/12/2020</ShipDate><Carrier>USPS</Carrier><Service>USPS First Class Mail</Service><TrackingNumber>9400111899561201954052</TrackingNumber><ShippingCost>4.4600</ShippingCost><CustomField1>lets69</CustomField1><CustomField2 /><CustomField3 /><Recipient><Name>Janice Bond</Name><Company /><Address1>424 ALBERMARLE AVE</Address1><Address2 /><City>BELLMORE</City><State>NY</State><PostalCode>11710-3501</PostalCode><Country>US</Country></Recipient><Items><Item><Name>Smooth Operator</Name><SKU /><LineItemID>2259</LineItemID><Quantity>1</Quantity></Item><Item><Name>Smooth Operator Sample</Name><SKU /><LineItemID>2260</LineItemID><Quantity>1</Quantity></Item></Items></ShipNotice>
02-12-2020 @ 09:02:53 - ShipNotify Item: SimpleXMLElement Object
(
    [Name] => Smooth Operator
    [SKU] => SimpleXMLElement Object
        (
        )

    [LineItemID] => 2259
    [Quantity] => 1
)

02-12-2020 @ 09:02:53 - ShipNotify Item: SimpleXMLElement Object
(
    [Name] => Smooth Operator Sample
    [SKU] => SimpleXMLElement Object
        (
        )

    [LineItemID] => 2260
    [Quantity] => 1
)

02-12-2020 @ 09:02:53 - Item Smooth Operator Sample is not shippable product. Skipping.
02-12-2020 @ 09:02:53 - Shipped 1 out of 1 items in order 12631
02-12-2020 @ 09:02:54 - Updated order 12631 to status wc-completed
02-12-2020 @ 09:02:54 - Input params: wc-api=wc_shipstation&auth_key=WCSS-b6c91f0b4959b1c4a9d6e9759774c5ab&action=shipnotify&order_number=12627&carrier=USPS&service=USPS+First+Class+Mail&tracking_number=9400111899561201952553&capture=true
02-12-2020 @ 09:02:54 - ShipNotify XML: <?xml version="1.0" encoding="UTF-8"?><ShipNotice><OrderNumber>12627</OrderNumber><OrderID>12627</OrderID><CustomerCode>msolanddesign@bellsouth.net</CustomerCode><CustomerNotes><![CDATA[]]></CustomerNotes><InternalNotes><![CDATA[]]></InternalNotes><NotesToCustomer><![CDATA[]]></NotesToCustomer><NotifyCustomer>false</NotifyCustomer><LabelCreateDate>02/12/2020 08:00</LabelCreateDate><ShipDate>02/12/2020</ShipDate><Carrier>USPS</Carrier><Service>USPS First Class Mail</Service><TrackingNumber>9400111899561201952553</TrackingNumber><ShippingCost>4.3200</ShippingCost><CustomField1>lets69</CustomField1><CustomField2 /><CustomField3 /><Recipient><Name>Michael OBrien</Name><Company /><Address1>1901 9TH ST</Address1><Address2 /><City>ATLANTA</City><State>GA</State><PostalCode>30341-4736</PostalCode><Country>US</Country></Recipient><Items><Item><Name>Smooth Operator</Name><SKU /><LineItemID>2255</LineItemID><Quantity>1</Quantity></Item></Items></ShipNotice>
02-12-2020 @ 09:02:54 - ShipNotify Item: SimpleXMLElement Object
(
    [Name] => Smooth Operator
    [SKU] => SimpleXMLElement Object
        (
        )

    [LineItemID] => 2255
    [Quantity] => 1
)

02-12-2020 @ 09:02:54 - Shipped 1 out of 1 items in order 12627
02-12-2020 @ 09:02:55 - Updated order 12627 to status wc-completed
02-12-2020 @ 09:02:56 - Input params: wc-api=wc_shipstation&auth_key=WCSS-b6c91f0b4959b1c4a9d6e9759774c5ab&action=shipnotify&order_number=12619&carrier=USPS&service=USPS+First+Class+Mail&tracking_number=9400111899561201950658&capture=true
02-12-2020 @ 09:02:56 - ShipNotify XML: <?xml version="1.0" encoding="UTF-8"?><ShipNotice><OrderNumber>12619</OrderNumber><OrderID>12619</OrderID><CustomerCode>smed8@aol.com</CustomerCode><CustomerNotes><![CDATA[]]></CustomerNotes><InternalNotes><![CDATA[]]></InternalNotes><NotesToCustomer><![CDATA[]]></NotesToCustomer><NotifyCustomer>false</NotifyCustomer><LabelCreateDate>02/12/2020 08:00</LabelCreateDate><ShipDate>02/12/2020</ShipDate><Carrier>USPS</Carrier><Service>USPS First Class Mail</Service><TrackingNumber>9400111899561201950658</TrackingNumber><ShippingCost>3.9300</ShippingCost><CustomField1>lets69</CustomField1><CustomField2 /><CustomField3 /><Recipient><Name>Stan Moore</Name><Company /><Address1>30 STRADA DI VILLAGGIO UNIT 160</Address1><Address2 /><City>HENDERSON</City><State>NV</State><PostalCode>89011-2820</PostalCode><Country>US</Country></Recipient><Items><Item><Name>Smooth Operator</Name><SKU /><LineItemID>2249</LineItemID><Quantity>1</Quantity></Item><Item><Name>Happy Clam Sample</Name><SKU /><LineItemID>2250</LineItemID><Quantity>1</Quantity></Item><Item><Name>Smooth Operator Sample</Name><SKU /><LineItemID>2251</LineItemID><Quantity>1</Quantity></Item></Items></ShipNotice>
02-12-2020 @ 09:02:56 - ShipNotify Item: SimpleXMLElement Object
(
    [Name] => Smooth Operator
    [SKU] => SimpleXMLElement Object
        (
        )

    [LineItemID] => 2249
    [Quantity] => 1
)

02-12-2020 @ 09:02:56 - ShipNotify Item: SimpleXMLElement Object
(
    [Name] => Happy Clam Sample
    [SKU] => SimpleXMLElement Object
        (
        )

    [LineItemID] => 2250
    [Quantity] => 1
)

02-12-2020 @ 09:02:56 - Item Happy Clam Sample is not shippable product. Skipping.
02-12-2020 @ 09:02:56 - ShipNotify Item: SimpleXMLElement Object
(
    [Name] => Smooth Operator Sample
    [SKU] => SimpleXMLElement Object
        (
        )

    [LineItemID] => 2251
    [Quantity] => 1
)

02-12-2020 @ 09:02:56 - Item Smooth Operator Sample is not shippable product. Skipping.
02-12-2020 @ 09:02:56 - Shipped 1 out of 1 items in order 12619
02-12-2020 @ 09:02:56 - Updated order 12619 to status wc-completed
02-12-2020 @ 09:02:57 - Input params: wc-api=wc_shipstation&auth_key=WCSS-b6c91f0b4959b1c4a9d6e9759774c5ab&action=shipnotify&order_number=12612&carrier=USPS&service=USPS+First+Class+Mail&tracking_number=9400111899561201950405&capture=true
02-12-2020 @ 09:02:57 - ShipNotify XML: <?xml version="1.0" encoding="UTF-8"?><ShipNotice><OrderNumber>12612</OrderNumber><OrderID>12612</OrderID><CustomerCode>soldwithkathy@aol.com</CustomerCode><CustomerNotes><![CDATA[]]></CustomerNotes><InternalNotes><![CDATA[]]></InternalNotes><NotesToCustomer><![CDATA[]]></NotesToCustomer><NotifyCustomer>false</NotifyCustomer><LabelCreateDate>02/12/2020 08:00</LabelCreateDate><ShipDate>02/12/2020</ShipDate><Carrier>USPS</Carrier><Service>USPS First Class Mail</Service><TrackingNumber>9400111899561201950405</TrackingNumber><ShippingCost>4.4600</ShippingCost><CustomField1>lets69</CustomField1><CustomField2 /><CustomField3 /><Recipient><Name>Kathleen Gregory</Name><Company /><Address1>742 8TH AVE</Address1><Address2 /><City>BETHLEHEM</City><State>PA</State><PostalCode>18018-3501</PostalCode><Country>US</Country></Recipient><Items><Item><Name>Smooth Operator</Name><SKU /><LineItemID>2245</LineItemID><Quantity>1</Quantity></Item></Items></ShipNotice>
02-12-2020 @ 09:02:57 - ShipNotify Item: SimpleXMLElement Object
(
    [Name] => Smooth Operator
    [SKU] => SimpleXMLElement Object
        (
        )

    [LineItemID] => 2245
    [Quantity] => 1
)

02-12-2020 @ 09:02:57 - Shipped 1 out of 1 items in order 12612
02-12-2020 @ 09:02:57 - Updated order 12612 to status wc-completed
02-12-2020 @ 09:02:58 - Input params: wc-api=wc_shipstation&auth_key=WCSS-b6c91f0b4959b1c4a9d6e9759774c5ab&action=shipnotify&order_number=12645&carrier=USPS&service=USPS+Priority+Mail&tracking_number=9405511899561201958749&capture=true
02-12-2020 @ 09:02:58 - ShipNotify XML: <?xml version="1.0" encoding="UTF-8"?><ShipNotice><OrderNumber>12645</OrderNumber><OrderID>12645</OrderID><CustomerCode>dougaforeman@gmail.com</CustomerCode><CustomerNotes><![CDATA[]]></CustomerNotes><InternalNotes><![CDATA[]]></InternalNotes><NotesToCustomer><![CDATA[]]></NotesToCustomer><NotifyCustomer>false</NotifyCustomer><LabelCreateDate>02/12/2020 08:00</LabelCreateDate><ShipDate>02/12/2020</ShipDate><Carrier>USPS</Carrier><Service>USPS Priority Mail</Service><TrackingNumber>9405511899561201958749</TrackingNumber><ShippingCost>8.1500</ShippingCost><CustomField1 /><CustomField2 /><CustomField3 /><Recipient><Name>Doug Foreman</Name><Company /><Address1>6930 COLBERT ST</Address1><Address2 /><City>NEW ORLEANS</City><State>LA</State><PostalCode>70124-2334</PostalCode><Country>US</Country></Recipient><Items><Item><Name>Smooth Operator</Name><SKU /><LineItemID>2268</LineItemID><Quantity>1</Quantity></Item></Items></ShipNotice>
02-12-2020 @ 09:02:58 - ShipNotify Item: SimpleXMLElement Object
(
    [Name] => Smooth Operator
    [SKU] => SimpleXMLElement Object
        (
        )

    [LineItemID] => 2268
    [Quantity] => 1
)

02-12-2020 @ 09:02:58 - Shipped 1 out of 1 items in order 12645
02-12-2020 @ 09:02:59 - Updated order 12645 to status wc-completed
02-12-2020 @ 09:03:00 - Input params: wc-api=wc_shipstation&auth_key=WCSS-b6c91f0b4959b1c4a9d6e9759774c5ab&action=shipnotify&order_number=12640&carrier=USPS&service=USPS+First+Class+Mail&tracking_number=9400111899561201958173&capture=true
02-12-2020 @ 09:03:00 - ShipNotify XML: <?xml version="1.0" encoding="UTF-8"?><ShipNotice><OrderNumber>12640</OrderNumber><OrderID>12640</OrderID><CustomerCode>leah_nikole@yahoo.com</CustomerCode><CustomerNotes><![CDATA[]]></CustomerNotes><InternalNotes><![CDATA[]]></InternalNotes><NotesToCustomer><![CDATA[]]></NotesToCustomer><NotifyCustomer>false</NotifyCustomer><LabelCreateDate>02/12/2020 08:00</LabelCreateDate><ShipDate>02/12/2020</ShipDate><Carrier>USPS</Carrier><Service>USPS First Class Mail</Service><TrackingNumber>9400111899561201958173</TrackingNumber><ShippingCost>4.3200</ShippingCost><CustomField1>lets69</CustomField1><CustomField2 /><CustomField3 /><Recipient><Name>Leah Brunie</Name><Company /><Address1>2441 UTICA RD</Address1><Address2 /><City>LEBANON</City><State>OH</State><PostalCode>45036-9706</PostalCode><Country>US</Country></Recipient><Items><Item><Name>Smooth Operator</Name><SKU /><LineItemID>2264</LineItemID><Quantity>1</Quantity></Item></Items></ShipNotice>
02-12-2020 @ 09:03:00 - ShipNotify Item: SimpleXMLElement Object
(
    [Name] => Smooth Operator
    [SKU] => SimpleXMLElement Object
        (
        )

    [LineItemID] => 2264
    [Quantity] => 1
)

02-12-2020 @ 09:03:00 - Shipped 1 out of 1 items in order 12640
02-12-2020 @ 09:03:00 - Updated order 12640 to status wc-completed
02-12-2020 @ 09:26:46 - Input params: wc-api=wc_shipstation&auth_key=WCSS-b6c91f0b4959b1c4a9d6e9759774c5ab&action=export&start_date=02%2F11%2F2020+23%3A16&end_date=02%2F13%2F2020+08%3A26&page=1
02-12-2020 @ 09:26:46 - Exported 32 orders
02-12-2020 @ 09:26:52 - Input params: wc-api=wc_shipstation&auth_key=WCSS-b6c91f0b4959b1c4a9d6e9759774c5ab&action=export&start_date=02%2F12%2F2020+00%3A26&end_date=02%2F13%2F2020+08%3A26&page=1
02-12-2020 @ 09:26:52 - Exported 11 orders
02-12-2020 @ 09:37:57 - Input params: wc-api=wc_shipstation&auth_key=WCSS-b6c91f0b4959b1c4a9d6e9759774c5ab&action=shipnotify&order_number=12659&carrier=USPS&service=USPS+First+Class+Mail&tracking_number=9400111899561203585674&capture=true
02-12-2020 @ 09:37:57 - ShipNotify XML: <?xml version="1.0" encoding="UTF-8"?><ShipNotice><OrderNumber>12659</OrderNumber><OrderID>12659</OrderID><CustomerCode>karenh13@gmail.com</CustomerCode><CustomerNotes><![CDATA[]]></CustomerNotes><InternalNotes><![CDATA[]]></InternalNotes><NotesToCustomer><![CDATA[]]></NotesToCustomer><NotifyCustomer>false</NotifyCustomer><LabelCreateDate>02/12/2020 08:00</LabelCreateDate><ShipDate>02/12/2020</ShipDate><Carrier>USPS</Carrier><Service>USPS First Class Mail</Service><TrackingNumber>9400111899561203585674</TrackingNumber><ShippingCost>4.1800</ShippingCost><CustomField1 /><CustomField2 /><CustomField3 /><Recipient><Name>Karen Hernandez Garcia</Name><Company /><Address1>8030 GRISSOM BRK</Address1><Address2 /><City>SAN ANTONIO</City><State>TX</State><PostalCode>78251-2851</PostalCode><Country>US</Country></Recipient><Items><Item><Name>Smooth Operator</Name><SKU /><LineItemID>2271</LineItemID><Quantity>1</Quantity></Item><Item><Name>Happy Clam Sample</Name><SKU /><LineItemID>2272</LineItemID><Quantity>1</Quantity></Item></Items></ShipNotice>
02-12-2020 @ 09:37:57 - ShipNotify Item: SimpleXMLElement Object
(
    [Name] => Smooth Operator
    [SKU] => SimpleXMLElement Object
        (
        )

    [LineItemID] => 2271
    [Quantity] => 1
)

02-12-2020 @ 09:37:57 - ShipNotify Item: SimpleXMLElement Object
(
    [Name] => Happy Clam Sample
    [SKU] => SimpleXMLElement Object
        (
        )

    [LineItemID] => 2272
    [Quantity] => 1
)

02-12-2020 @ 09:37:57 - Item Happy Clam Sample is not shippable product. Skipping.
02-12-2020 @ 09:37:57 - Shipped 1 out of 1 items in order 12659
02-12-2020 @ 09:37:57 - Updated order 12659 to status wc-completed
02-12-2020 @ 10:42:44 - Input params: wc-api=wc_shipstation&auth_key=WCSS-b6c91f0b4959b1c4a9d6e9759774c5ab&action=export&start_date=02%2F12%2F2020+00%3A26&end_date=02%2F13%2F2020+09%3A42&page=1
02-12-2020 @ 10:42:44 - Exported 12 orders
02-12-2020 @ 10:56:12 - Input params: wc-api=wc_shipstation&auth_key=WCSS-b6c91f0b4959b1c4a9d6e9759774c5ab&action=shipnotify&order_number=12687&carrier=USPS&service=USPS+Priority+Mail&tracking_number=9405511899561265195081&capture=true
02-12-2020 @ 10:56:12 - ShipNotify XML: <?xml version="1.0" encoding="UTF-8"?><ShipNotice><OrderNumber>12687</OrderNumber><OrderID>12687</OrderID><CustomerCode>neelorao@gmail.com</CustomerCode><CustomerNotes><![CDATA[]]></CustomerNotes><InternalNotes><![CDATA[]]></InternalNotes><NotesToCustomer><![CDATA[]]></NotesToCustomer><NotifyCustomer>false</NotifyCustomer><LabelCreateDate>02/12/2020 08:00</LabelCreateDate><ShipDate>02/12/2020</ShipDate><Carrier>USPS</Carrier><Service>USPS Priority Mail</Service><TrackingNumber>9405511899561265195081</TrackingNumber><ShippingCost>7.3500</ShippingCost><CustomField1>lets69</CustomField1><CustomField2 /><CustomField3 /><Recipient><Name>Neel Rao</Name><Company /><Address1>1508 HAUSER BLVD</Address1><Address2 /><City>LOS ANGELES</City><State>CA</State><PostalCode>90019-3940</PostalCode><Country>US</Country></Recipient><Items><Item><Name>Smooth Operator</Name><SKU /><LineItemID>2275</LineItemID><Quantity>1</Quantity></Item></Items></ShipNotice>
02-12-2020 @ 10:56:12 - ShipNotify Item: SimpleXMLElement Object
(
    [Name] => Smooth Operator
    [SKU] => SimpleXMLElement Object
        (
        )

    [LineItemID] => 2275
    [Quantity] => 1
)

02-12-2020 @ 10:56:12 - Shipped 1 out of 1 items in order 12687
02-12-2020 @ 10:56:13 - Updated order 12687 to status wc-completed
02-12-2020 @ 11:09:50 - Input params: wc-api=wc_shipstation&auth_key=WCSS-b6c91f0b4959b1c4a9d6e9759774c5ab&action=export&start_date=02%2F12%2F2020+01%3A42&end_date=02%2F13%2F2020+10%3A09&page=1
02-12-2020 @ 11:09:52 - Exported 13 orders
02-12-2020 @ 11:10:43 - Input params: wc-api=wc_shipstation&auth_key=WCSS-b6c91f0b4959b1c4a9d6e9759774c5ab&action=shipnotify&order_number=12695&carrier=USPS&service=USPS+First+Class+Mail&tracking_number=9400111899561265695984&capture=true
02-12-2020 @ 11:10:43 - ShipNotify XML: <?xml version="1.0" encoding="UTF-8"?><ShipNotice><OrderNumber>12695</OrderNumber><OrderID>12695</OrderID><CustomerCode>tsanders47@comcast.net</CustomerCode><CustomerNotes><![CDATA[]]></CustomerNotes><InternalNotes><![CDATA[]]></InternalNotes><NotesToCustomer><![CDATA[]]></NotesToCustomer><NotifyCustomer>false</NotifyCustomer><LabelCreateDate>02/12/2020 08:00</LabelCreateDate><ShipDate>02/12/2020</ShipDate><Carrier>USPS</Carrier><Service>USPS First Class Mail</Service><TrackingNumber>9400111899561265695984</TrackingNumber><ShippingCost>4.3200</ShippingCost><CustomField1 /><CustomField2 /><CustomField3 /><Recipient><Name>Tim sanders</Name><Company /><Address1>11943 DUCHESS AVE</Address1><Address2 /><City>MOKENA</City><State>IL</State><PostalCode>60448-9286</PostalCode><Country>US</Country></Recipient><Items><Item><Name>Smooth Operator</Name><SKU /><LineItemID>2279</LineItemID><Quantity>1</Quantity></Item></Items></ShipNotice>
02-12-2020 @ 11:10:43 - ShipNotify Item: SimpleXMLElement Object
(
    [Name] => Smooth Operator
    [SKU] => SimpleXMLElement Object
        (
        )

    [LineItemID] => 2279
    [Quantity] => 1
)

02-12-2020 @ 11:10:43 - Shipped 1 out of 1 items in order 12695
02-12-2020 @ 11:10:43 - Updated order 12695 to status wc-completed
02-12-2020 @ 11:16:20 - Input params: wc-api=wc_shipstation&auth_key=WCSS-b6c91f0b4959b1c4a9d6e9759774c5ab&action=export&start_date=02%2F12%2F2020+02%3A09&end_date=02%2F13%2F2020+10%3A16&page=1
02-12-2020 @ 11:16:21 - Exported 14 orders
02-12-2020 @ 11:19:36 - Input params: wc-api=wc_shipstation&auth_key=WCSS-b6c91f0b4959b1c4a9d6e9759774c5ab&action=shipnotify&order_number=12702&carrier=USPS&service=USPS+Priority+Mail&tracking_number=9405511899561265964465&capture=true
02-12-2020 @ 11:19:36 - ShipNotify XML: <?xml version="1.0" encoding="UTF-8"?><ShipNotice><OrderNumber>12702</OrderNumber><OrderID>12702</OrderID><CustomerCode>m.spencer.wolf@gmail.com</CustomerCode><CustomerNotes><![CDATA[]]></CustomerNotes><InternalNotes><![CDATA[]]></InternalNotes><NotesToCustomer><![CDATA[]]></NotesToCustomer><NotifyCustomer>false</NotifyCustomer><LabelCreateDate>02/12/2020 08:00</LabelCreateDate><ShipDate>02/12/2020</ShipDate><Carrier>USPS</Carrier><Service>USPS Priority Mail</Service><TrackingNumber>9405511899561265964465</TrackingNumber><ShippingCost>7.3500</ShippingCost><CustomField1>lets69</CustomField1><CustomField2 /><CustomField3 /><Recipient><Name>Spencer Wolf</Name><Company>1984</Company><Address1>12849 BLOOMFIELD ST APT 5</Address1><Address2 /><City>STUDIO CITY</City><State>CA</State><PostalCode>91604-1500</PostalCode><Country>US</Country></Recipient><Items><Item><Name>Smooth Operator</Name><SKU /><LineItemID>2282</LineItemID><Quantity>1</Quantity></Item><Item><Name>Happy Clam Sample</Name><SKU /><LineItemID>2283</LineItemID><Quantity>1</Quantity></Item></Items></ShipNotice>
02-12-2020 @ 11:19:36 - ShipNotify Item: SimpleXMLElement Object
(
    [Name] => Smooth Operator
    [SKU] => SimpleXMLElement Object
        (
        )

    [LineItemID] => 2282
    [Quantity] => 1
)

02-12-2020 @ 11:19:36 - ShipNotify Item: SimpleXMLElement Object
(
    [Name] => Happy Clam Sample
    [SKU] => SimpleXMLElement Object
        (
        )

    [LineItemID] => 2283
    [Quantity] => 1
)

02-12-2020 @ 11:19:36 - Item Happy Clam Sample is not shippable product. Skipping.
02-12-2020 @ 11:19:36 - Shipped 1 out of 1 items in order 12702
02-12-2020 @ 11:19:36 - Updated order 12702 to status wc-completed
02-12-2020 @ 12:10:52 - Input params: wc-api=wc_shipstation&auth_key=WCSS-b6c91f0b4959b1c4a9d6e9759774c5ab&action=export&start_date=02%2F12%2F2020+02%3A16&end_date=02%2F13%2F2020+11%3A10&page=1
02-12-2020 @ 12:10:53 - Exported 14 orders
02-12-2020 @ 12:14:20 - Input params: wc-api=wc_shipstation&auth_key=WCSS-b6c91f0b4959b1c4a9d6e9759774c5ab&action=export&start_date=02%2F12%2F2020+03%3A10&end_date=02%2F13%2F2020+11%3A14&page=1
02-12-2020 @ 12:14:20 - Exported 14 orders
02-12-2020 @ 14:14:22 - Input params: wc-api=wc_shipstation&auth_key=WCSS-b6c91f0b4959b1c4a9d6e9759774c5ab&action=export&start_date=02%2F12%2F2020+03%3A14&end_date=02%2F13%2F2020+13%3A14&page=1
02-12-2020 @ 14:14:22 - Exported 17 orders
02-12-2020 @ 16:14:25 - Input params: wc-api=wc_shipstation&auth_key=WCSS-b6c91f0b4959b1c4a9d6e9759774c5ab&action=export&start_date=02%2F12%2F2020+05%3A14&end_date=02%2F13%2F2020+15%3A14&page=1
02-12-2020 @ 16:14:25 - Exported 17 orders
