03-01-2020 @ 17:36:16 - Input params: wc-api=wc_shipstation&auth_key=WCSS-b6c91f0b4959b1c4a9d6e9759774c5ab&action=export&start_date=03%2F01%2F2020+06%3A36&end_date=03%2F02%2F2020+16%3A36&page=1
03-01-2020 @ 17:36:16 - Exported 4 orders
03-01-2020 @ 19:36:20 - Input params: wc-api=wc_shipstation&auth_key=WCSS-b6c91f0b4959b1c4a9d6e9759774c5ab&action=export&start_date=03%2F01%2F2020+08%3A36&end_date=03%2F02%2F2020+18%3A36&page=1
03-01-2020 @ 19:36:20 - Exported 4 orders
03-01-2020 @ 21:36:22 - Input params: wc-api=wc_shipstation&auth_key=WCSS-b6c91f0b4959b1c4a9d6e9759774c5ab&action=export&start_date=03%2F01%2F2020+10%3A36&end_date=03%2F02%2F2020+20%3A36&page=1
03-01-2020 @ 21:36:22 - Exported 4 orders
03-01-2020 @ 23:36:24 - Input params: wc-api=wc_shipstation&auth_key=WCSS-b6c91f0b4959b1c4a9d6e9759774c5ab&action=export&start_date=03%2F01%2F2020+12%3A36&end_date=03%2F02%2F2020+22%3A36&page=1
03-01-2020 @ 23:36:24 - Exported 4 orders
03-02-2020 @ 01:36:26 - Input params: wc-api=wc_shipstation&auth_key=WCSS-b6c91f0b4959b1c4a9d6e9759774c5ab&action=export&start_date=03%2F01%2F2020+14%3A36&end_date=03%2F03%2F2020+00%3A36&page=1
03-02-2020 @ 01:36:26 - Exported 4 orders
03-02-2020 @ 03:36:28 - Input params: wc-api=wc_shipstation&auth_key=WCSS-b6c91f0b4959b1c4a9d6e9759774c5ab&action=export&start_date=03%2F01%2F2020+16%3A36&end_date=03%2F03%2F2020+02%3A36&page=1
03-02-2020 @ 03:36:28 - Exported 5 orders
03-02-2020 @ 05:36:31 - Input params: wc-api=wc_shipstation&auth_key=WCSS-b6c91f0b4959b1c4a9d6e9759774c5ab&action=export&start_date=03%2F01%2F2020+18%3A36&end_date=03%2F03%2F2020+04%3A36&page=1
03-02-2020 @ 05:36:31 - Exported 5 orders
03-02-2020 @ 07:36:34 - Input params: wc-api=wc_shipstation&auth_key=WCSS-b6c91f0b4959b1c4a9d6e9759774c5ab&action=export&start_date=03%2F01%2F2020+20%3A36&end_date=03%2F03%2F2020+06%3A36&page=1
03-02-2020 @ 07:36:34 - Exported 5 orders
03-02-2020 @ 09:36:38 - Input params: wc-api=wc_shipstation&auth_key=WCSS-b6c91f0b4959b1c4a9d6e9759774c5ab&action=export&start_date=03%2F01%2F2020+22%3A36&end_date=03%2F03%2F2020+08%3A36&page=1
03-02-2020 @ 09:36:38 - Exported 6 orders
03-02-2020 @ 10:57:19 - Input params: wc-api=wc_shipstation&auth_key=WCSS-b6c91f0b4959b1c4a9d6e9759774c5ab&action=shipnotify&order_number=14570&carrier=USPS&service=USPS+First+Class+Mail&tracking_number=9400111899561048294366&capture=true
03-02-2020 @ 10:57:19 - ShipNotify XML: <?xml version="1.0" encoding="UTF-8"?><ShipNotice><OrderNumber>14570</OrderNumber><OrderID>14570</OrderID><CustomerCode>DROSS100@COMCAST.NET</CustomerCode><CustomerNotes><![CDATA[]]></CustomerNotes><InternalNotes><![CDATA[]]></InternalNotes><NotesToCustomer><![CDATA[]]></NotesToCustomer><NotifyCustomer>false</NotifyCustomer><LabelCreateDate>03/02/2020 08:00</LabelCreateDate><ShipDate>03/02/2020</ShipDate><Carrier>USPS</Carrier><Service>USPS First Class Mail</Service><TrackingNumber>9400111899561048294366</TrackingNumber><ShippingCost>4.1800</ShippingCost><CustomField1 /><CustomField2 /><CustomField3 /><Recipient><Name>Deborah Ross</Name><Company /><Address1>20722 BEIGEWOOD DR</Address1><Address2 /><City>HUMBLE</City><State>TX</State><PostalCode>77338-2736</PostalCode><Country>US</Country></Recipient><Items><Item><Name>Smooth Operator</Name><SKU /><LineItemID>2807</LineItemID><Quantity>1</Quantity></Item></Items></ShipNotice>
03-02-2020 @ 10:57:19 - ShipNotify Item: SimpleXMLElement Object
(
    [Name] => Smooth Operator
    [SKU] => SimpleXMLElement Object
        (
        )

    [LineItemID] => 2807
    [Quantity] => 1
)

03-02-2020 @ 10:57:19 - Shipped 1 out of 1 items in order 14570
03-02-2020 @ 10:57:19 - Updated order 14570 to status wc-completed
03-02-2020 @ 10:57:20 - Input params: wc-api=wc_shipstation&auth_key=WCSS-b6c91f0b4959b1c4a9d6e9759774c5ab&action=shipnotify&order_number=14571&carrier=USPS&service=USPS+First+Class+Mail&tracking_number=9400111899561048295660&capture=true
03-02-2020 @ 10:57:20 - ShipNotify XML: <?xml version="1.0" encoding="UTF-8"?><ShipNotice><OrderNumber>14571</OrderNumber><OrderID>14571</OrderID><CustomerCode>jessica.olwell@manaproducts.com</CustomerCode><CustomerNotes><![CDATA[]]></CustomerNotes><InternalNotes><![CDATA[]]></InternalNotes><NotesToCustomer><![CDATA[]]></NotesToCustomer><NotifyCustomer>false</NotifyCustomer><LabelCreateDate>03/02/2020 08:00</LabelCreateDate><ShipDate>03/02/2020</ShipDate><Carrier>USPS</Carrier><Service>USPS First Class Mail</Service><TrackingNumber>9400111899561048295660</TrackingNumber><ShippingCost>4.4600</ShippingCost><CustomField1 /><CustomField2 /><CustomField3 /><Recipient><Name>Jessica Olwell</Name><Company /><Address1>3202 QUEENS BLVD FL 6</Address1><Address2 /><City>LONG ISLAND CITY</City><State>NY</State><PostalCode>11101-2332</PostalCode><Country>US</Country></Recipient><Items><Item><Name>Happy Clam</Name><SKU /><LineItemID>2810</LineItemID><Quantity>1</Quantity></Item></Items></ShipNotice>
03-02-2020 @ 10:57:20 - ShipNotify Item: SimpleXMLElement Object
(
    [Name] => Happy Clam
    [SKU] => SimpleXMLElement Object
        (
        )

    [LineItemID] => 2810
    [Quantity] => 1
)

03-02-2020 @ 10:57:20 - Shipped 1 out of 1 items in order 14571
03-02-2020 @ 10:57:20 - Updated order 14571 to status wc-completed
03-02-2020 @ 10:57:21 - Input params: wc-api=wc_shipstation&auth_key=WCSS-b6c91f0b4959b1c4a9d6e9759774c5ab&action=shipnotify&order_number=14572&carrier=USPS&service=USPS+First+Class+Mail&tracking_number=9400111899561048295325&capture=true
03-02-2020 @ 10:57:21 - ShipNotify XML: <?xml version="1.0" encoding="UTF-8"?><ShipNotice><OrderNumber>14572</OrderNumber><OrderID>14572</OrderID><CustomerCode>dan.nelson@nelsoninsight.com</CustomerCode><CustomerNotes><![CDATA[]]></CustomerNotes><InternalNotes><![CDATA[]]></InternalNotes><NotesToCustomer><![CDATA[]]></NotesToCustomer><NotifyCustomer>false</NotifyCustomer><LabelCreateDate>03/02/2020 08:00</LabelCreateDate><ShipDate>03/02/2020</ShipDate><Carrier>USPS</Carrier><Service>USPS First Class Mail</Service><TrackingNumber>9400111899561048295325</TrackingNumber><ShippingCost>3.9700</ShippingCost><CustomField1 /><CustomField2 /><CustomField3 /><Recipient><Name>Dan Nelson</Name><Company /><Address1>11045 E ROLLING ROCK DR</Address1><Address2 /><City>SCOTTSDALE</City><State>AZ</State><PostalCode>85262-5215</PostalCode><Country>US</Country></Recipient><Items><Item><Name>Smooth Operator</Name><SKU /><LineItemID>2813</LineItemID><Quantity>1</Quantity></Item></Items></ShipNotice>
03-02-2020 @ 10:57:21 - ShipNotify Item: SimpleXMLElement Object
(
    [Name] => Smooth Operator
    [SKU] => SimpleXMLElement Object
        (
        )

    [LineItemID] => 2813
    [Quantity] => 1
)

03-02-2020 @ 10:57:21 - Shipped 1 out of 1 items in order 14572
03-02-2020 @ 10:57:22 - Updated order 14572 to status wc-completed
03-02-2020 @ 10:57:22 - Input params: wc-api=wc_shipstation&auth_key=WCSS-b6c91f0b4959b1c4a9d6e9759774c5ab&action=shipnotify&order_number=14573&carrier=USPS&service=USPS+First+Class+Mail&tracking_number=9400111899561048290641&capture=true
03-02-2020 @ 10:57:22 - ShipNotify XML: <?xml version="1.0" encoding="UTF-8"?><ShipNotice><OrderNumber>14573</OrderNumber><OrderID>14573</OrderID><CustomerCode>petlockdanelle@gmail.com</CustomerCode><CustomerNotes><![CDATA[]]></CustomerNotes><InternalNotes><![CDATA[]]></InternalNotes><NotesToCustomer><![CDATA[]]></NotesToCustomer><NotifyCustomer>false</NotifyCustomer><LabelCreateDate>03/02/2020 08:00</LabelCreateDate><ShipDate>03/02/2020</ShipDate><Carrier>USPS</Carrier><Service>USPS First Class Mail</Service><TrackingNumber>9400111899561048290641</TrackingNumber><ShippingCost>4.3200</ShippingCost><CustomField1>welcum</CustomField1><CustomField2 /><CustomField3 /><Recipient><Name>Danelle Petlock</Name><Company /><Address1>3028 MILL STATION RD</Address1><Address2 /><City>HALE</City><State>MI</State><PostalCode>48739-9283</PostalCode><Country>US</Country></Recipient><Items><Item><Name>Smooth Operator</Name><SKU /><LineItemID>2816</LineItemID><Quantity>1</Quantity></Item><Item><Name>Happy Clam Sample</Name><SKU /><LineItemID>2817</LineItemID><Quantity>1</Quantity></Item><Item><Name>Smooth Operator Sample</Name><SKU /><LineItemID>2818</LineItemID><Quantity>1</Quantity></Item></Items></ShipNotice>
03-02-2020 @ 10:57:22 - ShipNotify Item: SimpleXMLElement Object
(
    [Name] => Smooth Operator
    [SKU] => SimpleXMLElement Object
        (
        )

    [LineItemID] => 2816
    [Quantity] => 1
)

03-02-2020 @ 10:57:22 - ShipNotify Item: SimpleXMLElement Object
(
    [Name] => Happy Clam Sample
    [SKU] => SimpleXMLElement Object
        (
        )

    [LineItemID] => 2817
    [Quantity] => 1
)

03-02-2020 @ 10:57:22 - Item Happy Clam Sample is not shippable product. Skipping.
03-02-2020 @ 10:57:22 - ShipNotify Item: SimpleXMLElement Object
(
    [Name] => Smooth Operator Sample
    [SKU] => SimpleXMLElement Object
        (
        )

    [LineItemID] => 2818
    [Quantity] => 1
)

03-02-2020 @ 10:57:22 - Item Smooth Operator Sample is not shippable product. Skipping.
03-02-2020 @ 10:57:22 - Shipped 1 out of 1 items in order 14573
03-02-2020 @ 10:57:23 - Updated order 14573 to status wc-completed
03-02-2020 @ 10:57:24 - Input params: wc-api=wc_shipstation&auth_key=WCSS-b6c91f0b4959b1c4a9d6e9759774c5ab&action=shipnotify&order_number=14574&carrier=USPS&service=USPS+First+Class+Mail&tracking_number=9400111899561048295806&capture=true
03-02-2020 @ 10:57:24 - ShipNotify XML: <?xml version="1.0" encoding="UTF-8"?><ShipNotice><OrderNumber>14574</OrderNumber><OrderID>14574</OrderID><CustomerCode>cynthiaborjoncosby@yahoo.com</CustomerCode><CustomerNotes><![CDATA[]]></CustomerNotes><InternalNotes><![CDATA[]]></InternalNotes><NotesToCustomer><![CDATA[]]></NotesToCustomer><NotifyCustomer>false</NotifyCustomer><LabelCreateDate>03/02/2020 08:00</LabelCreateDate><ShipDate>03/02/2020</ShipDate><Carrier>USPS</Carrier><Service>USPS First Class Mail</Service><TrackingNumber>9400111899561048295806</TrackingNumber><ShippingCost>3.9700</ShippingCost><CustomField1 /><CustomField2 /><CustomField3 /><Recipient><Name>Cynthia Borjon Cosby</Name><Company /><Address1>5217 AU CHOCOLAT DR</Address1><Address2 /><City>BAKERSFIELD</City><State>CA</State><PostalCode>93311-2877</PostalCode><Country>US</Country></Recipient><Items><Item><Name>Happy Clam</Name><SKU /><LineItemID>2822</LineItemID><Quantity>1</Quantity></Item></Items></ShipNotice>
03-02-2020 @ 10:57:24 - ShipNotify Item: SimpleXMLElement Object
(
    [Name] => Happy Clam
    [SKU] => SimpleXMLElement Object
        (
        )

    [LineItemID] => 2822
    [Quantity] => 1
)

03-02-2020 @ 10:57:24 - Shipped 1 out of 1 items in order 14574
03-02-2020 @ 10:57:24 - Updated order 14574 to status wc-completed
03-02-2020 @ 10:57:25 - Input params: wc-api=wc_shipstation&auth_key=WCSS-b6c91f0b4959b1c4a9d6e9759774c5ab&action=shipnotify&order_number=14575&carrier=USPS&service=USPS+First+Class+Mail&tracking_number=9400111899561048292140&capture=true
03-02-2020 @ 10:57:25 - ShipNotify XML: <?xml version="1.0" encoding="UTF-8"?><ShipNotice><OrderNumber>14575</OrderNumber><OrderID>14575</OrderID><CustomerCode>ashmarie.eppinger@gmail.com</CustomerCode><CustomerNotes><![CDATA[]]></CustomerNotes><InternalNotes><![CDATA[]]></InternalNotes><NotesToCustomer><![CDATA[]]></NotesToCustomer><NotifyCustomer>false</NotifyCustomer><LabelCreateDate>03/02/2020 08:00</LabelCreateDate><ShipDate>03/02/2020</ShipDate><Carrier>USPS</Carrier><Service>USPS First Class Mail</Service><TrackingNumber>9400111899561048292140</TrackingNumber><ShippingCost>4.3200</ShippingCost><CustomField1>welcum</CustomField1><CustomField2 /><CustomField3 /><Recipient><Name>Ashley Eppinger</Name><Company /><Address1>4623 INDIANA AVE</Address1><Address2 /><City>FORT WAYNE</City><State>IN</State><PostalCode>46807-2906</PostalCode><Country>US</Country></Recipient><Items><Item><Name>Happy Clam</Name><SKU /><LineItemID>2825</LineItemID><Quantity>1</Quantity></Item><Item><Name>Smooth Operator Sample</Name><SKU /><LineItemID>2826</LineItemID><Quantity>1</Quantity></Item></Items></ShipNotice>
03-02-2020 @ 10:57:25 - ShipNotify Item: SimpleXMLElement Object
(
    [Name] => Happy Clam
    [SKU] => SimpleXMLElement Object
        (
        )

    [LineItemID] => 2825
    [Quantity] => 1
)

03-02-2020 @ 10:57:25 - ShipNotify Item: SimpleXMLElement Object
(
    [Name] => Smooth Operator Sample
    [SKU] => SimpleXMLElement Object
        (
        )

    [LineItemID] => 2826
    [Quantity] => 1
)

03-02-2020 @ 10:57:25 - Item Smooth Operator Sample is not shippable product. Skipping.
03-02-2020 @ 10:57:25 - Shipped 1 out of 1 items in order 14575
03-02-2020 @ 10:57:25 - Updated order 14575 to status wc-completed
03-02-2020 @ 10:57:26 - Input params: wc-api=wc_shipstation&auth_key=WCSS-b6c91f0b4959b1c4a9d6e9759774c5ab&action=shipnotify&order_number=14576&carrier=USPS&service=USPS+First+Class+Mail&tracking_number=9400111899561048290832&capture=true
03-02-2020 @ 10:57:26 - ShipNotify XML: <?xml version="1.0" encoding="UTF-8"?><ShipNotice><OrderNumber>14576</OrderNumber><OrderID>14576</OrderID><CustomerCode>scheijp@gmail.com</CustomerCode><CustomerNotes><![CDATA[]]></CustomerNotes><InternalNotes><![CDATA[]]></InternalNotes><NotesToCustomer><![CDATA[]]></NotesToCustomer><NotifyCustomer>false</NotifyCustomer><LabelCreateDate>03/02/2020 08:00</LabelCreateDate><ShipDate>03/02/2020</ShipDate><Carrier>USPS</Carrier><Service>USPS First Class Mail</Service><TrackingNumber>9400111899561048290832</TrackingNumber><ShippingCost>4.4600</ShippingCost><CustomField1>welcum</CustomField1><CustomField2 /><CustomField3 /><Recipient><Name>Jason Schein</Name><Company>BIGHORN BASIN PALEONTOLOGICAL INSTITUTE</Company><Address1>3959 WELSH RD STE 208</Address1><Address2 /><City>WILLOW GROVE</City><State>PA</State><PostalCode>19090-2900</PostalCode><Country>US</Country></Recipient><Items><Item><Name>Smooth Operator</Name><SKU /><LineItemID>2830</LineItemID><Quantity>1</Quantity></Item><Item><Name>Happy Clam Sample</Name><SKU /><LineItemID>2831</LineItemID><Quantity>1</Quantity></Item><Item><Name>Smooth Operator Sample</Name><SKU /><LineItemID>2832</LineItemID><Quantity>1</Quantity></Item></Items></ShipNotice>
03-02-2020 @ 10:57:26 - ShipNotify Item: SimpleXMLElement Object
(
    [Name] => Smooth Operator
    [SKU] => SimpleXMLElement Object
        (
        )

    [LineItemID] => 2830
    [Quantity] => 1
)

03-02-2020 @ 10:57:26 - ShipNotify Item: SimpleXMLElement Object
(
    [Name] => Happy Clam Sample
    [SKU] => SimpleXMLElement Object
        (
        )

    [LineItemID] => 2831
    [Quantity] => 1
)

03-02-2020 @ 10:57:26 - Item Happy Clam Sample is not shippable product. Skipping.
03-02-2020 @ 10:57:26 - ShipNotify Item: SimpleXMLElement Object
(
    [Name] => Smooth Operator Sample
    [SKU] => SimpleXMLElement Object
        (
        )

    [LineItemID] => 2832
    [Quantity] => 1
)

03-02-2020 @ 10:57:26 - Item Smooth Operator Sample is not shippable product. Skipping.
03-02-2020 @ 10:57:26 - Shipped 1 out of 1 items in order 14576
03-02-2020 @ 10:57:27 - Updated order 14576 to status wc-completed
03-02-2020 @ 10:57:27 - Input params: wc-api=wc_shipstation&auth_key=WCSS-b6c91f0b4959b1c4a9d6e9759774c5ab&action=shipnotify&order_number=14578&carrier=USPS&service=USPS+Priority+Mail&tracking_number=9405511899561048291139&capture=true
03-02-2020 @ 10:57:27 - ShipNotify XML: <?xml version="1.0" encoding="UTF-8"?><ShipNotice><OrderNumber>14578</OrderNumber><OrderID>14578</OrderID><CustomerCode>anuradhasachdev@comcast.net</CustomerCode><CustomerNotes><![CDATA[]]></CustomerNotes><InternalNotes><![CDATA[]]></InternalNotes><NotesToCustomer><![CDATA[]]></NotesToCustomer><NotifyCustomer>false</NotifyCustomer><LabelCreateDate>03/02/2020 08:00</LabelCreateDate><ShipDate>03/02/2020</ShipDate><Carrier>USPS</Carrier><Service>USPS Priority Mail</Service><TrackingNumber>9405511899561048291139</TrackingNumber><ShippingCost>8.4200</ShippingCost><CustomField1 /><CustomField2 /><CustomField3 /><Recipient><Name>Anuradha Sachdev</Name><Company /><Address1>51 FIELDSTONE RUN</Address1><Address2 /><City>FARMINGTON</City><State>CT</State><PostalCode>06032-2741</PostalCode><Country>US</Country></Recipient><Items><Item><Name>Smooth Operator</Name><SKU /><LineItemID>2839</LineItemID><Quantity>1</Quantity></Item></Items></ShipNotice>
03-02-2020 @ 10:57:27 - ShipNotify Item: SimpleXMLElement Object
(
    [Name] => Smooth Operator
    [SKU] => SimpleXMLElement Object
        (
        )

    [LineItemID] => 2839
    [Quantity] => 1
)

03-02-2020 @ 10:57:27 - Shipped 1 out of 1 items in order 14578
03-02-2020 @ 10:57:28 - Updated order 14578 to status wc-completed
03-02-2020 @ 10:57:29 - Input params: wc-api=wc_shipstation&auth_key=WCSS-b6c91f0b4959b1c4a9d6e9759774c5ab&action=shipnotify&order_number=14577&carrier=USPS&service=USPS+Priority+Mail&tracking_number=9405511899561048294406&capture=true
03-02-2020 @ 10:57:29 - ShipNotify XML: <?xml version="1.0" encoding="UTF-8"?><ShipNotice><OrderNumber>14577</OrderNumber><OrderID>14577</OrderID><CustomerCode>anuradhasachdev@comcast.net</CustomerCode><CustomerNotes><![CDATA[]]></CustomerNotes><InternalNotes><![CDATA[]]></InternalNotes><NotesToCustomer><![CDATA[]]></NotesToCustomer><NotifyCustomer>false</NotifyCustomer><LabelCreateDate>03/02/2020 08:00</LabelCreateDate><ShipDate>03/02/2020</ShipDate><Carrier>USPS</Carrier><Service>USPS Priority Mail</Service><TrackingNumber>9405511899561048294406</TrackingNumber><ShippingCost>8.4200</ShippingCost><CustomField1 /><CustomField2 /><CustomField3 /><Recipient><Name>Anuradha Sachdev</Name><Company>1966</Company><Address1>51 FIELDSTONE RUN</Address1><Address2 /><City>FARMINGTON</City><State>CT</State><PostalCode>06032-2741</PostalCode><Country>US</Country></Recipient><Items><Item><Name>Happy Clam</Name><SKU /><LineItemID>2836</LineItemID><Quantity>1</Quantity></Item></Items></ShipNotice>
03-02-2020 @ 10:57:29 - ShipNotify Item: SimpleXMLElement Object
(
    [Name] => Happy Clam
    [SKU] => SimpleXMLElement Object
        (
        )

    [LineItemID] => 2836
    [Quantity] => 1
)

03-02-2020 @ 10:57:29 - Shipped 1 out of 1 items in order 14577
03-02-2020 @ 10:57:29 - Updated order 14577 to status wc-completed
03-02-2020 @ 10:57:30 - Input params: wc-api=wc_shipstation&auth_key=WCSS-b6c91f0b4959b1c4a9d6e9759774c5ab&action=shipnotify&order_number=14579&carrier=USPS&service=USPS+First+Class+Mail&tracking_number=9400111899561048292713&capture=true
03-02-2020 @ 10:57:30 - ShipNotify XML: <?xml version="1.0" encoding="UTF-8"?><ShipNotice><OrderNumber>14579</OrderNumber><OrderID>14579</OrderID><CustomerCode>terribrownact2@gmail.com</CustomerCode><CustomerNotes><![CDATA[]]></CustomerNotes><InternalNotes><![CDATA[]]></InternalNotes><NotesToCustomer><![CDATA[]]></NotesToCustomer><NotifyCustomer>false</NotifyCustomer><LabelCreateDate>03/02/2020 08:00</LabelCreateDate><ShipDate>03/02/2020</ShipDate><Carrier>USPS</Carrier><Service>USPS First Class Mail</Service><TrackingNumber>9400111899561048292713</TrackingNumber><ShippingCost>4.0000</ShippingCost><CustomField1 /><CustomField2 /><CustomField3 /><Recipient><Name>Terri Brown</Name><Company /><Address1>1050 CRESTVIEW DR APT 324</Address1><Address2 /><City>MOUNTAIN VIEW</City><State>CA</State><PostalCode>94040-3408</PostalCode><Country>US</Country></Recipient><Items><Item><Name>Smooth Operator</Name><SKU /><LineItemID>2842</LineItemID><Quantity>1</Quantity></Item></Items></ShipNotice>
03-02-2020 @ 10:57:30 - ShipNotify Item: SimpleXMLElement Object
(
    [Name] => Smooth Operator
    [SKU] => SimpleXMLElement Object
        (
        )

    [LineItemID] => 2842
    [Quantity] => 1
)

03-02-2020 @ 10:57:30 - Shipped 1 out of 1 items in order 14579
03-02-2020 @ 10:57:30 - Updated order 14579 to status wc-completed
03-02-2020 @ 10:57:31 - Input params: wc-api=wc_shipstation&auth_key=WCSS-b6c91f0b4959b1c4a9d6e9759774c5ab&action=shipnotify&order_number=14581&carrier=USPS&service=USPS+First+Class+Mail&tracking_number=9400111899561048294960&capture=true
03-02-2020 @ 10:57:31 - ShipNotify XML: <?xml version="1.0" encoding="UTF-8"?><ShipNotice><OrderNumber>14581</OrderNumber><OrderID>14581</OrderID><CustomerCode>jenny.beretsky@gmail.com</CustomerCode><CustomerNotes><![CDATA[]]></CustomerNotes><InternalNotes><![CDATA[]]></InternalNotes><NotesToCustomer><![CDATA[]]></NotesToCustomer><NotifyCustomer>false</NotifyCustomer><LabelCreateDate>03/02/2020 08:00</LabelCreateDate><ShipDate>03/02/2020</ShipDate><Carrier>USPS</Carrier><Service>USPS First Class Mail</Service><TrackingNumber>9400111899561048294960</TrackingNumber><ShippingCost>4.4600</ShippingCost><CustomField1 /><CustomField2 /><CustomField3 /><Recipient><Name>Jennifer Beretsky</Name><Company /><Address1>20 CASTLE RD APT 2</Address1><Address2 /><City>NAHANT</City><State>MA</State><PostalCode>01908-1104</PostalCode><Country>US</Country></Recipient><Items><Item><Name>Happy Clam</Name><SKU /><LineItemID>2848</LineItemID><Quantity>1</Quantity></Item><Item><Name>Smooth Operator Sample</Name><SKU /><LineItemID>2849</LineItemID><Quantity>1</Quantity></Item></Items></ShipNotice>
03-02-2020 @ 10:57:31 - ShipNotify Item: SimpleXMLElement Object
(
    [Name] => Happy Clam
    [SKU] => SimpleXMLElement Object
        (
        )

    [LineItemID] => 2848
    [Quantity] => 1
)

03-02-2020 @ 10:57:31 - ShipNotify Item: SimpleXMLElement Object
(
    [Name] => Smooth Operator Sample
    [SKU] => SimpleXMLElement Object
        (
        )

    [LineItemID] => 2849
    [Quantity] => 1
)

03-02-2020 @ 10:57:31 - Item Smooth Operator Sample is not shippable product. Skipping.
03-02-2020 @ 10:57:31 - Shipped 1 out of 1 items in order 14581
03-02-2020 @ 10:57:31 - Updated order 14581 to status wc-completed
03-02-2020 @ 10:57:32 - Input params: wc-api=wc_shipstation&auth_key=WCSS-b6c91f0b4959b1c4a9d6e9759774c5ab&action=shipnotify&order_number=14580&carrier=USPS&service=USPS+Priority+Mail&tracking_number=9405511899561048292068&capture=true
03-02-2020 @ 10:57:32 - ShipNotify XML: <?xml version="1.0" encoding="UTF-8"?><ShipNotice><OrderNumber>14580</OrderNumber><OrderID>14580</OrderID><CustomerCode>katie.sammis@gmail.com</CustomerCode><CustomerNotes><![CDATA[]]></CustomerNotes><InternalNotes><![CDATA[]]></InternalNotes><NotesToCustomer><![CDATA[]]></NotesToCustomer><NotifyCustomer>false</NotifyCustomer><LabelCreateDate>03/02/2020 08:00</LabelCreateDate><ShipDate>03/02/2020</ShipDate><Carrier>USPS</Carrier><Service>USPS Priority Mail</Service><TrackingNumber>9405511899561048292068</TrackingNumber><ShippingCost>11.1900</ShippingCost><CustomField1 /><CustomField2 /><CustomField3 /><Recipient><Name>Katherine Sammis</Name><Company /><Address1>20 PLAZA ST E APT C15</Address1><Address2 /><City>BROOKLYN</City><State>NY</State><PostalCode>11238-7350</PostalCode><Country>US</Country></Recipient><Items><Item><Name>Happy Clam</Name><SKU /><LineItemID>2845</LineItemID><Quantity>3</Quantity></Item></Items></ShipNotice>
03-02-2020 @ 10:57:32 - ShipNotify Item: SimpleXMLElement Object
(
    [Name] => Happy Clam
    [SKU] => SimpleXMLElement Object
        (
        )

    [LineItemID] => 2845
    [Quantity] => 3
)

03-02-2020 @ 10:57:32 - Shipped 3 out of 3 items in order 14580
03-02-2020 @ 10:57:33 - Updated order 14580 to status wc-completed
03-02-2020 @ 10:57:33 - Input params: wc-api=wc_shipstation&auth_key=WCSS-b6c91f0b4959b1c4a9d6e9759774c5ab&action=shipnotify&order_number=14582&carrier=USPS&service=USPS+First+Class+Mail&tracking_number=9400111899561048291884&capture=true
03-02-2020 @ 10:57:33 - ShipNotify XML: <?xml version="1.0" encoding="UTF-8"?><ShipNotice><OrderNumber>14582</OrderNumber><OrderID>14582</OrderID><CustomerCode>dianadobsonharvey@gmail.com</CustomerCode><CustomerNotes><![CDATA[]]></CustomerNotes><InternalNotes><![CDATA[]]></InternalNotes><NotesToCustomer><![CDATA[]]></NotesToCustomer><NotifyCustomer>false</NotifyCustomer><LabelCreateDate>03/02/2020 08:00</LabelCreateDate><ShipDate>03/02/2020</ShipDate><Carrier>USPS</Carrier><Service>USPS First Class Mail</Service><TrackingNumber>9400111899561048291884</TrackingNumber><ShippingCost>4.4600</ShippingCost><CustomField1>welcum</CustomField1><CustomField2 /><CustomField3 /><Recipient><Name>Diana Dobson Harvey</Name><Company /><Address1>1827 ROCK GLEN DR APT 303</Address1><Address2 /><City>ROCK HILL</City><State>SC</State><PostalCode>29732-2605</PostalCode><Country>US</Country></Recipient><Items><Item><Name>Happy Clam</Name><SKU /><LineItemID>2852</LineItemID><Quantity>1</Quantity></Item></Items></ShipNotice>
03-02-2020 @ 10:57:33 - ShipNotify Item: SimpleXMLElement Object
(
    [Name] => Happy Clam
    [SKU] => SimpleXMLElement Object
        (
        )

    [LineItemID] => 2852
    [Quantity] => 1
)

03-02-2020 @ 10:57:33 - Shipped 1 out of 1 items in order 14582
03-02-2020 @ 10:57:34 - Updated order 14582 to status wc-completed
03-02-2020 @ 10:57:35 - Input params: wc-api=wc_shipstation&auth_key=WCSS-b6c91f0b4959b1c4a9d6e9759774c5ab&action=shipnotify&order_number=14583&carrier=USPS&service=USPS+First+Class+Mail&tracking_number=9400111899561048291518&capture=true
03-02-2020 @ 10:57:35 - ShipNotify XML: <?xml version="1.0" encoding="UTF-8"?><ShipNotice><OrderNumber>14583</OrderNumber><OrderID>14583</OrderID><CustomerCode>jjmz12@sbcglobal.net</CustomerCode><CustomerNotes><![CDATA[]]></CustomerNotes><InternalNotes><![CDATA[]]></InternalNotes><NotesToCustomer><![CDATA[]]></NotesToCustomer><NotifyCustomer>false</NotifyCustomer><LabelCreateDate>03/02/2020 08:00</LabelCreateDate><ShipDate>03/02/2020</ShipDate><Carrier>USPS</Carrier><Service>USPS First Class Mail</Service><TrackingNumber>9400111899561048291518</TrackingNumber><ShippingCost>4.0000</ShippingCost><CustomField1 /><CustomField2 /><CustomField3 /><Recipient><Name>Jennifer Gerding</Name><Company /><Address1>2540 VISTA GLEN CT</Address1><Address2 /><City>WOODLAND PARK</City><State>CO</State><PostalCode>80863-7004</PostalCode><Country>US</Country></Recipient><Items><Item><Name>Smooth Operator</Name><SKU /><LineItemID>2856</LineItemID><Quantity>1</Quantity></Item><Item><Name>Happy Clam Sample</Name><SKU /><LineItemID>2857</LineItemID><Quantity>1</Quantity></Item></Items></ShipNotice>
03-02-2020 @ 10:57:35 - ShipNotify Item: SimpleXMLElement Object
(
    [Name] => Smooth Operator
    [SKU] => SimpleXMLElement Object
        (
        )

    [LineItemID] => 2856
    [Quantity] => 1
)

03-02-2020 @ 10:57:35 - ShipNotify Item: SimpleXMLElement Object
(
    [Name] => Happy Clam Sample
    [SKU] => SimpleXMLElement Object
        (
        )

    [LineItemID] => 2857
    [Quantity] => 1
)

03-02-2020 @ 10:57:35 - Item Happy Clam Sample is not shippable product. Skipping.
03-02-2020 @ 10:57:35 - Shipped 1 out of 1 items in order 14583
03-02-2020 @ 10:57:37 - Updated order 14583 to status wc-completed
03-02-2020 @ 10:57:38 - Input params: wc-api=wc_shipstation&auth_key=WCSS-b6c91f0b4959b1c4a9d6e9759774c5ab&action=shipnotify&order_number=14584&carrier=USPS&service=USPS+First+Class+Mail&tracking_number=9400111899561048229078&capture=true
03-02-2020 @ 10:57:38 - ShipNotify XML: <?xml version="1.0" encoding="UTF-8"?><ShipNotice><OrderNumber>14584</OrderNumber><OrderID>14584</OrderID><CustomerCode>rjohnrodriguez8@gmail.com</CustomerCode><CustomerNotes><![CDATA[]]></CustomerNotes><InternalNotes><![CDATA[]]></InternalNotes><NotesToCustomer><![CDATA[]]></NotesToCustomer><NotifyCustomer>false</NotifyCustomer><LabelCreateDate>03/02/2020 08:00</LabelCreateDate><ShipDate>03/02/2020</ShipDate><Carrier>USPS</Carrier><Service>USPS First Class Mail</Service><TrackingNumber>9400111899561048229078</TrackingNumber><ShippingCost>4.1800</ShippingCost><CustomField1 /><CustomField2 /><CustomField3 /><Recipient><Name>April Hardy</Name><Company /><Address1>2516 DUDLEY ST</Address1><Address2 /><City>LINCOLN</City><State>NE</State><PostalCode>68503-1735</PostalCode><Country>US</Country></Recipient><Items><Item><Name>Smooth Operator</Name><SKU /><LineItemID>2860</LineItemID><Quantity>1</Quantity></Item></Items></ShipNotice>
03-02-2020 @ 10:57:38 - ShipNotify Item: SimpleXMLElement Object
(
    [Name] => Smooth Operator
    [SKU] => SimpleXMLElement Object
        (
        )

    [LineItemID] => 2860
    [Quantity] => 1
)

03-02-2020 @ 10:57:38 - Shipped 1 out of 1 items in order 14584
03-02-2020 @ 10:57:38 - Updated order 14584 to status wc-completed
03-02-2020 @ 10:57:39 - Input params: wc-api=wc_shipstation&auth_key=WCSS-b6c91f0b4959b1c4a9d6e9759774c5ab&action=shipnotify&order_number=14585&carrier=USPS&service=USPS+First+Class+Mail&tracking_number=9400111899561048223397&capture=true
03-02-2020 @ 10:57:39 - ShipNotify XML: <?xml version="1.0" encoding="UTF-8"?><ShipNotice><OrderNumber>14585</OrderNumber><OrderID>14585</OrderID><CustomerCode>nichellesutton@sbcglobal.net</CustomerCode><CustomerNotes><![CDATA[High risk neighborhood. If package cannot fit in mail slot please leave at post office]]></CustomerNotes><InternalNotes><![CDATA[]]></InternalNotes><NotesToCustomer><![CDATA[]]></NotesToCustomer><NotifyCustomer>false</NotifyCustomer><LabelCreateDate>03/02/2020 08:00</LabelCreateDate><ShipDate>03/02/2020</ShipDate><Carrier>USPS</Carrier><Service>USPS First Class Mail</Service><TrackingNumber>9400111899561048223397</TrackingNumber><ShippingCost>4.4600</ShippingCost><CustomField1 /><CustomField2 /><CustomField3 /><Recipient><Name>Nichelle Sutton</Name><Company /><Address1>25 1ST ST</Address1><Address2 /><City>HAMDEN</City><State>CT</State><PostalCode>06514-4914</PostalCode><Country>US</Country></Recipient><Items><Item><Name>Smooth Operator</Name><SKU /><LineItemID>2863</LineItemID><Quantity>1</Quantity></Item></Items></ShipNotice>
03-02-2020 @ 10:57:39 - ShipNotify Item: SimpleXMLElement Object
(
    [Name] => Smooth Operator
    [SKU] => SimpleXMLElement Object
        (
        )

    [LineItemID] => 2863
    [Quantity] => 1
)

03-02-2020 @ 10:57:39 - Shipped 1 out of 1 items in order 14585
03-02-2020 @ 10:57:39 - Updated order 14585 to status wc-completed
03-02-2020 @ 11:36:46 - Input params: wc-api=wc_shipstation&auth_key=WCSS-b6c91f0b4959b1c4a9d6e9759774c5ab&action=export&start_date=03%2F02%2F2020+00%3A36&end_date=03%2F03%2F2020+10%3A36&page=1
03-02-2020 @ 11:36:46 - Exported 17 orders
03-02-2020 @ 13:36:53 - Input params: wc-api=wc_shipstation&auth_key=WCSS-b6c91f0b4959b1c4a9d6e9759774c5ab&action=export&start_date=03%2F02%2F2020+02%3A36&end_date=03%2F03%2F2020+12%3A36&page=1
03-02-2020 @ 13:36:53 - Exported 18 orders
