02-24-2020 @ 17:32:06 - Input params: wc-api=wc_shipstation&auth_key=WCSS-b6c91f0b4959b1c4a9d6e9759774c5ab&action=export&start_date=02%2F24%2F2020+06%3A32&end_date=02%2F25%2F2020+16%3A32&page=1
02-24-2020 @ 17:32:07 - Exported 14 orders
02-24-2020 @ 19:32:09 - Input params: wc-api=wc_shipstation&auth_key=WCSS-b6c91f0b4959b1c4a9d6e9759774c5ab&action=export&start_date=02%2F24%2F2020+08%3A32&end_date=02%2F25%2F2020+18%3A32&page=1
02-24-2020 @ 19:32:09 - Exported 16 orders
02-24-2020 @ 21:32:13 - Input params: wc-api=wc_shipstation&auth_key=WCSS-b6c91f0b4959b1c4a9d6e9759774c5ab&action=export&start_date=02%2F24%2F2020+10%3A32&end_date=02%2F25%2F2020+20%3A32&page=1
02-24-2020 @ 21:32:13 - Exported 16 orders
02-24-2020 @ 23:32:16 - Input params: wc-api=wc_shipstation&auth_key=WCSS-b6c91f0b4959b1c4a9d6e9759774c5ab&action=export&start_date=02%2F24%2F2020+12%3A32&end_date=02%2F25%2F2020+22%3A32&page=1
02-24-2020 @ 23:32:16 - Exported 16 orders
02-25-2020 @ 01:32:18 - Input params: wc-api=wc_shipstation&auth_key=WCSS-b6c91f0b4959b1c4a9d6e9759774c5ab&action=export&start_date=02%2F24%2F2020+14%3A32&end_date=02%2F26%2F2020+00%3A32&page=1
02-25-2020 @ 01:32:19 - Exported 16 orders
02-25-2020 @ 03:32:20 - Input params: wc-api=wc_shipstation&auth_key=WCSS-b6c91f0b4959b1c4a9d6e9759774c5ab&action=export&start_date=02%2F24%2F2020+16%3A32&end_date=02%2F26%2F2020+02%3A32&page=1
02-25-2020 @ 03:32:20 - Exported 16 orders
02-25-2020 @ 05:32:23 - Input params: wc-api=wc_shipstation&auth_key=WCSS-b6c91f0b4959b1c4a9d6e9759774c5ab&action=export&start_date=02%2F24%2F2020+18%3A32&end_date=02%2F26%2F2020+04%3A32&page=1
02-25-2020 @ 05:32:23 - Exported 16 orders
02-25-2020 @ 07:32:25 - Input params: wc-api=wc_shipstation&auth_key=WCSS-b6c91f0b4959b1c4a9d6e9759774c5ab&action=export&start_date=02%2F24%2F2020+20%3A32&end_date=02%2F26%2F2020+06%3A32&page=1
02-25-2020 @ 07:32:25 - Exported 16 orders
02-25-2020 @ 09:32:27 - Input params: wc-api=wc_shipstation&auth_key=WCSS-b6c91f0b4959b1c4a9d6e9759774c5ab&action=export&start_date=02%2F24%2F2020+22%3A32&end_date=02%2F26%2F2020+08%3A32&page=1
02-25-2020 @ 09:32:28 - Exported 17 orders
02-25-2020 @ 11:32:31 - Input params: wc-api=wc_shipstation&auth_key=WCSS-b6c91f0b4959b1c4a9d6e9759774c5ab&action=export&start_date=02%2F25%2F2020+00%3A32&end_date=02%2F26%2F2020+10%3A32&page=1
02-25-2020 @ 11:32:31 - Exported 2 orders
02-25-2020 @ 13:32:34 - Input params: wc-api=wc_shipstation&auth_key=WCSS-b6c91f0b4959b1c4a9d6e9759774c5ab&action=export&start_date=02%2F25%2F2020+02%3A32&end_date=02%2F26%2F2020+12%3A32&page=1
02-25-2020 @ 13:32:34 - Exported 3 orders
02-25-2020 @ 13:50:16 - Input params: wc-api=wc_shipstation&auth_key=WCSS-b6c91f0b4959b1c4a9d6e9759774c5ab&action=shipnotify&order_number=14549&carrier=USPS&service=USPS+First+Class+Mail&tracking_number=9400111899561004731423&capture=true
02-25-2020 @ 13:50:16 - ShipNotify XML: <?xml version="1.0" encoding="UTF-8"?><ShipNotice><OrderNumber>14549</OrderNumber><OrderID>14549</OrderID><CustomerCode>linawahlgren@gmail.com</CustomerCode><CustomerNotes><![CDATA[]]></CustomerNotes><InternalNotes><![CDATA[]]></InternalNotes><NotesToCustomer><![CDATA[]]></NotesToCustomer><NotifyCustomer>false</NotifyCustomer><LabelCreateDate>02/25/2020 08:00</LabelCreateDate><ShipDate>02/25/2020</ShipDate><Carrier>USPS</Carrier><Service>USPS First Class Mail</Service><TrackingNumber>9400111899561004731423</TrackingNumber><ShippingCost>4.4600</ShippingCost><CustomField1 /><CustomField2 /><CustomField3 /><Recipient><Name>Lina Wahlgren</Name><Company /><Address1>47 REEVE PL APT 17</Address1><Address2 /><City>BROOKLYN</City><State>NY</State><PostalCode>11218-1374</PostalCode><Country>US</Country></Recipient><Items><Item><Name>Happy Clam</Name><SKU /><LineItemID>2723</LineItemID><Quantity>1</Quantity></Item></Items></ShipNotice>
02-25-2020 @ 13:50:16 - ShipNotify Item: SimpleXMLElement Object
(
    [Name] => Happy Clam
    [SKU] => SimpleXMLElement Object
        (
        )

    [LineItemID] => 2723
    [Quantity] => 1
)

02-25-2020 @ 13:50:16 - Shipped 1 out of 1 items in order 14549
02-25-2020 @ 13:50:17 - Updated order 14549 to status wc-completed
02-25-2020 @ 13:50:18 - Input params: wc-api=wc_shipstation&auth_key=WCSS-b6c91f0b4959b1c4a9d6e9759774c5ab&action=shipnotify&order_number=14548&carrier=USPS&service=USPS+First+Class+Mail&tracking_number=9400111899561004713696&capture=true
02-25-2020 @ 13:50:18 - ShipNotify XML: <?xml version="1.0" encoding="UTF-8"?><ShipNotice><OrderNumber>14548</OrderNumber><OrderID>14548</OrderID><CustomerCode>marleneurena94@gmail.com</CustomerCode><CustomerNotes><![CDATA[]]></CustomerNotes><InternalNotes><![CDATA[]]></InternalNotes><NotesToCustomer><![CDATA[]]></NotesToCustomer><NotifyCustomer>false</NotifyCustomer><LabelCreateDate>02/25/2020 08:00</LabelCreateDate><ShipDate>02/25/2020</ShipDate><Carrier>USPS</Carrier><Service>USPS First Class Mail</Service><TrackingNumber>9400111899561004713696</TrackingNumber><ShippingCost>4.4600</ShippingCost><CustomField1>welcum</CustomField1><CustomField2 /><CustomField3 /><Recipient><Name>Marlene Urena</Name><Company /><Address1>98 GRANT AVE</Address1><Address2 /><City>BROOKLYN</City><State>NY</State><PostalCode>11208-1502</PostalCode><Country>US</Country></Recipient><Items><Item><Name>Smooth Operator</Name><SKU /><LineItemID>2715</LineItemID><Quantity>1</Quantity></Item><Item><Name>Happy Clam Sample</Name><SKU /><LineItemID>2716</LineItemID><Quantity>1</Quantity></Item></Items></ShipNotice>
02-25-2020 @ 13:50:18 - ShipNotify Item: SimpleXMLElement Object
(
    [Name] => Smooth Operator
    [SKU] => SimpleXMLElement Object
        (
        )

    [LineItemID] => 2715
    [Quantity] => 1
)

02-25-2020 @ 13:50:18 - ShipNotify Item: SimpleXMLElement Object
(
    [Name] => Happy Clam Sample
    [SKU] => SimpleXMLElement Object
        (
        )

    [LineItemID] => 2716
    [Quantity] => 1
)

02-25-2020 @ 13:50:18 - Item Happy Clam Sample is not shippable product. Skipping.
02-25-2020 @ 13:50:18 - Shipped 1 out of 1 items in order 14548
02-25-2020 @ 13:50:18 - Updated order 14548 to status wc-completed
02-25-2020 @ 13:50:19 - Input params: wc-api=wc_shipstation&auth_key=WCSS-b6c91f0b4959b1c4a9d6e9759774c5ab&action=shipnotify&order_number=14552&carrier=USPS&service=USPS+First+Class+Mail&tracking_number=9400111899561004719919&capture=true
02-25-2020 @ 13:50:19 - ShipNotify XML: <?xml version="1.0" encoding="UTF-8"?><ShipNotice><OrderNumber>14552</OrderNumber><OrderID>14552</OrderID><CustomerCode>rosemans509@aol.com</CustomerCode><CustomerNotes><![CDATA[]]></CustomerNotes><InternalNotes><![CDATA[]]></InternalNotes><NotesToCustomer><![CDATA[]]></NotesToCustomer><NotifyCustomer>false</NotifyCustomer><LabelCreateDate>02/25/2020 08:00</LabelCreateDate><ShipDate>02/25/2020</ShipDate><Carrier>USPS</Carrier><Service>USPS First Class Mail</Service><TrackingNumber>9400111899561004719919</TrackingNumber><ShippingCost>4.0800</ShippingCost><CustomField1 /><CustomField2 /><CustomField3 /><Recipient><Name>Jennifer Roseman</Name><Company /><Address1>4312 E 39TH AVE</Address1><Address2 /><City>SPOKANE</City><State>WA</State><PostalCode>99223-1225</PostalCode><Country>US</Country></Recipient><Items><Item><Name>Smooth Operator</Name><SKU /><LineItemID>2733</LineItemID><Quantity>1</Quantity></Item><Item><Name>Happy Clam Sample</Name><SKU /><LineItemID>2734</LineItemID><Quantity>1</Quantity></Item></Items></ShipNotice>
02-25-2020 @ 13:50:19 - ShipNotify Item: SimpleXMLElement Object
(
    [Name] => Smooth Operator
    [SKU] => SimpleXMLElement Object
        (
        )

    [LineItemID] => 2733
    [Quantity] => 1
)

02-25-2020 @ 13:50:19 - ShipNotify Item: SimpleXMLElement Object
(
    [Name] => Happy Clam Sample
    [SKU] => SimpleXMLElement Object
        (
        )

    [LineItemID] => 2734
    [Quantity] => 1
)

02-25-2020 @ 13:50:19 - Item Happy Clam Sample is not shippable product. Skipping.
02-25-2020 @ 13:50:19 - Shipped 1 out of 1 items in order 14552
02-25-2020 @ 13:50:19 - Updated order 14552 to status wc-completed
02-25-2020 @ 13:50:20 - Input params: wc-api=wc_shipstation&auth_key=WCSS-b6c91f0b4959b1c4a9d6e9759774c5ab&action=shipnotify&order_number=14553&carrier=USPS&service=USPS+First+Class+Mail&tracking_number=9400111899561004719858&capture=true
02-25-2020 @ 13:50:20 - ShipNotify XML: <?xml version="1.0" encoding="UTF-8"?><ShipNotice><OrderNumber>14553</OrderNumber><OrderID>14553</OrderID><CustomerCode>savirkadmon@gmail.com</CustomerCode><CustomerNotes><![CDATA[]]></CustomerNotes><InternalNotes><![CDATA[]]></InternalNotes><NotesToCustomer><![CDATA[]]></NotesToCustomer><NotifyCustomer>false</NotifyCustomer><LabelCreateDate>02/25/2020 08:00</LabelCreateDate><ShipDate>02/25/2020</ShipDate><Carrier>USPS</Carrier><Service>USPS First Class Mail</Service><TrackingNumber>9400111899561004719858</TrackingNumber><ShippingCost>5.7000</ShippingCost><CustomField1 /><CustomField2 /><CustomField3 /><Recipient><Name>Noam Kadmon</Name><Company /><Address1>30 CHAPIN RD STE 1201</Address1><Address2>TOP#90276</Address2><City>PINE BROOK</City><State>NJ</State><PostalCode>07058-9398</PostalCode><Country>US</Country></Recipient><Items><Item><Name>Happy Clam</Name><SKU /><LineItemID>2737</LineItemID><Quantity>2</Quantity></Item></Items></ShipNotice>
02-25-2020 @ 13:50:20 - ShipNotify Item: SimpleXMLElement Object
(
    [Name] => Happy Clam
    [SKU] => SimpleXMLElement Object
        (
        )

    [LineItemID] => 2737
    [Quantity] => 2
)

02-25-2020 @ 13:50:20 - Shipped 2 out of 2 items in order 14553
02-25-2020 @ 13:50:21 - Updated order 14553 to status wc-completed
02-25-2020 @ 13:50:21 - Input params: wc-api=wc_shipstation&auth_key=WCSS-b6c91f0b4959b1c4a9d6e9759774c5ab&action=shipnotify&order_number=14554&carrier=USPS&service=USPS+First+Class+Mail&tracking_number=9400111899561004719551&capture=true
02-25-2020 @ 13:50:21 - ShipNotify XML: <?xml version="1.0" encoding="UTF-8"?><ShipNotice><OrderNumber>14554</OrderNumber><OrderID>14554</OrderID><CustomerCode>quinn.ranahan@gmail.com</CustomerCode><CustomerNotes><![CDATA[]]></CustomerNotes><InternalNotes><![CDATA[]]></InternalNotes><NotesToCustomer><![CDATA[]]></NotesToCustomer><NotifyCustomer>false</NotifyCustomer><LabelCreateDate>02/25/2020 08:00</LabelCreateDate><ShipDate>02/25/2020</ShipDate><Carrier>USPS</Carrier><Service>USPS First Class Mail</Service><TrackingNumber>9400111899561004719551</TrackingNumber><ShippingCost>4.0000</ShippingCost><CustomField1>welcum</CustomField1><CustomField2 /><CustomField3 /><Recipient><Name>Quinn Ranahan</Name><Company /><Address1>6174 MONADNOCK WAY</Address1><Address2 /><City>OAKLAND</City><State>CA</State><PostalCode>94605-1710</PostalCode><Country>US</Country></Recipient><Items><Item><Name>Smooth Operator</Name><SKU /><LineItemID>2740</LineItemID><Quantity>1</Quantity></Item><Item><Name>Happy Clam Sample</Name><SKU /><LineItemID>2741</LineItemID><Quantity>1</Quantity></Item><Item><Name>Smooth Operator Sample</Name><SKU /><LineItemID>2742</LineItemID><Quantity>1</Quantity></Item></Items></ShipNotice>
02-25-2020 @ 13:50:21 - ShipNotify Item: SimpleXMLElement Object
(
    [Name] => Smooth Operator
    [SKU] => SimpleXMLElement Object
        (
        )

    [LineItemID] => 2740
    [Quantity] => 1
)

02-25-2020 @ 13:50:21 - ShipNotify Item: SimpleXMLElement Object
(
    [Name] => Happy Clam Sample
    [SKU] => SimpleXMLElement Object
        (
        )

    [LineItemID] => 2741
    [Quantity] => 1
)

02-25-2020 @ 13:50:21 - Item Happy Clam Sample is not shippable product. Skipping.
02-25-2020 @ 13:50:21 - ShipNotify Item: SimpleXMLElement Object
(
    [Name] => Smooth Operator Sample
    [SKU] => SimpleXMLElement Object
        (
        )

    [LineItemID] => 2742
    [Quantity] => 1
)

02-25-2020 @ 13:50:21 - Item Smooth Operator Sample is not shippable product. Skipping.
02-25-2020 @ 13:50:21 - Shipped 1 out of 1 items in order 14554
02-25-2020 @ 13:50:22 - Updated order 14554 to status wc-completed
02-25-2020 @ 15:32:38 - Input params: wc-api=wc_shipstation&auth_key=WCSS-b6c91f0b4959b1c4a9d6e9759774c5ab&action=export&start_date=02%2F25%2F2020+04%3A32&end_date=02%2F26%2F2020+14%3A32&page=1
02-25-2020 @ 15:32:38 - Exported 6 orders
