02-06-2020 @ 17:23:23 - Input params: wc-api=wc_shipstation&auth_key=WCSS-b6c91f0b4959b1c4a9d6e9759774c5ab&action=export&start_date=02%2F06%2F2020+06%3A23&end_date=02%2F07%2F2020+16%3A23&page=1
02-06-2020 @ 17:23:23 - Exported 11 orders
02-06-2020 @ 19:23:27 - Input params: wc-api=wc_shipstation&auth_key=WCSS-b6c91f0b4959b1c4a9d6e9759774c5ab&action=export&start_date=02%2F06%2F2020+08%3A23&end_date=02%2F07%2F2020+18%3A23&page=1
02-06-2020 @ 19:23:27 - Exported 11 orders
02-06-2020 @ 21:23:28 - Input params: wc-api=wc_shipstation&auth_key=WCSS-b6c91f0b4959b1c4a9d6e9759774c5ab&action=export&start_date=02%2F06%2F2020+10%3A23&end_date=02%2F07%2F2020+20%3A23&page=1
02-06-2020 @ 21:23:29 - Exported 11 orders
02-06-2020 @ 23:23:32 - Input params: wc-api=wc_shipstation&auth_key=WCSS-b6c91f0b4959b1c4a9d6e9759774c5ab&action=export&start_date=02%2F06%2F2020+12%3A23&end_date=02%2F07%2F2020+22%3A23&page=1
02-06-2020 @ 23:23:32 - Exported 11 orders
02-07-2020 @ 01:23:34 - Input params: wc-api=wc_shipstation&auth_key=WCSS-b6c91f0b4959b1c4a9d6e9759774c5ab&action=export&start_date=02%2F06%2F2020+14%3A23&end_date=02%2F08%2F2020+00%3A23&page=1
02-07-2020 @ 01:23:35 - Exported 11 orders
02-07-2020 @ 03:23:37 - Input params: wc-api=wc_shipstation&auth_key=WCSS-b6c91f0b4959b1c4a9d6e9759774c5ab&action=export&start_date=02%2F06%2F2020+16%3A23&end_date=02%2F08%2F2020+02%3A23&page=1
02-07-2020 @ 03:23:37 - Exported 11 orders
02-07-2020 @ 05:23:40 - Input params: wc-api=wc_shipstation&auth_key=WCSS-b6c91f0b4959b1c4a9d6e9759774c5ab&action=export&start_date=02%2F06%2F2020+18%3A23&end_date=02%2F08%2F2020+04%3A23&page=1
02-07-2020 @ 05:23:40 - Exported 11 orders
02-07-2020 @ 07:23:43 - Input params: wc-api=wc_shipstation&auth_key=WCSS-b6c91f0b4959b1c4a9d6e9759774c5ab&action=export&start_date=02%2F06%2F2020+20%3A23&end_date=02%2F08%2F2020+06%3A23&page=1
02-07-2020 @ 07:23:43 - Exported 11 orders
02-07-2020 @ 09:23:47 - Input params: wc-api=wc_shipstation&auth_key=WCSS-b6c91f0b4959b1c4a9d6e9759774c5ab&action=export&start_date=02%2F06%2F2020+22%3A23&end_date=02%2F08%2F2020+08%3A23&page=1
02-07-2020 @ 09:23:47 - Exported 12 orders
02-07-2020 @ 09:43:47 - Input params: wc-api=wc_shipstation&auth_key=WCSS-b6c91f0b4959b1c4a9d6e9759774c5ab&action=shipnotify&order_number=11925&carrier=USPS&service=USPS+First+Class+Mail&tracking_number=9400111899561738348324&capture=true
02-07-2020 @ 09:43:47 - ShipNotify XML: <?xml version="1.0" encoding="UTF-8"?><ShipNotice><OrderNumber>11925</OrderNumber><OrderID>11925</OrderID><CustomerCode>Hallie232@gmail.com</CustomerCode><CustomerNotes><![CDATA[]]></CustomerNotes><InternalNotes><![CDATA[]]></InternalNotes><NotesToCustomer><![CDATA[]]></NotesToCustomer><NotifyCustomer>false</NotifyCustomer><LabelCreateDate>02/07/2020 08:00</LabelCreateDate><ShipDate>02/07/2020</ShipDate><Carrier>USPS</Carrier><Service>USPS First Class Mail</Service><TrackingNumber>9400111899561738348324</TrackingNumber><ShippingCost>4.4600</ShippingCost><CustomField1>vday15</CustomField1><CustomField2 /><CustomField3 /><Recipient><Name>Hallie Fetchko</Name><Company /><Address1>232 PARK VIEW RD</Address1><Address2 /><City>EIGHTY FOUR</City><State>PA</State><PostalCode>15330-2407</PostalCode><Country>US</Country></Recipient><Items><Item><Name>Smooth Operator</Name><SKU /><LineItemID>1907</LineItemID><Quantity>1</Quantity></Item></Items></ShipNotice>
02-07-2020 @ 09:43:47 - ShipNotify Item: SimpleXMLElement Object
(
    [Name] => Smooth Operator
    [SKU] => SimpleXMLElement Object
        (
        )

    [LineItemID] => 1907
    [Quantity] => 1
)

02-07-2020 @ 09:43:47 - Shipped 1 out of 1 items in order 11925
02-07-2020 @ 09:43:48 - Updated order 11925 to status wc-completed
02-07-2020 @ 09:43:48 - Input params: wc-api=wc_shipstation&auth_key=WCSS-b6c91f0b4959b1c4a9d6e9759774c5ab&action=shipnotify&order_number=11942&carrier=USPS&service=USPS+First+Class+Mail&tracking_number=9400111899561738340342&capture=true
02-07-2020 @ 09:43:48 - ShipNotify XML: <?xml version="1.0" encoding="UTF-8"?><ShipNotice><OrderNumber>11942</OrderNumber><OrderID>11942</OrderID><CustomerCode>suzydriley@gmail.com</CustomerCode><CustomerNotes><![CDATA[]]></CustomerNotes><InternalNotes><![CDATA[]]></InternalNotes><NotesToCustomer><![CDATA[]]></NotesToCustomer><NotifyCustomer>false</NotifyCustomer><LabelCreateDate>02/07/2020 08:00</LabelCreateDate><ShipDate>02/07/2020</ShipDate><Carrier>USPS</Carrier><Service>USPS First Class Mail</Service><TrackingNumber>9400111899561738340342</TrackingNumber><ShippingCost>5.7000</ShippingCost><CustomField1 /><CustomField2 /><CustomField3 /><Recipient><Name>Suzy Riley</Name><Company /><Address1>2635 INVERNESS RD</Address1><Address2 /><City>CHARLOTTE</City><State>NC</State><PostalCode>28209-3429</PostalCode><Country>US</Country></Recipient><Items><Item><Name>Smooth Operator</Name><SKU /><LineItemID>1911</LineItemID><Quantity>1</Quantity></Item><Item><Name>Happy Clam</Name><SKU /><LineItemID>1912</LineItemID><Quantity>1</Quantity></Item></Items></ShipNotice>
02-07-2020 @ 09:43:48 - ShipNotify Item: SimpleXMLElement Object
(
    [Name] => Smooth Operator
    [SKU] => SimpleXMLElement Object
        (
        )

    [LineItemID] => 1911
    [Quantity] => 1
)

02-07-2020 @ 09:43:48 - ShipNotify Item: SimpleXMLElement Object
(
    [Name] => Happy Clam
    [SKU] => SimpleXMLElement Object
        (
        )

    [LineItemID] => 1912
    [Quantity] => 1
)

02-07-2020 @ 09:43:48 - Shipped 2 out of 2 items in order 11942
02-07-2020 @ 09:43:49 - Updated order 11942 to status wc-completed
02-07-2020 @ 09:43:50 - Input params: wc-api=wc_shipstation&auth_key=WCSS-b6c91f0b4959b1c4a9d6e9759774c5ab&action=shipnotify&order_number=11952&carrier=USPS&service=USPS+First+Class+Mail&tracking_number=9400111899561738348829&capture=true
02-07-2020 @ 09:43:50 - ShipNotify XML: <?xml version="1.0" encoding="UTF-8"?><ShipNotice><OrderNumber>11952</OrderNumber><OrderID>11952</OrderID><CustomerCode>dbetteridge@gmail.com</CustomerCode><CustomerNotes><![CDATA[]]></CustomerNotes><InternalNotes><![CDATA[]]></InternalNotes><NotesToCustomer><![CDATA[]]></NotesToCustomer><NotifyCustomer>false</NotifyCustomer><LabelCreateDate>02/07/2020 08:00</LabelCreateDate><ShipDate>02/07/2020</ShipDate><Carrier>USPS</Carrier><Service>USPS First Class Mail</Service><TrackingNumber>9400111899561738348829</TrackingNumber><ShippingCost>4.4600</ShippingCost><CustomField1 /><CustomField2 /><CustomField3 /><Recipient><Name>Diana Betteridge</Name><Company /><Address1>94 DOUBLING RD</Address1><Address2 /><City>GREENWICH</City><State>CT</State><PostalCode>06830-4047</PostalCode><Country>US</Country></Recipient><Items><Item><Name>Smooth Operator</Name><SKU /><LineItemID>1920</LineItemID><Quantity>1</Quantity></Item><Item><Name>Happy Clam Sample</Name><SKU /><LineItemID>1921</LineItemID><Quantity>1</Quantity></Item></Items></ShipNotice>
02-07-2020 @ 09:43:50 - ShipNotify Item: SimpleXMLElement Object
(
    [Name] => Smooth Operator
    [SKU] => SimpleXMLElement Object
        (
        )

    [LineItemID] => 1920
    [Quantity] => 1
)

02-07-2020 @ 09:43:50 - ShipNotify Item: SimpleXMLElement Object
(
    [Name] => Happy Clam Sample
    [SKU] => SimpleXMLElement Object
        (
        )

    [LineItemID] => 1921
    [Quantity] => 1
)

02-07-2020 @ 09:43:50 - Item Happy Clam Sample is not shippable product. Skipping.
02-07-2020 @ 09:43:50 - Shipped 1 out of 1 items in order 11952
02-07-2020 @ 09:43:51 - Updated order 11952 to status wc-completed
02-07-2020 @ 09:43:51 - Input params: wc-api=wc_shipstation&auth_key=WCSS-b6c91f0b4959b1c4a9d6e9759774c5ab&action=shipnotify&order_number=11948&carrier=USPS&service=USPS+First+Class+Mail&tracking_number=9400111899561738348409&capture=true
02-07-2020 @ 09:43:51 - ShipNotify XML: <?xml version="1.0" encoding="UTF-8"?><ShipNotice><OrderNumber>11948</OrderNumber><OrderID>11948</OrderID><CustomerCode>sugrnspce44@aol.com</CustomerCode><CustomerNotes><![CDATA[]]></CustomerNotes><InternalNotes><![CDATA[]]></InternalNotes><NotesToCustomer><![CDATA[]]></NotesToCustomer><NotifyCustomer>false</NotifyCustomer><LabelCreateDate>02/07/2020 08:00</LabelCreateDate><ShipDate>02/07/2020</ShipDate><Carrier>USPS</Carrier><Service>USPS First Class Mail</Service><TrackingNumber>9400111899561738348409</TrackingNumber><ShippingCost>5.7000</ShippingCost><CustomField1>vday15</CustomField1><CustomField2 /><CustomField3 /><Recipient><Name>Victoria Longo</Name><Company>MISS</Company><Address1>55 E 21ST ST APT 1H</Address1><Address2 /><City>BROOKLYN</City><State>NY</State><PostalCode>11226-1861</PostalCode><Country>US</Country></Recipient><Items><Item><Name>Smooth Operator</Name><SKU /><LineItemID>1915</LineItemID><Quantity>1</Quantity></Item><Item><Name>Happy Clam</Name><SKU /><LineItemID>1916</LineItemID><Quantity>1</Quantity></Item></Items></ShipNotice>
02-07-2020 @ 09:43:51 - ShipNotify Item: SimpleXMLElement Object
(
    [Name] => Smooth Operator
    [SKU] => SimpleXMLElement Object
        (
        )

    [LineItemID] => 1915
    [Quantity] => 1
)

02-07-2020 @ 09:43:51 - ShipNotify Item: SimpleXMLElement Object
(
    [Name] => Happy Clam
    [SKU] => SimpleXMLElement Object
        (
        )

    [LineItemID] => 1916
    [Quantity] => 1
)

02-07-2020 @ 09:43:51 - Shipped 2 out of 2 items in order 11948
02-07-2020 @ 09:43:52 - Updated order 11948 to status wc-completed
02-07-2020 @ 09:43:53 - Input params: wc-api=wc_shipstation&auth_key=WCSS-b6c91f0b4959b1c4a9d6e9759774c5ab&action=shipnotify&order_number=11975&carrier=USPS&service=USPS+First+Class+Mail&tracking_number=9400111899561738347983&capture=true
02-07-2020 @ 09:43:53 - ShipNotify XML: <?xml version="1.0" encoding="UTF-8"?><ShipNotice><OrderNumber>11975</OrderNumber><OrderID>11975</OrderID><CustomerCode>stephenrhawk@yahoo.com</CustomerCode><CustomerNotes><![CDATA[]]></CustomerNotes><InternalNotes><![CDATA[]]></InternalNotes><NotesToCustomer><![CDATA[]]></NotesToCustomer><NotifyCustomer>false</NotifyCustomer><LabelCreateDate>02/07/2020 08:00</LabelCreateDate><ShipDate>02/07/2020</ShipDate><Carrier>USPS</Carrier><Service>USPS First Class Mail</Service><TrackingNumber>9400111899561738347983</TrackingNumber><ShippingCost>3.9700</ShippingCost><CustomField1>vday15</CustomField1><CustomField2 /><CustomField3 /><Recipient><Name>Stephen Hawk</Name><Company /><Address1>7807 CROYDON AVE</Address1><Address2 /><City>LOS ANGELES</City><State>CA</State><PostalCode>90045-2906</PostalCode><Country>US</Country></Recipient><Items><Item><Name>Smooth Operator</Name><SKU /><LineItemID>1924</LineItemID><Quantity>1</Quantity></Item></Items></ShipNotice>
02-07-2020 @ 09:43:53 - ShipNotify Item: SimpleXMLElement Object
(
    [Name] => Smooth Operator
    [SKU] => SimpleXMLElement Object
        (
        )

    [LineItemID] => 1924
    [Quantity] => 1
)

02-07-2020 @ 09:43:53 - Shipped 1 out of 1 items in order 11975
02-07-2020 @ 09:43:53 - Updated order 11975 to status wc-completed
02-07-2020 @ 11:23:49 - Input params: wc-api=wc_shipstation&auth_key=WCSS-b6c91f0b4959b1c4a9d6e9759774c5ab&action=export&start_date=02%2F07%2F2020+00%3A23&end_date=02%2F08%2F2020+10%3A23&page=1
02-07-2020 @ 11:23:49 - Exported 6 orders
02-07-2020 @ 12:30:51 - Input params: wc-api=wc_shipstation&auth_key=WCSS-b6c91f0b4959b1c4a9d6e9759774c5ab&action=shipnotify&order_number=11992&carrier=USPS&service=USPS+First+Class+Mail&tracking_number=9400111899561736773142&capture=true
02-07-2020 @ 12:30:51 - ShipNotify XML: <?xml version="1.0" encoding="UTF-8"?><ShipNotice><OrderNumber>11992</OrderNumber><OrderID>11992</OrderID><CustomerCode>Smor2415@hotmail.com</CustomerCode><CustomerNotes><![CDATA[]]></CustomerNotes><InternalNotes><![CDATA[]]></InternalNotes><NotesToCustomer><![CDATA[]]></NotesToCustomer><NotifyCustomer>false</NotifyCustomer><LabelCreateDate>02/07/2020 08:00</LabelCreateDate><ShipDate>02/07/2020</ShipDate><Carrier>USPS</Carrier><Service>USPS First Class Mail</Service><TrackingNumber>9400111899561736773142</TrackingNumber><ShippingCost>5.4000</ShippingCost><CustomField1>vday15</CustomField1><CustomField2 /><CustomField3 /><Recipient><Name>Josh Morgan</Name><Company /><Address1>11008 CANYON ROCK CT</Address1><Address2 /><City>BENBROOK</City><State>TX</State><PostalCode>76126-2594</PostalCode><Country>US</Country></Recipient><Items><Item><Name>Happy Clam</Name><SKU /><LineItemID>1928</LineItemID><Quantity>1</Quantity></Item><Item><Name>Smooth Operator</Name><SKU /><LineItemID>1929</LineItemID><Quantity>1</Quantity></Item></Items></ShipNotice>
02-07-2020 @ 12:30:51 - ShipNotify Item: SimpleXMLElement Object
(
    [Name] => Happy Clam
    [SKU] => SimpleXMLElement Object
        (
        )

    [LineItemID] => 1928
    [Quantity] => 1
)

02-07-2020 @ 12:30:51 - ShipNotify Item: SimpleXMLElement Object
(
    [Name] => Smooth Operator
    [SKU] => SimpleXMLElement Object
        (
        )

    [LineItemID] => 1929
    [Quantity] => 1
)

02-07-2020 @ 12:30:51 - Shipped 2 out of 2 items in order 11992
02-07-2020 @ 12:30:54 - Updated order 11992 to status wc-completed
02-07-2020 @ 13:23:53 - Input params: wc-api=wc_shipstation&auth_key=WCSS-b6c91f0b4959b1c4a9d6e9759774c5ab&action=export&start_date=02%2F07%2F2020+02%3A23&end_date=02%2F08%2F2020+12%3A23&page=1
02-07-2020 @ 13:23:53 - Exported 6 orders
02-07-2020 @ 15:23:55 - Input params: wc-api=wc_shipstation&auth_key=WCSS-b6c91f0b4959b1c4a9d6e9759774c5ab&action=export&start_date=02%2F07%2F2020+04%3A23&end_date=02%2F08%2F2020+14%3A23&page=1
02-07-2020 @ 15:23:55 - Exported 6 orders
