02-13-2020 @ 17:17:21 - Input params: wc-api=wc_shipstation&auth_key=WCSS-b6c91f0b4959b1c4a9d6e9759774c5ab&action=export&start_date=02%2F13%2F2020+06%3A17&end_date=02%2F14%2F2020+16%3A17&page=1
02-13-2020 @ 17:17:21 - Exported 15 orders
02-13-2020 @ 19:17:26 - Input params: wc-api=wc_shipstation&auth_key=WCSS-b6c91f0b4959b1c4a9d6e9759774c5ab&action=export&start_date=02%2F13%2F2020+08%3A17&end_date=02%2F14%2F2020+18%3A17&page=1
02-13-2020 @ 19:17:26 - Exported 18 orders
02-13-2020 @ 21:17:31 - Input params: wc-api=wc_shipstation&auth_key=WCSS-b6c91f0b4959b1c4a9d6e9759774c5ab&action=export&start_date=02%2F13%2F2020+10%3A17&end_date=02%2F14%2F2020+20%3A17&page=1
02-13-2020 @ 21:17:32 - Exported 18 orders
02-13-2020 @ 23:17:34 - Input params: wc-api=wc_shipstation&auth_key=WCSS-b6c91f0b4959b1c4a9d6e9759774c5ab&action=export&start_date=02%2F13%2F2020+12%3A17&end_date=02%2F14%2F2020+22%3A17&page=1
02-13-2020 @ 23:17:35 - Exported 19 orders
02-14-2020 @ 01:17:37 - Input params: wc-api=wc_shipstation&auth_key=WCSS-b6c91f0b4959b1c4a9d6e9759774c5ab&action=export&start_date=02%2F13%2F2020+14%3A17&end_date=02%2F15%2F2020+00%3A17&page=1
02-14-2020 @ 01:17:38 - Exported 19 orders
02-14-2020 @ 03:17:40 - Input params: wc-api=wc_shipstation&auth_key=WCSS-b6c91f0b4959b1c4a9d6e9759774c5ab&action=export&start_date=02%2F13%2F2020+16%3A17&end_date=02%2F15%2F2020+02%3A17&page=1
02-14-2020 @ 03:17:40 - Exported 20 orders
02-14-2020 @ 05:17:44 - Input params: wc-api=wc_shipstation&auth_key=WCSS-b6c91f0b4959b1c4a9d6e9759774c5ab&action=export&start_date=02%2F13%2F2020+18%3A17&end_date=02%2F15%2F2020+04%3A17&page=1
02-14-2020 @ 05:17:44 - Exported 20 orders
02-14-2020 @ 07:17:45 - Input params: wc-api=wc_shipstation&auth_key=WCSS-b6c91f0b4959b1c4a9d6e9759774c5ab&action=export&start_date=02%2F13%2F2020+20%3A17&end_date=02%2F15%2F2020+06%3A17&page=1
02-14-2020 @ 07:17:46 - Exported 20 orders
02-14-2020 @ 09:17:48 - Input params: wc-api=wc_shipstation&auth_key=WCSS-b6c91f0b4959b1c4a9d6e9759774c5ab&action=export&start_date=02%2F13%2F2020+22%3A17&end_date=02%2F15%2F2020+08%3A17&page=1
02-14-2020 @ 09:17:49 - Exported 21 orders
02-14-2020 @ 10:30:14 - Input params: wc-api=wc_shipstation&auth_key=WCSS-b6c91f0b4959b1c4a9d6e9759774c5ab&action=shipnotify&order_number=12723&carrier=USPS&service=USPS+First+Class+Mail&tracking_number=9400111899561288609241&capture=true
02-14-2020 @ 10:30:14 - ShipNotify XML: <?xml version="1.0" encoding="UTF-8"?><ShipNotice><OrderNumber>12723</OrderNumber><OrderID>12723</OrderID><CustomerCode>star_cookie2000@yahoo.com</CustomerCode><CustomerNotes><![CDATA[]]></CustomerNotes><InternalNotes><![CDATA[]]></InternalNotes><NotesToCustomer><![CDATA[]]></NotesToCustomer><NotifyCustomer>false</NotifyCustomer><LabelCreateDate>02/14/2020 08:00</LabelCreateDate><ShipDate>02/14/2020</ShipDate><Carrier>USPS</Carrier><Service>USPS First Class Mail</Service><TrackingNumber>9400111899561288609241</TrackingNumber><ShippingCost>4.4600</ShippingCost><CustomField1>lets69</CustomField1><CustomField2 /><CustomField3 /><Recipient><Name>Annette Conto</Name><Company /><Address1>1314 LAKE LUCERNE WAY APT 103</Address1><Address2 /><City>BRANDON</City><State>FL</State><PostalCode>33511-2271</PostalCode><Country>US</Country></Recipient><Items><Item><Name>Happy Clam</Name><SKU /><LineItemID>2362</LineItemID><Quantity>1</Quantity></Item><Item><Name>Happy Clam Sample</Name><SKU /><LineItemID>2363</LineItemID><Quantity>1</Quantity></Item><Item><Name>Smooth Operator Sample</Name><SKU /><LineItemID>2364</LineItemID><Quantity>1</Quantity></Item></Items></ShipNotice>
02-14-2020 @ 10:30:14 - ShipNotify Item: SimpleXMLElement Object
(
    [Name] => Happy Clam
    [SKU] => SimpleXMLElement Object
        (
        )

    [LineItemID] => 2362
    [Quantity] => 1
)

02-14-2020 @ 10:30:14 - ShipNotify Item: SimpleXMLElement Object
(
    [Name] => Happy Clam Sample
    [SKU] => SimpleXMLElement Object
        (
        )

    [LineItemID] => 2363
    [Quantity] => 1
)

02-14-2020 @ 10:30:14 - Item Happy Clam Sample is not shippable product. Skipping.
02-14-2020 @ 10:30:14 - ShipNotify Item: SimpleXMLElement Object
(
    [Name] => Smooth Operator Sample
    [SKU] => SimpleXMLElement Object
        (
        )

    [LineItemID] => 2364
    [Quantity] => 1
)

02-14-2020 @ 10:30:14 - Item Smooth Operator Sample is not shippable product. Skipping.
02-14-2020 @ 10:30:14 - Shipped 1 out of 1 items in order 12723
02-14-2020 @ 10:30:14 - Updated order 12723 to status wc-completed
02-14-2020 @ 10:30:15 - Input params: wc-api=wc_shipstation&auth_key=WCSS-b6c91f0b4959b1c4a9d6e9759774c5ab&action=shipnotify&order_number=12722&carrier=USPS&service=USPS+First+Class+Mail&tracking_number=9400111899561288609197&capture=true
02-14-2020 @ 10:30:15 - ShipNotify XML: <?xml version="1.0" encoding="UTF-8"?><ShipNotice><OrderNumber>12722</OrderNumber><OrderID>12722</OrderID><CustomerCode>armida.robles@gmail.com</CustomerCode><CustomerNotes><![CDATA[]]></CustomerNotes><InternalNotes><![CDATA[]]></InternalNotes><NotesToCustomer><![CDATA[]]></NotesToCustomer><NotifyCustomer>false</NotifyCustomer><LabelCreateDate>02/14/2020 08:00</LabelCreateDate><ShipDate>02/14/2020</ShipDate><Carrier>USPS</Carrier><Service>USPS First Class Mail</Service><TrackingNumber>9400111899561288609197</TrackingNumber><ShippingCost>3.9700</ShippingCost><CustomField1>lets69</CustomField1><CustomField2 /><CustomField3 /><Recipient><Name>Armida Robles</Name><Company /><Address1>727 S CORONADO ST APT 307</Address1><Address2 /><City>LOS ANGELES</City><State>CA</State><PostalCode>90057-3871</PostalCode><Country>US</Country></Recipient><Items><Item><Name>Smooth Operator</Name><SKU /><LineItemID>2357</LineItemID><Quantity>1</Quantity></Item><Item><Name>Happy Clam Sample</Name><SKU /><LineItemID>2358</LineItemID><Quantity>1</Quantity></Item></Items></ShipNotice>
02-14-2020 @ 10:30:15 - ShipNotify Item: SimpleXMLElement Object
(
    [Name] => Smooth Operator
    [SKU] => SimpleXMLElement Object
        (
        )

    [LineItemID] => 2357
    [Quantity] => 1
)

02-14-2020 @ 10:30:15 - ShipNotify Item: SimpleXMLElement Object
(
    [Name] => Happy Clam Sample
    [SKU] => SimpleXMLElement Object
        (
        )

    [LineItemID] => 2358
    [Quantity] => 1
)

02-14-2020 @ 10:30:15 - Item Happy Clam Sample is not shippable product. Skipping.
02-14-2020 @ 10:30:15 - Shipped 1 out of 1 items in order 12722
02-14-2020 @ 10:30:16 - Updated order 12722 to status wc-completed
02-14-2020 @ 10:30:17 - Input params: wc-api=wc_shipstation&auth_key=WCSS-b6c91f0b4959b1c4a9d6e9759774c5ab&action=shipnotify&order_number=12726&carrier=USPS&service=USPS+First+Class+Mail&tracking_number=9400111899561288681643&capture=true
02-14-2020 @ 10:30:17 - ShipNotify XML: <?xml version="1.0" encoding="UTF-8"?><ShipNotice><OrderNumber>12726</OrderNumber><OrderID>12726</OrderID><CustomerCode>Allenedoggett@yahoo.com</CustomerCode><CustomerNotes><![CDATA[]]></CustomerNotes><InternalNotes><![CDATA[]]></InternalNotes><NotesToCustomer><![CDATA[]]></NotesToCustomer><NotifyCustomer>false</NotifyCustomer><LabelCreateDate>02/14/2020 08:00</LabelCreateDate><ShipDate>02/14/2020</ShipDate><Carrier>USPS</Carrier><Service>USPS First Class Mail</Service><TrackingNumber>9400111899561288681643</TrackingNumber><ShippingCost>4.1800</ShippingCost><CustomField1>lets69</CustomField1><CustomField2 /><CustomField3 /><Recipient><Name>Allene Doggett</Name><Company /><Address1>118 MOLLY LN</Address1><Address2 /><City>MINEOLA</City><State>TX</State><PostalCode>75773-1316</PostalCode><Country>US</Country></Recipient><Items><Item><Name>Happy Clam</Name><SKU /><LineItemID>2378</LineItemID><Quantity>1</Quantity></Item><Item><Name>Smooth Operator Sample</Name><SKU /><LineItemID>2379</LineItemID><Quantity>1</Quantity></Item></Items></ShipNotice>
02-14-2020 @ 10:30:17 - ShipNotify Item: SimpleXMLElement Object
(
    [Name] => Happy Clam
    [SKU] => SimpleXMLElement Object
        (
        )

    [LineItemID] => 2378
    [Quantity] => 1
)

02-14-2020 @ 10:30:17 - ShipNotify Item: SimpleXMLElement Object
(
    [Name] => Smooth Operator Sample
    [SKU] => SimpleXMLElement Object
        (
        )

    [LineItemID] => 2379
    [Quantity] => 1
)

02-14-2020 @ 10:30:17 - Item Smooth Operator Sample is not shippable product. Skipping.
02-14-2020 @ 10:30:17 - Shipped 1 out of 1 items in order 12726
02-14-2020 @ 10:30:17 - Updated order 12726 to status wc-completed
02-14-2020 @ 10:30:18 - Input params: wc-api=wc_shipstation&auth_key=WCSS-b6c91f0b4959b1c4a9d6e9759774c5ab&action=shipnotify&order_number=12725&carrier=USPS&service=USPS+First+Class+Mail&tracking_number=9400111899561288681858&capture=true
02-14-2020 @ 10:30:18 - ShipNotify XML: <?xml version="1.0" encoding="UTF-8"?><ShipNotice><OrderNumber>12725</OrderNumber><OrderID>12725</OrderID><CustomerCode>leaveme2read@gmail.com</CustomerCode><CustomerNotes><![CDATA[]]></CustomerNotes><InternalNotes><![CDATA[]]></InternalNotes><NotesToCustomer><![CDATA[]]></NotesToCustomer><NotifyCustomer>false</NotifyCustomer><LabelCreateDate>02/14/2020 08:00</LabelCreateDate><ShipDate>02/14/2020</ShipDate><Carrier>USPS</Carrier><Service>USPS First Class Mail</Service><TrackingNumber>9400111899561288681858</TrackingNumber><ShippingCost>4.0800</ShippingCost><CustomField1>lets69</CustomField1><CustomField2 /><CustomField3 /><Recipient><Name>Shereen Roggio</Name><Company /><Address1>1901 N GRANT ST APT 1226</Address1><Address2>1226</Address2><City>DENVER</City><State>CO</State><PostalCode>80203-1591</PostalCode><Country>US</Country></Recipient><Items><Item><Name>Smooth Operator</Name><SKU /><LineItemID>2372</LineItemID><Quantity>1</Quantity></Item><Item><Name>Happy Clam Sample</Name><SKU /><LineItemID>2373</LineItemID><Quantity>1</Quantity></Item><Item><Name>Smooth Operator Sample</Name><SKU /><LineItemID>2374</LineItemID><Quantity>1</Quantity></Item></Items></ShipNotice>
02-14-2020 @ 10:30:18 - ShipNotify Item: SimpleXMLElement Object
(
    [Name] => Smooth Operator
    [SKU] => SimpleXMLElement Object
        (
        )

    [LineItemID] => 2372
    [Quantity] => 1
)

02-14-2020 @ 10:30:18 - ShipNotify Item: SimpleXMLElement Object
(
    [Name] => Happy Clam Sample
    [SKU] => SimpleXMLElement Object
        (
        )

    [LineItemID] => 2373
    [Quantity] => 1
)

02-14-2020 @ 10:30:18 - Item Happy Clam Sample is not shippable product. Skipping.
02-14-2020 @ 10:30:18 - ShipNotify Item: SimpleXMLElement Object
(
    [Name] => Smooth Operator Sample
    [SKU] => SimpleXMLElement Object
        (
        )

    [LineItemID] => 2374
    [Quantity] => 1
)

02-14-2020 @ 10:30:18 - Item Smooth Operator Sample is not shippable product. Skipping.
02-14-2020 @ 10:30:18 - Shipped 1 out of 1 items in order 12725
02-14-2020 @ 10:30:18 - Updated order 12725 to status wc-completed
02-14-2020 @ 10:30:19 - Input params: wc-api=wc_shipstation&auth_key=WCSS-b6c91f0b4959b1c4a9d6e9759774c5ab&action=shipnotify&order_number=12724&carrier=USPS&service=USPS+First+Class+Mail&tracking_number=9400111899561288681100&capture=true
02-14-2020 @ 10:30:19 - ShipNotify XML: <?xml version="1.0" encoding="UTF-8"?><ShipNotice><OrderNumber>12724</OrderNumber><OrderID>12724</OrderID><CustomerCode>zhaywood@msn.com</CustomerCode><CustomerNotes><![CDATA[]]></CustomerNotes><InternalNotes><![CDATA[]]></InternalNotes><NotesToCustomer><![CDATA[]]></NotesToCustomer><NotifyCustomer>false</NotifyCustomer><LabelCreateDate>02/14/2020 08:00</LabelCreateDate><ShipDate>02/14/2020</ShipDate><Carrier>USPS</Carrier><Service>USPS First Class Mail</Service><TrackingNumber>9400111899561288681100</TrackingNumber><ShippingCost>4.4600</ShippingCost><CustomField1>lets69</CustomField1><CustomField2 /><CustomField3 /><Recipient><Name>KIMBERLY HAYWOOD</Name><Company /><Address1>3443 HEATHER DR</Address1><Address2 /><City>AUGUSTA</City><State>GA</State><PostalCode>30909-2707</PostalCode><Country>US</Country></Recipient><Items><Item><Name>Happy Clam</Name><SKU /><LineItemID>2368</LineItemID><Quantity>1</Quantity></Item></Items></ShipNotice>
02-14-2020 @ 10:30:19 - ShipNotify Item: SimpleXMLElement Object
(
    [Name] => Happy Clam
    [SKU] => SimpleXMLElement Object
        (
        )

    [LineItemID] => 2368
    [Quantity] => 1
)

02-14-2020 @ 10:30:19 - Shipped 1 out of 1 items in order 12724
02-14-2020 @ 10:30:20 - Updated order 12724 to status wc-completed
02-14-2020 @ 10:30:21 - Input params: wc-api=wc_shipstation&auth_key=WCSS-b6c91f0b4959b1c4a9d6e9759774c5ab&action=shipnotify&order_number=12727&carrier=USPS&service=USPS+First+Class+Mail&tracking_number=9400111899561288681766&capture=true
02-14-2020 @ 10:30:21 - ShipNotify XML: <?xml version="1.0" encoding="UTF-8"?><ShipNotice><OrderNumber>12727</OrderNumber><OrderID>12727</OrderID><CustomerCode>cacastro1@cox.net</CustomerCode><CustomerNotes><![CDATA[]]></CustomerNotes><InternalNotes><![CDATA[]]></InternalNotes><NotesToCustomer><![CDATA[]]></NotesToCustomer><NotifyCustomer>false</NotifyCustomer><LabelCreateDate>02/14/2020 08:00</LabelCreateDate><ShipDate>02/14/2020</ShipDate><Carrier>USPS</Carrier><Service>USPS First Class Mail</Service><TrackingNumber>9400111899561288681766</TrackingNumber><ShippingCost>3.9700</ShippingCost><CustomField1>lets69</CustomField1><CustomField2 /><CustomField3 /><Recipient><Name>Carol Castro</Name><Company /><Address1>856 MUIRFIELD DR</Address1><Address2 /><City>OCEANSIDE</City><State>CA</State><PostalCode>92058-7016</PostalCode><Country>US</Country></Recipient><Items><Item><Name>Smooth Operator</Name><SKU /><LineItemID>2383</LineItemID><Quantity>1</Quantity></Item><Item><Name>Happy Clam Sample</Name><SKU /><LineItemID>2384</LineItemID><Quantity>1</Quantity></Item></Items></ShipNotice>
02-14-2020 @ 10:30:21 - ShipNotify Item: SimpleXMLElement Object
(
    [Name] => Smooth Operator
    [SKU] => SimpleXMLElement Object
        (
        )

    [LineItemID] => 2383
    [Quantity] => 1
)

02-14-2020 @ 10:30:21 - ShipNotify Item: SimpleXMLElement Object
(
    [Name] => Happy Clam Sample
    [SKU] => SimpleXMLElement Object
        (
        )

    [LineItemID] => 2384
    [Quantity] => 1
)

02-14-2020 @ 10:30:21 - Item Happy Clam Sample is not shippable product. Skipping.
02-14-2020 @ 10:30:21 - Shipped 1 out of 1 items in order 12727
02-14-2020 @ 10:30:21 - Updated order 12727 to status wc-completed
02-14-2020 @ 10:30:22 - Input params: wc-api=wc_shipstation&auth_key=WCSS-b6c91f0b4959b1c4a9d6e9759774c5ab&action=shipnotify&order_number=12728&carrier=USPS&service=USPS+First+Class+Mail&tracking_number=9400111899561288681094&capture=true
02-14-2020 @ 10:30:22 - ShipNotify XML: <?xml version="1.0" encoding="UTF-8"?><ShipNotice><OrderNumber>12728</OrderNumber><OrderID>12728</OrderID><CustomerCode>sgbarden@mac.com</CustomerCode><CustomerNotes><![CDATA[]]></CustomerNotes><InternalNotes><![CDATA[]]></InternalNotes><NotesToCustomer><![CDATA[]]></NotesToCustomer><NotifyCustomer>false</NotifyCustomer><LabelCreateDate>02/14/2020 08:00</LabelCreateDate><ShipDate>02/14/2020</ShipDate><Carrier>USPS</Carrier><Service>USPS First Class Mail</Service><TrackingNumber>9400111899561288681094</TrackingNumber><ShippingCost>5.7000</ShippingCost><CustomField1>lets69</CustomField1><CustomField2 /><CustomField3 /><Recipient><Name>Shannon Barden</Name><Company /><Address1>44 LAIGHT ST APT 6B</Address1><Address2 /><City>NEW YORK</City><State>NY</State><PostalCode>10013-2148</PostalCode><Country>US</Country></Recipient><Items><Item><Name>Happy Clam</Name><SKU /><LineItemID>2388</LineItemID><Quantity>1</Quantity></Item><Item><Name>Smooth Operator</Name><SKU /><LineItemID>2389</LineItemID><Quantity>1</Quantity></Item></Items></ShipNotice>
02-14-2020 @ 10:30:22 - ShipNotify Item: SimpleXMLElement Object
(
    [Name] => Happy Clam
    [SKU] => SimpleXMLElement Object
        (
        )

    [LineItemID] => 2388
    [Quantity] => 1
)

02-14-2020 @ 10:30:22 - ShipNotify Item: SimpleXMLElement Object
(
    [Name] => Smooth Operator
    [SKU] => SimpleXMLElement Object
        (
        )

    [LineItemID] => 2389
    [Quantity] => 1
)

02-14-2020 @ 10:30:22 - Shipped 2 out of 2 items in order 12728
02-14-2020 @ 10:30:22 - Updated order 12728 to status wc-completed
02-14-2020 @ 10:30:23 - Input params: wc-api=wc_shipstation&auth_key=WCSS-b6c91f0b4959b1c4a9d6e9759774c5ab&action=shipnotify&order_number=12729&carrier=USPS&service=USPS+First+Class+Mail&tracking_number=9400111899561288609951&capture=true
02-14-2020 @ 10:30:23 - ShipNotify XML: <?xml version="1.0" encoding="UTF-8"?><ShipNotice><OrderNumber>12729</OrderNumber><OrderID>12729</OrderID><CustomerCode>latishasmith78@gmail.com</CustomerCode><CustomerNotes><![CDATA[]]></CustomerNotes><InternalNotes><![CDATA[]]></InternalNotes><NotesToCustomer><![CDATA[]]></NotesToCustomer><NotifyCustomer>false</NotifyCustomer><LabelCreateDate>02/14/2020 08:00</LabelCreateDate><ShipDate>02/14/2020</ShipDate><Carrier>USPS</Carrier><Service>USPS First Class Mail</Service><TrackingNumber>9400111899561288609951</TrackingNumber><ShippingCost>5.7000</ShippingCost><CustomField1>lets69</CustomField1><CustomField2 /><CustomField3 /><Recipient><Name>Latisha Smith</Name><Company /><Address1>39 SADDLESTONE CT</Address1><Address2 /><City>OWINGS MILLS</City><State>MD</State><PostalCode>21117-4961</PostalCode><Country>US</Country></Recipient><Items><Item><Name>Smooth Operator</Name><SKU /><LineItemID>2393</LineItemID><Quantity>1</Quantity></Item><Item><Name>Happy Clam</Name><SKU /><LineItemID>2394</LineItemID><Quantity>1</Quantity></Item></Items></ShipNotice>
02-14-2020 @ 10:30:23 - ShipNotify Item: SimpleXMLElement Object
(
    [Name] => Smooth Operator
    [SKU] => SimpleXMLElement Object
        (
        )

    [LineItemID] => 2393
    [Quantity] => 1
)

02-14-2020 @ 10:30:23 - ShipNotify Item: SimpleXMLElement Object
(
    [Name] => Happy Clam
    [SKU] => SimpleXMLElement Object
        (
        )

    [LineItemID] => 2394
    [Quantity] => 1
)

02-14-2020 @ 10:30:23 - Shipped 2 out of 2 items in order 12729
02-14-2020 @ 10:30:23 - Updated order 12729 to status wc-completed
02-14-2020 @ 11:17:52 - Input params: wc-api=wc_shipstation&auth_key=WCSS-b6c91f0b4959b1c4a9d6e9759774c5ab&action=export&start_date=02%2F14%2F2020+00%3A17&end_date=02%2F15%2F2020+10%3A17&page=1
02-14-2020 @ 11:17:52 - Exported 10 orders
02-14-2020 @ 13:17:56 - Input params: wc-api=wc_shipstation&auth_key=WCSS-b6c91f0b4959b1c4a9d6e9759774c5ab&action=export&start_date=02%2F14%2F2020+02%3A17&end_date=02%2F15%2F2020+12%3A17&page=1
02-14-2020 @ 13:17:57 - Exported 13 orders
02-14-2020 @ 15:18:00 - Input params: wc-api=wc_shipstation&auth_key=WCSS-b6c91f0b4959b1c4a9d6e9759774c5ab&action=export&start_date=02%2F14%2F2020+04%3A17&end_date=02%2F15%2F2020+14%3A17&page=1
02-14-2020 @ 15:18:01 - Exported 19 orders
02-14-2020 @ 16:17:13 - Input params: wc-api=wc_shipstation&auth_key=WCSS-b6c91f0b4959b1c4a9d6e9759774c5ab&action=shipnotify&order_number=12731&carrier=USPS&service=USPS+First+Class+Mail&tracking_number=9400111899561283297511&capture=true
02-14-2020 @ 16:17:13 - ShipNotify XML: <?xml version="1.0" encoding="UTF-8"?><ShipNotice><OrderNumber>12731</OrderNumber><OrderID>12731</OrderID><CustomerCode>msprague1985@gmail.com</CustomerCode><CustomerNotes><![CDATA[]]></CustomerNotes><InternalNotes><![CDATA[]]></InternalNotes><NotesToCustomer><![CDATA[]]></NotesToCustomer><NotifyCustomer>false</NotifyCustomer><LabelCreateDate>02/15/2020 08:00</LabelCreateDate><ShipDate>02/15/2020</ShipDate><Carrier>USPS</Carrier><Service>USPS First Class Mail</Service><TrackingNumber>9400111899561283297511</TrackingNumber><ShippingCost>4.1800</ShippingCost><CustomField1 /><CustomField2 /><CustomField3 /><Recipient><Name>Mary Sprague</Name><Company /><Address1>460 LLOYD LN</Address1><Address2 /><City>DRIPPING SPRINGS</City><State>TX</State><PostalCode>78620-4787</PostalCode><Country>US</Country></Recipient><Items><Item><Name>Smooth Operator</Name><SKU /><LineItemID>2406</LineItemID><Quantity>1</Quantity></Item></Items></ShipNotice>
02-14-2020 @ 16:17:13 - ShipNotify Item: SimpleXMLElement Object
(
    [Name] => Smooth Operator
    [SKU] => SimpleXMLElement Object
        (
        )

    [LineItemID] => 2406
    [Quantity] => 1
)

02-14-2020 @ 16:17:13 - Shipped 1 out of 1 items in order 12731
02-14-2020 @ 16:17:13 - Updated order 12731 to status wc-completed
02-14-2020 @ 16:17:14 - Input params: wc-api=wc_shipstation&auth_key=WCSS-b6c91f0b4959b1c4a9d6e9759774c5ab&action=shipnotify&order_number=12730&carrier=USPS&service=USPS+First+Class+Mail&tracking_number=9400111899561283296248&capture=true
02-14-2020 @ 16:17:14 - ShipNotify XML: <?xml version="1.0" encoding="UTF-8"?><ShipNotice><OrderNumber>12730</OrderNumber><OrderID>12730</OrderID><CustomerCode>hrolfe@alumni.conncoll.edu</CustomerCode><CustomerNotes><![CDATA[]]></CustomerNotes><InternalNotes><![CDATA[]]></InternalNotes><NotesToCustomer><![CDATA[]]></NotesToCustomer><NotifyCustomer>false</NotifyCustomer><LabelCreateDate>02/15/2020 08:00</LabelCreateDate><ShipDate>02/15/2020</ShipDate><Carrier>USPS</Carrier><Service>USPS First Class Mail</Service><TrackingNumber>9400111899561283296248</TrackingNumber><ShippingCost>5.7000</ShippingCost><CustomField1>lets69</CustomField1><CustomField2 /><CustomField3 /><Recipient><Name>Helen Rolfe</Name><Company /><Address1>1010 LLEWELLYN MEWS</Address1><Address2 /><City>NORFOLK</City><State>VA</State><PostalCode>23507-1883</PostalCode><Country>US</Country></Recipient><Items><Item><Name>Happy Clam</Name><SKU /><LineItemID>2398</LineItemID><Quantity>1</Quantity></Item><Item><Name>Smooth Operator</Name><SKU /><LineItemID>2399</LineItemID><Quantity>1</Quantity></Item></Items></ShipNotice>
02-14-2020 @ 16:17:14 - ShipNotify Item: SimpleXMLElement Object
(
    [Name] => Happy Clam
    [SKU] => SimpleXMLElement Object
        (
        )

    [LineItemID] => 2398
    [Quantity] => 1
)

02-14-2020 @ 16:17:14 - ShipNotify Item: SimpleXMLElement Object
(
    [Name] => Smooth Operator
    [SKU] => SimpleXMLElement Object
        (
        )

    [LineItemID] => 2399
    [Quantity] => 1
)

02-14-2020 @ 16:17:14 - Shipped 2 out of 2 items in order 12730
02-14-2020 @ 16:17:15 - Updated order 12730 to status wc-completed
02-14-2020 @ 16:17:15 - Input params: wc-api=wc_shipstation&auth_key=WCSS-b6c91f0b4959b1c4a9d6e9759774c5ab&action=shipnotify&order_number=12734&carrier=USPS&service=USPS+First+Class+Mail&tracking_number=9400111899561283296163&capture=true
02-14-2020 @ 16:17:15 - ShipNotify XML: <?xml version="1.0" encoding="UTF-8"?><ShipNotice><OrderNumber>12734</OrderNumber><OrderID>12734</OrderID><CustomerCode>cfoelberholmes@gmail.com</CustomerCode><CustomerNotes><![CDATA[]]></CustomerNotes><InternalNotes><![CDATA[]]></InternalNotes><NotesToCustomer><![CDATA[]]></NotesToCustomer><NotifyCustomer>false</NotifyCustomer><LabelCreateDate>02/15/2020 08:00</LabelCreateDate><ShipDate>02/15/2020</ShipDate><Carrier>USPS</Carrier><Service>USPS First Class Mail</Service><TrackingNumber>9400111899561283296163</TrackingNumber><ShippingCost>4.3200</ShippingCost><CustomField1>lets69</CustomField1><CustomField2 /><CustomField3 /><Recipient><Name>Carrie Foelber Holmes</Name><Company /><Address1>PSC 1005 BOX 1845</Address1><Address2 /><City>FPO</City><State>AE</State><PostalCode>09593-0019</PostalCode><Country>US</Country></Recipient><Items><Item><Name>Smooth Operator</Name><SKU /><LineItemID>2418</LineItemID><Quantity>1</Quantity></Item><Item><Name>Happy Clam Sample</Name><SKU /><LineItemID>2419</LineItemID><Quantity>1</Quantity></Item></Items></ShipNotice>
02-14-2020 @ 16:17:15 - ShipNotify Item: SimpleXMLElement Object
(
    [Name] => Smooth Operator
    [SKU] => SimpleXMLElement Object
        (
        )

    [LineItemID] => 2418
    [Quantity] => 1
)

02-14-2020 @ 16:17:15 - ShipNotify Item: SimpleXMLElement Object
(
    [Name] => Happy Clam Sample
    [SKU] => SimpleXMLElement Object
        (
        )

    [LineItemID] => 2419
    [Quantity] => 1
)

02-14-2020 @ 16:17:15 - Item Happy Clam Sample is not shippable product. Skipping.
02-14-2020 @ 16:17:15 - Shipped 1 out of 1 items in order 12734
02-14-2020 @ 16:17:16 - Updated order 12734 to status wc-completed
02-14-2020 @ 16:17:17 - Input params: wc-api=wc_shipstation&auth_key=WCSS-b6c91f0b4959b1c4a9d6e9759774c5ab&action=shipnotify&order_number=12733&carrier=USPS&service=USPS+First+Class+Mail&tracking_number=9400111899561283296057&capture=true
02-14-2020 @ 16:17:17 - ShipNotify XML: <?xml version="1.0" encoding="UTF-8"?><ShipNotice><OrderNumber>12733</OrderNumber><OrderID>12733</OrderID><CustomerCode>amygraz@msn.com</CustomerCode><CustomerNotes><![CDATA[]]></CustomerNotes><InternalNotes><![CDATA[]]></InternalNotes><NotesToCustomer><![CDATA[]]></NotesToCustomer><NotifyCustomer>false</NotifyCustomer><LabelCreateDate>02/15/2020 08:00</LabelCreateDate><ShipDate>02/15/2020</ShipDate><Carrier>USPS</Carrier><Service>USPS First Class Mail</Service><TrackingNumber>9400111899561283296057</TrackingNumber><ShippingCost>4.0800</ShippingCost><CustomField1>lets69</CustomField1><CustomField2 /><CustomField3 /><Recipient><Name>Amy Graziano</Name><Company /><Address1>2528 WOODHOUSE LN</Address1><Address2 /><City>CASTLE ROCK</City><State>CO</State><PostalCode>80109-4571</PostalCode><Country>US</Country></Recipient><Items><Item><Name>Smooth Operator</Name><SKU /><LineItemID>2413</LineItemID><Quantity>1</Quantity></Item><Item><Name>Happy Clam Sample</Name><SKU /><LineItemID>2414</LineItemID><Quantity>1</Quantity></Item></Items></ShipNotice>
02-14-2020 @ 16:17:17 - ShipNotify Item: SimpleXMLElement Object
(
    [Name] => Smooth Operator
    [SKU] => SimpleXMLElement Object
        (
        )

    [LineItemID] => 2413
    [Quantity] => 1
)

02-14-2020 @ 16:17:17 - ShipNotify Item: SimpleXMLElement Object
(
    [Name] => Happy Clam Sample
    [SKU] => SimpleXMLElement Object
        (
        )

    [LineItemID] => 2414
    [Quantity] => 1
)

02-14-2020 @ 16:17:17 - Item Happy Clam Sample is not shippable product. Skipping.
02-14-2020 @ 16:17:17 - Shipped 1 out of 1 items in order 12733
02-14-2020 @ 16:17:17 - Updated order 12733 to status wc-completed
02-14-2020 @ 16:17:18 - Input params: wc-api=wc_shipstation&auth_key=WCSS-b6c91f0b4959b1c4a9d6e9759774c5ab&action=shipnotify&order_number=12732&carrier=USPS&service=USPS+First+Class+Mail&tracking_number=9400111899561283297634&capture=true
02-14-2020 @ 16:17:18 - ShipNotify XML: <?xml version="1.0" encoding="UTF-8"?><ShipNotice><OrderNumber>12732</OrderNumber><OrderID>12732</OrderID><CustomerCode>norvella_bahena@yahoo.com</CustomerCode><CustomerNotes><![CDATA[]]></CustomerNotes><InternalNotes><![CDATA[]]></InternalNotes><NotesToCustomer><![CDATA[]]></NotesToCustomer><NotifyCustomer>false</NotifyCustomer><LabelCreateDate>02/15/2020 08:00</LabelCreateDate><ShipDate>02/15/2020</ShipDate><Carrier>USPS</Carrier><Service>USPS First Class Mail</Service><TrackingNumber>9400111899561283297634</TrackingNumber><ShippingCost>3.9700</ShippingCost><CustomField1>lets69</CustomField1><CustomField2 /><CustomField3 /><Recipient><Name>Norvella Bahena</Name><Company /><Address1>27260 LOS ALTOS APT 1334</Address1><Address2 /><City>MISSION VIEJO</City><State>CA</State><PostalCode>92691-8508</PostalCode><Country>US</Country></Recipient><Items><Item><Name>Happy Clam</Name><SKU /><LineItemID>2409</LineItemID><Quantity>1</Quantity></Item></Items></ShipNotice>
02-14-2020 @ 16:17:18 - ShipNotify Item: SimpleXMLElement Object
(
    [Name] => Happy Clam
    [SKU] => SimpleXMLElement Object
        (
        )

    [LineItemID] => 2409
    [Quantity] => 1
)

02-14-2020 @ 16:17:18 - Shipped 1 out of 1 items in order 12732
02-14-2020 @ 16:17:18 - Updated order 12732 to status wc-completed
02-14-2020 @ 16:17:19 - Input params: wc-api=wc_shipstation&auth_key=WCSS-b6c91f0b4959b1c4a9d6e9759774c5ab&action=shipnotify&order_number=12741&carrier=USPS&service=USPS+First+Class+Mail&tracking_number=9400111899561283297009&capture=true
02-14-2020 @ 16:17:19 - ShipNotify XML: <?xml version="1.0" encoding="UTF-8"?><ShipNotice><OrderNumber>12741</OrderNumber><OrderID>12741</OrderID><CustomerCode>cvela27@yahoo.com</CustomerCode><CustomerNotes><![CDATA[]]></CustomerNotes><InternalNotes><![CDATA[]]></InternalNotes><NotesToCustomer><![CDATA[]]></NotesToCustomer><NotifyCustomer>false</NotifyCustomer><LabelCreateDate>02/15/2020 08:00</LabelCreateDate><ShipDate>02/15/2020</ShipDate><Carrier>USPS</Carrier><Service>USPS First Class Mail</Service><TrackingNumber>9400111899561283297009</TrackingNumber><ShippingCost>4.1800</ShippingCost><CustomField1>lets69</CustomField1><CustomField2 /><CustomField3 /><Recipient><Name>Cynthia Solano</Name><Company /><Address1>151 GASKIN DR</Address1><Address2 /><City>SAN ANTONIO</City><State>TX</State><PostalCode>78212-1035</PostalCode><Country>US</Country></Recipient><Items><Item><Name>Smooth Operator</Name><SKU /><LineItemID>2445</LineItemID><Quantity>1</Quantity></Item><Item><Name>Happy Clam Sample</Name><SKU /><LineItemID>2446</LineItemID><Quantity>1</Quantity></Item></Items></ShipNotice>
02-14-2020 @ 16:17:19 - ShipNotify Item: SimpleXMLElement Object
(
    [Name] => Smooth Operator
    [SKU] => SimpleXMLElement Object
        (
        )

    [LineItemID] => 2445
    [Quantity] => 1
)

02-14-2020 @ 16:17:19 - ShipNotify Item: SimpleXMLElement Object
(
    [Name] => Happy Clam Sample
    [SKU] => SimpleXMLElement Object
        (
        )

    [LineItemID] => 2446
    [Quantity] => 1
)

02-14-2020 @ 16:17:19 - Item Happy Clam Sample is not shippable product. Skipping.
02-14-2020 @ 16:17:19 - Shipped 1 out of 1 items in order 12741
02-14-2020 @ 16:17:20 - Updated order 12741 to status wc-completed
02-14-2020 @ 16:17:20 - Input params: wc-api=wc_shipstation&auth_key=WCSS-b6c91f0b4959b1c4a9d6e9759774c5ab&action=shipnotify&order_number=12740&carrier=USPS&service=USPS+First+Class+Mail&tracking_number=9400111899561283297658&capture=true
02-14-2020 @ 16:17:20 - ShipNotify XML: <?xml version="1.0" encoding="UTF-8"?><ShipNotice><OrderNumber>12740</OrderNumber><OrderID>12740</OrderID><CustomerCode>jennifer.w.brown@gmail.com</CustomerCode><CustomerNotes><![CDATA[]]></CustomerNotes><InternalNotes><![CDATA[]]></InternalNotes><NotesToCustomer><![CDATA[]]></NotesToCustomer><NotifyCustomer>false</NotifyCustomer><LabelCreateDate>02/15/2020 08:00</LabelCreateDate><ShipDate>02/15/2020</ShipDate><Carrier>USPS</Carrier><Service>USPS First Class Mail</Service><TrackingNumber>9400111899561283297658</TrackingNumber><ShippingCost>4.0000</ShippingCost><CustomField1>lets69</CustomField1><CustomField2 /><CustomField3 /><Recipient><Name>Jennifer Brown</Name><Company /><Address1>85 10TH ST APT 36</Address1><Address2 /><City>OAKLAND</City><State>CA</State><PostalCode>94607-4858</PostalCode><Country>US</Country></Recipient><Items><Item><Name>Smooth Operator</Name><SKU /><LineItemID>2441</LineItemID><Quantity>1</Quantity></Item></Items></ShipNotice>
02-14-2020 @ 16:17:20 - ShipNotify Item: SimpleXMLElement Object
(
    [Name] => Smooth Operator
    [SKU] => SimpleXMLElement Object
        (
        )

    [LineItemID] => 2441
    [Quantity] => 1
)

02-14-2020 @ 16:17:20 - Shipped 1 out of 1 items in order 12740
02-14-2020 @ 16:17:21 - Updated order 12740 to status wc-completed
02-14-2020 @ 16:17:22 - Input params: wc-api=wc_shipstation&auth_key=WCSS-b6c91f0b4959b1c4a9d6e9759774c5ab&action=shipnotify&order_number=12739&carrier=USPS&service=USPS+First+Class+Mail&tracking_number=9400111899561283297061&capture=true
02-14-2020 @ 16:17:22 - ShipNotify XML: <?xml version="1.0" encoding="UTF-8"?><ShipNotice><OrderNumber>12739</OrderNumber><OrderID>12739</OrderID><CustomerCode>chelseascoglio@gmail.com</CustomerCode><CustomerNotes><![CDATA[]]></CustomerNotes><InternalNotes><![CDATA[]]></InternalNotes><NotesToCustomer><![CDATA[]]></NotesToCustomer><NotifyCustomer>false</NotifyCustomer><LabelCreateDate>02/15/2020 08:00</LabelCreateDate><ShipDate>02/15/2020</ShipDate><Carrier>USPS</Carrier><Service>USPS First Class Mail</Service><TrackingNumber>9400111899561283297061</TrackingNumber><ShippingCost>4.0000</ShippingCost><CustomField1>lets69</CustomField1><CustomField2 /><CustomField3 /><Recipient><Name>Chelsea Scoglio</Name><Company /><Address1>631 41ST AVE APT 1</Address1><Address2 /><City>SANTA CRUZ</City><State>CA</State><PostalCode>95062-5241</PostalCode><Country>US</Country></Recipient><Items><Item><Name>Smooth Operator</Name><SKU /><LineItemID>2436</LineItemID><Quantity>1</Quantity></Item><Item><Name>Happy Clam Sample</Name><SKU /><LineItemID>2437</LineItemID><Quantity>1</Quantity></Item></Items></ShipNotice>
02-14-2020 @ 16:17:22 - ShipNotify Item: SimpleXMLElement Object
(
    [Name] => Smooth Operator
    [SKU] => SimpleXMLElement Object
        (
        )

    [LineItemID] => 2436
    [Quantity] => 1
)

02-14-2020 @ 16:17:22 - ShipNotify Item: SimpleXMLElement Object
(
    [Name] => Happy Clam Sample
    [SKU] => SimpleXMLElement Object
        (
        )

    [LineItemID] => 2437
    [Quantity] => 1
)

02-14-2020 @ 16:17:22 - Item Happy Clam Sample is not shippable product. Skipping.
02-14-2020 @ 16:17:22 - Shipped 1 out of 1 items in order 12739
02-14-2020 @ 16:17:22 - Updated order 12739 to status wc-completed
02-14-2020 @ 16:17:23 - Input params: wc-api=wc_shipstation&auth_key=WCSS-b6c91f0b4959b1c4a9d6e9759774c5ab&action=shipnotify&order_number=12738&carrier=USPS&service=USPS+First+Class+Mail&tracking_number=9400111899561283297986&capture=true
02-14-2020 @ 16:17:23 - ShipNotify XML: <?xml version="1.0" encoding="UTF-8"?><ShipNotice><OrderNumber>12738</OrderNumber><OrderID>12738</OrderID><CustomerCode>hmsamman@gmail.com</CustomerCode><CustomerNotes><![CDATA[]]></CustomerNotes><InternalNotes><![CDATA[]]></InternalNotes><NotesToCustomer><![CDATA[]]></NotesToCustomer><NotifyCustomer>false</NotifyCustomer><LabelCreateDate>02/15/2020 08:00</LabelCreateDate><ShipDate>02/15/2020</ShipDate><Carrier>USPS</Carrier><Service>USPS First Class Mail</Service><TrackingNumber>9400111899561283297986</TrackingNumber><ShippingCost>5.1200</ShippingCost><CustomField1>lets69</CustomField1><CustomField2 /><CustomField3 /><Recipient><Name>Hanaadi Samman</Name><Company /><Address1>35 APOLLO ST</Address1><Address2 /><City>SAN FRANCISCO</City><State>CA</State><PostalCode>94124-2226</PostalCode><Country>US</Country></Recipient><Items><Item><Name>Smooth Operator</Name><SKU /><LineItemID>2431</LineItemID><Quantity>1</Quantity></Item><Item><Name>Happy Clam</Name><SKU /><LineItemID>2432</LineItemID><Quantity>1</Quantity></Item></Items></ShipNotice>
02-14-2020 @ 16:17:23 - ShipNotify Item: SimpleXMLElement Object
(
    [Name] => Smooth Operator
    [SKU] => SimpleXMLElement Object
        (
        )

    [LineItemID] => 2431
    [Quantity] => 1
)

02-14-2020 @ 16:17:23 - ShipNotify Item: SimpleXMLElement Object
(
    [Name] => Happy Clam
    [SKU] => SimpleXMLElement Object
        (
        )

    [LineItemID] => 2432
    [Quantity] => 1
)

02-14-2020 @ 16:17:23 - Shipped 2 out of 2 items in order 12738
02-14-2020 @ 16:17:23 - Updated order 12738 to status wc-completed
02-14-2020 @ 16:17:24 - Input params: wc-api=wc_shipstation&auth_key=WCSS-b6c91f0b4959b1c4a9d6e9759774c5ab&action=shipnotify&order_number=12737&carrier=USPS&service=USPS+First+Class+Mail&tracking_number=9400111899561283297313&capture=true
02-14-2020 @ 16:17:24 - ShipNotify XML: <?xml version="1.0" encoding="UTF-8"?><ShipNotice><OrderNumber>12737</OrderNumber><OrderID>12737</OrderID><CustomerCode>r.michael.champagne@gmail.com</CustomerCode><CustomerNotes><![CDATA[]]></CustomerNotes><InternalNotes><![CDATA[]]></InternalNotes><NotesToCustomer><![CDATA[]]></NotesToCustomer><NotifyCustomer>false</NotifyCustomer><LabelCreateDate>02/15/2020 08:00</LabelCreateDate><ShipDate>02/15/2020</ShipDate><Carrier>USPS</Carrier><Service>USPS First Class Mail</Service><TrackingNumber>9400111899561283297313</TrackingNumber><ShippingCost>4.0800</ShippingCost><CustomField1>lets69</CustomField1><CustomField2 /><CustomField3 /><Recipient><Name>Ryan Champagne</Name><Company>HOCWORKSHOP</Company><Address1>3885 PATTERSON CT</Address1><Address2 /><City>EUGENE</City><State>OR</State><PostalCode>97405-4746</PostalCode><Country>US</Country></Recipient><Items><Item><Name>Smooth Operator</Name><SKU /><LineItemID>2427</LineItemID><Quantity>1</Quantity></Item></Items></ShipNotice>
02-14-2020 @ 16:17:24 - ShipNotify Item: SimpleXMLElement Object
(
    [Name] => Smooth Operator
    [SKU] => SimpleXMLElement Object
        (
        )

    [LineItemID] => 2427
    [Quantity] => 1
)

02-14-2020 @ 16:17:24 - Shipped 1 out of 1 items in order 12737
02-14-2020 @ 16:17:25 - Updated order 12737 to status wc-completed
02-14-2020 @ 16:17:26 - Input params: wc-api=wc_shipstation&auth_key=WCSS-b6c91f0b4959b1c4a9d6e9759774c5ab&action=shipnotify&order_number=12736&carrier=USPS&service=USPS+First+Class+Mail&tracking_number=9400111899561283297498&capture=true
02-14-2020 @ 16:17:26 - ShipNotify XML: <?xml version="1.0" encoding="UTF-8"?><ShipNotice><OrderNumber>12736</OrderNumber><OrderID>12736</OrderID><CustomerCode>momurphy317@yahoo.com</CustomerCode><CustomerNotes><![CDATA[]]></CustomerNotes><InternalNotes><![CDATA[]]></InternalNotes><NotesToCustomer><![CDATA[]]></NotesToCustomer><NotifyCustomer>false</NotifyCustomer><LabelCreateDate>02/15/2020 08:00</LabelCreateDate><ShipDate>02/15/2020</ShipDate><Carrier>USPS</Carrier><Service>USPS First Class Mail</Service><TrackingNumber>9400111899561283297498</TrackingNumber><ShippingCost>4.3200</ShippingCost><CustomField1>lets69</CustomField1><CustomField2 /><CustomField3 /><Recipient><Name>Molly Mueller</Name><Company /><Address1>470 BROOKE BLVD</Address1><Address2 /><City>WILMINGTON</City><State>OH</State><PostalCode>45177-1407</PostalCode><Country>US</Country></Recipient><Items><Item><Name>Smooth Operator</Name><SKU /><LineItemID>2423</LineItemID><Quantity>1</Quantity></Item></Items></ShipNotice>
02-14-2020 @ 16:17:26 - ShipNotify Item: SimpleXMLElement Object
(
    [Name] => Smooth Operator
    [SKU] => SimpleXMLElement Object
        (
        )

    [LineItemID] => 2423
    [Quantity] => 1
)

02-14-2020 @ 16:17:26 - Shipped 1 out of 1 items in order 12736
02-14-2020 @ 16:17:26 - Updated order 12736 to status wc-completed
