02-02-2020 @ 17:20:40 - Input params: wc-api=wc_shipstation&auth_key=WCSS-b6c91f0b4959b1c4a9d6e9759774c5ab&action=export&start_date=02%2F02%2F2020+06%3A20&end_date=02%2F03%2F2020+16%3A20&page=1
02-02-2020 @ 17:20:40 - Exported 1 orders
02-02-2020 @ 19:20:42 - Input params: wc-api=wc_shipstation&auth_key=WCSS-b6c91f0b4959b1c4a9d6e9759774c5ab&action=export&start_date=02%2F02%2F2020+08%3A20&end_date=02%2F03%2F2020+18%3A20&page=1
02-02-2020 @ 19:20:42 - Exported 2 orders
02-02-2020 @ 21:20:45 - Input params: wc-api=wc_shipstation&auth_key=WCSS-b6c91f0b4959b1c4a9d6e9759774c5ab&action=export&start_date=02%2F02%2F2020+10%3A20&end_date=02%2F03%2F2020+20%3A20&page=1
02-02-2020 @ 21:20:45 - Exported 2 orders
02-02-2020 @ 23:20:49 - Input params: wc-api=wc_shipstation&auth_key=WCSS-b6c91f0b4959b1c4a9d6e9759774c5ab&action=export&start_date=02%2F02%2F2020+12%3A20&end_date=02%2F03%2F2020+22%3A20&page=1
02-02-2020 @ 23:20:49 - Exported 2 orders
02-03-2020 @ 01:20:50 - Input params: wc-api=wc_shipstation&auth_key=WCSS-b6c91f0b4959b1c4a9d6e9759774c5ab&action=export&start_date=02%2F02%2F2020+14%3A20&end_date=02%2F04%2F2020+00%3A20&page=1
02-03-2020 @ 01:20:50 - Exported 3 orders
02-03-2020 @ 03:20:53 - Input params: wc-api=wc_shipstation&auth_key=WCSS-b6c91f0b4959b1c4a9d6e9759774c5ab&action=export&start_date=02%2F02%2F2020+16%3A20&end_date=02%2F04%2F2020+02%3A20&page=1
02-03-2020 @ 03:20:53 - Exported 3 orders
02-03-2020 @ 05:21:01 - Input params: wc-api=wc_shipstation&auth_key=WCSS-b6c91f0b4959b1c4a9d6e9759774c5ab&action=export&start_date=02%2F02%2F2020+18%3A20&end_date=02%2F04%2F2020+04%3A20&page=1
02-03-2020 @ 05:21:01 - Exported 3 orders
02-03-2020 @ 07:21:04 - Input params: wc-api=wc_shipstation&auth_key=WCSS-b6c91f0b4959b1c4a9d6e9759774c5ab&action=export&start_date=02%2F02%2F2020+20%3A21&end_date=02%2F04%2F2020+06%3A21&page=1
02-03-2020 @ 07:21:04 - Exported 3 orders
02-03-2020 @ 09:20:17 - Input params: wc-api=wc_shipstation&auth_key=WCSS-b6c91f0b4959b1c4a9d6e9759774c5ab&action=shipnotify&order_number=9907&carrier=USPS&service=USPS+First+Class+Mail&tracking_number=9400111899561751309883&capture=true
02-03-2020 @ 09:20:17 - ShipNotify XML: <?xml version="1.0" encoding="UTF-8"?><ShipNotice><OrderNumber>9907</OrderNumber><OrderID>9907</OrderID><CustomerCode>jazzmints@gmail.com</CustomerCode><CustomerNotes><![CDATA[]]></CustomerNotes><InternalNotes><![CDATA[]]></InternalNotes><NotesToCustomer><![CDATA[]]></NotesToCustomer><NotifyCustomer>false</NotifyCustomer><LabelCreateDate>02/03/2020 08:00</LabelCreateDate><ShipDate>02/03/2020</ShipDate><Carrier>USPS</Carrier><Service>USPS First Class Mail</Service><TrackingNumber>9400111899561751309883</TrackingNumber><ShippingCost>3.9700</ShippingCost><CustomField1 /><CustomField2 /><CustomField3 /><Recipient><Name>JASMINE MADRID</Name><Company /><Address1>1608 S SHEFFIELD AVE</Address1><Address2 /><City>WEST COVINA</City><State>CA</State><PostalCode>91790-4834</PostalCode><Country>US</Country></Recipient><Items><Item><Name>Happy Clam</Name><SKU /><LineItemID>1771</LineItemID><Quantity>1</Quantity></Item></Items></ShipNotice>
02-03-2020 @ 09:20:17 - ShipNotify Item: SimpleXMLElement Object
(
    [Name] => Happy Clam
    [SKU] => SimpleXMLElement Object
        (
        )

    [LineItemID] => 1771
    [Quantity] => 1
)

02-03-2020 @ 09:20:18 - Shipped 1 out of 1 items in order 9907
02-03-2020 @ 09:20:19 - Updated order 9907 to status wc-completed
02-03-2020 @ 09:20:20 - Input params: wc-api=wc_shipstation&auth_key=WCSS-b6c91f0b4959b1c4a9d6e9759774c5ab&action=shipnotify&order_number=9910&carrier=USPS&service=USPS+First+Class+Mail&tracking_number=9400111899561751304550&capture=true
02-03-2020 @ 09:20:20 - ShipNotify XML: <?xml version="1.0" encoding="UTF-8"?><ShipNotice><OrderNumber>9910</OrderNumber><OrderID>9910</OrderID><CustomerCode>mmaclatchie@gmail.com</CustomerCode><CustomerNotes><![CDATA[]]></CustomerNotes><InternalNotes><![CDATA[]]></InternalNotes><NotesToCustomer><![CDATA[]]></NotesToCustomer><NotifyCustomer>false</NotifyCustomer><LabelCreateDate>02/03/2020 08:00</LabelCreateDate><ShipDate>02/03/2020</ShipDate><Carrier>USPS</Carrier><Service>USPS First Class Mail</Service><TrackingNumber>9400111899561751304550</TrackingNumber><ShippingCost>4.0000</ShippingCost><CustomField1 /><CustomField2 /><CustomField3 /><Recipient><Name>Marina MacLatchie</Name><Company /><Address1>216 SELBY RANCH RD APT 7</Address1><Address2 /><City>SACRAMENTO</City><State>CA</State><PostalCode>95864-5816</PostalCode><Country>US</Country></Recipient><Items><Item><Name>Smooth Operator</Name><SKU /><LineItemID>1774</LineItemID><Quantity>1</Quantity></Item></Items></ShipNotice>
02-03-2020 @ 09:20:20 - ShipNotify Item: SimpleXMLElement Object
(
    [Name] => Smooth Operator
    [SKU] => SimpleXMLElement Object
        (
        )

    [LineItemID] => 1774
    [Quantity] => 1
)

02-03-2020 @ 09:20:20 - Shipped 1 out of 1 items in order 9910
02-03-2020 @ 09:20:20 - Updated order 9910 to status wc-completed
02-03-2020 @ 09:20:21 - Input params: wc-api=wc_shipstation&auth_key=WCSS-b6c91f0b4959b1c4a9d6e9759774c5ab&action=shipnotify&order_number=9936&carrier=USPS&service=USPS+First+Class+Mail&tracking_number=9400111899561751386617&capture=true
02-03-2020 @ 09:20:21 - ShipNotify XML: <?xml version="1.0" encoding="UTF-8"?><ShipNotice><OrderNumber>9936</OrderNumber><OrderID>9936</OrderID><CustomerCode>phill@phillm.com</CustomerCode><CustomerNotes><![CDATA[]]></CustomerNotes><InternalNotes><![CDATA[]]></InternalNotes><NotesToCustomer><![CDATA[]]></NotesToCustomer><NotifyCustomer>false</NotifyCustomer><LabelCreateDate>02/03/2020 08:00</LabelCreateDate><ShipDate>02/03/2020</ShipDate><Carrier>USPS</Carrier><Service>USPS First Class Mail</Service><TrackingNumber>9400111899561751386617</TrackingNumber><ShippingCost>4.0000</ShippingCost><CustomField1>lets69</CustomField1><CustomField2 /><CustomField3 /><Recipient><Name>Phill TEST Mamula TEST</Name><Company>TEST PURCHASE</Company><Address1>5140 GEARY BLVD APT 2</Address1><Address2 /><City>SAN FRANCISCO</City><State>CA</State><PostalCode>94118-2852</PostalCode><Country>US</Country></Recipient><Items><Item><Name>Smooth Operator</Name><SKU /><LineItemID>1780</LineItemID><Quantity>1</Quantity></Item><Item><Name>Happy Clam Sample</Name><SKU /><LineItemID>1781</LineItemID><Quantity>1</Quantity></Item></Items></ShipNotice>
02-03-2020 @ 09:20:21 - ShipNotify Item: SimpleXMLElement Object
(
    [Name] => Smooth Operator
    [SKU] => SimpleXMLElement Object
        (
        )

    [LineItemID] => 1780
    [Quantity] => 1
)

02-03-2020 @ 09:20:21 - ShipNotify Item: SimpleXMLElement Object
(
    [Name] => Happy Clam Sample
    [SKU] => SimpleXMLElement Object
        (
        )

    [LineItemID] => 1781
    [Quantity] => 1
)

02-03-2020 @ 09:20:21 - Item Happy Clam Sample is not shippable product. Skipping.
02-03-2020 @ 09:20:21 - Shipped 1 out of 1 items in order 9936
02-03-2020 @ 09:20:22 - Updated order 9936 to status wc-completed
02-03-2020 @ 09:20:23 - Input params: wc-api=wc_shipstation&auth_key=WCSS-b6c91f0b4959b1c4a9d6e9759774c5ab&action=shipnotify&order_number=9925&carrier=USPS&service=USPS+Priority+Mail&tracking_number=9405511899561751381745&capture=true
02-03-2020 @ 09:20:23 - ShipNotify XML: <?xml version="1.0" encoding="UTF-8"?><ShipNotice><OrderNumber>9925</OrderNumber><OrderID>9925</OrderID><CustomerCode>jjmz12@sbcglobal.net</CustomerCode><CustomerNotes><![CDATA[]]></CustomerNotes><InternalNotes><![CDATA[]]></InternalNotes><NotesToCustomer><![CDATA[]]></NotesToCustomer><NotifyCustomer>false</NotifyCustomer><LabelCreateDate>02/03/2020 08:00</LabelCreateDate><ShipDate>02/03/2020</ShipDate><Carrier>USPS</Carrier><Service>USPS Priority Mail</Service><TrackingNumber>9405511899561751381745</TrackingNumber><ShippingCost>7.5600</ShippingCost><CustomField1 /><CustomField2 /><CustomField3 /><Recipient><Name>Jennifer Gerding</Name><Company /><Address1>2560 VISTA GLEN CT</Address1><Address2 /><City>WOODLAND PARK</City><State>CO</State><PostalCode>80863-7004</PostalCode><Country>US</Country></Recipient><Items><Item><Name>Smooth Operator</Name><SKU /><LineItemID>1777</LineItemID><Quantity>1</Quantity></Item></Items></ShipNotice>
02-03-2020 @ 09:20:23 - ShipNotify Item: SimpleXMLElement Object
(
    [Name] => Smooth Operator
    [SKU] => SimpleXMLElement Object
        (
        )

    [LineItemID] => 1777
    [Quantity] => 1
)

02-03-2020 @ 09:20:23 - Shipped 1 out of 1 items in order 9925
02-03-2020 @ 09:20:23 - Updated order 9925 to status wc-completed
02-03-2020 @ 09:20:24 - Input params: wc-api=wc_shipstation&auth_key=WCSS-b6c91f0b4959b1c4a9d6e9759774c5ab&action=shipnotify&order_number=9942&carrier=USPS&service=USPS+First+Class+Mail&tracking_number=9400111899561751387225&capture=true
02-03-2020 @ 09:20:24 - ShipNotify XML: <?xml version="1.0" encoding="UTF-8"?><ShipNotice><OrderNumber>9942</OrderNumber><OrderID>9942</OrderID><CustomerCode>jason.suway@gmail.com</CustomerCode><CustomerNotes><![CDATA[]]></CustomerNotes><InternalNotes><![CDATA[]]></InternalNotes><NotesToCustomer><![CDATA[]]></NotesToCustomer><NotifyCustomer>false</NotifyCustomer><LabelCreateDate>02/03/2020 08:00</LabelCreateDate><ShipDate>02/03/2020</ShipDate><Carrier>USPS</Carrier><Service>USPS First Class Mail</Service><TrackingNumber>9400111899561751387225</TrackingNumber><ShippingCost>4.4600</ShippingCost><CustomField1>vday15</CustomField1><CustomField2 /><CustomField3 /><Recipient><Name>Jason Suway</Name><Company /><Address1>1708 MCARTHUR ST</Address1><Address2 /><City>FERNANDINA BEACH</City><State>FL</State><PostalCode>32034-1912</PostalCode><Country>US</Country></Recipient><Items><Item><Name>Smooth Operator</Name><SKU /><LineItemID>1785</LineItemID><Quantity>1</Quantity></Item></Items></ShipNotice>
02-03-2020 @ 09:20:24 - ShipNotify Item: SimpleXMLElement Object
(
    [Name] => Smooth Operator
    [SKU] => SimpleXMLElement Object
        (
        )

    [LineItemID] => 1785
    [Quantity] => 1
)

02-03-2020 @ 09:20:24 - Shipped 1 out of 1 items in order 9942
02-03-2020 @ 09:20:24 - Updated order 9942 to status wc-completed
02-03-2020 @ 09:20:25 - Input params: wc-api=wc_shipstation&auth_key=WCSS-b6c91f0b4959b1c4a9d6e9759774c5ab&action=shipnotify&order_number=9949&carrier=USPS&service=USPS+First+Class+Mail&tracking_number=9400111899561751387539&capture=true
02-03-2020 @ 09:20:25 - ShipNotify XML: <?xml version="1.0" encoding="UTF-8"?><ShipNotice><OrderNumber>9949</OrderNumber><OrderID>9949</OrderID><CustomerCode>melissamabry15@gmail.com</CustomerCode><CustomerNotes><![CDATA[]]></CustomerNotes><InternalNotes><![CDATA[]]></InternalNotes><NotesToCustomer><![CDATA[]]></NotesToCustomer><NotifyCustomer>false</NotifyCustomer><LabelCreateDate>02/03/2020 08:00</LabelCreateDate><ShipDate>02/03/2020</ShipDate><Carrier>USPS</Carrier><Service>USPS First Class Mail</Service><TrackingNumber>9400111899561751387539</TrackingNumber><ShippingCost>4.0000</ShippingCost><CustomField1>vday15</CustomField1><CustomField2 /><CustomField3 /><Recipient><Name>Melissa Mabry</Name><Company /><Address1>1705 CHURCH ST APT 204</Address1><Address2 /><City>SAN FRANCISCO</City><State>CA</State><PostalCode>94131-2474</PostalCode><Country>US</Country></Recipient><Items><Item><Name>Smooth Operator</Name><SKU /><LineItemID>1789</LineItemID><Quantity>1</Quantity></Item></Items></ShipNotice>
02-03-2020 @ 09:20:25 - ShipNotify Item: SimpleXMLElement Object
(
    [Name] => Smooth Operator
    [SKU] => SimpleXMLElement Object
        (
        )

    [LineItemID] => 1789
    [Quantity] => 1
)

02-03-2020 @ 09:20:25 - Shipped 1 out of 1 items in order 9949
02-03-2020 @ 09:20:25 - Updated order 9949 to status wc-completed
02-03-2020 @ 09:20:26 - Input params: wc-api=wc_shipstation&auth_key=WCSS-b6c91f0b4959b1c4a9d6e9759774c5ab&action=shipnotify&order_number=9955&carrier=USPS&service=USPS+Priority+Mail&tracking_number=9405511899561751387662&capture=true
02-03-2020 @ 09:20:26 - ShipNotify XML: <?xml version="1.0" encoding="UTF-8"?><ShipNotice><OrderNumber>9955</OrderNumber><OrderID>9955</OrderID><CustomerCode>rebecca.shohet@gmail.com</CustomerCode><CustomerNotes><![CDATA[]]></CustomerNotes><InternalNotes><![CDATA[]]></InternalNotes><NotesToCustomer><![CDATA[]]></NotesToCustomer><NotifyCustomer>false</NotifyCustomer><LabelCreateDate>02/03/2020 08:00</LabelCreateDate><ShipDate>02/03/2020</ShipDate><Carrier>USPS</Carrier><Service>USPS Priority Mail</Service><TrackingNumber>9405511899561751387662</TrackingNumber><ShippingCost>8.4200</ShippingCost><CustomField1>vday15</CustomField1><CustomField2 /><CustomField3 /><Recipient><Name>Rebecca Shohet</Name><Company /><Address1>307 E 77TH ST APT 2E</Address1><Address2 /><City>NEW YORK</City><State>NY</State><PostalCode>10075-2403</PostalCode><Country>US</Country></Recipient><Items><Item><Name>Smooth Operator</Name><SKU /><LineItemID>1793</LineItemID><Quantity>1</Quantity></Item></Items></ShipNotice>
02-03-2020 @ 09:20:26 - ShipNotify Item: SimpleXMLElement Object
(
    [Name] => Smooth Operator
    [SKU] => SimpleXMLElement Object
        (
        )

    [LineItemID] => 1793
    [Quantity] => 1
)

02-03-2020 @ 09:20:26 - Shipped 1 out of 1 items in order 9955
02-03-2020 @ 09:20:27 - Updated order 9955 to status wc-completed
02-03-2020 @ 09:20:27 - Input params: wc-api=wc_shipstation&auth_key=WCSS-b6c91f0b4959b1c4a9d6e9759774c5ab&action=shipnotify&order_number=9961&carrier=USPS&service=USPS+Priority+Mail&tracking_number=9405511899561751381127&capture=true
02-03-2020 @ 09:20:27 - ShipNotify XML: <?xml version="1.0" encoding="UTF-8"?><ShipNotice><OrderNumber>9961</OrderNumber><OrderID>9961</OrderID><CustomerCode>transpsych@gmail.com</CustomerCode><CustomerNotes><![CDATA[]]></CustomerNotes><InternalNotes><![CDATA[]]></InternalNotes><NotesToCustomer><![CDATA[]]></NotesToCustomer><NotifyCustomer>false</NotifyCustomer><LabelCreateDate>02/03/2020 08:00</LabelCreateDate><ShipDate>02/03/2020</ShipDate><Carrier>USPS</Carrier><Service>USPS Priority Mail</Service><TrackingNumber>9405511899561751381127</TrackingNumber><ShippingCost>7.8400</ShippingCost><CustomField1>vday15</CustomField1><CustomField2 /><CustomField3 /><Recipient><Name>Dalia Adeina</Name><Company /><Address1>18324 OAK CANYON RD APT 235</Address1><Address2 /><City>SANTA CLARITA</City><State>CA</State><PostalCode>91387-6378</PostalCode><Country>US</Country></Recipient><Items><Item><Name>Happy Clam</Name><SKU /><LineItemID>1797</LineItemID><Quantity>2</Quantity></Item><Item><Name>Smooth Operator</Name><SKU /><LineItemID>1798</LineItemID><Quantity>1</Quantity></Item></Items></ShipNotice>
02-03-2020 @ 09:20:27 - ShipNotify Item: SimpleXMLElement Object
(
    [Name] => Happy Clam
    [SKU] => SimpleXMLElement Object
        (
        )

    [LineItemID] => 1797
    [Quantity] => 2
)

02-03-2020 @ 09:20:27 - ShipNotify Item: SimpleXMLElement Object
(
    [Name] => Smooth Operator
    [SKU] => SimpleXMLElement Object
        (
        )

    [LineItemID] => 1798
    [Quantity] => 1
)

02-03-2020 @ 09:20:27 - Shipped 3 out of 3 items in order 9961
02-03-2020 @ 09:20:28 - Updated order 9961 to status wc-completed
02-03-2020 @ 09:20:29 - Input params: wc-api=wc_shipstation&auth_key=WCSS-b6c91f0b4959b1c4a9d6e9759774c5ab&action=shipnotify&order_number=9972&carrier=USPS&service=USPS+First+Class+Mail&tracking_number=9400111899561751381001&capture=true
02-03-2020 @ 09:20:29 - ShipNotify XML: <?xml version="1.0" encoding="UTF-8"?><ShipNotice><OrderNumber>9972</OrderNumber><OrderID>9972</OrderID><CustomerCode>jstockberger88@yahoo.com</CustomerCode><CustomerNotes><![CDATA[]]></CustomerNotes><InternalNotes><![CDATA[]]></InternalNotes><NotesToCustomer><![CDATA[]]></NotesToCustomer><NotifyCustomer>false</NotifyCustomer><LabelCreateDate>02/03/2020 08:00</LabelCreateDate><ShipDate>02/03/2020</ShipDate><Carrier>USPS</Carrier><Service>USPS First Class Mail</Service><TrackingNumber>9400111899561751381001</TrackingNumber><ShippingCost>4.1800</ShippingCost><CustomField1>vday15</CustomField1><CustomField2 /><CustomField3 /><Recipient><Name>Jordan Stockberger</Name><Company /><Address1>3601 13TH AVE S APT 2</Address1><Address2 /><City>MINNEAPOLIS</City><State>MN</State><PostalCode>55407-2289</PostalCode><Country>US</Country></Recipient><Items><Item><Name>Smooth Operator</Name><SKU /><LineItemID>1802</LineItemID><Quantity>1</Quantity></Item></Items></ShipNotice>
02-03-2020 @ 09:20:29 - ShipNotify Item: SimpleXMLElement Object
(
    [Name] => Smooth Operator
    [SKU] => SimpleXMLElement Object
        (
        )

    [LineItemID] => 1802
    [Quantity] => 1
)

02-03-2020 @ 09:20:29 - Shipped 1 out of 1 items in order 9972
02-03-2020 @ 09:20:29 - Updated order 9972 to status wc-completed
02-03-2020 @ 09:20:30 - Input params: wc-api=wc_shipstation&auth_key=WCSS-b6c91f0b4959b1c4a9d6e9759774c5ab&action=shipnotify&order_number=9985&carrier=USPS&service=USPS+Priority+Mail&tracking_number=9405511899561751304157&capture=true
02-03-2020 @ 09:20:30 - ShipNotify XML: <?xml version="1.0" encoding="UTF-8"?><ShipNotice><OrderNumber>9985</OrderNumber><OrderID>9985</OrderID><CustomerCode>mrbil2u@gmail.com</CustomerCode><CustomerNotes><![CDATA[]]></CustomerNotes><InternalNotes><![CDATA[]]></InternalNotes><NotesToCustomer><![CDATA[]]></NotesToCustomer><NotifyCustomer>false</NotifyCustomer><LabelCreateDate>02/03/2020 08:00</LabelCreateDate><ShipDate>02/03/2020</ShipDate><Carrier>USPS</Carrier><Service>USPS Priority Mail</Service><TrackingNumber>9405511899561751304157</TrackingNumber><ShippingCost>7.8000</ShippingCost><CustomField1>vday15</CustomField1><CustomField2 /><CustomField3 /><Recipient><Name>Michael Wright</Name><Company /><Address1>1945 Newhaven Lp</Address1><Address2 /><City>Richland</City><State>WA</State><PostalCode>99352</PostalCode><Country>US</Country></Recipient><Items><Item><Name>Smooth Operator</Name><SKU /><LineItemID>1806</LineItemID><Quantity>1</Quantity></Item></Items></ShipNotice>
02-03-2020 @ 09:20:30 - ShipNotify Item: SimpleXMLElement Object
(
    [Name] => Smooth Operator
    [SKU] => SimpleXMLElement Object
        (
        )

    [LineItemID] => 1806
    [Quantity] => 1
)

02-03-2020 @ 09:20:30 - Shipped 1 out of 1 items in order 9985
02-03-2020 @ 09:20:30 - Updated order 9985 to status wc-completed
02-03-2020 @ 09:20:32 - Input params: wc-api=wc_shipstation&auth_key=WCSS-b6c91f0b4959b1c4a9d6e9759774c5ab&action=shipnotify&order_number=10010&carrier=USPS&service=USPS+First+Class+Mail&tracking_number=9400111899561751387041&capture=true
02-03-2020 @ 09:20:32 - ShipNotify XML: <?xml version="1.0" encoding="UTF-8"?><ShipNotice><OrderNumber>10010</OrderNumber><OrderID>10010</OrderID><CustomerCode>sarahgpeterson@live.com</CustomerCode><CustomerNotes><![CDATA[]]></CustomerNotes><InternalNotes><![CDATA[]]></InternalNotes><NotesToCustomer><![CDATA[]]></NotesToCustomer><NotifyCustomer>false</NotifyCustomer><LabelCreateDate>02/03/2020 08:00</LabelCreateDate><ShipDate>02/03/2020</ShipDate><Carrier>USPS</Carrier><Service>USPS First Class Mail</Service><TrackingNumber>9400111899561751387041</TrackingNumber><ShippingCost>4.1800</ShippingCost><CustomField1>vday15</CustomField1><CustomField2 /><CustomField3 /><Recipient><Name>Sarah Peterson</Name><Company /><Address1>401 TERAVISTA PKWY APT 123</Address1><Address2 /><City>ROUND ROCK</City><State>TX</State><PostalCode>78665-1275</PostalCode><Country>US</Country></Recipient><Items><Item><Name>Happy Clam</Name><SKU /><LineItemID>1810</LineItemID><Quantity>1</Quantity></Item></Items></ShipNotice>
02-03-2020 @ 09:20:32 - ShipNotify Item: SimpleXMLElement Object
(
    [Name] => Happy Clam
    [SKU] => SimpleXMLElement Object
        (
        )

    [LineItemID] => 1810
    [Quantity] => 1
)

02-03-2020 @ 09:20:32 - Shipped 1 out of 1 items in order 10010
02-03-2020 @ 09:20:33 - Updated order 10010 to status wc-completed
02-03-2020 @ 09:20:34 - Input params: wc-api=wc_shipstation&auth_key=WCSS-b6c91f0b4959b1c4a9d6e9759774c5ab&action=shipnotify&order_number=10024&carrier=USPS&service=USPS+First+Class+Mail&tracking_number=9400111899561751386433&capture=true
02-03-2020 @ 09:20:34 - ShipNotify XML: <?xml version="1.0" encoding="UTF-8"?><ShipNotice><OrderNumber>10024</OrderNumber><OrderID>10024</OrderID><CustomerCode>fjcardenas5@gmail.com</CustomerCode><CustomerNotes><![CDATA[]]></CustomerNotes><InternalNotes><![CDATA[]]></InternalNotes><NotesToCustomer><![CDATA[]]></NotesToCustomer><NotifyCustomer>false</NotifyCustomer><LabelCreateDate>02/03/2020 08:00</LabelCreateDate><ShipDate>02/03/2020</ShipDate><Carrier>USPS</Carrier><Service>USPS First Class Mail</Service><TrackingNumber>9400111899561751386433</TrackingNumber><ShippingCost>3.9700</ShippingCost><CustomField1>vday15</CustomField1><CustomField2 /><CustomField3 /><Recipient><Name>Francisco Cardenas</Name><Company /><Address1>41658 AVENIDA DE LA REINA</Address1><Address2 /><City>TEMECULA</City><State>CA</State><PostalCode>92592-5473</PostalCode><Country>US</Country></Recipient><Items><Item><Name>Happy Clam</Name><SKU /><LineItemID>1814</LineItemID><Quantity>1</Quantity></Item></Items></ShipNotice>
02-03-2020 @ 09:20:34 - ShipNotify Item: SimpleXMLElement Object
(
    [Name] => Happy Clam
    [SKU] => SimpleXMLElement Object
        (
        )

    [LineItemID] => 1814
    [Quantity] => 1
)

02-03-2020 @ 09:20:34 - Shipped 1 out of 1 items in order 10024
02-03-2020 @ 09:20:36 - Updated order 10024 to status wc-completed
02-03-2020 @ 09:21:06 - Input params: wc-api=wc_shipstation&auth_key=WCSS-b6c91f0b4959b1c4a9d6e9759774c5ab&action=export&start_date=02%2F02%2F2020+22%3A21&end_date=02%2F04%2F2020+08%3A21&page=1
02-03-2020 @ 09:21:08 - Exported 12 orders
02-03-2020 @ 11:21:12 - Input params: wc-api=wc_shipstation&auth_key=WCSS-b6c91f0b4959b1c4a9d6e9759774c5ab&action=export&start_date=02%2F03%2F2020+00%3A21&end_date=02%2F04%2F2020+10%3A21&page=1
02-03-2020 @ 11:21:13 - Exported 13 orders
02-03-2020 @ 12:25:43 - Input params: wc-api=wc_shipstation&auth_key=WCSS-b6c91f0b4959b1c4a9d6e9759774c5ab&action=shipnotify&order_number=10064&carrier=USPS&service=USPS+First+Class+Mail&tracking_number=9400111899561749648659&capture=true
02-03-2020 @ 12:25:43 - ShipNotify XML: <?xml version="1.0" encoding="UTF-8"?><ShipNotice><OrderNumber>10064</OrderNumber><OrderID>10064</OrderID><CustomerCode>charlottec1923@gmail.com</CustomerCode><CustomerNotes><![CDATA[]]></CustomerNotes><InternalNotes><![CDATA[]]></InternalNotes><NotesToCustomer><![CDATA[]]></NotesToCustomer><NotifyCustomer>false</NotifyCustomer><LabelCreateDate>02/03/2020 08:00</LabelCreateDate><ShipDate>02/03/2020</ShipDate><Carrier>USPS</Carrier><Service>USPS First Class Mail</Service><TrackingNumber>9400111899561749648659</TrackingNumber><ShippingCost>4.3200</ShippingCost><CustomField1>vday15</CustomField1><CustomField2 /><CustomField3 /><Recipient><Name>Charlotte Hudson</Name><Company /><Address1>2924 N SACRAMENTO AVE APT 3W</Address1><Address2 /><City>CHICAGO</City><State>IL</State><PostalCode>60618-7738</PostalCode><Country>US</Country></Recipient><Items><Item><Name>Happy Clam</Name><SKU /><LineItemID>1818</LineItemID><Quantity>1</Quantity></Item></Items></ShipNotice>
02-03-2020 @ 12:25:43 - ShipNotify Item: SimpleXMLElement Object
(
    [Name] => Happy Clam
    [SKU] => SimpleXMLElement Object
        (
        )

    [LineItemID] => 1818
    [Quantity] => 1
)

02-03-2020 @ 12:25:43 - Shipped 1 out of 1 items in order 10064
02-03-2020 @ 12:25:44 - Updated order 10064 to status wc-completed
02-03-2020 @ 13:21:15 - Input params: wc-api=wc_shipstation&auth_key=WCSS-b6c91f0b4959b1c4a9d6e9759774c5ab&action=export&start_date=02%2F03%2F2020+02%3A21&end_date=02%2F04%2F2020+12%3A21&page=1
02-03-2020 @ 13:21:15 - Exported 13 orders
02-03-2020 @ 15:21:19 - Input params: wc-api=wc_shipstation&auth_key=WCSS-b6c91f0b4959b1c4a9d6e9759774c5ab&action=export&start_date=02%2F03%2F2020+04%3A21&end_date=02%2F04%2F2020+14%3A21&page=1
02-03-2020 @ 15:21:19 - Exported 13 orders
