02-17-2020 @ 17:20:00 - Input params: wc-api=wc_shipstation&auth_key=WCSS-b6c91f0b4959b1c4a9d6e9759774c5ab&action=export&start_date=02%2F17%2F2020+06%3A19&end_date=02%2F18%2F2020+16%3A20&page=1
02-17-2020 @ 17:20:01 - Exported 9 orders
02-17-2020 @ 19:20:05 - Input params: wc-api=wc_shipstation&auth_key=WCSS-b6c91f0b4959b1c4a9d6e9759774c5ab&action=export&start_date=02%2F17%2F2020+08%3A20&end_date=02%2F18%2F2020+18%3A20&page=1
02-17-2020 @ 19:20:05 - Exported 9 orders
02-17-2020 @ 21:20:07 - Input params: wc-api=wc_shipstation&auth_key=WCSS-b6c91f0b4959b1c4a9d6e9759774c5ab&action=export&start_date=02%2F17%2F2020+10%3A20&end_date=02%2F18%2F2020+20%3A20&page=1
02-17-2020 @ 21:20:07 - Exported 9 orders
02-17-2020 @ 23:20:10 - Input params: wc-api=wc_shipstation&auth_key=WCSS-b6c91f0b4959b1c4a9d6e9759774c5ab&action=export&start_date=02%2F17%2F2020+12%3A20&end_date=02%2F18%2F2020+22%3A20&page=1
02-17-2020 @ 23:20:10 - Exported 9 orders
02-18-2020 @ 01:20:11 - Input params: wc-api=wc_shipstation&auth_key=WCSS-b6c91f0b4959b1c4a9d6e9759774c5ab&action=export&start_date=02%2F17%2F2020+14%3A20&end_date=02%2F19%2F2020+00%3A20&page=1
02-18-2020 @ 01:20:11 - Exported 9 orders
02-18-2020 @ 03:20:13 - Input params: wc-api=wc_shipstation&auth_key=WCSS-b6c91f0b4959b1c4a9d6e9759774c5ab&action=export&start_date=02%2F17%2F2020+16%3A20&end_date=02%2F19%2F2020+02%3A20&page=1
02-18-2020 @ 03:20:14 - Exported 9 orders
02-18-2020 @ 05:20:18 - Input params: wc-api=wc_shipstation&auth_key=WCSS-b6c91f0b4959b1c4a9d6e9759774c5ab&action=export&start_date=02%2F17%2F2020+18%3A20&end_date=02%2F19%2F2020+04%3A20&page=1
02-18-2020 @ 05:20:18 - Exported 9 orders
02-18-2020 @ 07:20:20 - Input params: wc-api=wc_shipstation&auth_key=WCSS-b6c91f0b4959b1c4a9d6e9759774c5ab&action=export&start_date=02%2F17%2F2020+20%3A20&end_date=02%2F19%2F2020+06%3A20&page=1
02-18-2020 @ 07:20:20 - Exported 10 orders
02-18-2020 @ 09:20:22 - Input params: wc-api=wc_shipstation&auth_key=WCSS-b6c91f0b4959b1c4a9d6e9759774c5ab&action=export&start_date=02%2F17%2F2020+22%3A20&end_date=02%2F19%2F2020+08%3A20&page=1
02-18-2020 @ 09:20:22 - Exported 11 orders
02-18-2020 @ 09:39:57 - Input params: wc-api=wc_shipstation&auth_key=WCSS-b6c91f0b4959b1c4a9d6e9759774c5ab&action=shipnotify&order_number=12745&carrier=USPS&service=USPS+First+Class+Mail&tracking_number=9400111899561246627843&capture=true
02-18-2020 @ 09:39:57 - ShipNotify XML: <?xml version="1.0" encoding="UTF-8"?><ShipNotice><OrderNumber>12745</OrderNumber><OrderID>12745</OrderID><CustomerCode>katiej20@gmail.com</CustomerCode><CustomerNotes><![CDATA[]]></CustomerNotes><InternalNotes><![CDATA[]]></InternalNotes><NotesToCustomer><![CDATA[]]></NotesToCustomer><NotifyCustomer>false</NotifyCustomer><LabelCreateDate>02/18/2020 08:00</LabelCreateDate><ShipDate>02/18/2020</ShipDate><Carrier>USPS</Carrier><Service>USPS First Class Mail</Service><TrackingNumber>9400111899561246627843</TrackingNumber><ShippingCost>4.0800</ShippingCost><CustomField1>lets69</CustomField1><CustomField2 /><CustomField3 /><Recipient><Name>Katie Jensen</Name><Company /><Address1>1407 E 11TH AVE APT 8</Address1><Address2 /><City>DENVER</City><State>CO</State><PostalCode>80218-3133</PostalCode><Country>US</Country></Recipient><Items><Item><Name>Smooth Operator</Name><SKU /><LineItemID>2464</LineItemID><Quantity>1</Quantity></Item><Item><Name>Happy Clam Sample</Name><SKU /><LineItemID>2465</LineItemID><Quantity>1</Quantity></Item></Items></ShipNotice>
02-18-2020 @ 09:39:57 - ShipNotify Item: SimpleXMLElement Object
(
    [Name] => Smooth Operator
    [SKU] => SimpleXMLElement Object
        (
        )

    [LineItemID] => 2464
    [Quantity] => 1
)

02-18-2020 @ 09:39:57 - ShipNotify Item: SimpleXMLElement Object
(
    [Name] => Happy Clam Sample
    [SKU] => SimpleXMLElement Object
        (
        )

    [LineItemID] => 2465
    [Quantity] => 1
)

02-18-2020 @ 09:39:57 - Item Happy Clam Sample is not shippable product. Skipping.
02-18-2020 @ 09:39:57 - Shipped 1 out of 1 items in order 12745
02-18-2020 @ 09:39:58 - Updated order 12745 to status wc-completed
02-18-2020 @ 09:39:59 - Input params: wc-api=wc_shipstation&auth_key=WCSS-b6c91f0b4959b1c4a9d6e9759774c5ab&action=shipnotify&order_number=12744&carrier=USPS&service=USPS+First+Class+Mail&tracking_number=9400111899561246627584&capture=true
02-18-2020 @ 09:39:59 - ShipNotify XML: <?xml version="1.0" encoding="UTF-8"?><ShipNotice><OrderNumber>12744</OrderNumber><OrderID>12744</OrderID><CustomerCode>jenna.nissen3@gmail.com</CustomerCode><CustomerNotes><![CDATA[Leave in mailbox or on front porch]]></CustomerNotes><InternalNotes><![CDATA[]]></InternalNotes><NotesToCustomer><![CDATA[]]></NotesToCustomer><NotifyCustomer>false</NotifyCustomer><LabelCreateDate>02/18/2020 08:00</LabelCreateDate><ShipDate>02/18/2020</ShipDate><Carrier>USPS</Carrier><Service>USPS First Class Mail</Service><TrackingNumber>9400111899561246627584</TrackingNumber><ShippingCost>4.1800</ShippingCost><CustomField1>lets69</CustomField1><CustomField2 /><CustomField3 /><Recipient><Name>Jenna Nissen</Name><Company /><Address1>307 W RAILWAY ST</Address1><Address2 /><City>HUXLEY</City><State>IA</State><PostalCode>50124-9436</PostalCode><Country>US</Country></Recipient><Items><Item><Name>Smooth Operator</Name><SKU /><LineItemID>2458</LineItemID><Quantity>1</Quantity></Item><Item><Name>Happy Clam Sample</Name><SKU /><LineItemID>2459</LineItemID><Quantity>1</Quantity></Item><Item><Name>Smooth Operator Sample</Name><SKU /><LineItemID>2460</LineItemID><Quantity>1</Quantity></Item></Items></ShipNotice>
02-18-2020 @ 09:39:59 - ShipNotify Item: SimpleXMLElement Object
(
    [Name] => Smooth Operator
    [SKU] => SimpleXMLElement Object
        (
        )

    [LineItemID] => 2458
    [Quantity] => 1
)

02-18-2020 @ 09:39:59 - ShipNotify Item: SimpleXMLElement Object
(
    [Name] => Happy Clam Sample
    [SKU] => SimpleXMLElement Object
        (
        )

    [LineItemID] => 2459
    [Quantity] => 1
)

02-18-2020 @ 09:39:59 - Item Happy Clam Sample is not shippable product. Skipping.
02-18-2020 @ 09:39:59 - ShipNotify Item: SimpleXMLElement Object
(
    [Name] => Smooth Operator Sample
    [SKU] => SimpleXMLElement Object
        (
        )

    [LineItemID] => 2460
    [Quantity] => 1
)

02-18-2020 @ 09:39:59 - Item Smooth Operator Sample is not shippable product. Skipping.
02-18-2020 @ 09:39:59 - Shipped 1 out of 1 items in order 12744
02-18-2020 @ 09:39:59 - Updated order 12744 to status wc-completed
02-18-2020 @ 09:40:00 - Input params: wc-api=wc_shipstation&auth_key=WCSS-b6c91f0b4959b1c4a9d6e9759774c5ab&action=shipnotify&order_number=12743&carrier=USPS&service=USPS+First+Class+Mail&tracking_number=9400111899561246626341&capture=true
02-18-2020 @ 09:40:00 - ShipNotify XML: <?xml version="1.0" encoding="UTF-8"?><ShipNotice><OrderNumber>12743</OrderNumber><OrderID>12743</OrderID><CustomerCode>trudel415@gmail.com</CustomerCode><CustomerNotes><![CDATA[]]></CustomerNotes><InternalNotes><![CDATA[]]></InternalNotes><NotesToCustomer><![CDATA[]]></NotesToCustomer><NotifyCustomer>false</NotifyCustomer><LabelCreateDate>02/18/2020 08:00</LabelCreateDate><ShipDate>02/18/2020</ShipDate><Carrier>USPS</Carrier><Service>USPS First Class Mail</Service><TrackingNumber>9400111899561246626341</TrackingNumber><ShippingCost>4.4600</ShippingCost><CustomField1>lets69</CustomField1><CustomField2 /><CustomField3 /><Recipient><Name>Jennifer Trudel</Name><Company /><Address1>27027 FORDHAM DR</Address1><Address2 /><City>WESLEY CHAPEL</City><State>FL</State><PostalCode>33544-8733</PostalCode><Country>US</Country></Recipient><Items><Item><Name>Smooth Operator</Name><SKU /><LineItemID>2454</LineItemID><Quantity>1</Quantity></Item></Items></ShipNotice>
02-18-2020 @ 09:40:00 - ShipNotify Item: SimpleXMLElement Object
(
    [Name] => Smooth Operator
    [SKU] => SimpleXMLElement Object
        (
        )

    [LineItemID] => 2454
    [Quantity] => 1
)

02-18-2020 @ 09:40:00 - Shipped 1 out of 1 items in order 12743
02-18-2020 @ 09:40:00 - Updated order 12743 to status wc-completed
02-18-2020 @ 09:40:01 - Input params: wc-api=wc_shipstation&auth_key=WCSS-b6c91f0b4959b1c4a9d6e9759774c5ab&action=shipnotify&order_number=12742&carrier=USPS&service=USPS+First+Class+Mail&tracking_number=9400111899561246621919&capture=true
02-18-2020 @ 09:40:01 - ShipNotify XML: <?xml version="1.0" encoding="UTF-8"?><ShipNotice><OrderNumber>12742</OrderNumber><OrderID>12742</OrderID><CustomerCode>amye.karpowicz@gmail.com</CustomerCode><CustomerNotes><![CDATA[]]></CustomerNotes><InternalNotes><![CDATA[]]></InternalNotes><NotesToCustomer><![CDATA[]]></NotesToCustomer><NotifyCustomer>false</NotifyCustomer><LabelCreateDate>02/18/2020 08:00</LabelCreateDate><ShipDate>02/18/2020</ShipDate><Carrier>USPS</Carrier><Service>USPS First Class Mail</Service><TrackingNumber>9400111899561246621919</TrackingNumber><ShippingCost>5.1200</ShippingCost><CustomField1>lets69</CustomField1><CustomField2 /><CustomField3 /><Recipient><Name>Amy Karpowicz</Name><Company /><Address1>930 DIVISADERO ST</Address1><Address2 /><City>SAN FRANCISCO</City><State>CA</State><PostalCode>94115-4407</PostalCode><Country>US</Country></Recipient><Items><Item><Name>Happy Clam</Name><SKU /><LineItemID>2450</LineItemID><Quantity>2</Quantity></Item></Items></ShipNotice>
02-18-2020 @ 09:40:01 - ShipNotify Item: SimpleXMLElement Object
(
    [Name] => Happy Clam
    [SKU] => SimpleXMLElement Object
        (
        )

    [LineItemID] => 2450
    [Quantity] => 2
)

02-18-2020 @ 09:40:01 - Shipped 2 out of 2 items in order 12742
02-18-2020 @ 09:40:01 - Updated order 12742 to status wc-completed
02-18-2020 @ 09:40:02 - Input params: wc-api=wc_shipstation&auth_key=WCSS-b6c91f0b4959b1c4a9d6e9759774c5ab&action=shipnotify&order_number=12746&carrier=USPS&service=USPS+Priority+Mail&tracking_number=9405511899561246654750&capture=true
02-18-2020 @ 09:40:02 - ShipNotify XML: <?xml version="1.0" encoding="UTF-8"?><ShipNotice><OrderNumber>12746</OrderNumber><OrderID>12746</OrderID><CustomerCode>Jen_Valentine@live.com</CustomerCode><CustomerNotes><![CDATA[]]></CustomerNotes><InternalNotes><![CDATA[]]></InternalNotes><NotesToCustomer><![CDATA[]]></NotesToCustomer><NotifyCustomer>false</NotifyCustomer><LabelCreateDate>02/18/2020 08:00</LabelCreateDate><ShipDate>02/18/2020</ShipDate><Carrier>USPS</Carrier><Service>USPS Priority Mail</Service><TrackingNumber>9405511899561246654750</TrackingNumber><ShippingCost>10.5400</ShippingCost><CustomField1>lets69</CustomField1><CustomField2 /><CustomField3 /><Recipient><Name>Jennifer Valentine</Name><Company /><Address1>259 PLEASANT VIEW LOOP</Address1><Address2 /><City>CLINTON</City><State>TN</State><PostalCode>37716-5718</PostalCode><Country>US</Country></Recipient><Items><Item><Name>Smooth Operator</Name><SKU /><LineItemID>2469</LineItemID><Quantity>3</Quantity></Item></Items></ShipNotice>
02-18-2020 @ 09:40:03 - ShipNotify Item: SimpleXMLElement Object
(
    [Name] => Smooth Operator
    [SKU] => SimpleXMLElement Object
        (
        )

    [LineItemID] => 2469
    [Quantity] => 3
)

02-18-2020 @ 09:40:03 - Shipped 3 out of 3 items in order 12746
02-18-2020 @ 09:40:03 - Updated order 12746 to status wc-completed
02-18-2020 @ 09:40:04 - Input params: wc-api=wc_shipstation&auth_key=WCSS-b6c91f0b4959b1c4a9d6e9759774c5ab&action=shipnotify&order_number=12748&carrier=USPS&service=USPS+First+Class+Mail&tracking_number=9400111899561246654474&capture=true
02-18-2020 @ 09:40:04 - ShipNotify XML: <?xml version="1.0" encoding="UTF-8"?><ShipNotice><OrderNumber>12748</OrderNumber><OrderID>12748</OrderID><CustomerCode>dustin.neece.seven@gmail.com</CustomerCode><CustomerNotes><![CDATA[]]></CustomerNotes><InternalNotes><![CDATA[]]></InternalNotes><NotesToCustomer><![CDATA[]]></NotesToCustomer><NotifyCustomer>false</NotifyCustomer><LabelCreateDate>02/18/2020 08:00</LabelCreateDate><ShipDate>02/18/2020</ShipDate><Carrier>USPS</Carrier><Service>USPS First Class Mail</Service><TrackingNumber>9400111899561246654474</TrackingNumber><ShippingCost>4.4600</ShippingCost><CustomField1>lets69</CustomField1><CustomField2 /><CustomField3 /><Recipient><Name>Dustin Neece</Name><Company /><Address1>25 OAK HILL RD</Address1><Address2 /><City>FAYVILLE</City><State>MA</State><PostalCode>01745-1012</PostalCode><Country>US</Country></Recipient><Items><Item><Name>Smooth Operator</Name><SKU /><LineItemID>2478</LineItemID><Quantity>1</Quantity></Item><Item><Name>Happy Clam Sample</Name><SKU /><LineItemID>2479</LineItemID><Quantity>1</Quantity></Item></Items></ShipNotice>
02-18-2020 @ 09:40:04 - ShipNotify Item: SimpleXMLElement Object
(
    [Name] => Smooth Operator
    [SKU] => SimpleXMLElement Object
        (
        )

    [LineItemID] => 2478
    [Quantity] => 1
)

02-18-2020 @ 09:40:04 - ShipNotify Item: SimpleXMLElement Object
(
    [Name] => Happy Clam Sample
    [SKU] => SimpleXMLElement Object
        (
        )

    [LineItemID] => 2479
    [Quantity] => 1
)

02-18-2020 @ 09:40:04 - Item Happy Clam Sample is not shippable product. Skipping.
02-18-2020 @ 09:40:04 - Shipped 1 out of 1 items in order 12748
02-18-2020 @ 09:40:05 - Updated order 12748 to status wc-completed
02-18-2020 @ 09:40:05 - Input params: wc-api=wc_shipstation&auth_key=WCSS-b6c91f0b4959b1c4a9d6e9759774c5ab&action=shipnotify&order_number=12747&carrier=USPS&service=USPS+First+Class+Mail&tracking_number=9400111899561246624620&capture=true
02-18-2020 @ 09:40:05 - ShipNotify XML: <?xml version="1.0" encoding="UTF-8"?><ShipNotice><OrderNumber>12747</OrderNumber><OrderID>12747</OrderID><CustomerCode>ludecean@gmail.com</CustomerCode><CustomerNotes><![CDATA[]]></CustomerNotes><InternalNotes><![CDATA[]]></InternalNotes><NotesToCustomer><![CDATA[]]></NotesToCustomer><NotifyCustomer>false</NotifyCustomer><LabelCreateDate>02/18/2020 08:00</LabelCreateDate><ShipDate>02/18/2020</ShipDate><Carrier>USPS</Carrier><Service>USPS First Class Mail</Service><TrackingNumber>9400111899561246624620</TrackingNumber><ShippingCost>4.0000</ShippingCost><CustomField1>lets69</CustomField1><CustomField2 /><CustomField3 /><Recipient><Name>Ludecea Nunis</Name><Company /><Address1>1515 GRIFFIN WAY</Address1><Address2 /><City>ROHNERT PARK</City><State>CA</State><PostalCode>94928-1577</PostalCode><Country>US</Country></Recipient><Items><Item><Name>Happy Clam</Name><SKU /><LineItemID>2473</LineItemID><Quantity>1</Quantity></Item><Item><Name>Smooth Operator Sample</Name><SKU /><LineItemID>2474</LineItemID><Quantity>1</Quantity></Item></Items></ShipNotice>
02-18-2020 @ 09:40:05 - ShipNotify Item: SimpleXMLElement Object
(
    [Name] => Happy Clam
    [SKU] => SimpleXMLElement Object
        (
        )

    [LineItemID] => 2473
    [Quantity] => 1
)

02-18-2020 @ 09:40:05 - ShipNotify Item: SimpleXMLElement Object
(
    [Name] => Smooth Operator Sample
    [SKU] => SimpleXMLElement Object
        (
        )

    [LineItemID] => 2474
    [Quantity] => 1
)

02-18-2020 @ 09:40:05 - Item Smooth Operator Sample is not shippable product. Skipping.
02-18-2020 @ 09:40:05 - Shipped 1 out of 1 items in order 12747
02-18-2020 @ 09:40:06 - Updated order 12747 to status wc-completed
02-18-2020 @ 09:40:07 - Input params: wc-api=wc_shipstation&auth_key=WCSS-b6c91f0b4959b1c4a9d6e9759774c5ab&action=shipnotify&order_number=12750&carrier=USPS&service=USPS+First+Class+Mail&tracking_number=9400111899561246625856&capture=true
02-18-2020 @ 09:40:07 - ShipNotify XML: <?xml version="1.0" encoding="UTF-8"?><ShipNotice><OrderNumber>12750</OrderNumber><OrderID>12750</OrderID><CustomerCode>christineharder05@gmail.com</CustomerCode><CustomerNotes><![CDATA[]]></CustomerNotes><InternalNotes><![CDATA[]]></InternalNotes><NotesToCustomer><![CDATA[]]></NotesToCustomer><NotifyCustomer>false</NotifyCustomer><LabelCreateDate>02/18/2020 08:00</LabelCreateDate><ShipDate>02/18/2020</ShipDate><Carrier>USPS</Carrier><Service>USPS First Class Mail</Service><TrackingNumber>9400111899561246625856</TrackingNumber><ShippingCost>4.0000</ShippingCost><CustomField1>lets69</CustomField1><CustomField2 /><CustomField3 /><Recipient><Name>Christine Harder</Name><Company /><Address1>1820 5TH AVE APT 205</Address1><Address2 /><City>OAKLAND</City><State>CA</State><PostalCode>94606-2473</PostalCode><Country>US</Country></Recipient><Items><Item><Name>Happy Clam</Name><SKU /><LineItemID>2488</LineItemID><Quantity>1</Quantity></Item><Item><Name>Happy Clam Sample</Name><SKU /><LineItemID>2489</LineItemID><Quantity>1</Quantity></Item><Item><Name>Smooth Operator Sample</Name><SKU /><LineItemID>2490</LineItemID><Quantity>1</Quantity></Item></Items></ShipNotice>
02-18-2020 @ 09:40:07 - ShipNotify Item: SimpleXMLElement Object
(
    [Name] => Happy Clam
    [SKU] => SimpleXMLElement Object
        (
        )

    [LineItemID] => 2488
    [Quantity] => 1
)

02-18-2020 @ 09:40:07 - ShipNotify Item: SimpleXMLElement Object
(
    [Name] => Happy Clam Sample
    [SKU] => SimpleXMLElement Object
        (
        )

    [LineItemID] => 2489
    [Quantity] => 1
)

02-18-2020 @ 09:40:07 - Item Happy Clam Sample is not shippable product. Skipping.
02-18-2020 @ 09:40:07 - ShipNotify Item: SimpleXMLElement Object
(
    [Name] => Smooth Operator Sample
    [SKU] => SimpleXMLElement Object
        (
        )

    [LineItemID] => 2490
    [Quantity] => 1
)

02-18-2020 @ 09:40:07 - Item Smooth Operator Sample is not shippable product. Skipping.
02-18-2020 @ 09:40:07 - Shipped 1 out of 1 items in order 12750
02-18-2020 @ 09:40:07 - Updated order 12750 to status wc-completed
02-18-2020 @ 09:40:08 - Input params: wc-api=wc_shipstation&auth_key=WCSS-b6c91f0b4959b1c4a9d6e9759774c5ab&action=shipnotify&order_number=12749&carrier=USPS&service=USPS+First+Class+Mail&tracking_number=9400111899561246625054&capture=true
02-18-2020 @ 09:40:08 - ShipNotify XML: <?xml version="1.0" encoding="UTF-8"?><ShipNotice><OrderNumber>12749</OrderNumber><OrderID>12749</OrderID><CustomerCode>veradrop@yahoo.com</CustomerCode><CustomerNotes><![CDATA[]]></CustomerNotes><InternalNotes><![CDATA[]]></InternalNotes><NotesToCustomer><![CDATA[]]></NotesToCustomer><NotifyCustomer>false</NotifyCustomer><LabelCreateDate>02/18/2020 08:00</LabelCreateDate><ShipDate>02/18/2020</ShipDate><Carrier>USPS</Carrier><Service>USPS First Class Mail</Service><TrackingNumber>9400111899561246625054</TrackingNumber><ShippingCost>4.0800</ShippingCost><CustomField1>lets69</CustomField1><CustomField2 /><CustomField3 /><Recipient><Name>Beth Biggs</Name><Company /><Address1>2023 18TH AVE</Address1><Address2 /><City>FOREST GROVE</City><State>OR</State><PostalCode>97116-2717</PostalCode><Country>US</Country></Recipient><Items><Item><Name>Happy Clam</Name><SKU /><LineItemID>2483</LineItemID><Quantity>1</Quantity></Item><Item><Name>Smooth Operator Sample</Name><SKU /><LineItemID>2484</LineItemID><Quantity>1</Quantity></Item></Items></ShipNotice>
02-18-2020 @ 09:40:08 - ShipNotify Item: SimpleXMLElement Object
(
    [Name] => Happy Clam
    [SKU] => SimpleXMLElement Object
        (
        )

    [LineItemID] => 2483
    [Quantity] => 1
)

02-18-2020 @ 09:40:08 - ShipNotify Item: SimpleXMLElement Object
(
    [Name] => Smooth Operator Sample
    [SKU] => SimpleXMLElement Object
        (
        )

    [LineItemID] => 2484
    [Quantity] => 1
)

02-18-2020 @ 09:40:08 - Item Smooth Operator Sample is not shippable product. Skipping.
02-18-2020 @ 09:40:08 - Shipped 1 out of 1 items in order 12749
02-18-2020 @ 09:40:08 - Updated order 12749 to status wc-completed
02-18-2020 @ 09:40:09 - Input params: wc-api=wc_shipstation&auth_key=WCSS-b6c91f0b4959b1c4a9d6e9759774c5ab&action=shipnotify&order_number=12751&carrier=USPS&service=USPS+First+Class+Mail&tracking_number=9400111899561246622619&capture=true
02-18-2020 @ 09:40:09 - ShipNotify XML: <?xml version="1.0" encoding="UTF-8"?><ShipNotice><OrderNumber>12751</OrderNumber><OrderID>12751</OrderID><CustomerCode>a.prahst@yahoo.com</CustomerCode><CustomerNotes><![CDATA[]]></CustomerNotes><InternalNotes><![CDATA[]]></InternalNotes><NotesToCustomer><![CDATA[]]></NotesToCustomer><NotifyCustomer>false</NotifyCustomer><LabelCreateDate>02/18/2020 08:00</LabelCreateDate><ShipDate>02/18/2020</ShipDate><Carrier>USPS</Carrier><Service>USPS First Class Mail</Service><TrackingNumber>9400111899561246622619</TrackingNumber><ShippingCost>4.3200</ShippingCost><CustomField1>lets69</CustomField1><CustomField2 /><CustomField3 /><Recipient><Name>ABIGAYLE PRAHST</Name><Company /><Address1>7524 W FOREST HOME AVE</Address1><Address2 /><City>GREENFIELD</City><State>WI</State><PostalCode>53220-3359</PostalCode><Country>US</Country></Recipient><Items><Item><Name>Happy Clam</Name><SKU /><LineItemID>2494</LineItemID><Quantity>1</Quantity></Item><Item><Name>Smooth Operator Sample</Name><SKU /><LineItemID>2495</LineItemID><Quantity>1</Quantity></Item></Items></ShipNotice>
02-18-2020 @ 09:40:09 - ShipNotify Item: SimpleXMLElement Object
(
    [Name] => Happy Clam
    [SKU] => SimpleXMLElement Object
        (
        )

    [LineItemID] => 2494
    [Quantity] => 1
)

02-18-2020 @ 09:40:09 - ShipNotify Item: SimpleXMLElement Object
(
    [Name] => Smooth Operator Sample
    [SKU] => SimpleXMLElement Object
        (
        )

    [LineItemID] => 2495
    [Quantity] => 1
)

02-18-2020 @ 09:40:09 - Item Smooth Operator Sample is not shippable product. Skipping.
02-18-2020 @ 09:40:09 - Shipped 1 out of 1 items in order 12751
02-18-2020 @ 09:40:09 - Updated order 12751 to status wc-completed
02-18-2020 @ 09:40:10 - Input params: wc-api=wc_shipstation&auth_key=WCSS-b6c91f0b4959b1c4a9d6e9759774c5ab&action=shipnotify&order_number=12752&carrier=USPS&service=USPS+First+Class+Mail&tracking_number=9400111899561246620844&capture=true
02-18-2020 @ 09:40:10 - ShipNotify XML: <?xml version="1.0" encoding="UTF-8"?><ShipNotice><OrderNumber>12752</OrderNumber><OrderID>12752</OrderID><CustomerCode>teresa1737@gmail.com</CustomerCode><CustomerNotes><![CDATA[]]></CustomerNotes><InternalNotes><![CDATA[]]></InternalNotes><NotesToCustomer><![CDATA[]]></NotesToCustomer><NotifyCustomer>false</NotifyCustomer><LabelCreateDate>02/18/2020 08:00</LabelCreateDate><ShipDate>02/18/2020</ShipDate><Carrier>USPS</Carrier><Service>USPS First Class Mail</Service><TrackingNumber>9400111899561246620844</TrackingNumber><ShippingCost>4.4600</ShippingCost><CustomField1>lets69</CustomField1><CustomField2 /><CustomField3 /><Recipient><Name>Teresa Giordano</Name><Company>1950</Company><Address1>1737 YORK AVE APT 5F</Address1><Address2 /><City>NEW YORK</City><State>NY</State><PostalCode>10128-6852</PostalCode><Country>US</Country></Recipient><Items><Item><Name>Happy Clam</Name><SKU /><LineItemID>2499</LineItemID><Quantity>1</Quantity></Item></Items></ShipNotice>
02-18-2020 @ 09:40:10 - ShipNotify Item: SimpleXMLElement Object
(
    [Name] => Happy Clam
    [SKU] => SimpleXMLElement Object
        (
        )

    [LineItemID] => 2499
    [Quantity] => 1
)

02-18-2020 @ 09:40:10 - Shipped 1 out of 1 items in order 12752
02-18-2020 @ 09:40:11 - Updated order 12752 to status wc-completed
02-18-2020 @ 09:40:13 - Input params: wc-api=wc_shipstation&auth_key=WCSS-b6c91f0b4959b1c4a9d6e9759774c5ab&action=shipnotify&order_number=12754&carrier=USPS&service=USPS+First+Class+Mail&tracking_number=9400111899561246620493&capture=true
02-18-2020 @ 09:40:13 - ShipNotify XML: <?xml version="1.0" encoding="UTF-8"?><ShipNotice><OrderNumber>12754</OrderNumber><OrderID>12754</OrderID><CustomerCode>rogerslesliew@gmail.com</CustomerCode><CustomerNotes><![CDATA[]]></CustomerNotes><InternalNotes><![CDATA[]]></InternalNotes><NotesToCustomer><![CDATA[]]></NotesToCustomer><NotifyCustomer>false</NotifyCustomer><LabelCreateDate>02/18/2020 08:00</LabelCreateDate><ShipDate>02/18/2020</ShipDate><Carrier>USPS</Carrier><Service>USPS First Class Mail</Service><TrackingNumber>9400111899561246620493</TrackingNumber><ShippingCost>5.7000</ShippingCost><CustomField1>lets69</CustomField1><CustomField2 /><CustomField3 /><Recipient><Name>Leslie Rogers</Name><Company /><Address1>800 S POINTE DR APT 2201</Address1><Address2 /><City>MIAMI BEACH</City><State>FL</State><PostalCode>33139-7168</PostalCode><Country>US</Country></Recipient><Items><Item><Name>Smooth Operator</Name><SKU /><LineItemID>2508</LineItemID><Quantity>1</Quantity></Item><Item><Name>Happy Clam</Name><SKU /><LineItemID>2509</LineItemID><Quantity>1</Quantity></Item></Items></ShipNotice>
02-18-2020 @ 09:40:13 - ShipNotify Item: SimpleXMLElement Object
(
    [Name] => Smooth Operator
    [SKU] => SimpleXMLElement Object
        (
        )

    [LineItemID] => 2508
    [Quantity] => 1
)

02-18-2020 @ 09:40:13 - ShipNotify Item: SimpleXMLElement Object
(
    [Name] => Happy Clam
    [SKU] => SimpleXMLElement Object
        (
        )

    [LineItemID] => 2509
    [Quantity] => 1
)

02-18-2020 @ 09:40:13 - Shipped 2 out of 2 items in order 12754
02-18-2020 @ 09:40:13 - Updated order 12754 to status wc-completed
02-18-2020 @ 09:40:14 - Input params: wc-api=wc_shipstation&auth_key=WCSS-b6c91f0b4959b1c4a9d6e9759774c5ab&action=shipnotify&order_number=12753&carrier=USPS&service=USPS+First+Class+Mail&tracking_number=9400111899561246655143&capture=true
02-18-2020 @ 09:40:14 - ShipNotify XML: <?xml version="1.0" encoding="UTF-8"?><ShipNotice><OrderNumber>12753</OrderNumber><OrderID>12753</OrderID><CustomerCode>jhenna.voorhis@gmail.com</CustomerCode><CustomerNotes><![CDATA[]]></CustomerNotes><InternalNotes><![CDATA[]]></InternalNotes><NotesToCustomer><![CDATA[]]></NotesToCustomer><NotifyCustomer>false</NotifyCustomer><LabelCreateDate>02/18/2020 08:00</LabelCreateDate><ShipDate>02/18/2020</ShipDate><Carrier>USPS</Carrier><Service>USPS First Class Mail</Service><TrackingNumber>9400111899561246655143</TrackingNumber><ShippingCost>4.0000</ShippingCost><CustomField1>lets69</CustomField1><CustomField2 /><CustomField3 /><Recipient><Name>Jhenna Voorhis</Name><Company /><Address1>1255 11TH AVE</Address1><Address2 /><City>SAN FRANCISCO</City><State>CA</State><PostalCode>94122-2202</PostalCode><Country>US</Country></Recipient><Items><Item><Name>Smooth Operator</Name><SKU /><LineItemID>2503</LineItemID><Quantity>1</Quantity></Item><Item><Name>Happy Clam Sample</Name><SKU /><LineItemID>2504</LineItemID><Quantity>1</Quantity></Item></Items></ShipNotice>
02-18-2020 @ 09:40:14 - ShipNotify Item: SimpleXMLElement Object
(
    [Name] => Smooth Operator
    [SKU] => SimpleXMLElement Object
        (
        )

    [LineItemID] => 2503
    [Quantity] => 1
)

02-18-2020 @ 09:40:14 - ShipNotify Item: SimpleXMLElement Object
(
    [Name] => Happy Clam Sample
    [SKU] => SimpleXMLElement Object
        (
        )

    [LineItemID] => 2504
    [Quantity] => 1
)

02-18-2020 @ 09:40:14 - Item Happy Clam Sample is not shippable product. Skipping.
02-18-2020 @ 09:40:14 - Shipped 1 out of 1 items in order 12753
02-18-2020 @ 09:40:14 - Updated order 12753 to status wc-completed
02-18-2020 @ 09:40:15 - Input params: wc-api=wc_shipstation&auth_key=WCSS-b6c91f0b4959b1c4a9d6e9759774c5ab&action=shipnotify&order_number=12755&carrier=USPS&service=USPS+First+Class+Mail&tracking_number=9400111899561246652722&capture=true
02-18-2020 @ 09:40:15 - ShipNotify XML: <?xml version="1.0" encoding="UTF-8"?><ShipNotice><OrderNumber>12755</OrderNumber><OrderID>12755</OrderID><CustomerCode>kfine5@cox.net</CustomerCode><CustomerNotes><![CDATA[]]></CustomerNotes><InternalNotes><![CDATA[]]></InternalNotes><NotesToCustomer><![CDATA[]]></NotesToCustomer><NotifyCustomer>false</NotifyCustomer><LabelCreateDate>02/18/2020 08:00</LabelCreateDate><ShipDate>02/18/2020</ShipDate><Carrier>USPS</Carrier><Service>USPS First Class Mail</Service><TrackingNumber>9400111899561246652722</TrackingNumber><ShippingCost>4.4600</ShippingCost><CustomField1>lets69</CustomField1><CustomField2 /><CustomField3 /><Recipient><Name>Karen Fine</Name><Company /><Address1>130 WEST BELVEDERE RD</Address1><Address2 /><City>NORFOLK</City><State>VA</State><PostalCode>23505-4720</PostalCode><Country>US</Country></Recipient><Items><Item><Name>Smooth Operator</Name><SKU /><LineItemID>2513</LineItemID><Quantity>1</Quantity></Item></Items></ShipNotice>
02-18-2020 @ 09:40:15 - ShipNotify Item: SimpleXMLElement Object
(
    [Name] => Smooth Operator
    [SKU] => SimpleXMLElement Object
        (
        )

    [LineItemID] => 2513
    [Quantity] => 1
)

02-18-2020 @ 09:40:15 - Shipped 1 out of 1 items in order 12755
02-18-2020 @ 09:40:16 - Updated order 12755 to status wc-completed
02-18-2020 @ 09:40:16 - Input params: wc-api=wc_shipstation&auth_key=WCSS-b6c91f0b4959b1c4a9d6e9759774c5ab&action=shipnotify&order_number=12756&carrier=USPS&service=USPS+Priority+Mail&tracking_number=9405511899561246652459&capture=true
02-18-2020 @ 09:40:16 - ShipNotify XML: <?xml version="1.0" encoding="UTF-8"?><ShipNotice><OrderNumber>12756</OrderNumber><OrderID>12756</OrderID><CustomerCode>rbulson@mac.com</CustomerCode><CustomerNotes><![CDATA[]]></CustomerNotes><InternalNotes><![CDATA[]]></InternalNotes><NotesToCustomer><![CDATA[]]></NotesToCustomer><NotifyCustomer>false</NotifyCustomer><LabelCreateDate>02/18/2020 08:00</LabelCreateDate><ShipDate>02/18/2020</ShipDate><Carrier>USPS</Carrier><Service>USPS Priority Mail</Service><TrackingNumber>9405511899561246652459</TrackingNumber><ShippingCost>8.4200</ShippingCost><CustomField1>lets69</CustomField1><CustomField2 /><CustomField3 /><Recipient><Name>Ray Bulson</Name><Company /><Address1>26034 WILDFLOWER CIR</Address1><Address2 /><City>EAGLE RIVER</City><State>AK</State><PostalCode>99577-9683</PostalCode><Country>US</Country></Recipient><Items><Item><Name>Smooth Operator</Name><SKU /><LineItemID>2517</LineItemID><Quantity>1</Quantity></Item></Items></ShipNotice>
02-18-2020 @ 09:40:16 - ShipNotify Item: SimpleXMLElement Object
(
    [Name] => Smooth Operator
    [SKU] => SimpleXMLElement Object
        (
        )

    [LineItemID] => 2517
    [Quantity] => 1
)

02-18-2020 @ 09:40:16 - Shipped 1 out of 1 items in order 12756
02-18-2020 @ 09:40:17 - Updated order 12756 to status wc-completed
02-18-2020 @ 09:40:18 - Input params: wc-api=wc_shipstation&auth_key=WCSS-b6c91f0b4959b1c4a9d6e9759774c5ab&action=shipnotify&order_number=12758&carrier=USPS&service=USPS+First+Class+Mail&tracking_number=9400111899561246650797&capture=true
02-18-2020 @ 09:40:18 - ShipNotify XML: <?xml version="1.0" encoding="UTF-8"?><ShipNotice><OrderNumber>12758</OrderNumber><OrderID>12758</OrderID><CustomerCode>laurenwigton@me.com</CustomerCode><CustomerNotes><![CDATA[]]></CustomerNotes><InternalNotes><![CDATA[]]></InternalNotes><NotesToCustomer><![CDATA[]]></NotesToCustomer><NotifyCustomer>false</NotifyCustomer><LabelCreateDate>02/18/2020 08:00</LabelCreateDate><ShipDate>02/18/2020</ShipDate><Carrier>USPS</Carrier><Service>USPS First Class Mail</Service><TrackingNumber>9400111899561246650797</TrackingNumber><ShippingCost>4.3200</ShippingCost><CustomField1>lets69</CustomField1><CustomField2 /><CustomField3 /><Recipient><Name>Lauren Wigton</Name><Company /><Address1>1447 WOODLAWN AVE</Address1><Address2 /><City>INDIANAPOLIS</City><State>IN</State><PostalCode>46203-1232</PostalCode><Country>US</Country></Recipient><Items><Item><Name>Smooth Operator</Name><SKU /><LineItemID>2525</LineItemID><Quantity>1</Quantity></Item><Item><Name>Happy Clam Sample</Name><SKU /><LineItemID>2526</LineItemID><Quantity>1</Quantity></Item></Items></ShipNotice>
02-18-2020 @ 09:40:18 - ShipNotify Item: SimpleXMLElement Object
(
    [Name] => Smooth Operator
    [SKU] => SimpleXMLElement Object
        (
        )

    [LineItemID] => 2525
    [Quantity] => 1
)

02-18-2020 @ 09:40:18 - ShipNotify Item: SimpleXMLElement Object
(
    [Name] => Happy Clam Sample
    [SKU] => SimpleXMLElement Object
        (
        )

    [LineItemID] => 2526
    [Quantity] => 1
)

02-18-2020 @ 09:40:18 - Item Happy Clam Sample is not shippable product. Skipping.
02-18-2020 @ 09:40:18 - Shipped 1 out of 1 items in order 12758
02-18-2020 @ 09:40:18 - Updated order 12758 to status wc-completed
02-18-2020 @ 09:40:19 - Input params: wc-api=wc_shipstation&auth_key=WCSS-b6c91f0b4959b1c4a9d6e9759774c5ab&action=shipnotify&order_number=12757&carrier=USPS&service=USPS+First+Class+Mail&tracking_number=9400111899561246650360&capture=true
02-18-2020 @ 09:40:19 - ShipNotify XML: <?xml version="1.0" encoding="UTF-8"?><ShipNotice><OrderNumber>12757</OrderNumber><OrderID>12757</OrderID><CustomerCode>almadflo89@gmail.com</CustomerCode><CustomerNotes><![CDATA[]]></CustomerNotes><InternalNotes><![CDATA[]]></InternalNotes><NotesToCustomer><![CDATA[]]></NotesToCustomer><NotifyCustomer>false</NotifyCustomer><LabelCreateDate>02/18/2020 08:00</LabelCreateDate><ShipDate>02/18/2020</ShipDate><Carrier>USPS</Carrier><Service>USPS First Class Mail</Service><TrackingNumber>9400111899561246650360</TrackingNumber><ShippingCost>4.1800</ShippingCost><CustomField1>lets69</CustomField1><CustomField2 /><CustomField3 /><Recipient><Name>Alma Flores</Name><Company>1989</Company><Address1>2707 CONVENT AVE</Address1><Address2 /><City>LAREDO</City><State>TX</State><PostalCode>78040-3530</PostalCode><Country>US</Country></Recipient><Items><Item><Name>Happy Clam</Name><SKU /><LineItemID>2521</LineItemID><Quantity>1</Quantity></Item></Items></ShipNotice>
02-18-2020 @ 09:40:19 - ShipNotify Item: SimpleXMLElement Object
(
    [Name] => Happy Clam
    [SKU] => SimpleXMLElement Object
        (
        )

    [LineItemID] => 2521
    [Quantity] => 1
)

02-18-2020 @ 09:40:19 - Shipped 1 out of 1 items in order 12757
02-18-2020 @ 09:40:19 - Updated order 12757 to status wc-completed
02-18-2020 @ 09:40:20 - Input params: wc-api=wc_shipstation&auth_key=WCSS-b6c91f0b4959b1c4a9d6e9759774c5ab&action=shipnotify&order_number=12760&carrier=USPS&service=USPS+First+Class+Mail&tracking_number=9400111899561246658236&capture=true
02-18-2020 @ 09:40:20 - ShipNotify XML: <?xml version="1.0" encoding="UTF-8"?><ShipNotice><OrderNumber>12760</OrderNumber><OrderID>12760</OrderID><CustomerCode>marselle78@yahoo.com</CustomerCode><CustomerNotes><![CDATA[]]></CustomerNotes><InternalNotes><![CDATA[]]></InternalNotes><NotesToCustomer><![CDATA[]]></NotesToCustomer><NotifyCustomer>false</NotifyCustomer><LabelCreateDate>02/18/2020 08:00</LabelCreateDate><ShipDate>02/18/2020</ShipDate><Carrier>USPS</Carrier><Service>USPS First Class Mail</Service><TrackingNumber>9400111899561246658236</TrackingNumber><ShippingCost>5.5400</ShippingCost><CustomField1>lets69</CustomField1><CustomField2 /><CustomField3 /><Recipient><Name>Glenn Taylor</Name><Company /><Address1>11037 NASHVILLE ST</Address1><Address2 /><City>DETROIT</City><State>MI</State><PostalCode>48205-3232</PostalCode><Country>US</Country></Recipient><Items><Item><Name>Happy Clam</Name><SKU /><LineItemID>2534</LineItemID><Quantity>1</Quantity></Item><Item><Name>Smooth Operator</Name><SKU /><LineItemID>2535</LineItemID><Quantity>1</Quantity></Item></Items></ShipNotice>
02-18-2020 @ 09:40:20 - ShipNotify Item: SimpleXMLElement Object
(
    [Name] => Happy Clam
    [SKU] => SimpleXMLElement Object
        (
        )

    [LineItemID] => 2534
    [Quantity] => 1
)

02-18-2020 @ 09:40:20 - ShipNotify Item: SimpleXMLElement Object
(
    [Name] => Smooth Operator
    [SKU] => SimpleXMLElement Object
        (
        )

    [LineItemID] => 2535
    [Quantity] => 1
)

02-18-2020 @ 09:40:20 - Shipped 2 out of 2 items in order 12760
02-18-2020 @ 09:40:20 - Updated order 12760 to status wc-completed
02-18-2020 @ 09:40:21 - Input params: wc-api=wc_shipstation&auth_key=WCSS-b6c91f0b4959b1c4a9d6e9759774c5ab&action=shipnotify&order_number=12759&carrier=USPS&service=USPS+First+Class+Mail&tracking_number=9400111899561246628109&capture=true
02-18-2020 @ 09:40:21 - ShipNotify XML: <?xml version="1.0" encoding="UTF-8"?><ShipNotice><OrderNumber>12759</OrderNumber><OrderID>12759</OrderID><CustomerCode>scholnickhannah@gmail.com</CustomerCode><CustomerNotes><![CDATA[]]></CustomerNotes><InternalNotes><![CDATA[]]></InternalNotes><NotesToCustomer><![CDATA[]]></NotesToCustomer><NotifyCustomer>false</NotifyCustomer><LabelCreateDate>02/18/2020 08:00</LabelCreateDate><ShipDate>02/18/2020</ShipDate><Carrier>USPS</Carrier><Service>USPS First Class Mail</Service><TrackingNumber>9400111899561246628109</TrackingNumber><ShippingCost>4.4600</ShippingCost><CustomField1>lets69</CustomField1><CustomField2 /><CustomField3 /><Recipient><Name>Hannah Scholnick</Name><Company /><Address1>100 DUPONT ST APT 2J</Address1><Address2 /><City>BROOKLYN</City><State>NY</State><PostalCode>11222-5707</PostalCode><Country>US</Country></Recipient><Items><Item><Name>Happy Clam</Name><SKU /><LineItemID>2530</LineItemID><Quantity>1</Quantity></Item></Items></ShipNotice>
02-18-2020 @ 09:40:21 - ShipNotify Item: SimpleXMLElement Object
(
    [Name] => Happy Clam
    [SKU] => SimpleXMLElement Object
        (
        )

    [LineItemID] => 2530
    [Quantity] => 1
)

02-18-2020 @ 09:40:21 - Shipped 1 out of 1 items in order 12759
02-18-2020 @ 09:40:21 - Updated order 12759 to status wc-completed
02-18-2020 @ 09:40:22 - Input params: wc-api=wc_shipstation&auth_key=WCSS-b6c91f0b4959b1c4a9d6e9759774c5ab&action=shipnotify&order_number=12761&carrier=USPS&service=USPS+First+Class+Mail&tracking_number=9400111899561246627645&capture=true
02-18-2020 @ 09:40:22 - ShipNotify XML: <?xml version="1.0" encoding="UTF-8"?><ShipNotice><OrderNumber>12761</OrderNumber><OrderID>12761</OrderID><CustomerCode>pattenhulette@gmail.com</CustomerCode><CustomerNotes><![CDATA[]]></CustomerNotes><InternalNotes><![CDATA[]]></InternalNotes><NotesToCustomer><![CDATA[]]></NotesToCustomer><NotifyCustomer>false</NotifyCustomer><LabelCreateDate>02/18/2020 08:00</LabelCreateDate><ShipDate>02/18/2020</ShipDate><Carrier>USPS</Carrier><Service>USPS First Class Mail</Service><TrackingNumber>9400111899561246627645</TrackingNumber><ShippingCost>4.3200</ShippingCost><CustomField1 /><CustomField2 /><CustomField3 /><Recipient><Name>Patten Hulette</Name><Company /><Address1>812 MALABU DR APT 35</Address1><Address2 /><City>LEXINGTON</City><State>KY</State><PostalCode>40502-3469</PostalCode><Country>US</Country></Recipient><Items><Item><Name>Smooth Operator</Name><SKU /><LineItemID>2539</LineItemID><Quantity>1</Quantity></Item></Items></ShipNotice>
02-18-2020 @ 09:40:22 - ShipNotify Item: SimpleXMLElement Object
(
    [Name] => Smooth Operator
    [SKU] => SimpleXMLElement Object
        (
        )

    [LineItemID] => 2539
    [Quantity] => 1
)

02-18-2020 @ 09:40:22 - Shipped 1 out of 1 items in order 12761
02-18-2020 @ 09:40:23 - Updated order 12761 to status wc-completed
02-18-2020 @ 09:40:23 - Input params: wc-api=wc_shipstation&auth_key=WCSS-b6c91f0b4959b1c4a9d6e9759774c5ab&action=shipnotify&order_number=12763&carrier=USPS&service=USPS+First+Class+Mail&tracking_number=9400111899561246626792&capture=true
02-18-2020 @ 09:40:23 - ShipNotify XML: <?xml version="1.0" encoding="UTF-8"?><ShipNotice><OrderNumber>12763</OrderNumber><OrderID>12763</OrderID><CustomerCode>tomshupe@reagan.com</CustomerCode><CustomerNotes><![CDATA[]]></CustomerNotes><InternalNotes><![CDATA[]]></InternalNotes><NotesToCustomer><![CDATA[]]></NotesToCustomer><NotifyCustomer>false</NotifyCustomer><LabelCreateDate>02/18/2020 08:00</LabelCreateDate><ShipDate>02/18/2020</ShipDate><Carrier>USPS</Carrier><Service>USPS First Class Mail</Service><TrackingNumber>9400111899561246626792</TrackingNumber><ShippingCost>4.4600</ShippingCost><CustomField1 /><CustomField2 /><CustomField3 /><Recipient><Name>Lisa Shupe</Name><Company /><Address1>172 NATCHAUG DR</Address1><Address2 /><City>GLASTONBURY</City><State>CT</State><PostalCode>06033-1916</PostalCode><Country>US</Country></Recipient><Items><Item><Name>Smooth Operator</Name><SKU /><LineItemID>2547</LineItemID><Quantity>1</Quantity></Item></Items></ShipNotice>
02-18-2020 @ 09:40:23 - ShipNotify Item: SimpleXMLElement Object
(
    [Name] => Smooth Operator
    [SKU] => SimpleXMLElement Object
        (
        )

    [LineItemID] => 2547
    [Quantity] => 1
)

02-18-2020 @ 09:40:23 - Shipped 1 out of 1 items in order 12763
02-18-2020 @ 09:40:24 - Updated order 12763 to status wc-completed
02-18-2020 @ 09:40:24 - Input params: wc-api=wc_shipstation&auth_key=WCSS-b6c91f0b4959b1c4a9d6e9759774c5ab&action=shipnotify&order_number=12762&carrier=USPS&service=USPS+First+Class+Mail&tracking_number=9400111899561246621230&capture=true
02-18-2020 @ 09:40:24 - ShipNotify XML: <?xml version="1.0" encoding="UTF-8"?><ShipNotice><OrderNumber>12762</OrderNumber><OrderID>12762</OrderID><CustomerCode>DanielHoughtaling@gmail.com</CustomerCode><CustomerNotes><![CDATA[]]></CustomerNotes><InternalNotes><![CDATA[]]></InternalNotes><NotesToCustomer><![CDATA[]]></NotesToCustomer><NotifyCustomer>false</NotifyCustomer><LabelCreateDate>02/18/2020 08:00</LabelCreateDate><ShipDate>02/18/2020</ShipDate><Carrier>USPS</Carrier><Service>USPS First Class Mail</Service><TrackingNumber>9400111899561246621230</TrackingNumber><ShippingCost>5.4000</ShippingCost><CustomField1>welcum</CustomField1><CustomField2 /><CustomField3 /><Recipient><Name>DANIEL HOUGHTALING</Name><Company>1987</Company><Address1>6727 KNOLL PARK DR</Address1><Address2 /><City>SUGAR LAND</City><State>TX</State><PostalCode>77479-6083</PostalCode><Country>US</Country></Recipient><Items><Item><Name>Happy Clam</Name><SKU /><LineItemID>2542</LineItemID><Quantity>1</Quantity></Item><Item><Name>Smooth Operator</Name><SKU /><LineItemID>2543</LineItemID><Quantity>1</Quantity></Item></Items></ShipNotice>
02-18-2020 @ 09:40:24 - ShipNotify Item: SimpleXMLElement Object
(
    [Name] => Happy Clam
    [SKU] => SimpleXMLElement Object
        (
        )

    [LineItemID] => 2542
    [Quantity] => 1
)

02-18-2020 @ 09:40:24 - ShipNotify Item: SimpleXMLElement Object
(
    [Name] => Smooth Operator
    [SKU] => SimpleXMLElement Object
        (
        )

    [LineItemID] => 2543
    [Quantity] => 1
)

02-18-2020 @ 09:40:24 - Shipped 2 out of 2 items in order 12762
02-18-2020 @ 09:40:25 - Updated order 12762 to status wc-completed
02-18-2020 @ 09:40:25 - Input params: wc-api=wc_shipstation&auth_key=WCSS-b6c91f0b4959b1c4a9d6e9759774c5ab&action=shipnotify&order_number=12765&carrier=USPS&service=USPS+First+Class+Mail&tracking_number=9400111899561246653446&capture=true
02-18-2020 @ 09:40:25 - ShipNotify XML: <?xml version="1.0" encoding="UTF-8"?><ShipNotice><OrderNumber>12765</OrderNumber><OrderID>12765</OrderID><CustomerCode>justinc@osprey.net</CustomerCode><CustomerNotes><![CDATA[]]></CustomerNotes><InternalNotes><![CDATA[]]></InternalNotes><NotesToCustomer><![CDATA[]]></NotesToCustomer><NotifyCustomer>false</NotifyCustomer><LabelCreateDate>02/18/2020 08:00</LabelCreateDate><ShipDate>02/18/2020</ShipDate><Carrier>USPS</Carrier><Service>USPS First Class Mail</Service><TrackingNumber>9400111899561246653446</TrackingNumber><ShippingCost>4.1800</ShippingCost><CustomField1>welcum</CustomField1><CustomField2 /><CustomField3 /><Recipient><Name>Justin Huntington</Name><Company /><Address1>413 CONSTITUTION ST</Address1><Address2 /><City>EMPORIA</City><State>KS</State><PostalCode>66801-4047</PostalCode><Country>US</Country></Recipient><Items><Item><Name>Smooth Operator</Name><SKU /><LineItemID>2553</LineItemID><Quantity>1</Quantity></Item></Items></ShipNotice>
02-18-2020 @ 09:40:25 - ShipNotify Item: SimpleXMLElement Object
(
    [Name] => Smooth Operator
    [SKU] => SimpleXMLElement Object
        (
        )

    [LineItemID] => 2553
    [Quantity] => 1
)

02-18-2020 @ 09:40:25 - Shipped 1 out of 1 items in order 12765
02-18-2020 @ 09:40:26 - Updated order 12765 to status wc-completed
02-18-2020 @ 09:40:27 - Input params: wc-api=wc_shipstation&auth_key=WCSS-b6c91f0b4959b1c4a9d6e9759774c5ab&action=shipnotify&order_number=12764&carrier=USPS&service=USPS+First+Class+Mail&tracking_number=9400111899561246654139&capture=true
02-18-2020 @ 09:40:27 - ShipNotify XML: <?xml version="1.0" encoding="UTF-8"?><ShipNotice><OrderNumber>12764</OrderNumber><OrderID>12764</OrderID><CustomerCode>imjellis2@gmail.com</CustomerCode><CustomerNotes><![CDATA[]]></CustomerNotes><InternalNotes><![CDATA[]]></InternalNotes><NotesToCustomer><![CDATA[]]></NotesToCustomer><NotifyCustomer>false</NotifyCustomer><LabelCreateDate>02/18/2020 08:00</LabelCreateDate><ShipDate>02/18/2020</ShipDate><Carrier>USPS</Carrier><Service>USPS First Class Mail</Service><TrackingNumber>9400111899561246654139</TrackingNumber><ShippingCost>4.4600</ShippingCost><CustomField1 /><CustomField2 /><CustomField3 /><Recipient><Name>Jennifer Kyle</Name><Company>MS.</Company><Address1>30 SUMMERALL RD</Address1><Address2 /><City>SOMERSET</City><State>NJ</State><PostalCode>08873-2210</PostalCode><Country>US</Country></Recipient><Items><Item><Name>Smooth Operator</Name><SKU /><LineItemID>2550</LineItemID><Quantity>1</Quantity></Item></Items></ShipNotice>
02-18-2020 @ 09:40:27 - ShipNotify Item: SimpleXMLElement Object
(
    [Name] => Smooth Operator
    [SKU] => SimpleXMLElement Object
        (
        )

    [LineItemID] => 2550
    [Quantity] => 1
)

02-18-2020 @ 09:40:27 - Shipped 1 out of 1 items in order 12764
02-18-2020 @ 09:40:27 - Updated order 12764 to status wc-completed
02-18-2020 @ 09:40:28 - Input params: wc-api=wc_shipstation&auth_key=WCSS-b6c91f0b4959b1c4a9d6e9759774c5ab&action=shipnotify&order_number=12766&carrier=USPS&service=USPS+First+Class+Mail&tracking_number=9400111899561246624064&capture=true
02-18-2020 @ 09:40:28 - ShipNotify XML: <?xml version="1.0" encoding="UTF-8"?><ShipNotice><OrderNumber>12766</OrderNumber><OrderID>12766</OrderID><CustomerCode>mmaclaren@charter.net</CustomerCode><CustomerNotes><![CDATA[]]></CustomerNotes><InternalNotes><![CDATA[]]></InternalNotes><NotesToCustomer><![CDATA[]]></NotesToCustomer><NotifyCustomer>false</NotifyCustomer><LabelCreateDate>02/18/2020 08:00</LabelCreateDate><ShipDate>02/18/2020</ShipDate><Carrier>USPS</Carrier><Service>USPS First Class Mail</Service><TrackingNumber>9400111899561246624064</TrackingNumber><ShippingCost>4.4600</ShippingCost><CustomField1 /><CustomField2 /><CustomField3 /><Recipient><Name>Marilyn MacLaren</Name><Company /><Address1>3 BRIDLE RD</Address1><Address2 /><City>NEW MILFORD</City><State>CT</State><PostalCode>06776-5030</PostalCode><Country>US</Country></Recipient><Items><Item><Name>Smooth Operator</Name><SKU /><LineItemID>2557</LineItemID><Quantity>1</Quantity></Item></Items></ShipNotice>
02-18-2020 @ 09:40:28 - ShipNotify Item: SimpleXMLElement Object
(
    [Name] => Smooth Operator
    [SKU] => SimpleXMLElement Object
        (
        )

    [LineItemID] => 2557
    [Quantity] => 1
)

02-18-2020 @ 09:40:28 - Shipped 1 out of 1 items in order 12766
02-18-2020 @ 09:40:29 - Updated order 12766 to status wc-completed
02-18-2020 @ 09:40:29 - Input params: wc-api=wc_shipstation&auth_key=WCSS-b6c91f0b4959b1c4a9d6e9759774c5ab&action=shipnotify&order_number=12767&carrier=USPS&service=USPS+Priority+Mail&tracking_number=9405511899561246625910&capture=true
02-18-2020 @ 09:40:29 - ShipNotify XML: <?xml version="1.0" encoding="UTF-8"?><ShipNotice><OrderNumber>12767</OrderNumber><OrderID>12767</OrderID><CustomerCode>sarahslarson@msn.com</CustomerCode><CustomerNotes><![CDATA[]]></CustomerNotes><InternalNotes><![CDATA[]]></InternalNotes><NotesToCustomer><![CDATA[]]></NotesToCustomer><NotifyCustomer>false</NotifyCustomer><LabelCreateDate>02/18/2020 08:00</LabelCreateDate><ShipDate>02/18/2020</ShipDate><Carrier>USPS</Carrier><Service>USPS Priority Mail</Service><TrackingNumber>9405511899561246625910</TrackingNumber><ShippingCost>7.3500</ShippingCost><CustomField1 /><CustomField2 /><CustomField3 /><Recipient><Name>Sarah Larson</Name><Company /><Address1>18544 E APRICOT LN</Address1><Address2 /><City>QUEEN CREEK</City><State>AZ</State><PostalCode>85142-3528</PostalCode><Country>US</Country></Recipient><Items><Item><Name>Happy Clam</Name><SKU /><LineItemID>2560</LineItemID><Quantity>1</Quantity></Item><Item><Name>Smooth Operator</Name><SKU /><LineItemID>2561</LineItemID><Quantity>1</Quantity></Item><Item><Name>Happy Clam Sample</Name><SKU /><LineItemID>2562</LineItemID><Quantity>1</Quantity></Item><Item><Name>Smooth Operator Sample</Name><SKU /><LineItemID>2563</LineItemID><Quantity>1</Quantity></Item></Items></ShipNotice>
02-18-2020 @ 09:40:29 - ShipNotify Item: SimpleXMLElement Object
(
    [Name] => Happy Clam
    [SKU] => SimpleXMLElement Object
        (
        )

    [LineItemID] => 2560
    [Quantity] => 1
)

02-18-2020 @ 09:40:29 - ShipNotify Item: SimpleXMLElement Object
(
    [Name] => Smooth Operator
    [SKU] => SimpleXMLElement Object
        (
        )

    [LineItemID] => 2561
    [Quantity] => 1
)

02-18-2020 @ 09:40:29 - ShipNotify Item: SimpleXMLElement Object
(
    [Name] => Happy Clam Sample
    [SKU] => SimpleXMLElement Object
        (
        )

    [LineItemID] => 2562
    [Quantity] => 1
)

02-18-2020 @ 09:40:29 - Item Happy Clam Sample is not shippable product. Skipping.
02-18-2020 @ 09:40:29 - ShipNotify Item: SimpleXMLElement Object
(
    [Name] => Smooth Operator Sample
    [SKU] => SimpleXMLElement Object
        (
        )

    [LineItemID] => 2563
    [Quantity] => 1
)

02-18-2020 @ 09:40:29 - Item Smooth Operator Sample is not shippable product. Skipping.
02-18-2020 @ 09:40:29 - Shipped 2 out of 2 items in order 12767
02-18-2020 @ 09:40:30 - Updated order 12767 to status wc-completed
02-18-2020 @ 09:40:31 - Input params: wc-api=wc_shipstation&auth_key=WCSS-b6c91f0b4959b1c4a9d6e9759774c5ab&action=shipnotify&order_number=12772&carrier=USPS&service=USPS+First+Class+Mail&tracking_number=9400111899561246625528&capture=true
02-18-2020 @ 09:40:31 - ShipNotify XML: <?xml version="1.0" encoding="UTF-8"?><ShipNotice><OrderNumber>12772</OrderNumber><OrderID>12772</OrderID><CustomerCode>emclark10@gmail.com</CustomerCode><CustomerNotes><![CDATA[]]></CustomerNotes><InternalNotes><![CDATA[]]></InternalNotes><NotesToCustomer><![CDATA[]]></NotesToCustomer><NotifyCustomer>false</NotifyCustomer><LabelCreateDate>02/18/2020 08:00</LabelCreateDate><ShipDate>02/18/2020</ShipDate><Carrier>USPS</Carrier><Service>USPS First Class Mail</Service><TrackingNumber>9400111899561246625528</TrackingNumber><ShippingCost>4.0000</ShippingCost><CustomField1 /><CustomField2 /><CustomField3 /><Recipient><Name>Emily Clark</Name><Company /><Address1>1432 19TH AVE</Address1><Address2 /><City>SAN FRANCISCO</City><State>CA</State><PostalCode>94122-3415</PostalCode><Country>US</Country></Recipient><Items><Item><Name>Smooth Operator</Name><SKU /><LineItemID>2573</LineItemID><Quantity>1</Quantity></Item><Item><Name>Happy Clam Sample</Name><SKU /><LineItemID>2574</LineItemID><Quantity>1</Quantity></Item></Items></ShipNotice>
02-18-2020 @ 09:40:31 - ShipNotify Item: SimpleXMLElement Object
(
    [Name] => Smooth Operator
    [SKU] => SimpleXMLElement Object
        (
        )

    [LineItemID] => 2573
    [Quantity] => 1
)

02-18-2020 @ 09:40:31 - ShipNotify Item: SimpleXMLElement Object
(
    [Name] => Happy Clam Sample
    [SKU] => SimpleXMLElement Object
        (
        )

    [LineItemID] => 2574
    [Quantity] => 1
)

02-18-2020 @ 09:40:31 - Item Happy Clam Sample is not shippable product. Skipping.
02-18-2020 @ 09:40:31 - Shipped 1 out of 1 items in order 12772
02-18-2020 @ 09:40:31 - Updated order 12772 to status wc-completed
02-18-2020 @ 09:40:32 - Input params: wc-api=wc_shipstation&auth_key=WCSS-b6c91f0b4959b1c4a9d6e9759774c5ab&action=shipnotify&order_number=12771&carrier=USPS&service=USPS+First+Class+Mail&tracking_number=9400111899561246622015&capture=true
02-18-2020 @ 09:40:32 - ShipNotify XML: <?xml version="1.0" encoding="UTF-8"?><ShipNotice><OrderNumber>12771</OrderNumber><OrderID>12771</OrderID><CustomerCode>c.walsh1390@gmail.com</CustomerCode><CustomerNotes><![CDATA[Door code for delivery (if needed): 122]]></CustomerNotes><InternalNotes><![CDATA[]]></InternalNotes><NotesToCustomer><![CDATA[]]></NotesToCustomer><NotifyCustomer>false</NotifyCustomer><LabelCreateDate>02/18/2020 08:00</LabelCreateDate><ShipDate>02/18/2020</ShipDate><Carrier>USPS</Carrier><Service>USPS First Class Mail</Service><TrackingNumber>9400111899561246622015</TrackingNumber><ShippingCost>3.9700</ShippingCost><CustomField1 /><CustomField2 /><CustomField3 /><Recipient><Name>Caitlin Walsh</Name><Company /><Address1>3930 LAUREL CANYON BLVD APT 122</Address1><Address2 /><City>STUDIO CITY</City><State>CA</State><PostalCode>91604-3797</PostalCode><Country>US</Country></Recipient><Items><Item><Name>Smooth Operator</Name><SKU /><LineItemID>2570</LineItemID><Quantity>1</Quantity></Item></Items></ShipNotice>
02-18-2020 @ 09:40:32 - ShipNotify Item: SimpleXMLElement Object
(
    [Name] => Smooth Operator
    [SKU] => SimpleXMLElement Object
        (
        )

    [LineItemID] => 2570
    [Quantity] => 1
)

02-18-2020 @ 09:40:32 - Shipped 1 out of 1 items in order 12771
02-18-2020 @ 09:40:32 - Updated order 12771 to status wc-completed
02-18-2020 @ 09:40:33 - Input params: wc-api=wc_shipstation&auth_key=WCSS-b6c91f0b4959b1c4a9d6e9759774c5ab&action=shipnotify&order_number=12774&carrier=USPS&service=USPS+First+Class+Mail&tracking_number=9400111899561246620653&capture=true
02-18-2020 @ 09:40:33 - ShipNotify XML: <?xml version="1.0" encoding="UTF-8"?><ShipNotice><OrderNumber>12774</OrderNumber><OrderID>12774</OrderID><CustomerCode>Elisa.Geren@icloud.com</CustomerCode><CustomerNotes><![CDATA[]]></CustomerNotes><InternalNotes><![CDATA[]]></InternalNotes><NotesToCustomer><![CDATA[]]></NotesToCustomer><NotifyCustomer>false</NotifyCustomer><LabelCreateDate>02/18/2020 08:00</LabelCreateDate><ShipDate>02/18/2020</ShipDate><Carrier>USPS</Carrier><Service>USPS First Class Mail</Service><TrackingNumber>9400111899561246620653</TrackingNumber><ShippingCost>5.7000</ShippingCost><CustomField1>welcum</CustomField1><CustomField2 /><CustomField3 /><Recipient><Name>Elisa Geren</Name><Company /><Address1>3608 TANGLEBROOK TRL</Address1><Address2 /><City>CLEMMONS</City><State>NC</State><PostalCode>27012-8507</PostalCode><Country>US</Country></Recipient><Items><Item><Name>Smooth Operator</Name><SKU /><LineItemID>2582</LineItemID><Quantity>1</Quantity></Item><Item><Name>Happy Clam</Name><SKU /><LineItemID>2583</LineItemID><Quantity>1</Quantity></Item></Items></ShipNotice>
02-18-2020 @ 09:40:33 - ShipNotify Item: SimpleXMLElement Object
(
    [Name] => Smooth Operator
    [SKU] => SimpleXMLElement Object
        (
        )

    [LineItemID] => 2582
    [Quantity] => 1
)

02-18-2020 @ 09:40:33 - ShipNotify Item: SimpleXMLElement Object
(
    [Name] => Happy Clam
    [SKU] => SimpleXMLElement Object
        (
        )

    [LineItemID] => 2583
    [Quantity] => 1
)

02-18-2020 @ 09:40:33 - Shipped 2 out of 2 items in order 12774
02-18-2020 @ 09:40:33 - Updated order 12774 to status wc-completed
02-18-2020 @ 09:40:34 - Input params: wc-api=wc_shipstation&auth_key=WCSS-b6c91f0b4959b1c4a9d6e9759774c5ab&action=shipnotify&order_number=12770&carrier=USPS&service=USPS+First+Class+Mail&tracking_number=9400111899561246628895&capture=true
02-18-2020 @ 09:40:34 - ShipNotify XML: <?xml version="1.0" encoding="UTF-8"?><ShipNotice><OrderNumber>12770</OrderNumber><OrderID>12770</OrderID><CustomerCode>zetasports1@gmail.com</CustomerCode><CustomerNotes><![CDATA[]]></CustomerNotes><InternalNotes><![CDATA[]]></InternalNotes><NotesToCustomer><![CDATA[]]></NotesToCustomer><NotifyCustomer>false</NotifyCustomer><LabelCreateDate>02/18/2020 08:00</LabelCreateDate><ShipDate>02/18/2020</ShipDate><Carrier>USPS</Carrier><Service>USPS First Class Mail</Service><TrackingNumber>9400111899561246628895</TrackingNumber><ShippingCost>4.4600</ShippingCost><CustomField1>welcum</CustomField1><CustomField2 /><CustomField3 /><Recipient><Name>Angela Tvarozek</Name><Company /><Address1>1220 E WEST HWY APT 408</Address1><Address2 /><City>SILVER SPRING</City><State>MD</State><PostalCode>20910-3270</PostalCode><Country>US</Country></Recipient><Items><Item><Name>Smooth Operator</Name><SKU /><LineItemID>2587</LineItemID><Quantity>1</Quantity></Item></Items></ShipNotice>
02-18-2020 @ 09:40:34 - ShipNotify Item: SimpleXMLElement Object
(
    [Name] => Smooth Operator
    [SKU] => SimpleXMLElement Object
        (
        )

    [LineItemID] => 2587
    [Quantity] => 1
)

02-18-2020 @ 09:40:34 - Shipped 1 out of 1 items in order 12770
02-18-2020 @ 09:40:35 - Updated order 12770 to status wc-completed
02-18-2020 @ 09:40:35 - Input params: wc-api=wc_shipstation&auth_key=WCSS-b6c91f0b4959b1c4a9d6e9759774c5ab&action=shipnotify&order_number=12776&carrier=USPS&service=USPS+First+Class+Mail&tracking_number=9400111899561246624750&capture=true
02-18-2020 @ 09:40:35 - ShipNotify XML: <?xml version="1.0" encoding="UTF-8"?><ShipNotice><OrderNumber>12776</OrderNumber><OrderID>12776</OrderID><CustomerCode>suzannemorris@mac.com</CustomerCode><CustomerNotes><![CDATA[]]></CustomerNotes><InternalNotes><![CDATA[]]></InternalNotes><NotesToCustomer><![CDATA[]]></NotesToCustomer><NotifyCustomer>false</NotifyCustomer><LabelCreateDate>02/18/2020 08:00</LabelCreateDate><ShipDate>02/18/2020</ShipDate><Carrier>USPS</Carrier><Service>USPS First Class Mail</Service><TrackingNumber>9400111899561246624750</TrackingNumber><ShippingCost>4.3200</ShippingCost><CustomField1 /><CustomField2 /><CustomField3 /><Recipient><Name>suzanne morris</Name><Company /><Address1>3879 NORTHLAKE CREEK DR</Address1><Address2 /><City>TUCKER</City><State>GA</State><PostalCode>30084-3419</PostalCode><Country>US</Country></Recipient><Items><Item><Name>Smooth Operator</Name><SKU /><LineItemID>2595</LineItemID><Quantity>1</Quantity></Item></Items></ShipNotice>
02-18-2020 @ 09:40:35 - ShipNotify Item: SimpleXMLElement Object
(
    [Name] => Smooth Operator
    [SKU] => SimpleXMLElement Object
        (
        )

    [LineItemID] => 2595
    [Quantity] => 1
)

02-18-2020 @ 09:40:35 - Shipped 1 out of 1 items in order 12776
02-18-2020 @ 09:40:36 - Updated order 12776 to status wc-completed
02-18-2020 @ 09:40:37 - Input params: wc-api=wc_shipstation&auth_key=WCSS-b6c91f0b4959b1c4a9d6e9759774c5ab&action=shipnotify&order_number=12775&carrier=USPS&service=USPS+First+Class+Mail&tracking_number=9400111899561246624484&capture=true
02-18-2020 @ 09:40:37 - ShipNotify XML: <?xml version="1.0" encoding="UTF-8"?><ShipNotice><OrderNumber>12775</OrderNumber><OrderID>12775</OrderID><CustomerCode>kolbe@aol.com</CustomerCode><CustomerNotes><![CDATA[]]></CustomerNotes><InternalNotes><![CDATA[]]></InternalNotes><NotesToCustomer><![CDATA[]]></NotesToCustomer><NotifyCustomer>false</NotifyCustomer><LabelCreateDate>02/18/2020 08:00</LabelCreateDate><ShipDate>02/18/2020</ShipDate><Carrier>USPS</Carrier><Service>USPS First Class Mail</Service><TrackingNumber>9400111899561246624484</TrackingNumber><ShippingCost>4.4600</ShippingCost><CustomField1 /><CustomField2 /><CustomField3 /><Recipient><Name>Caran McKee</Name><Company /><Address1>905 DOUGLASS DR</Address1><Address2 /><City>MCLEAN</City><State>VA</State><PostalCode>22101-1571</PostalCode><Country>US</Country></Recipient><Items><Item><Name>Smooth Operator</Name><SKU /><LineItemID>2591</LineItemID><Quantity>1</Quantity></Item><Item><Name>Happy Clam Sample</Name><SKU /><LineItemID>2592</LineItemID><Quantity>1</Quantity></Item></Items></ShipNotice>
02-18-2020 @ 09:40:37 - ShipNotify Item: SimpleXMLElement Object
(
    [Name] => Smooth Operator
    [SKU] => SimpleXMLElement Object
        (
        )

    [LineItemID] => 2591
    [Quantity] => 1
)

02-18-2020 @ 09:40:37 - ShipNotify Item: SimpleXMLElement Object
(
    [Name] => Happy Clam Sample
    [SKU] => SimpleXMLElement Object
        (
        )

    [LineItemID] => 2592
    [Quantity] => 1
)

02-18-2020 @ 09:40:37 - Item Happy Clam Sample is not shippable product. Skipping.
02-18-2020 @ 09:40:37 - Shipped 1 out of 1 items in order 12775
02-18-2020 @ 09:40:38 - Updated order 12775 to status wc-completed
02-18-2020 @ 09:40:38 - Input params: wc-api=wc_shipstation&auth_key=WCSS-b6c91f0b4959b1c4a9d6e9759774c5ab&action=shipnotify&order_number=12778&carrier=USPS&service=USPS+First+Class+Mail&tracking_number=9400111899561246625108&capture=true
02-18-2020 @ 09:40:38 - ShipNotify XML: <?xml version="1.0" encoding="UTF-8"?><ShipNotice><OrderNumber>12778</OrderNumber><OrderID>12778</OrderID><CustomerCode>hawkinslandscape@sbcglobal.net</CustomerCode><CustomerNotes><![CDATA[]]></CustomerNotes><InternalNotes><![CDATA[]]></InternalNotes><NotesToCustomer><![CDATA[]]></NotesToCustomer><NotifyCustomer>false</NotifyCustomer><LabelCreateDate>02/18/2020 08:00</LabelCreateDate><ShipDate>02/18/2020</ShipDate><Carrier>USPS</Carrier><Service>USPS First Class Mail</Service><TrackingNumber>9400111899561246625108</TrackingNumber><ShippingCost>4.1800</ShippingCost><CustomField1 /><CustomField2 /><CustomField3 /><Recipient><Name>JILL HAWKINS</Name><Company /><Address1>1001 TIMBER LN</Address1><Address2 /><City>FAIRVIEW</City><State>TX</State><PostalCode>75069-9178</PostalCode><Country>US</Country></Recipient><Items><Item><Name>Smooth Operator</Name><SKU /><LineItemID>2598</LineItemID><Quantity>1</Quantity></Item></Items></ShipNotice>
02-18-2020 @ 09:40:38 - ShipNotify Item: SimpleXMLElement Object
(
    [Name] => Smooth Operator
    [SKU] => SimpleXMLElement Object
        (
        )

    [LineItemID] => 2598
    [Quantity] => 1
)

02-18-2020 @ 09:40:38 - Shipped 1 out of 1 items in order 12778
02-18-2020 @ 09:40:39 - Updated order 12778 to status wc-completed
02-18-2020 @ 09:40:39 - Input params: wc-api=wc_shipstation&auth_key=WCSS-b6c91f0b4959b1c4a9d6e9759774c5ab&action=shipnotify&order_number=12780&carrier=USPS&service=USPS+First+Class+Mail&tracking_number=9400111899561246622831&capture=true
02-18-2020 @ 09:40:39 - ShipNotify XML: <?xml version="1.0" encoding="UTF-8"?><ShipNotice><OrderNumber>12780</OrderNumber><OrderID>12780</OrderID><CustomerCode>hj.hilaryjay@gmail.com</CustomerCode><CustomerNotes><![CDATA[]]></CustomerNotes><InternalNotes><![CDATA[]]></InternalNotes><NotesToCustomer><![CDATA[]]></NotesToCustomer><NotifyCustomer>false</NotifyCustomer><LabelCreateDate>02/18/2020 08:00</LabelCreateDate><ShipDate>02/18/2020</ShipDate><Carrier>USPS</Carrier><Service>USPS First Class Mail</Service><TrackingNumber>9400111899561246622831</TrackingNumber><ShippingCost>4.4600</ShippingCost><CustomField1>welcum</CustomField1><CustomField2 /><CustomField3 /><Recipient><Name>H jay</Name><Company /><Address1>2201 PENNSYLVANIA AVE APT 915</Address1><Address2 /><City>PHILA</City><State>PA</State><PostalCode>19130-3526</PostalCode><Country>US</Country></Recipient><Items><Item><Name>Smooth Operator</Name><SKU /><LineItemID>2604</LineItemID><Quantity>1</Quantity></Item><Item><Name>Happy Clam Sample</Name><SKU /><LineItemID>2605</LineItemID><Quantity>1</Quantity></Item></Items></ShipNotice>
02-18-2020 @ 09:40:39 - ShipNotify Item: SimpleXMLElement Object
(
    [Name] => Smooth Operator
    [SKU] => SimpleXMLElement Object
        (
        )

    [LineItemID] => 2604
    [Quantity] => 1
)

02-18-2020 @ 09:40:39 - ShipNotify Item: SimpleXMLElement Object
(
    [Name] => Happy Clam Sample
    [SKU] => SimpleXMLElement Object
        (
        )

    [LineItemID] => 2605
    [Quantity] => 1
)

02-18-2020 @ 09:40:39 - Item Happy Clam Sample is not shippable product. Skipping.
02-18-2020 @ 09:40:39 - Shipped 1 out of 1 items in order 12780
02-18-2020 @ 09:40:40 - Updated order 12780 to status wc-completed
02-18-2020 @ 09:40:41 - Input params: wc-api=wc_shipstation&auth_key=WCSS-b6c91f0b4959b1c4a9d6e9759774c5ab&action=shipnotify&order_number=12779&carrier=USPS&service=USPS+First+Class+Mail&tracking_number=9400111899561246620219&capture=true
02-18-2020 @ 09:40:41 - ShipNotify XML: <?xml version="1.0" encoding="UTF-8"?><ShipNotice><OrderNumber>12779</OrderNumber><OrderID>12779</OrderID><CustomerCode>de.ristaino@gmail.com</CustomerCode><CustomerNotes><![CDATA[]]></CustomerNotes><InternalNotes><![CDATA[]]></InternalNotes><NotesToCustomer><![CDATA[]]></NotesToCustomer><NotifyCustomer>false</NotifyCustomer><LabelCreateDate>02/18/2020 08:00</LabelCreateDate><ShipDate>02/18/2020</ShipDate><Carrier>USPS</Carrier><Service>USPS First Class Mail</Service><TrackingNumber>9400111899561246620219</TrackingNumber><ShippingCost>4.4600</ShippingCost><CustomField1 /><CustomField2 /><CustomField3 /><Recipient><Name>Diane Ristaino</Name><Company /><Address1>21 DEROON AVE</Address1><Address2 /><City>NORTH HALEDON</City><State>NJ</State><PostalCode>07508-2531</PostalCode><Country>US</Country></Recipient><Items><Item><Name>Smooth Operator</Name><SKU /><LineItemID>2601</LineItemID><Quantity>1</Quantity></Item></Items></ShipNotice>
02-18-2020 @ 09:40:41 - ShipNotify Item: SimpleXMLElement Object
(
    [Name] => Smooth Operator
    [SKU] => SimpleXMLElement Object
        (
        )

    [LineItemID] => 2601
    [Quantity] => 1
)

02-18-2020 @ 09:40:41 - Shipped 1 out of 1 items in order 12779
02-18-2020 @ 09:40:41 - Updated order 12779 to status wc-completed
02-18-2020 @ 09:40:42 - Input params: wc-api=wc_shipstation&auth_key=WCSS-b6c91f0b4959b1c4a9d6e9759774c5ab&action=shipnotify&order_number=12781&carrier=USPS&service=USPS+Priority+Mail&tracking_number=9405511899561246620304&capture=true
02-18-2020 @ 09:40:42 - ShipNotify XML: <?xml version="1.0" encoding="UTF-8"?><ShipNotice><OrderNumber>12781</OrderNumber><OrderID>12781</OrderID><CustomerCode>ccrienhoff@mac.com</CustomerCode><CustomerNotes><![CDATA[]]></CustomerNotes><InternalNotes><![CDATA[]]></InternalNotes><NotesToCustomer><![CDATA[]]></NotesToCustomer><NotifyCustomer>false</NotifyCustomer><LabelCreateDate>02/18/2020 08:00</LabelCreateDate><ShipDate>02/18/2020</ShipDate><Carrier>USPS</Carrier><Service>USPS Priority Mail</Service><TrackingNumber>9405511899561246620304</TrackingNumber><ShippingCost>8.4200</ShippingCost><CustomField1 /><CustomField2 /><CustomField3 /><Recipient><Name>Christina Rienhoff</Name><Company /><Address1>5 ERWOOD CT</Address1><Address2 /><City>BALTIMORE</City><State>MD</State><PostalCode>21212-1210</PostalCode><Country>US</Country></Recipient><Items><Item><Name>Happy Clam</Name><SKU /><LineItemID>2609</LineItemID><Quantity>1</Quantity></Item><Item><Name>Happy Clam Sample</Name><SKU /><LineItemID>2610</LineItemID><Quantity>1</Quantity></Item></Items></ShipNotice>
02-18-2020 @ 09:40:42 - ShipNotify Item: SimpleXMLElement Object
(
    [Name] => Happy Clam
    [SKU] => SimpleXMLElement Object
        (
        )

    [LineItemID] => 2609
    [Quantity] => 1
)

02-18-2020 @ 09:40:42 - ShipNotify Item: SimpleXMLElement Object
(
    [Name] => Happy Clam Sample
    [SKU] => SimpleXMLElement Object
        (
        )

    [LineItemID] => 2610
    [Quantity] => 1
)

02-18-2020 @ 09:40:42 - Item Happy Clam Sample is not shippable product. Skipping.
02-18-2020 @ 09:40:42 - Shipped 1 out of 1 items in order 12781
02-18-2020 @ 09:40:42 - Updated order 12781 to status wc-completed
02-18-2020 @ 09:56:50 - Input params: wc-api=wc_shipstation&auth_key=WCSS-b6c91f0b4959b1c4a9d6e9759774c5ab&action=shipnotify&order_number=12782&carrier=USPS&service=USPS+First+Class+Mail&tracking_number=9400111899561241330328&capture=true
02-18-2020 @ 09:56:50 - ShipNotify XML: <?xml version="1.0" encoding="UTF-8"?><ShipNotice><OrderNumber>12782</OrderNumber><OrderID>12782</OrderID><CustomerCode>stricdn32@gmail.com</CustomerCode><CustomerNotes><![CDATA[]]></CustomerNotes><InternalNotes><![CDATA[]]></InternalNotes><NotesToCustomer><![CDATA[]]></NotesToCustomer><NotifyCustomer>false</NotifyCustomer><LabelCreateDate>02/18/2020 08:00</LabelCreateDate><ShipDate>02/18/2020</ShipDate><Carrier>USPS</Carrier><Service>USPS First Class Mail</Service><TrackingNumber>9400111899561241330328</TrackingNumber><ShippingCost>4.1800</ShippingCost><CustomField1 /><CustomField2 /><CustomField3 /><Recipient><Name>Duane Strickland</Name><Company /><Address1>3100 NW ALBERTA ST</Address1><Address2 /><City>BENTONVILLE</City><State>AR</State><PostalCode>72712-8428</PostalCode><Country>US</Country></Recipient><Items><Item><Name>Smooth Operator</Name><SKU /><LineItemID>2613</LineItemID><Quantity>1</Quantity></Item><Item><Name>Smooth Operator Sample</Name><SKU /><LineItemID>2614</LineItemID><Quantity>1</Quantity></Item></Items></ShipNotice>
02-18-2020 @ 09:56:50 - ShipNotify Item: SimpleXMLElement Object
(
    [Name] => Smooth Operator
    [SKU] => SimpleXMLElement Object
        (
        )

    [LineItemID] => 2613
    [Quantity] => 1
)

02-18-2020 @ 09:56:50 - ShipNotify Item: SimpleXMLElement Object
(
    [Name] => Smooth Operator Sample
    [SKU] => SimpleXMLElement Object
        (
        )

    [LineItemID] => 2614
    [Quantity] => 1
)

02-18-2020 @ 09:56:50 - Item Smooth Operator Sample is not shippable product. Skipping.
02-18-2020 @ 09:56:50 - Shipped 1 out of 1 items in order 12782
02-18-2020 @ 09:56:51 - Updated order 12782 to status wc-completed
02-18-2020 @ 11:17:49 - Input params: wc-api=wc_shipstation&auth_key=WCSS-b6c91f0b4959b1c4a9d6e9759774c5ab&action=export&start_date=02%2F18%2F2020+00%3A20&end_date=02%2F19%2F2020+10%3A17&page=1
02-18-2020 @ 11:17:49 - Exported 37 orders
02-18-2020 @ 13:17:58 - Input params: wc-api=wc_shipstation&auth_key=WCSS-b6c91f0b4959b1c4a9d6e9759774c5ab&action=export&start_date=02%2F18%2F2020+02%3A17&end_date=02%2F19%2F2020+12%3A17&page=1
02-18-2020 @ 13:17:58 - Exported 37 orders
02-18-2020 @ 15:18:00 - Input params: wc-api=wc_shipstation&auth_key=WCSS-b6c91f0b4959b1c4a9d6e9759774c5ab&action=export&start_date=02%2F18%2F2020+04%3A17&end_date=02%2F19%2F2020+14%3A17&page=1
02-18-2020 @ 15:18:01 - Exported 37 orders
