02-05-2020 @ 17:22:45 - Input params: wc-api=wc_shipstation&auth_key=WCSS-b6c91f0b4959b1c4a9d6e9759774c5ab&action=export&start_date=02%2F05%2F2020+06%3A22&end_date=02%2F06%2F2020+16%3A22&page=1
02-05-2020 @ 17:22:46 - Exported 8 orders
02-05-2020 @ 19:22:49 - Input params: wc-api=wc_shipstation&auth_key=WCSS-b6c91f0b4959b1c4a9d6e9759774c5ab&action=export&start_date=02%2F05%2F2020+08%3A22&end_date=02%2F06%2F2020+18%3A22&page=1
02-05-2020 @ 19:22:50 - Exported 10 orders
02-05-2020 @ 21:22:54 - Input params: wc-api=wc_shipstation&auth_key=WCSS-b6c91f0b4959b1c4a9d6e9759774c5ab&action=export&start_date=02%2F05%2F2020+10%3A22&end_date=02%2F06%2F2020+20%3A22&page=1
02-05-2020 @ 21:22:54 - Exported 11 orders
02-05-2020 @ 23:22:56 - Input params: wc-api=wc_shipstation&auth_key=WCSS-b6c91f0b4959b1c4a9d6e9759774c5ab&action=export&start_date=02%2F05%2F2020+12%3A22&end_date=02%2F06%2F2020+22%3A22&page=1
02-05-2020 @ 23:22:56 - Exported 13 orders
02-06-2020 @ 01:23:01 - Input params: wc-api=wc_shipstation&auth_key=WCSS-b6c91f0b4959b1c4a9d6e9759774c5ab&action=export&start_date=02%2F05%2F2020+14%3A22&end_date=02%2F07%2F2020+00%3A23&page=1
02-06-2020 @ 01:23:01 - Exported 14 orders
02-06-2020 @ 03:23:05 - Input params: wc-api=wc_shipstation&auth_key=WCSS-b6c91f0b4959b1c4a9d6e9759774c5ab&action=export&start_date=02%2F05%2F2020+16%3A23&end_date=02%2F07%2F2020+02%3A23&page=1
02-06-2020 @ 03:23:06 - Exported 14 orders
02-06-2020 @ 05:23:09 - Input params: wc-api=wc_shipstation&auth_key=WCSS-b6c91f0b4959b1c4a9d6e9759774c5ab&action=export&start_date=02%2F05%2F2020+18%3A23&end_date=02%2F07%2F2020+04%3A23&page=1
02-06-2020 @ 05:23:09 - Exported 14 orders
02-06-2020 @ 07:23:10 - Input params: wc-api=wc_shipstation&auth_key=WCSS-b6c91f0b4959b1c4a9d6e9759774c5ab&action=export&start_date=02%2F05%2F2020+20%3A23&end_date=02%2F07%2F2020+06%3A23&page=1
02-06-2020 @ 07:23:11 - Exported 14 orders
02-06-2020 @ 09:16:52 - Input params: wc-api=wc_shipstation&auth_key=WCSS-b6c91f0b4959b1c4a9d6e9759774c5ab&action=shipnotify&order_number=10198&carrier=USPS&service=USPS+First+Class+Mail&tracking_number=9400111899561710464530&capture=true
02-06-2020 @ 09:16:52 - ShipNotify XML: <?xml version="1.0" encoding="UTF-8"?><ShipNotice><OrderNumber>10198</OrderNumber><OrderID>10198</OrderID><CustomerCode>kiratotherescue@gmail.com</CustomerCode><CustomerNotes><![CDATA[]]></CustomerNotes><InternalNotes><![CDATA[]]></InternalNotes><NotesToCustomer><![CDATA[]]></NotesToCustomer><NotifyCustomer>false</NotifyCustomer><LabelCreateDate>02/06/2020 08:00</LabelCreateDate><ShipDate>02/06/2020</ShipDate><Carrier>USPS</Carrier><Service>USPS First Class Mail</Service><TrackingNumber>9400111899561710464530</TrackingNumber><ShippingCost>3.9700</ShippingCost><CustomField1>vday15</CustomField1><CustomField2 /><CustomField3 /><Recipient><Name>Kira Morrison</Name><Company /><Address1>13947 HARTSOOK ST</Address1><Address2 /><City>SHERMAN OAKS</City><State>CA</State><PostalCode>91423-1209</PostalCode><Country>US</Country></Recipient><Items><Item><Name>Smooth Operator</Name><SKU /><LineItemID>1868</LineItemID><Quantity>1</Quantity></Item></Items></ShipNotice>
02-06-2020 @ 09:16:52 - ShipNotify Item: SimpleXMLElement Object
(
    [Name] => Smooth Operator
    [SKU] => SimpleXMLElement Object
        (
        )

    [LineItemID] => 1868
    [Quantity] => 1
)

02-06-2020 @ 09:16:52 - Shipped 1 out of 1 items in order 10198
02-06-2020 @ 09:16:53 - Updated order 10198 to status wc-completed
02-06-2020 @ 09:16:54 - Input params: wc-api=wc_shipstation&auth_key=WCSS-b6c91f0b4959b1c4a9d6e9759774c5ab&action=shipnotify&order_number=10349&carrier=USPS&service=USPS+First+Class+Mail&tracking_number=9400111899561710462499&capture=true
02-06-2020 @ 09:16:54 - ShipNotify XML: <?xml version="1.0" encoding="UTF-8"?><ShipNotice><OrderNumber>10349</OrderNumber><OrderID>10349</OrderID><CustomerCode>mommamega@hotmail.com</CustomerCode><CustomerNotes><![CDATA[House, leave on porch]]></CustomerNotes><InternalNotes><![CDATA[]]></InternalNotes><NotesToCustomer><![CDATA[]]></NotesToCustomer><NotifyCustomer>false</NotifyCustomer><LabelCreateDate>02/06/2020 08:00</LabelCreateDate><ShipDate>02/06/2020</ShipDate><Carrier>USPS</Carrier><Service>USPS First Class Mail</Service><TrackingNumber>9400111899561710462499</TrackingNumber><ShippingCost>4.4600</ShippingCost><CustomField1>vday15</CustomField1><CustomField2 /><CustomField3 /><Recipient><Name>Samantha Green</Name><Company /><Address1>803 E WALNUT ST</Address1><Address2>HOUSE, LEAVE ON PORCH</Address2><City>NORTH WALES</City><State>PA</State><PostalCode>19454-2823</PostalCode><Country>US</Country></Recipient><Items><Item><Name>Smooth Operator</Name><SKU /><LineItemID>1877</LineItemID><Quantity>1</Quantity></Item></Items></ShipNotice>
02-06-2020 @ 09:16:54 - ShipNotify Item: SimpleXMLElement Object
(
    [Name] => Smooth Operator
    [SKU] => SimpleXMLElement Object
        (
        )

    [LineItemID] => 1877
    [Quantity] => 1
)

02-06-2020 @ 09:16:54 - Shipped 1 out of 1 items in order 10349
02-06-2020 @ 09:16:56 - Updated order 10349 to status wc-completed
02-06-2020 @ 09:16:57 - Input params: wc-api=wc_shipstation&auth_key=WCSS-b6c91f0b4959b1c4a9d6e9759774c5ab&action=shipnotify&order_number=10343&carrier=USPS&service=USPS+First+Class+Mail&tracking_number=9400111899561710464141&capture=true
02-06-2020 @ 09:16:57 - ShipNotify XML: <?xml version="1.0" encoding="UTF-8"?><ShipNotice><OrderNumber>10343</OrderNumber><OrderID>10343</OrderID><CustomerCode>aslogsdon96@gmail.com</CustomerCode><CustomerNotes><![CDATA[]]></CustomerNotes><InternalNotes><![CDATA[]]></InternalNotes><NotesToCustomer><![CDATA[]]></NotesToCustomer><NotifyCustomer>false</NotifyCustomer><LabelCreateDate>02/06/2020 08:00</LabelCreateDate><ShipDate>02/06/2020</ShipDate><Carrier>USPS</Carrier><Service>USPS First Class Mail</Service><TrackingNumber>9400111899561710464141</TrackingNumber><ShippingCost>4.1800</ShippingCost><CustomField1>vday15</CustomField1><CustomField2 /><CustomField3 /><Recipient><Name>Allison Logsdon-Hull</Name><Company /><Address1>1829 KENTUCKY ST APT 1</Address1><Address2 /><City>LAWRENCE</City><State>KS</State><PostalCode>66044-4156</PostalCode><Country>US</Country></Recipient><Items><Item><Name>Smooth Operator</Name><SKU /><LineItemID>1872</LineItemID><Quantity>1</Quantity></Item><Item><Name>Happy Clam Sample</Name><SKU /><LineItemID>1873</LineItemID><Quantity>1</Quantity></Item></Items></ShipNotice>
02-06-2020 @ 09:16:57 - ShipNotify Item: SimpleXMLElement Object
(
    [Name] => Smooth Operator
    [SKU] => SimpleXMLElement Object
        (
        )

    [LineItemID] => 1872
    [Quantity] => 1
)

02-06-2020 @ 09:16:57 - ShipNotify Item: SimpleXMLElement Object
(
    [Name] => Happy Clam Sample
    [SKU] => SimpleXMLElement Object
        (
        )

    [LineItemID] => 1873
    [Quantity] => 1
)

02-06-2020 @ 09:16:57 - Item Happy Clam Sample is not shippable product. Skipping.
02-06-2020 @ 09:16:57 - Shipped 1 out of 1 items in order 10343
02-06-2020 @ 09:16:58 - Updated order 10343 to status wc-completed
02-06-2020 @ 09:16:59 - Input params: wc-api=wc_shipstation&auth_key=WCSS-b6c91f0b4959b1c4a9d6e9759774c5ab&action=shipnotify&order_number=10360&carrier=USPS&service=USPS+First+Class+Mail&tracking_number=9400111899561710464011&capture=true
02-06-2020 @ 09:16:59 - ShipNotify XML: <?xml version="1.0" encoding="UTF-8"?><ShipNotice><OrderNumber>10360</OrderNumber><OrderID>10360</OrderID><CustomerCode>aylaleroyce@gmail.com</CustomerCode><CustomerNotes><![CDATA[]]></CustomerNotes><InternalNotes><![CDATA[]]></InternalNotes><NotesToCustomer><![CDATA[]]></NotesToCustomer><NotifyCustomer>false</NotifyCustomer><LabelCreateDate>02/06/2020 08:00</LabelCreateDate><ShipDate>02/06/2020</ShipDate><Carrier>USPS</Carrier><Service>USPS First Class Mail</Service><TrackingNumber>9400111899561710464011</TrackingNumber><ShippingCost>4.0800</ShippingCost><CustomField1>vday15</CustomField1><CustomField2 /><CustomField3 /><Recipient><Name>Ayla Bott</Name><Company /><Address1>2704 STOUT ST APT B</Address1><Address2 /><City>DENVER</City><State>CO</State><PostalCode>80205-2972</PostalCode><Country>US</Country></Recipient><Items><Item><Name>Happy Clam</Name><SKU /><LineItemID>1881</LineItemID><Quantity>1</Quantity></Item><Item><Name>Smooth Operator Sample</Name><SKU /><LineItemID>1882</LineItemID><Quantity>1</Quantity></Item></Items></ShipNotice>
02-06-2020 @ 09:17:00 - ShipNotify Item: SimpleXMLElement Object
(
    [Name] => Happy Clam
    [SKU] => SimpleXMLElement Object
        (
        )

    [LineItemID] => 1881
    [Quantity] => 1
)

02-06-2020 @ 09:17:00 - ShipNotify Item: SimpleXMLElement Object
(
    [Name] => Smooth Operator Sample
    [SKU] => SimpleXMLElement Object
        (
        )

    [LineItemID] => 1882
    [Quantity] => 1
)

02-06-2020 @ 09:17:00 - Item Smooth Operator Sample is not shippable product. Skipping.
02-06-2020 @ 09:17:00 - Shipped 1 out of 1 items in order 10360
02-06-2020 @ 09:17:01 - Updated order 10360 to status wc-completed
02-06-2020 @ 09:17:02 - Input params: wc-api=wc_shipstation&auth_key=WCSS-b6c91f0b4959b1c4a9d6e9759774c5ab&action=shipnotify&order_number=10373&carrier=USPS&service=USPS+First+Class+Mail&tracking_number=9400111899561710465278&capture=true
02-06-2020 @ 09:17:02 - ShipNotify XML: <?xml version="1.0" encoding="UTF-8"?><ShipNotice><OrderNumber>10373</OrderNumber><OrderID>10373</OrderID><CustomerCode>heather.m.williams.7@gmail.com</CustomerCode><CustomerNotes><![CDATA[]]></CustomerNotes><InternalNotes><![CDATA[]]></InternalNotes><NotesToCustomer><![CDATA[]]></NotesToCustomer><NotifyCustomer>false</NotifyCustomer><LabelCreateDate>02/06/2020 08:00</LabelCreateDate><ShipDate>02/06/2020</ShipDate><Carrier>USPS</Carrier><Service>USPS First Class Mail</Service><TrackingNumber>9400111899561710465278</TrackingNumber><ShippingCost>4.0800</ShippingCost><CustomField1>vday15</CustomField1><CustomField2 /><CustomField3 /><Recipient><Name>Heather Williams</Name><Company /><Address1>7821 SE 29TH AVE</Address1><Address2 /><City>PORTLAND</City><State>OR</State><PostalCode>97202-8832</PostalCode><Country>US</Country></Recipient><Items><Item><Name>Smooth Operator</Name><SKU /><LineItemID>1896</LineItemID><Quantity>1</Quantity></Item><Item><Name>Happy Clam Sample</Name><SKU /><LineItemID>1897</LineItemID><Quantity>1</Quantity></Item></Items></ShipNotice>
02-06-2020 @ 09:17:02 - ShipNotify Item: SimpleXMLElement Object
(
    [Name] => Smooth Operator
    [SKU] => SimpleXMLElement Object
        (
        )

    [LineItemID] => 1896
    [Quantity] => 1
)

02-06-2020 @ 09:17:02 - ShipNotify Item: SimpleXMLElement Object
(
    [Name] => Happy Clam Sample
    [SKU] => SimpleXMLElement Object
        (
        )

    [LineItemID] => 1897
    [Quantity] => 1
)

02-06-2020 @ 09:17:02 - Item Happy Clam Sample is not shippable product. Skipping.
02-06-2020 @ 09:17:02 - Shipped 1 out of 1 items in order 10373
02-06-2020 @ 09:17:03 - Updated order 10373 to status wc-completed
02-06-2020 @ 09:17:04 - Input params: wc-api=wc_shipstation&auth_key=WCSS-b6c91f0b4959b1c4a9d6e9759774c5ab&action=shipnotify&order_number=10368&carrier=USPS&service=USPS+First+Class+Mail&tracking_number=9400111899561710464400&capture=true
02-06-2020 @ 09:17:04 - ShipNotify XML: <?xml version="1.0" encoding="UTF-8"?><ShipNotice><OrderNumber>10368</OrderNumber><OrderID>10368</OrderID><CustomerCode>heather.m.williams.7@gmail.com</CustomerCode><CustomerNotes><![CDATA[]]></CustomerNotes><InternalNotes><![CDATA[]]></InternalNotes><NotesToCustomer><![CDATA[]]></NotesToCustomer><NotifyCustomer>false</NotifyCustomer><LabelCreateDate>02/06/2020 08:00</LabelCreateDate><ShipDate>02/06/2020</ShipDate><Carrier>USPS</Carrier><Service>USPS First Class Mail</Service><TrackingNumber>9400111899561710464400</TrackingNumber><ShippingCost>4.0800</ShippingCost><CustomField1>vday15</CustomField1><CustomField2 /><CustomField3 /><Recipient><Name>Heather Williams</Name><Company /><Address1>7821 SE 29TH AVE</Address1><Address2 /><City>PORTLAND</City><State>OR</State><PostalCode>97202-8832</PostalCode><Country>US</Country></Recipient><Items><Item><Name>Smooth Operator</Name><SKU /><LineItemID>1886</LineItemID><Quantity>1</Quantity></Item><Item><Name>Happy Clam Sample</Name><SKU /><LineItemID>1887</LineItemID><Quantity>1</Quantity></Item></Items></ShipNotice>
02-06-2020 @ 09:17:04 - ShipNotify Item: SimpleXMLElement Object
(
    [Name] => Smooth Operator
    [SKU] => SimpleXMLElement Object
        (
        )

    [LineItemID] => 1886
    [Quantity] => 1
)

02-06-2020 @ 09:17:04 - ShipNotify Item: SimpleXMLElement Object
(
    [Name] => Happy Clam Sample
    [SKU] => SimpleXMLElement Object
        (
        )

    [LineItemID] => 1887
    [Quantity] => 1
)

02-06-2020 @ 09:17:04 - Item Happy Clam Sample is not shippable product. Skipping.
02-06-2020 @ 09:17:04 - Shipped 1 out of 1 items in order 10368
02-06-2020 @ 09:17:06 - Updated order 10368 to status wc-completed
02-06-2020 @ 09:17:07 - Input params: wc-api=wc_shipstation&auth_key=WCSS-b6c91f0b4959b1c4a9d6e9759774c5ab&action=shipnotify&order_number=10384&carrier=USPS&service=USPS+First+Class+Mail&tracking_number=9400111899561710465797&capture=true
02-06-2020 @ 09:17:07 - ShipNotify XML: <?xml version="1.0" encoding="UTF-8"?><ShipNotice><OrderNumber>10384</OrderNumber><OrderID>10384</OrderID><CustomerCode>cbmedders94@yahoo.com</CustomerCode><CustomerNotes><![CDATA[]]></CustomerNotes><InternalNotes><![CDATA[]]></InternalNotes><NotesToCustomer><![CDATA[]]></NotesToCustomer><NotifyCustomer>false</NotifyCustomer><LabelCreateDate>02/06/2020 08:00</LabelCreateDate><ShipDate>02/06/2020</ShipDate><Carrier>USPS</Carrier><Service>USPS First Class Mail</Service><TrackingNumber>9400111899561710465797</TrackingNumber><ShippingCost>4.4600</ShippingCost><CustomField1>welcum</CustomField1><CustomField2 /><CustomField3 /><Recipient><Name>Carol R Medders</Name><Company /><Address1>3312 WILSHIRE DR</Address1><Address2 /><City>GREENSBORO</City><State>NC</State><PostalCode>27408-2922</PostalCode><Country>US</Country></Recipient><Items><Item><Name>Smooth Operator</Name><SKU /><LineItemID>1901</LineItemID><Quantity>1</Quantity></Item><Item><Name>Happy Clam Sample</Name><SKU /><LineItemID>1902</LineItemID><Quantity>1</Quantity></Item><Item><Name>Smooth Operator Sample</Name><SKU /><LineItemID>1903</LineItemID><Quantity>1</Quantity></Item></Items></ShipNotice>
02-06-2020 @ 09:17:07 - ShipNotify Item: SimpleXMLElement Object
(
    [Name] => Smooth Operator
    [SKU] => SimpleXMLElement Object
        (
        )

    [LineItemID] => 1901
    [Quantity] => 1
)

02-06-2020 @ 09:17:07 - ShipNotify Item: SimpleXMLElement Object
(
    [Name] => Happy Clam Sample
    [SKU] => SimpleXMLElement Object
        (
        )

    [LineItemID] => 1902
    [Quantity] => 1
)

02-06-2020 @ 09:17:07 - Item Happy Clam Sample is not shippable product. Skipping.
02-06-2020 @ 09:17:07 - ShipNotify Item: SimpleXMLElement Object
(
    [Name] => Smooth Operator Sample
    [SKU] => SimpleXMLElement Object
        (
        )

    [LineItemID] => 1903
    [Quantity] => 1
)

02-06-2020 @ 09:17:07 - Item Smooth Operator Sample is not shippable product. Skipping.
02-06-2020 @ 09:17:07 - Shipped 1 out of 1 items in order 10384
02-06-2020 @ 09:17:07 - Updated order 10384 to status wc-completed
02-06-2020 @ 09:23:12 - Input params: wc-api=wc_shipstation&auth_key=WCSS-b6c91f0b4959b1c4a9d6e9759774c5ab&action=export&start_date=02%2F05%2F2020+22%3A23&end_date=02%2F07%2F2020+08%3A23&page=1
02-06-2020 @ 09:23:12 - Exported 14 orders
02-06-2020 @ 11:23:15 - Input params: wc-api=wc_shipstation&auth_key=WCSS-b6c91f0b4959b1c4a9d6e9759774c5ab&action=export&start_date=02%2F06%2F2020+00%3A23&end_date=02%2F07%2F2020+10%3A23&page=1
02-06-2020 @ 11:23:15 - Exported 7 orders
02-06-2020 @ 13:23:18 - Input params: wc-api=wc_shipstation&auth_key=WCSS-b6c91f0b4959b1c4a9d6e9759774c5ab&action=export&start_date=02%2F06%2F2020+02%3A23&end_date=02%2F07%2F2020+12%3A23&page=1
02-06-2020 @ 13:23:18 - Exported 8 orders
02-06-2020 @ 15:23:20 - Input params: wc-api=wc_shipstation&auth_key=WCSS-b6c91f0b4959b1c4a9d6e9759774c5ab&action=export&start_date=02%2F06%2F2020+04%3A23&end_date=02%2F07%2F2020+14%3A23&page=1
02-06-2020 @ 15:23:20 - Exported 9 orders
