02-04-2020 @ 17:22:09 - Input params: wc-api=wc_shipstation&auth_key=WCSS-b6c91f0b4959b1c4a9d6e9759774c5ab&action=export&start_date=02%2F04%2F2020+06%3A22&end_date=02%2F05%2F2020+16%3A22&page=1
02-04-2020 @ 17:22:09 - Exported 5 orders
02-04-2020 @ 19:22:13 - Input params: wc-api=wc_shipstation&auth_key=WCSS-b6c91f0b4959b1c4a9d6e9759774c5ab&action=export&start_date=02%2F04%2F2020+08%3A22&end_date=02%2F05%2F2020+18%3A22&page=1
02-04-2020 @ 19:22:13 - Exported 6 orders
02-04-2020 @ 21:22:15 - Input params: wc-api=wc_shipstation&auth_key=WCSS-b6c91f0b4959b1c4a9d6e9759774c5ab&action=export&start_date=02%2F04%2F2020+10%3A22&end_date=02%2F05%2F2020+20%3A22&page=1
02-04-2020 @ 21:22:15 - Exported 8 orders
02-04-2020 @ 23:22:19 - Input params: wc-api=wc_shipstation&auth_key=WCSS-b6c91f0b4959b1c4a9d6e9759774c5ab&action=export&start_date=02%2F04%2F2020+12%3A22&end_date=02%2F05%2F2020+22%3A22&page=1
02-04-2020 @ 23:22:19 - Exported 8 orders
02-05-2020 @ 01:22:20 - Input params: wc-api=wc_shipstation&auth_key=WCSS-b6c91f0b4959b1c4a9d6e9759774c5ab&action=export&start_date=02%2F04%2F2020+14%3A22&end_date=02%2F06%2F2020+00%3A22&page=1
02-05-2020 @ 01:22:20 - Exported 9 orders
02-05-2020 @ 03:22:23 - Input params: wc-api=wc_shipstation&auth_key=WCSS-b6c91f0b4959b1c4a9d6e9759774c5ab&action=export&start_date=02%2F04%2F2020+16%3A22&end_date=02%2F06%2F2020+02%3A22&page=1
02-05-2020 @ 03:22:24 - Exported 9 orders
02-05-2020 @ 05:22:26 - Input params: wc-api=wc_shipstation&auth_key=WCSS-b6c91f0b4959b1c4a9d6e9759774c5ab&action=export&start_date=02%2F04%2F2020+18%3A22&end_date=02%2F06%2F2020+04%3A22&page=1
02-05-2020 @ 05:22:26 - Exported 9 orders
02-05-2020 @ 07:22:28 - Input params: wc-api=wc_shipstation&auth_key=WCSS-b6c91f0b4959b1c4a9d6e9759774c5ab&action=export&start_date=02%2F04%2F2020+20%3A22&end_date=02%2F06%2F2020+06%3A22&page=1
02-05-2020 @ 07:22:28 - Exported 9 orders
02-05-2020 @ 09:22:29 - Input params: wc-api=wc_shipstation&auth_key=WCSS-b6c91f0b4959b1c4a9d6e9759774c5ab&action=export&start_date=02%2F04%2F2020+22%3A22&end_date=02%2F06%2F2020+08%3A22&page=1
02-05-2020 @ 09:22:30 - Exported 9 orders
02-05-2020 @ 11:22:34 - Input params: wc-api=wc_shipstation&auth_key=WCSS-b6c91f0b4959b1c4a9d6e9759774c5ab&action=export&start_date=02%2F05%2F2020+00%3A22&end_date=02%2F06%2F2020+10%3A22&page=1
02-05-2020 @ 11:22:34 - Exported 2 orders
02-05-2020 @ 13:22:40 - Input params: wc-api=wc_shipstation&auth_key=WCSS-b6c91f0b4959b1c4a9d6e9759774c5ab&action=export&start_date=02%2F05%2F2020+02%3A22&end_date=02%2F06%2F2020+12%3A22&page=1
02-05-2020 @ 13:22:40 - Exported 2 orders
02-05-2020 @ 15:00:40 - Input params: wc-api=wc_shipstation&auth_key=WCSS-b6c91f0b4959b1c4a9d6e9759774c5ab&action=shipnotify&order_number=10139&carrier=USPS&service=USPS+First+Class+Mail&tracking_number=9400111899561714004336&capture=true
02-05-2020 @ 15:00:40 - ShipNotify XML: <?xml version="1.0" encoding="UTF-8"?><ShipNotice><OrderNumber>10139</OrderNumber><OrderID>10139</OrderID><CustomerCode>4Maureen@Q.com</CustomerCode><CustomerNotes><![CDATA[]]></CustomerNotes><InternalNotes><![CDATA[]]></InternalNotes><NotesToCustomer><![CDATA[]]></NotesToCustomer><NotifyCustomer>false</NotifyCustomer><LabelCreateDate>02/06/2020 08:00</LabelCreateDate><ShipDate>02/06/2020</ShipDate><Carrier>USPS</Carrier><Service>USPS First Class Mail</Service><TrackingNumber>9400111899561714004336</TrackingNumber><ShippingCost>5.2700</ShippingCost><CustomField1>vday15</CustomField1><CustomField2 /><CustomField3 /><Recipient><Name>Maureen McNamara</Name><Company /><Address1>2745 W 35TH AVE</Address1><Address2 /><City>DENVER</City><State>CO</State><PostalCode>80211-2809</PostalCode><Country>US</Country></Recipient><Items><Item><Name>Happy Clam</Name><SKU /><LineItemID>1844</LineItemID><Quantity>2</Quantity></Item></Items></ShipNotice>
02-05-2020 @ 15:00:40 - ShipNotify Item: SimpleXMLElement Object
(
    [Name] => Happy Clam
    [SKU] => SimpleXMLElement Object
        (
        )

    [LineItemID] => 1844
    [Quantity] => 2
)

02-05-2020 @ 15:00:40 - Shipped 2 out of 2 items in order 10139
02-05-2020 @ 15:00:41 - Updated order 10139 to status wc-completed
02-05-2020 @ 15:00:42 - Input params: wc-api=wc_shipstation&auth_key=WCSS-b6c91f0b4959b1c4a9d6e9759774c5ab&action=shipnotify&order_number=10133&carrier=USPS&service=USPS+First+Class+Mail&tracking_number=9400111899561714005258&capture=true
02-05-2020 @ 15:00:42 - ShipNotify XML: <?xml version="1.0" encoding="UTF-8"?><ShipNotice><OrderNumber>10133</OrderNumber><OrderID>10133</OrderID><CustomerCode>kgraiwer@yahoo.com</CustomerCode><CustomerNotes><![CDATA[]]></CustomerNotes><InternalNotes><![CDATA[]]></InternalNotes><NotesToCustomer><![CDATA[]]></NotesToCustomer><NotifyCustomer>false</NotifyCustomer><LabelCreateDate>02/06/2020 08:00</LabelCreateDate><ShipDate>02/06/2020</ShipDate><Carrier>USPS</Carrier><Service>USPS First Class Mail</Service><TrackingNumber>9400111899561714005258</TrackingNumber><ShippingCost>5.0800</ShippingCost><CustomField1>vday15</CustomField1><CustomField2 /><CustomField3 /><Recipient><Name>Ken Graiwer</Name><Company /><Address1>14963 GREENLEAF ST</Address1><Address2 /><City>SHERMAN OAKS</City><State>CA</State><PostalCode>91403-4004</PostalCode><Country>US</Country></Recipient><Items><Item><Name>Smooth Operator</Name><SKU /><LineItemID>1839</LineItemID><Quantity>1</Quantity></Item><Item><Name>Happy Clam</Name><SKU /><LineItemID>1840</LineItemID><Quantity>1</Quantity></Item></Items></ShipNotice>
02-05-2020 @ 15:00:42 - ShipNotify Item: SimpleXMLElement Object
(
    [Name] => Smooth Operator
    [SKU] => SimpleXMLElement Object
        (
        )

    [LineItemID] => 1839
    [Quantity] => 1
)

02-05-2020 @ 15:00:42 - ShipNotify Item: SimpleXMLElement Object
(
    [Name] => Happy Clam
    [SKU] => SimpleXMLElement Object
        (
        )

    [LineItemID] => 1840
    [Quantity] => 1
)

02-05-2020 @ 15:00:42 - Shipped 2 out of 2 items in order 10133
02-05-2020 @ 15:00:42 - Updated order 10133 to status wc-completed
02-05-2020 @ 15:00:43 - Input params: wc-api=wc_shipstation&auth_key=WCSS-b6c91f0b4959b1c4a9d6e9759774c5ab&action=shipnotify&order_number=10147&carrier=USPS&service=USPS+First+Class+Mail&tracking_number=9400111899561714004497&capture=true
02-05-2020 @ 15:00:43 - ShipNotify XML: <?xml version="1.0" encoding="UTF-8"?><ShipNotice><OrderNumber>10147</OrderNumber><OrderID>10147</OrderID><CustomerCode>preachricks@gmail.com</CustomerCode><CustomerNotes><![CDATA[]]></CustomerNotes><InternalNotes><![CDATA[]]></InternalNotes><NotesToCustomer><![CDATA[]]></NotesToCustomer><NotifyCustomer>false</NotifyCustomer><LabelCreateDate>02/06/2020 08:00</LabelCreateDate><ShipDate>02/06/2020</ShipDate><Carrier>USPS</Carrier><Service>USPS First Class Mail</Service><TrackingNumber>9400111899561714004497</TrackingNumber><ShippingCost>4.4600</ShippingCost><CustomField1 /><CustomField2 /><CustomField3 /><Recipient><Name>Bobby Ricks</Name><Company /><Address1>PO BOX 306</Address1><Address2 /><City>DISPUTANTA</City><State>VA</State><PostalCode>23842-0306</PostalCode><Country>US</Country></Recipient><Items><Item><Name>Smooth Operator</Name><SKU /><LineItemID>1848</LineItemID><Quantity>1</Quantity></Item><Item><Name>Happy Clam Sample</Name><SKU /><LineItemID>1849</LineItemID><Quantity>1</Quantity></Item></Items></ShipNotice>
02-05-2020 @ 15:00:43 - ShipNotify Item: SimpleXMLElement Object
(
    [Name] => Smooth Operator
    [SKU] => SimpleXMLElement Object
        (
        )

    [LineItemID] => 1848
    [Quantity] => 1
)

02-05-2020 @ 15:00:43 - ShipNotify Item: SimpleXMLElement Object
(
    [Name] => Happy Clam Sample
    [SKU] => SimpleXMLElement Object
        (
        )

    [LineItemID] => 1849
    [Quantity] => 1
)

02-05-2020 @ 15:00:43 - Item Happy Clam Sample is not shippable product. Skipping.
02-05-2020 @ 15:00:43 - Shipped 1 out of 1 items in order 10147
02-05-2020 @ 15:00:43 - Updated order 10147 to status wc-completed
02-05-2020 @ 15:00:44 - Input params: wc-api=wc_shipstation&auth_key=WCSS-b6c91f0b4959b1c4a9d6e9759774c5ab&action=shipnotify&order_number=10160&carrier=USPS&service=USPS+First+Class+Mail&tracking_number=9400111899561714005982&capture=true
02-05-2020 @ 15:00:44 - ShipNotify XML: <?xml version="1.0" encoding="UTF-8"?><ShipNotice><OrderNumber>10160</OrderNumber><OrderID>10160</OrderID><CustomerCode>cp_pramodh@hotmail.com</CustomerCode><CustomerNotes><![CDATA[]]></CustomerNotes><InternalNotes><![CDATA[]]></InternalNotes><NotesToCustomer><![CDATA[]]></NotesToCustomer><NotifyCustomer>false</NotifyCustomer><LabelCreateDate>02/06/2020 08:00</LabelCreateDate><ShipDate>02/06/2020</ShipDate><Carrier>USPS</Carrier><Service>USPS First Class Mail</Service><TrackingNumber>9400111899561714005982</TrackingNumber><ShippingCost>4.4600</ShippingCost><CustomField1 /><CustomField2 /><CustomField3 /><Recipient><Name>pramodh pachaiyappan</Name><Company /><Address1>3018 CHARING CROSS</Address1><Address2 /><City>WILMINGTON</City><State>DE</State><PostalCode>19808-4367</PostalCode><Country>US</Country></Recipient><Items><Item><Name>Smooth Operator</Name><SKU /><LineItemID>1856</LineItemID><Quantity>1</Quantity></Item></Items></ShipNotice>
02-05-2020 @ 15:00:44 - ShipNotify Item: SimpleXMLElement Object
(
    [Name] => Smooth Operator
    [SKU] => SimpleXMLElement Object
        (
        )

    [LineItemID] => 1856
    [Quantity] => 1
)

02-05-2020 @ 15:00:44 - Shipped 1 out of 1 items in order 10160
02-05-2020 @ 15:00:44 - Updated order 10160 to status wc-completed
02-05-2020 @ 15:00:45 - Input params: wc-api=wc_shipstation&auth_key=WCSS-b6c91f0b4959b1c4a9d6e9759774c5ab&action=shipnotify&order_number=10156&carrier=USPS&service=USPS+Priority+Mail&tracking_number=9405511899561714005022&capture=true
02-05-2020 @ 15:00:45 - ShipNotify XML: <?xml version="1.0" encoding="UTF-8"?><ShipNotice><OrderNumber>10156</OrderNumber><OrderID>10156</OrderID><CustomerCode>maxinquaye07@gmail.com</CustomerCode><CustomerNotes><![CDATA[]]></CustomerNotes><InternalNotes><![CDATA[]]></InternalNotes><NotesToCustomer><![CDATA[]]></NotesToCustomer><NotifyCustomer>false</NotifyCustomer><LabelCreateDate>02/06/2020 08:00</LabelCreateDate><ShipDate>02/06/2020</ShipDate><Carrier>USPS</Carrier><Service>USPS Priority Mail</Service><TrackingNumber>9405511899561714005022</TrackingNumber><ShippingCost>7.5600</ShippingCost><CustomField1 /><CustomField2 /><CustomField3 /><Recipient><Name>Stacey Prinz</Name><Company /><Address1>8408 HAWK EYE RD NW</Address1><Address2 /><City>ALBUQUERQUE</City><State>NM</State><PostalCode>87120-3792</PostalCode><Country>US</Country></Recipient><Items><Item><Name>Smooth Operator</Name><SKU /><LineItemID>1852</LineItemID><Quantity>1</Quantity></Item><Item><Name>Happy Clam Sample</Name><SKU /><LineItemID>1853</LineItemID><Quantity>1</Quantity></Item></Items></ShipNotice>
02-05-2020 @ 15:00:45 - ShipNotify Item: SimpleXMLElement Object
(
    [Name] => Smooth Operator
    [SKU] => SimpleXMLElement Object
        (
        )

    [LineItemID] => 1852
    [Quantity] => 1
)

02-05-2020 @ 15:00:45 - ShipNotify Item: SimpleXMLElement Object
(
    [Name] => Happy Clam Sample
    [SKU] => SimpleXMLElement Object
        (
        )

    [LineItemID] => 1853
    [Quantity] => 1
)

02-05-2020 @ 15:00:45 - Item Happy Clam Sample is not shippable product. Skipping.
02-05-2020 @ 15:00:45 - Shipped 1 out of 1 items in order 10156
02-05-2020 @ 15:00:46 - Updated order 10156 to status wc-completed
02-05-2020 @ 15:00:47 - Input params: wc-api=wc_shipstation&auth_key=WCSS-b6c91f0b4959b1c4a9d6e9759774c5ab&action=shipnotify&order_number=10169&carrier=USPS&service=USPS+First+Class+Mail&tracking_number=9400111899561714005715&capture=true
02-05-2020 @ 15:00:47 - ShipNotify XML: <?xml version="1.0" encoding="UTF-8"?><ShipNotice><OrderNumber>10169</OrderNumber><OrderID>10169</OrderID><CustomerCode>eleanor.frazier@charter.net</CustomerCode><CustomerNotes><![CDATA[]]></CustomerNotes><InternalNotes><![CDATA[]]></InternalNotes><NotesToCustomer><![CDATA[]]></NotesToCustomer><NotifyCustomer>false</NotifyCustomer><LabelCreateDate>02/06/2020 08:00</LabelCreateDate><ShipDate>02/06/2020</ShipDate><Carrier>USPS</Carrier><Service>USPS First Class Mail</Service><TrackingNumber>9400111899561714005715</TrackingNumber><ShippingCost>5.0800</ShippingCost><CustomField1>vday15</CustomField1><CustomField2 /><CustomField3 /><Recipient><Name>Eleanor Frazier</Name><Company /><Address1>10270 CARRARI ST</Address1><Address2 /><City>ALTA LOMA</City><State>CA</State><PostalCode>91737-1704</PostalCode><Country>US</Country></Recipient><Items><Item><Name>Happy Clam</Name><SKU /><LineItemID>1859</LineItemID><Quantity>1</Quantity></Item><Item><Name>Smooth Operator</Name><SKU /><LineItemID>1860</LineItemID><Quantity>1</Quantity></Item></Items></ShipNotice>
02-05-2020 @ 15:00:47 - ShipNotify Item: SimpleXMLElement Object
(
    [Name] => Happy Clam
    [SKU] => SimpleXMLElement Object
        (
        )

    [LineItemID] => 1859
    [Quantity] => 1
)

02-05-2020 @ 15:00:47 - ShipNotify Item: SimpleXMLElement Object
(
    [Name] => Smooth Operator
    [SKU] => SimpleXMLElement Object
        (
        )

    [LineItemID] => 1860
    [Quantity] => 1
)

02-05-2020 @ 15:00:47 - Shipped 2 out of 2 items in order 10169
02-05-2020 @ 15:00:48 - Updated order 10169 to status wc-completed
02-05-2020 @ 15:00:51 - Input params: wc-api=wc_shipstation&auth_key=WCSS-b6c91f0b4959b1c4a9d6e9759774c5ab&action=shipnotify&order_number=10185&carrier=USPS&service=USPS+First+Class+Mail&tracking_number=9400111899561714005340&capture=true
02-05-2020 @ 15:00:51 - ShipNotify XML: <?xml version="1.0" encoding="UTF-8"?><ShipNotice><OrderNumber>10185</OrderNumber><OrderID>10185</OrderID><CustomerCode>jena_lindh@yahoo.com</CustomerCode><CustomerNotes><![CDATA[]]></CustomerNotes><InternalNotes><![CDATA[]]></InternalNotes><NotesToCustomer><![CDATA[]]></NotesToCustomer><NotifyCustomer>false</NotifyCustomer><LabelCreateDate>02/06/2020 08:00</LabelCreateDate><ShipDate>02/06/2020</ShipDate><Carrier>USPS</Carrier><Service>USPS First Class Mail</Service><TrackingNumber>9400111899561714005340</TrackingNumber><ShippingCost>4.0000</ShippingCost><CustomField1>vday15</CustomField1><CustomField2 /><CustomField3 /><Recipient><Name>Jenafer Owen</Name><Company /><Address1>15215 MITCHELL CREEK DR</Address1><Address2 /><City>FORT BRAGG</City><State>CA</State><PostalCode>95437-8726</PostalCode><Country>US</Country></Recipient><Items><Item><Name>Happy Clam</Name><SKU /><LineItemID>1864</LineItemID><Quantity>1</Quantity></Item></Items></ShipNotice>
02-05-2020 @ 15:00:51 - ShipNotify Item: SimpleXMLElement Object
(
    [Name] => Happy Clam
    [SKU] => SimpleXMLElement Object
        (
        )

    [LineItemID] => 1864
    [Quantity] => 1
)

02-05-2020 @ 15:00:51 - Shipped 1 out of 1 items in order 10185
02-05-2020 @ 15:00:51 - Updated order 10185 to status wc-completed
02-05-2020 @ 15:22:42 - Input params: wc-api=wc_shipstation&auth_key=WCSS-b6c91f0b4959b1c4a9d6e9759774c5ab&action=export&start_date=02%2F05%2F2020+04%3A22&end_date=02%2F06%2F2020+14%3A22&page=1
02-05-2020 @ 15:22:42 - Exported 8 orders
