02-05-2020 @ 18:32:59 - Refreshing connection...
02-05-2020 @ 18:32:59 - Connection successfully refreshed.
02-06-2020 @ 09:54:56 - Request
Request
method:
uri: listLocationsWithHttpInfo
user-agent: WooCommerce-Square/2.0.8 (WooCommerce/3.9.1; WordPress/5.3.2)
headers: Array
(
)
body:
duration: 0.21122s

02-06-2020 @ 09:54:56 - Response
Response
code: 200
message:
headers: Array
(
    [0] => HTTP/2 200
    [content-type] => application/json
    [square-version] => 2019-08-14
    [vary] => Origin, Accept-Encoding
    [x-content-type-options] => nosniff
    [x-download-options] => noopen
    [x-frame-options] => SAMEORIGIN
    [x-permitted-cross-domain-policies] => none
    [x-xss-protection] => 1; mode=block
    [date] => Thu, 06 Feb 2020 16:54:56 GMT
    [content-length] => 784
    [strict-transport-security] => max-age=631152000; includeSubDomains; preload
)
body: {
    "locations": [
        {
            "id": "5V57FJR325CDW",
            "name": "Quim",
            "address": {
                "address_line_1": "3238 18TH ST",
                "locality": "SAN FRANCISCO",
                "administrative_district_level_1": "CA",
                "postal_code": "94110-1935",
                "country": "US"
            },
            "timezone": "America\/Los_Angeles",
            "capabilities": [
                "CREDIT_CARD_PROCESSING"
            ],
            "status": "ACTIVE",
            "created_at": "2019-08-14T20:57:30Z",
            "merchant_id": "29J5T4TA22TXD",
            "country": "US",
            "language_code": "en-US",
            "currency": "USD",
            "business_name": "Quim",
            "type": "MOBILE",
            "website_url": "www.itsquim.com",
            "business_hours": {},
            "business_email": "hey@quimrock.com",
            "twitter_username": "quimrock",
            "instagram_username": "its.quim",
            "facebook_url": "https:\/\/www.facebook.com\/quim.rock",
            "logo_url": "https:\/\/d1g145x70srn7h.cloudfront.net\/files\/e04f3979078b08869286bc2b8176de78b12f1860\/original.png"
        }
    ]
}

02-06-2020 @ 09:55:01 - Request
Request
method:
uri: listLocationsWithHttpInfo
user-agent: WooCommerce-Square/2.0.8 (WooCommerce/3.9.1; WordPress/5.3.2)
headers: Array
(
)
body:
duration: 0.36s

02-06-2020 @ 09:55:01 - Response
Response
code: 200
message:
headers: Array
(
    [0] => HTTP/2 200
    [content-type] => application/json
    [square-version] => 2019-08-14
    [vary] => Origin, Accept-Encoding
    [x-content-type-options] => nosniff
    [x-download-options] => noopen
    [x-frame-options] => SAMEORIGIN
    [x-permitted-cross-domain-policies] => none
    [x-xss-protection] => 1; mode=block
    [date] => Thu, 06 Feb 2020 16:55:00 GMT
    [content-length] => 784
    [strict-transport-security] => max-age=631152000; includeSubDomains; preload
)
body: {
    "locations": [
        {
            "id": "5V57FJR325CDW",
            "name": "Quim",
            "address": {
                "address_line_1": "3238 18TH ST",
                "locality": "SAN FRANCISCO",
                "administrative_district_level_1": "CA",
                "postal_code": "94110-1935",
                "country": "US"
            },
            "timezone": "America\/Los_Angeles",
            "capabilities": [
                "CREDIT_CARD_PROCESSING"
            ],
            "status": "ACTIVE",
            "created_at": "2019-08-14T20:57:30Z",
            "merchant_id": "29J5T4TA22TXD",
            "country": "US",
            "language_code": "en-US",
            "currency": "USD",
            "business_name": "Quim",
            "type": "MOBILE",
            "website_url": "www.itsquim.com",
            "business_hours": {},
            "business_email": "hey@quimrock.com",
            "twitter_username": "quimrock",
            "instagram_username": "its.quim",
            "facebook_url": "https:\/\/www.facebook.com\/quim.rock",
            "logo_url": "https:\/\/d1g145x70srn7h.cloudfront.net\/files\/e04f3979078b08869286bc2b8176de78b12f1860\/original.png"
        }
    ]
}

02-06-2020 @ 09:55:05 - Request
Request
method:
uri: listLocationsWithHttpInfo
user-agent: WooCommerce-Square/2.0.8 (WooCommerce/3.9.1; WordPress/5.3.2)
headers: Array
(
)
body:
duration: 0.13269s

02-06-2020 @ 09:55:05 - Response
Response
code: 200
message:
headers: Array
(
    [0] => HTTP/2 200
    [content-type] => application/json
    [square-version] => 2019-08-14
    [vary] => Origin, Accept-Encoding
    [x-content-type-options] => nosniff
    [x-download-options] => noopen
    [x-frame-options] => SAMEORIGIN
    [x-permitted-cross-domain-policies] => none
    [x-xss-protection] => 1; mode=block
    [date] => Thu, 06 Feb 2020 16:55:04 GMT
    [content-length] => 784
    [strict-transport-security] => max-age=631152000; includeSubDomains; preload
)
body: {
    "locations": [
        {
            "id": "5V57FJR325CDW",
            "name": "Quim",
            "address": {
                "address_line_1": "3238 18TH ST",
                "locality": "SAN FRANCISCO",
                "administrative_district_level_1": "CA",
                "postal_code": "94110-1935",
                "country": "US"
            },
            "timezone": "America\/Los_Angeles",
            "capabilities": [
                "CREDIT_CARD_PROCESSING"
            ],
            "status": "ACTIVE",
            "created_at": "2019-08-14T20:57:30Z",
            "merchant_id": "29J5T4TA22TXD",
            "country": "US",
            "language_code": "en-US",
            "currency": "USD",
            "business_name": "Quim",
            "type": "MOBILE",
            "website_url": "www.itsquim.com",
            "business_hours": {},
            "business_email": "hey@quimrock.com",
            "twitter_username": "quimrock",
            "instagram_username": "its.quim",
            "facebook_url": "https:\/\/www.facebook.com\/quim.rock",
            "logo_url": "https:\/\/d1g145x70srn7h.cloudfront.net\/files\/e04f3979078b08869286bc2b8176de78b12f1860\/original.png"
        }
    ]
}

02-06-2020 @ 09:55:09 - Request
Request
method:
uri: listLocationsWithHttpInfo
user-agent: WooCommerce-Square/2.0.8 (WooCommerce/3.9.1; WordPress/5.3.2)
headers: Array
(
)
body:
duration: 0.38172s

02-06-2020 @ 09:55:09 - Response
Response
code: 200
message:
headers: Array
(
    [0] => HTTP/2 200
    [content-type] => application/json
    [square-version] => 2019-08-14
    [vary] => Origin, Accept-Encoding
    [x-content-type-options] => nosniff
    [x-download-options] => noopen
    [x-frame-options] => SAMEORIGIN
    [x-permitted-cross-domain-policies] => none
    [x-xss-protection] => 1; mode=block
    [date] => Thu, 06 Feb 2020 16:55:09 GMT
    [content-length] => 784
    [strict-transport-security] => max-age=631152000; includeSubDomains; preload
)
body: {
    "locations": [
        {
            "id": "5V57FJR325CDW",
            "name": "Quim",
            "address": {
                "address_line_1": "3238 18TH ST",
                "locality": "SAN FRANCISCO",
                "administrative_district_level_1": "CA",
                "postal_code": "94110-1935",
                "country": "US"
            },
            "timezone": "America\/Los_Angeles",
            "capabilities": [
                "CREDIT_CARD_PROCESSING"
            ],
            "status": "ACTIVE",
            "created_at": "2019-08-14T20:57:30Z",
            "merchant_id": "29J5T4TA22TXD",
            "country": "US",
            "language_code": "en-US",
            "currency": "USD",
            "business_name": "Quim",
            "type": "MOBILE",
            "website_url": "www.itsquim.com",
            "business_hours": {},
            "business_email": "hey@quimrock.com",
            "twitter_username": "quimrock",
            "instagram_username": "its.quim",
            "facebook_url": "https:\/\/www.facebook.com\/quim.rock",
            "logo_url": "https:\/\/d1g145x70srn7h.cloudfront.net\/files\/e04f3979078b08869286bc2b8176de78b12f1860\/original.png"
        }
    ]
}

02-06-2020 @ 09:55:14 - Request
Request
method:
uri: listLocationsWithHttpInfo
user-agent: WooCommerce-Square/2.0.8 (WooCommerce/3.9.1; WordPress/5.3.2)
headers: Array
(
)
body:
duration: 0.18495s

02-06-2020 @ 09:55:14 - Response
Response
code: 200
message:
headers: Array
(
    [0] => HTTP/2 200
    [content-type] => application/json
    [square-version] => 2019-08-14
    [vary] => Origin, Accept-Encoding
    [x-content-type-options] => nosniff
    [x-download-options] => noopen
    [x-frame-options] => SAMEORIGIN
    [x-permitted-cross-domain-policies] => none
    [x-xss-protection] => 1; mode=block
    [date] => Thu, 06 Feb 2020 16:55:14 GMT
    [content-length] => 784
    [strict-transport-security] => max-age=631152000; includeSubDomains; preload
)
body: {
    "locations": [
        {
            "id": "5V57FJR325CDW",
            "name": "Quim",
            "address": {
                "address_line_1": "3238 18TH ST",
                "locality": "SAN FRANCISCO",
                "administrative_district_level_1": "CA",
                "postal_code": "94110-1935",
                "country": "US"
            },
            "timezone": "America\/Los_Angeles",
            "capabilities": [
                "CREDIT_CARD_PROCESSING"
            ],
            "status": "ACTIVE",
            "created_at": "2019-08-14T20:57:30Z",
            "merchant_id": "29J5T4TA22TXD",
            "country": "US",
            "language_code": "en-US",
            "currency": "USD",
            "business_name": "Quim",
            "type": "MOBILE",
            "website_url": "www.itsquim.com",
            "business_hours": {},
            "business_email": "hey@quimrock.com",
            "twitter_username": "quimrock",
            "instagram_username": "its.quim",
            "facebook_url": "https:\/\/www.facebook.com\/quim.rock",
            "logo_url": "https:\/\/d1g145x70srn7h.cloudfront.net\/files\/e04f3979078b08869286bc2b8176de78b12f1860\/original.png"
        }
    ]
}

02-06-2020 @ 09:55:17 - Request
Request
method:
uri: listLocationsWithHttpInfo
user-agent: WooCommerce-Square/2.0.8 (WooCommerce/3.9.1; WordPress/5.3.2)
headers: Array
(
)
body:
duration: 0.14333s

02-06-2020 @ 09:55:17 - Response
Response
code: 200
message:
headers: Array
(
    [0] => HTTP/2 200
    [content-type] => application/json
    [square-version] => 2019-08-14
    [vary] => Origin, Accept-Encoding
    [x-content-type-options] => nosniff
    [x-download-options] => noopen
    [x-frame-options] => SAMEORIGIN
    [x-permitted-cross-domain-policies] => none
    [x-xss-protection] => 1; mode=block
    [date] => Thu, 06 Feb 2020 16:55:17 GMT
    [content-length] => 784
    [strict-transport-security] => max-age=631152000; includeSubDomains; preload
)
body: {
    "locations": [
        {
            "id": "5V57FJR325CDW",
            "name": "Quim",
            "address": {
                "address_line_1": "3238 18TH ST",
                "locality": "SAN FRANCISCO",
                "administrative_district_level_1": "CA",
                "postal_code": "94110-1935",
                "country": "US"
            },
            "timezone": "America\/Los_Angeles",
            "capabilities": [
                "CREDIT_CARD_PROCESSING"
            ],
            "status": "ACTIVE",
            "created_at": "2019-08-14T20:57:30Z",
            "merchant_id": "29J5T4TA22TXD",
            "country": "US",
            "language_code": "en-US",
            "currency": "USD",
            "business_name": "Quim",
            "type": "MOBILE",
            "website_url": "www.itsquim.com",
            "business_hours": {},
            "business_email": "hey@quimrock.com",
            "twitter_username": "quimrock",
            "instagram_username": "its.quim",
            "facebook_url": "https:\/\/www.facebook.com\/quim.rock",
            "logo_url": "https:\/\/d1g145x70srn7h.cloudfront.net\/files\/e04f3979078b08869286bc2b8176de78b12f1860\/original.png"
        }
    ]
}

02-06-2020 @ 09:55:28 - Request
Request
method:
uri: listLocationsWithHttpInfo
user-agent: WooCommerce-Square/2.0.8 (WooCommerce/3.9.1; WordPress/5.3.2)
headers: Array
(
)
body:
duration: 0.36918s

02-06-2020 @ 09:55:28 - Response
Response
code: 200
message:
headers: Array
(
    [0] => HTTP/2 200
    [content-type] => application/json
    [square-version] => 2019-08-14
    [vary] => Origin, Accept-Encoding
    [x-content-type-options] => nosniff
    [x-download-options] => noopen
    [x-frame-options] => SAMEORIGIN
    [x-permitted-cross-domain-policies] => none
    [x-xss-protection] => 1; mode=block
    [date] => Thu, 06 Feb 2020 16:55:28 GMT
    [content-length] => 784
    [strict-transport-security] => max-age=631152000; includeSubDomains; preload
)
body: {
    "locations": [
        {
            "id": "5V57FJR325CDW",
            "name": "Quim",
            "address": {
                "address_line_1": "3238 18TH ST",
                "locality": "SAN FRANCISCO",
                "administrative_district_level_1": "CA",
                "postal_code": "94110-1935",
                "country": "US"
            },
            "timezone": "America\/Los_Angeles",
            "capabilities": [
                "CREDIT_CARD_PROCESSING"
            ],
            "status": "ACTIVE",
            "created_at": "2019-08-14T20:57:30Z",
            "merchant_id": "29J5T4TA22TXD",
            "country": "US",
            "language_code": "en-US",
            "currency": "USD",
            "business_name": "Quim",
            "type": "MOBILE",
            "website_url": "www.itsquim.com",
            "business_hours": {},
            "business_email": "hey@quimrock.com",
            "twitter_username": "quimrock",
            "instagram_username": "its.quim",
            "facebook_url": "https:\/\/www.facebook.com\/quim.rock",
            "logo_url": "https:\/\/d1g145x70srn7h.cloudfront.net\/files\/e04f3979078b08869286bc2b8176de78b12f1860\/original.png"
        }
    ]
}

02-06-2020 @ 09:55:33 - Request
Request
method:
uri: listLocationsWithHttpInfo
user-agent: WooCommerce-Square/2.0.8 (WooCommerce/3.9.1; WordPress/5.3.2)
headers: Array
(
)
body:
duration: 0.11918s

02-06-2020 @ 09:55:33 - Response
Response
code: 200
message:
headers: Array
(
    [0] => HTTP/2 200
    [content-type] => application/json
    [square-version] => 2019-08-14
    [vary] => Origin, Accept-Encoding
    [x-content-type-options] => nosniff
    [x-download-options] => noopen
    [x-frame-options] => SAMEORIGIN
    [x-permitted-cross-domain-policies] => none
    [x-xss-protection] => 1; mode=block
    [date] => Thu, 06 Feb 2020 16:55:32 GMT
    [content-length] => 784
    [strict-transport-security] => max-age=631152000; includeSubDomains; preload
)
body: {
    "locations": [
        {
            "id": "5V57FJR325CDW",
            "name": "Quim",
            "address": {
                "address_line_1": "3238 18TH ST",
                "locality": "SAN FRANCISCO",
                "administrative_district_level_1": "CA",
                "postal_code": "94110-1935",
                "country": "US"
            },
            "timezone": "America\/Los_Angeles",
            "capabilities": [
                "CREDIT_CARD_PROCESSING"
            ],
            "status": "ACTIVE",
            "created_at": "2019-08-14T20:57:30Z",
            "merchant_id": "29J5T4TA22TXD",
            "country": "US",
            "language_code": "en-US",
            "currency": "USD",
            "business_name": "Quim",
            "type": "MOBILE",
            "website_url": "www.itsquim.com",
            "business_hours": {},
            "business_email": "hey@quimrock.com",
            "twitter_username": "quimrock",
            "instagram_username": "its.quim",
            "facebook_url": "https:\/\/www.facebook.com\/quim.rock",
            "logo_url": "https:\/\/d1g145x70srn7h.cloudfront.net\/files\/e04f3979078b08869286bc2b8176de78b12f1860\/original.png"
        }
    ]
}

02-06-2020 @ 09:55:37 - Request
Request
method:
uri: listLocationsWithHttpInfo
user-agent: WooCommerce-Square/2.0.8 (WooCommerce/3.9.1; WordPress/5.3.2)
headers: Array
(
)
body:
duration: 0.36823s

02-06-2020 @ 09:55:37 - Response
Response
code: 200
message:
headers: Array
(
    [0] => HTTP/2 200
    [content-type] => application/json
    [square-version] => 2019-08-14
    [vary] => Origin, Accept-Encoding
    [x-content-type-options] => nosniff
    [x-download-options] => noopen
    [x-frame-options] => SAMEORIGIN
    [x-permitted-cross-domain-policies] => none
    [x-xss-protection] => 1; mode=block
    [date] => Thu, 06 Feb 2020 16:55:37 GMT
    [content-length] => 784
    [strict-transport-security] => max-age=631152000; includeSubDomains; preload
)
body: {
    "locations": [
        {
            "id": "5V57FJR325CDW",
            "name": "Quim",
            "address": {
                "address_line_1": "3238 18TH ST",
                "locality": "SAN FRANCISCO",
                "administrative_district_level_1": "CA",
                "postal_code": "94110-1935",
                "country": "US"
            },
            "timezone": "America\/Los_Angeles",
            "capabilities": [
                "CREDIT_CARD_PROCESSING"
            ],
            "status": "ACTIVE",
            "created_at": "2019-08-14T20:57:30Z",
            "merchant_id": "29J5T4TA22TXD",
            "country": "US",
            "language_code": "en-US",
            "currency": "USD",
            "business_name": "Quim",
            "type": "MOBILE",
            "website_url": "www.itsquim.com",
            "business_hours": {},
            "business_email": "hey@quimrock.com",
            "twitter_username": "quimrock",
            "instagram_username": "its.quim",
            "facebook_url": "https:\/\/www.facebook.com\/quim.rock",
            "logo_url": "https:\/\/d1g145x70srn7h.cloudfront.net\/files\/e04f3979078b08869286bc2b8176de78b12f1860\/original.png"
        }
    ]
}

02-06-2020 @ 09:55:57 - Request
Request
method:
uri: listLocationsWithHttpInfo
user-agent: WooCommerce-Square/2.0.8 (WooCommerce/3.9.1; WordPress/5.3.2)
headers: Array
(
)
body:
duration: 0.41768s

02-06-2020 @ 09:55:57 - Response
Response
code: 200
message:
headers: Array
(
    [0] => HTTP/2 200
    [content-type] => application/json
    [square-version] => 2019-08-14
    [vary] => Origin, Accept-Encoding
    [x-content-type-options] => nosniff
    [x-download-options] => noopen
    [x-frame-options] => SAMEORIGIN
    [x-permitted-cross-domain-policies] => none
    [x-xss-protection] => 1; mode=block
    [date] => Thu, 06 Feb 2020 16:55:57 GMT
    [content-length] => 784
    [strict-transport-security] => max-age=631152000; includeSubDomains; preload
)
body: {
    "locations": [
        {
            "id": "5V57FJR325CDW",
            "name": "Quim",
            "address": {
                "address_line_1": "3238 18TH ST",
                "locality": "SAN FRANCISCO",
                "administrative_district_level_1": "CA",
                "postal_code": "94110-1935",
                "country": "US"
            },
            "timezone": "America\/Los_Angeles",
            "capabilities": [
                "CREDIT_CARD_PROCESSING"
            ],
            "status": "ACTIVE",
            "created_at": "2019-08-14T20:57:30Z",
            "merchant_id": "29J5T4TA22TXD",
            "country": "US",
            "language_code": "en-US",
            "currency": "USD",
            "business_name": "Quim",
            "type": "MOBILE",
            "website_url": "www.itsquim.com",
            "business_hours": {},
            "business_email": "hey@quimrock.com",
            "twitter_username": "quimrock",
            "instagram_username": "its.quim",
            "facebook_url": "https:\/\/www.facebook.com\/quim.rock",
            "logo_url": "https:\/\/d1g145x70srn7h.cloudfront.net\/files\/e04f3979078b08869286bc2b8176de78b12f1860\/original.png"
        }
    ]
}

02-06-2020 @ 09:56:06 - Request
Request
method:
uri: listLocationsWithHttpInfo
user-agent: WooCommerce-Square/2.0.8 (WooCommerce/3.9.1; WordPress/5.3.2)
headers: Array
(
)
body:
duration: 0.13535s

02-06-2020 @ 09:56:06 - Response
Response
code: 200
message:
headers: Array
(
    [0] => HTTP/2 200
    [content-type] => application/json
    [square-version] => 2019-08-14
    [vary] => Origin, Accept-Encoding
    [x-content-type-options] => nosniff
    [x-download-options] => noopen
    [x-frame-options] => SAMEORIGIN
    [x-permitted-cross-domain-policies] => none
    [x-xss-protection] => 1; mode=block
    [date] => Thu, 06 Feb 2020 16:56:06 GMT
    [content-length] => 784
    [strict-transport-security] => max-age=631152000; includeSubDomains; preload
)
body: {
    "locations": [
        {
            "id": "5V57FJR325CDW",
            "name": "Quim",
            "address": {
                "address_line_1": "3238 18TH ST",
                "locality": "SAN FRANCISCO",
                "administrative_district_level_1": "CA",
                "postal_code": "94110-1935",
                "country": "US"
            },
            "timezone": "America\/Los_Angeles",
            "capabilities": [
                "CREDIT_CARD_PROCESSING"
            ],
            "status": "ACTIVE",
            "created_at": "2019-08-14T20:57:30Z",
            "merchant_id": "29J5T4TA22TXD",
            "country": "US",
            "language_code": "en-US",
            "currency": "USD",
            "business_name": "Quim",
            "type": "MOBILE",
            "website_url": "www.itsquim.com",
            "business_hours": {},
            "business_email": "hey@quimrock.com",
            "twitter_username": "quimrock",
            "instagram_username": "its.quim",
            "facebook_url": "https:\/\/www.facebook.com\/quim.rock",
            "logo_url": "https:\/\/d1g145x70srn7h.cloudfront.net\/files\/e04f3979078b08869286bc2b8176de78b12f1860\/original.png"
        }
    ]
}

02-06-2020 @ 09:56:10 - Request
Request
method:
uri: listLocationsWithHttpInfo
user-agent: WooCommerce-Square/2.0.8 (WooCommerce/3.9.1; WordPress/5.3.2)
headers: Array
(
)
body:
duration: 0.12601s

02-06-2020 @ 09:56:10 - Response
Response
code: 200
message:
headers: Array
(
    [0] => HTTP/2 200
    [content-type] => application/json
    [square-version] => 2019-08-14
    [vary] => Origin, Accept-Encoding
    [x-content-type-options] => nosniff
    [x-download-options] => noopen
    [x-frame-options] => SAMEORIGIN
    [x-permitted-cross-domain-policies] => none
    [x-xss-protection] => 1; mode=block
    [date] => Thu, 06 Feb 2020 16:56:09 GMT
    [content-length] => 784
    [strict-transport-security] => max-age=631152000; includeSubDomains; preload
)
body: {
    "locations": [
        {
            "id": "5V57FJR325CDW",
            "name": "Quim",
            "address": {
                "address_line_1": "3238 18TH ST",
                "locality": "SAN FRANCISCO",
                "administrative_district_level_1": "CA",
                "postal_code": "94110-1935",
                "country": "US"
            },
            "timezone": "America\/Los_Angeles",
            "capabilities": [
                "CREDIT_CARD_PROCESSING"
            ],
            "status": "ACTIVE",
            "created_at": "2019-08-14T20:57:30Z",
            "merchant_id": "29J5T4TA22TXD",
            "country": "US",
            "language_code": "en-US",
            "currency": "USD",
            "business_name": "Quim",
            "type": "MOBILE",
            "website_url": "www.itsquim.com",
            "business_hours": {},
            "business_email": "hey@quimrock.com",
            "twitter_username": "quimrock",
            "instagram_username": "its.quim",
            "facebook_url": "https:\/\/www.facebook.com\/quim.rock",
            "logo_url": "https:\/\/d1g145x70srn7h.cloudfront.net\/files\/e04f3979078b08869286bc2b8176de78b12f1860\/original.png"
        }
    ]
}

02-06-2020 @ 09:56:16 - Request
Request
method:
uri: listLocationsWithHttpInfo
user-agent: WooCommerce-Square/2.0.8 (WooCommerce/3.9.1; WordPress/5.3.2)
headers: Array
(
)
body:
duration: 0.12788s

02-06-2020 @ 09:56:16 - Response
Response
code: 200
message:
headers: Array
(
    [0] => HTTP/2 200
    [content-type] => application/json
    [square-version] => 2019-08-14
    [vary] => Origin, Accept-Encoding
    [x-content-type-options] => nosniff
    [x-download-options] => noopen
    [x-frame-options] => SAMEORIGIN
    [x-permitted-cross-domain-policies] => none
    [x-xss-protection] => 1; mode=block
    [date] => Thu, 06 Feb 2020 16:56:16 GMT
    [content-length] => 784
    [strict-transport-security] => max-age=631152000; includeSubDomains; preload
)
body: {
    "locations": [
        {
            "id": "5V57FJR325CDW",
            "name": "Quim",
            "address": {
                "address_line_1": "3238 18TH ST",
                "locality": "SAN FRANCISCO",
                "administrative_district_level_1": "CA",
                "postal_code": "94110-1935",
                "country": "US"
            },
            "timezone": "America\/Los_Angeles",
            "capabilities": [
                "CREDIT_CARD_PROCESSING"
            ],
            "status": "ACTIVE",
            "created_at": "2019-08-14T20:57:30Z",
            "merchant_id": "29J5T4TA22TXD",
            "country": "US",
            "language_code": "en-US",
            "currency": "USD",
            "business_name": "Quim",
            "type": "MOBILE",
            "website_url": "www.itsquim.com",
            "business_hours": {},
            "business_email": "hey@quimrock.com",
            "twitter_username": "quimrock",
            "instagram_username": "its.quim",
            "facebook_url": "https:\/\/www.facebook.com\/quim.rock",
            "logo_url": "https:\/\/d1g145x70srn7h.cloudfront.net\/files\/e04f3979078b08869286bc2b8176de78b12f1860\/original.png"
        }
    ]
}

02-06-2020 @ 09:56:20 - Request
Request
method:
uri: listLocationsWithHttpInfo
user-agent: WooCommerce-Square/2.0.8 (WooCommerce/3.9.1; WordPress/5.3.2)
headers: Array
(
)
body:
duration: 0.15359s

02-06-2020 @ 09:56:20 - Response
Response
code: 200
message:
headers: Array
(
    [0] => HTTP/2 200
    [content-type] => application/json
    [square-version] => 2019-08-14
    [vary] => Origin, Accept-Encoding
    [x-content-type-options] => nosniff
    [x-download-options] => noopen
    [x-frame-options] => SAMEORIGIN
    [x-permitted-cross-domain-policies] => none
    [x-xss-protection] => 1; mode=block
    [date] => Thu, 06 Feb 2020 16:56:20 GMT
    [content-length] => 784
    [strict-transport-security] => max-age=631152000; includeSubDomains; preload
)
body: {
    "locations": [
        {
            "id": "5V57FJR325CDW",
            "name": "Quim",
            "address": {
                "address_line_1": "3238 18TH ST",
                "locality": "SAN FRANCISCO",
                "administrative_district_level_1": "CA",
                "postal_code": "94110-1935",
                "country": "US"
            },
            "timezone": "America\/Los_Angeles",
            "capabilities": [
                "CREDIT_CARD_PROCESSING"
            ],
            "status": "ACTIVE",
            "created_at": "2019-08-14T20:57:30Z",
            "merchant_id": "29J5T4TA22TXD",
            "country": "US",
            "language_code": "en-US",
            "currency": "USD",
            "business_name": "Quim",
            "type": "MOBILE",
            "website_url": "www.itsquim.com",
            "business_hours": {},
            "business_email": "hey@quimrock.com",
            "twitter_username": "quimrock",
            "instagram_username": "its.quim",
            "facebook_url": "https:\/\/www.facebook.com\/quim.rock",
            "logo_url": "https:\/\/d1g145x70srn7h.cloudfront.net\/files\/e04f3979078b08869286bc2b8176de78b12f1860\/original.png"
        }
    ]
}

02-06-2020 @ 11:07:43 - Request
Request
method:
uri: listLocationsWithHttpInfo
user-agent: WooCommerce-Square/2.0.8 (WooCommerce/3.9.1; WordPress/5.3.2)
headers: Array
(
)
body:
duration: 0.46097s

02-06-2020 @ 11:07:43 - Response
Response
code: 200
message:
headers: Array
(
    [0] => HTTP/2 200
    [content-type] => application/json
    [square-version] => 2019-08-14
    [vary] => Origin, Accept-Encoding
    [x-content-type-options] => nosniff
    [x-download-options] => noopen
    [x-frame-options] => SAMEORIGIN
    [x-permitted-cross-domain-policies] => none
    [x-xss-protection] => 1; mode=block
    [date] => Thu, 06 Feb 2020 18:07:43 GMT
    [content-length] => 784
    [strict-transport-security] => max-age=631152000; includeSubDomains; preload
)
body: {
    "locations": [
        {
            "id": "5V57FJR325CDW",
            "name": "Quim",
            "address": {
                "address_line_1": "3238 18TH ST",
                "locality": "SAN FRANCISCO",
                "administrative_district_level_1": "CA",
                "postal_code": "94110-1935",
                "country": "US"
            },
            "timezone": "America\/Los_Angeles",
            "capabilities": [
                "CREDIT_CARD_PROCESSING"
            ],
            "status": "ACTIVE",
            "created_at": "2019-08-14T20:57:30Z",
            "merchant_id": "29J5T4TA22TXD",
            "country": "US",
            "language_code": "en-US",
            "currency": "USD",
            "business_name": "Quim",
            "type": "MOBILE",
            "website_url": "www.itsquim.com",
            "business_hours": {},
            "business_email": "hey@quimrock.com",
            "twitter_username": "quimrock",
            "instagram_username": "its.quim",
            "facebook_url": "https:\/\/www.facebook.com\/quim.rock",
            "logo_url": "https:\/\/d1g145x70srn7h.cloudfront.net\/files\/e04f3979078b08869286bc2b8176de78b12f1860\/original.png"
        }
    ]
}

02-06-2020 @ 11:07:47 - Request
Request
method:
uri: listLocationsWithHttpInfo
user-agent: WooCommerce-Square/2.0.8 (WooCommerce/3.9.1; WordPress/5.3.2)
headers: Array
(
)
body:
duration: 0.12306s

02-06-2020 @ 11:07:47 - Response
Response
code: 200
message:
headers: Array
(
    [0] => HTTP/2 200
    [content-type] => application/json
    [square-version] => 2019-08-14
    [vary] => Origin, Accept-Encoding
    [x-content-type-options] => nosniff
    [x-download-options] => noopen
    [x-frame-options] => SAMEORIGIN
    [x-permitted-cross-domain-policies] => none
    [x-xss-protection] => 1; mode=block
    [date] => Thu, 06 Feb 2020 18:07:47 GMT
    [content-length] => 784
    [strict-transport-security] => max-age=631152000; includeSubDomains; preload
)
body: {
    "locations": [
        {
            "id": "5V57FJR325CDW",
            "name": "Quim",
            "address": {
                "address_line_1": "3238 18TH ST",
                "locality": "SAN FRANCISCO",
                "administrative_district_level_1": "CA",
                "postal_code": "94110-1935",
                "country": "US"
            },
            "timezone": "America\/Los_Angeles",
            "capabilities": [
                "CREDIT_CARD_PROCESSING"
            ],
            "status": "ACTIVE",
            "created_at": "2019-08-14T20:57:30Z",
            "merchant_id": "29J5T4TA22TXD",
            "country": "US",
            "language_code": "en-US",
            "currency": "USD",
            "business_name": "Quim",
            "type": "MOBILE",
            "website_url": "www.itsquim.com",
            "business_hours": {},
            "business_email": "hey@quimrock.com",
            "twitter_username": "quimrock",
            "instagram_username": "its.quim",
            "facebook_url": "https:\/\/www.facebook.com\/quim.rock",
            "logo_url": "https:\/\/d1g145x70srn7h.cloudfront.net\/files\/e04f3979078b08869286bc2b8176de78b12f1860\/original.png"
        }
    ]
}

02-06-2020 @ 11:07:51 - Request
Request
method:
uri: listLocationsWithHttpInfo
user-agent: WooCommerce-Square/2.0.8 (WooCommerce/3.9.1; WordPress/5.3.2)
headers: Array
(
)
body:
duration: 0.12524s

02-06-2020 @ 11:07:51 - Response
Response
code: 200
message:
headers: Array
(
    [0] => HTTP/2 200
    [content-type] => application/json
    [square-version] => 2019-08-14
    [vary] => Origin, Accept-Encoding
    [x-content-type-options] => nosniff
    [x-download-options] => noopen
    [x-frame-options] => SAMEORIGIN
    [x-permitted-cross-domain-policies] => none
    [x-xss-protection] => 1; mode=block
    [date] => Thu, 06 Feb 2020 18:07:51 GMT
    [content-length] => 784
    [strict-transport-security] => max-age=631152000; includeSubDomains; preload
)
body: {
    "locations": [
        {
            "id": "5V57FJR325CDW",
            "name": "Quim",
            "address": {
                "address_line_1": "3238 18TH ST",
                "locality": "SAN FRANCISCO",
                "administrative_district_level_1": "CA",
                "postal_code": "94110-1935",
                "country": "US"
            },
            "timezone": "America\/Los_Angeles",
            "capabilities": [
                "CREDIT_CARD_PROCESSING"
            ],
            "status": "ACTIVE",
            "created_at": "2019-08-14T20:57:30Z",
            "merchant_id": "29J5T4TA22TXD",
            "country": "US",
            "language_code": "en-US",
            "currency": "USD",
            "business_name": "Quim",
            "type": "MOBILE",
            "website_url": "www.itsquim.com",
            "business_hours": {},
            "business_email": "hey@quimrock.com",
            "twitter_username": "quimrock",
            "instagram_username": "its.quim",
            "facebook_url": "https:\/\/www.facebook.com\/quim.rock",
            "logo_url": "https:\/\/d1g145x70srn7h.cloudfront.net\/files\/e04f3979078b08869286bc2b8176de78b12f1860\/original.png"
        }
    ]
}

02-06-2020 @ 11:07:55 - Request
Request
method:
uri: listLocationsWithHttpInfo
user-agent: WooCommerce-Square/2.0.8 (WooCommerce/3.9.1; WordPress/5.3.2)
headers: Array
(
)
body:
duration: 0.35749s

02-06-2020 @ 11:07:55 - Response
Response
code: 200
message:
headers: Array
(
    [0] => HTTP/2 200
    [content-type] => application/json
    [square-version] => 2019-08-14
    [vary] => Origin, Accept-Encoding
    [x-content-type-options] => nosniff
    [x-download-options] => noopen
    [x-frame-options] => SAMEORIGIN
    [x-permitted-cross-domain-policies] => none
    [x-xss-protection] => 1; mode=block
    [date] => Thu, 06 Feb 2020 18:07:55 GMT
    [content-length] => 784
    [strict-transport-security] => max-age=631152000; includeSubDomains; preload
)
body: {
    "locations": [
        {
            "id": "5V57FJR325CDW",
            "name": "Quim",
            "address": {
                "address_line_1": "3238 18TH ST",
                "locality": "SAN FRANCISCO",
                "administrative_district_level_1": "CA",
                "postal_code": "94110-1935",
                "country": "US"
            },
            "timezone": "America\/Los_Angeles",
            "capabilities": [
                "CREDIT_CARD_PROCESSING"
            ],
            "status": "ACTIVE",
            "created_at": "2019-08-14T20:57:30Z",
            "merchant_id": "29J5T4TA22TXD",
            "country": "US",
            "language_code": "en-US",
            "currency": "USD",
            "business_name": "Quim",
            "type": "MOBILE",
            "website_url": "www.itsquim.com",
            "business_hours": {},
            "business_email": "hey@quimrock.com",
            "twitter_username": "quimrock",
            "instagram_username": "its.quim",
            "facebook_url": "https:\/\/www.facebook.com\/quim.rock",
            "logo_url": "https:\/\/d1g145x70srn7h.cloudfront.net\/files\/e04f3979078b08869286bc2b8176de78b12f1860\/original.png"
        }
    ]
}

