02-04-2020 @ 12:07:07 - Request
Request
method:
uri: listLocationsWithHttpInfo
user-agent: WooCommerce-Square/2.0.8 (WooCommerce/3.9.1; WordPress/5.3.2)
headers: Array
(
)
body:
duration: 0.40251s

02-04-2020 @ 12:07:07 - Response
Response
code: 200
message:
headers: Array
(
    [0] => HTTP/2 200
    [content-type] => application/json
    [square-version] => 2019-08-14
    [vary] => Origin, Accept-Encoding
    [x-content-type-options] => nosniff
    [x-download-options] => noopen
    [x-frame-options] => SAMEORIGIN
    [x-permitted-cross-domain-policies] => none
    [x-xss-protection] => 1; mode=block
    [date] => Tue, 04 Feb 2020 19:07:07 GMT
    [content-length] => 784
    [strict-transport-security] => max-age=631152000; includeSubDomains; preload
)
body: {
    "locations": [
        {
            "id": "5V57FJR325CDW",
            "name": "Quim",
            "address": {
                "address_line_1": "3238 18TH ST",
                "locality": "SAN FRANCISCO",
                "administrative_district_level_1": "CA",
                "postal_code": "94110-1935",
                "country": "US"
            },
            "timezone": "America\/Los_Angeles",
            "capabilities": [
                "CREDIT_CARD_PROCESSING"
            ],
            "status": "ACTIVE",
            "created_at": "2019-08-14T20:57:30Z",
            "merchant_id": "29J5T4TA22TXD",
            "country": "US",
            "language_code": "en-US",
            "currency": "USD",
            "business_name": "Quim",
            "type": "MOBILE",
            "website_url": "www.itsquim.com",
            "business_hours": {},
            "business_email": "hey@quimrock.com",
            "twitter_username": "quimrock",
            "instagram_username": "its.quim",
            "facebook_url": "https:\/\/www.facebook.com\/quim.rock",
            "logo_url": "https:\/\/d1g145x70srn7h.cloudfront.net\/files\/e04f3979078b08869286bc2b8176de78b12f1860\/original.png"
        }
    ]
}

02-04-2020 @ 12:07:17 - Request
Request
method:
uri: listLocationsWithHttpInfo
user-agent: WooCommerce-Square/2.0.8 (WooCommerce/3.9.1; WordPress/5.3.2)
headers: Array
(
)
body:
duration: 0.35895s

02-04-2020 @ 12:07:17 - Response
Response
code: 200
message:
headers: Array
(
    [0] => HTTP/2 200
    [content-type] => application/json
    [square-version] => 2019-08-14
    [vary] => Origin, Accept-Encoding
    [x-content-type-options] => nosniff
    [x-download-options] => noopen
    [x-frame-options] => SAMEORIGIN
    [x-permitted-cross-domain-policies] => none
    [x-xss-protection] => 1; mode=block
    [date] => Tue, 04 Feb 2020 19:07:17 GMT
    [content-length] => 784
    [strict-transport-security] => max-age=631152000; includeSubDomains; preload
)
body: {
    "locations": [
        {
            "id": "5V57FJR325CDW",
            "name": "Quim",
            "address": {
                "address_line_1": "3238 18TH ST",
                "locality": "SAN FRANCISCO",
                "administrative_district_level_1": "CA",
                "postal_code": "94110-1935",
                "country": "US"
            },
            "timezone": "America\/Los_Angeles",
            "capabilities": [
                "CREDIT_CARD_PROCESSING"
            ],
            "status": "ACTIVE",
            "created_at": "2019-08-14T20:57:30Z",
            "merchant_id": "29J5T4TA22TXD",
            "country": "US",
            "language_code": "en-US",
            "currency": "USD",
            "business_name": "Quim",
            "type": "MOBILE",
            "website_url": "www.itsquim.com",
            "business_hours": {},
            "business_email": "hey@quimrock.com",
            "twitter_username": "quimrock",
            "instagram_username": "its.quim",
            "facebook_url": "https:\/\/www.facebook.com\/quim.rock",
            "logo_url": "https:\/\/d1g145x70srn7h.cloudfront.net\/files\/e04f3979078b08869286bc2b8176de78b12f1860\/original.png"
        }
    ]
}

02-04-2020 @ 12:07:30 - Request
Request
method:
uri: listLocationsWithHttpInfo
user-agent: WooCommerce-Square/2.0.8 (WooCommerce/3.9.1; WordPress/5.3.2)
headers: Array
(
)
body:
duration: 0.11528s

02-04-2020 @ 12:07:30 - Response
Response
code: 200
message:
headers: Array
(
    [0] => HTTP/2 200
    [content-type] => application/json
    [square-version] => 2019-08-14
    [vary] => Origin, Accept-Encoding
    [x-content-type-options] => nosniff
    [x-download-options] => noopen
    [x-frame-options] => SAMEORIGIN
    [x-permitted-cross-domain-policies] => none
    [x-xss-protection] => 1; mode=block
    [date] => Tue, 04 Feb 2020 19:07:29 GMT
    [content-length] => 784
    [strict-transport-security] => max-age=631152000; includeSubDomains; preload
)
body: {
    "locations": [
        {
            "id": "5V57FJR325CDW",
            "name": "Quim",
            "address": {
                "address_line_1": "3238 18TH ST",
                "locality": "SAN FRANCISCO",
                "administrative_district_level_1": "CA",
                "postal_code": "94110-1935",
                "country": "US"
            },
            "timezone": "America\/Los_Angeles",
            "capabilities": [
                "CREDIT_CARD_PROCESSING"
            ],
            "status": "ACTIVE",
            "created_at": "2019-08-14T20:57:30Z",
            "merchant_id": "29J5T4TA22TXD",
            "country": "US",
            "language_code": "en-US",
            "currency": "USD",
            "business_name": "Quim",
            "type": "MOBILE",
            "website_url": "www.itsquim.com",
            "business_hours": {},
            "business_email": "hey@quimrock.com",
            "twitter_username": "quimrock",
            "instagram_username": "its.quim",
            "facebook_url": "https:\/\/www.facebook.com\/quim.rock",
            "logo_url": "https:\/\/d1g145x70srn7h.cloudfront.net\/files\/e04f3979078b08869286bc2b8176de78b12f1860\/original.png"
        }
    ]
}

